/home/jsj3921/.conda/envs/mamba/lib/python3.8/site-packages/pulp/apis/gurobi_api.py:357: UserWarning: GUROBI error: 
ERROR 10009: No Gurobi license found (user jsj3921, host qnode0130, hostid efb69fb3, sockets 2)

.
  warnings.warn("GUROBI error: {}.".format(out))
The flag 'directory' used in rule SS_checkm_analysis is only valid for outputs, not inputs.
The flag 'directory' used in rule SS_checkm_plots is only valid for outputs, not inputs.
The flag 'directory' used in rule SS_checkm_plots is only valid for outputs, not inputs.
Building DAG of jobs...
Using shell: /usr/bin/bash
Provided cores: 1 (use --cores to define parallelism)
Rules claiming more threads will be scaled down.
Select jobs to execute...

[Sun Apr 10 21:33:44 2022]
rule metaphlan_genus_abundance:
    input: results/allDatasets/metaphlan/merged_abundance_table.allDatasets.txt
    output: results/allDatasets/metaphlan/merged_abundance_table.genus.allDatasets.txt
    jobid: 0
    resources: mem_mb=1000, disk_mb=1000, tmpdir=/tmp, account=b1042, partition=genomics, nodes=1, mem=5G, time=02:00:00


        grep -E "g__|clade|UNKNOWN" results/allDatasets/metaphlan/merged_abundance_table.allDatasets.txt | sed 's/^.*g__//g'         | grep -v s__ |cut -f1,3- | sed -e 's/clade_name/sample/g' > results/allDatasets/metaphlan/merged_abundance_table.genus.allDatasets.txt
        
Activating conda environment: .snakemake/conda/d5b3ff809972f7023fabd2f02227b380
[Sun Apr 10 21:33:45 2022]
Finished job 0.
1 of 1 steps (100%) done
