The flag 'directory' used in rule SS_checkm_analysis is only valid for outputs, not inputs.
The flag 'directory' used in rule SS_checkm_plots is only valid for outputs, not inputs.
The flag 'directory' used in rule SS_checkm_plots is only valid for outputs, not inputs.
Building DAG of jobs...
Using shell: /usr/bin/bash
Provided cores: 1 (use --cores to define parallelism)
Rules claiming more threads will be scaled down.
Select jobs to execute...

[Fri Apr 15 14:22:56 2022]
rule metaphlan_merge:
    input: results/Batch_01/abundance/metaphlan/DNA_B01_01_S1_L001.metaphlan_profile.txt, results/Batch_01/abundance/metaphlan/DNA_B01_02_S2_L001.metaphlan_profile.txt, results/Batch_01/abundance/metaphlan/DNA_B01_03_S3_L001.metaphlan_profile.txt, results/Batch_01/abundance/metaphlan/DNA_B01_04_S4_L001.metaphlan_profile.txt, results/Batch_01/abundance/metaphlan/DNA_B01_21_S19_L001.metaphlan_profile.txt, results/Batch_01/abundance/metaphlan/DNA_B01_27_S25_L001.metaphlan_profile.txt, results/Batch_01/abundance/metaphlan/DNA_B02_02_S31_L002.metaphlan_profile.txt, results/Batch_01/abundance/metaphlan/DNA_B02_15_S41_L002.metaphlan_profile.txt, results/Batch_01/abundance/metaphlan/DNA_B02_23_S47_L002.metaphlan_profile.txt, results/Batch_01/abundance/metaphlan/DNA_B02_24_S48_L002.metaphlan_profile.txt, results/Batch_01/abundance/metaphlan/DNA_B03_15_S14_L001.metaphlan_profile.txt, results/Batch_01/abundance/metaphlan/DNA_B03_19_S18_L001.metaphlan_profile.txt
    output: results/allDatasets/metaphlan/merged_abundance_table.allDatasets.txt
    jobid: 0
    resources: mem_mb=1000, disk_mb=1000, tmpdir=/tmp, account=b1042, partition=genomics, nodes=1, mem=5G, time=02:00:00


        merge_metaphlan_tables.py results/Batch_01/abundance/metaphlan/DNA_B01_01_S1_L001.metaphlan_profile.txt results/Batch_01/abundance/metaphlan/DNA_B01_02_S2_L001.metaphlan_profile.txt results/Batch_01/abundance/metaphlan/DNA_B01_03_S3_L001.metaphlan_profile.txt results/Batch_01/abundance/metaphlan/DNA_B01_04_S4_L001.metaphlan_profile.txt results/Batch_01/abundance/metaphlan/DNA_B01_21_S19_L001.metaphlan_profile.txt results/Batch_01/abundance/metaphlan/DNA_B01_27_S25_L001.metaphlan_profile.txt results/Batch_01/abundance/metaphlan/DNA_B02_02_S31_L002.metaphlan_profile.txt results/Batch_01/abundance/metaphlan/DNA_B02_15_S41_L002.metaphlan_profile.txt results/Batch_01/abundance/metaphlan/DNA_B02_23_S47_L002.metaphlan_profile.txt results/Batch_01/abundance/metaphlan/DNA_B02_24_S48_L002.metaphlan_profile.txt results/Batch_01/abundance/metaphlan/DNA_B03_15_S14_L001.metaphlan_profile.txt results/Batch_01/abundance/metaphlan/DNA_B03_19_S18_L001.metaphlan_profile.txt > results/allDatasets/metaphlan/merged_abundance_table.allDatasets.txt
        
Activating conda environment: .snakemake/conda/d5b3ff809972f7023fabd2f02227b380
/projects/b1042/HartmannLab/jack/multi-meta-omics/shotgun/metagenomics-snakemake/.snakemake/conda/d5b3ff809972f7023fabd2f02227b380/lib/python3.7/site-packages/pandas/core/indexes/multi.py:3559: RuntimeWarning: The values in the array are unorderable. Pass `sort=False` to suppress this warning.
  result = lib.fast_unique_multiple([self._values, rvals], sort=sort)
[Fri Apr 15 14:23:02 2022]
Finished job 0.
1 of 1 steps (100%) done
