The flag 'directory' used in rule SS_checkm_analysis is only valid for outputs, not inputs.
The flag 'directory' used in rule SS_checkm_plots is only valid for outputs, not inputs.
The flag 'directory' used in rule SS_checkm_plots is only valid for outputs, not inputs.
Building DAG of jobs...
Using shell: /usr/bin/bash
Provided cores: 1 (use --cores to define parallelism)
Rules claiming more threads will be scaled down.
Select jobs to execute...

[Mon May  9 21:56:30 2022]
rule drop_short_contigs_spades:
    input: results/spades_out/DNA_B01_03/scaffolds.fasta
    output: results/spades_parsed/DNA_B01_03/DNA_B01_03.parsed_assembly.fa
    jobid: 0
    wildcards: sample=DNA_B01_03
    resources: mem_mb=1000, disk_mb=1000, tmpdir=/tmp, account=b1042, partition=genomics, nodes=1, mem=5G, time=01:00:00

python -c "import sys; print('.'.join(map(str, sys.version_info[:2])))"
Activating conda environment: .snakemake/conda/e465827c50588ca6f951e286e693b21d
python /projects/b1042/HartmannLab/jack/multi-meta-omics/shotgun/metagenomics-snakemake/.snakemake/scripts/tmpk3ep4nll.parse_contigs.py
Activating conda environment: .snakemake/conda/e465827c50588ca6f951e286e693b21d
Not cleaning up /projects/b1042/HartmannLab/jack/multi-meta-omics/shotgun/metagenomics-snakemake/.snakemake/scripts/tmpk3ep4nll.parse_contigs.py
[Mon May  9 21:56:35 2022]
Finished job 0.
1 of 1 steps (100%) done
Pipeline set to use the following assmbler(s): ['megahit', 'spades']
                sample  ...                              reverse_read
sample                  ...                                          
DNA_B02_15  DNA_B02_15  ...  data/DNA_B02_15_S41_L002_R2_001.fastq.gz
DNA_B01_21  DNA_B01_21  ...  data/DNA_B01_21_S19_L001_R2_001.fastq.gz
DNA_B01_27  DNA_B01_27  ...  data/DNA_B01_27_S25_L001_R2_001.fastq.gz
DNA_B03_19  DNA_B03_19  ...  data/DNA_B03_19_S18_L001_R2_001.fastq.gz
DNA_B01_04  DNA_B01_04  ...   data/DNA_B01_04_S4_L001_R2_001.fastq.gz
DNA_B02_23  DNA_B02_23  ...  data/DNA_B02_23_S47_L002_R2_001.fastq.gz
DNA_B02_02  DNA_B02_02  ...  data/DNA_B02_02_S31_L002_R2_001.fastq.gz
DNA_B01_02  DNA_B01_02  ...   data/DNA_B01_02_S2_L001_R2_001.fastq.gz
DNA_B01_03  DNA_B01_03  ...   data/DNA_B01_03_S3_L001_R2_001.fastq.gz
DNA_B01_01  DNA_B01_01  ...   data/DNA_B01_01_S1_L001_R2_001.fastq.gz
DNA_B02_24  DNA_B02_24  ...  data/DNA_B02_24_S48_L002_R2_001.fastq.gz
DNA_B03_15  DNA_B03_15  ...  data/DNA_B03_15_S14_L001_R2_001.fastq.gz

[12 rows x 4 columns]
