The flag 'directory' used in rule SS_checkm_analysis is only valid for outputs, not inputs.
The flag 'directory' used in rule SS_checkm_plots is only valid for outputs, not inputs.
The flag 'directory' used in rule SS_checkm_plots is only valid for outputs, not inputs.
Building DAG of jobs...
Using shell: /usr/bin/bash
Provided cores: 20
Rules claiming more threads will be scaled down.
Select jobs to execute...

[Fri Apr 15 13:59:54 2022]
rule bwa_map:
    input: results/Batch_01/filtered/DNA_B01_27_S25_L001.filtered.R1.fastq.gz, results/Batch_01/filtered/DNA_B01_27_S25_L001.filtered.R2.fastq.gz, resources/genome/hg38.fa.gz.ann, resources/genome/hg38.fa.gz
    output: results/Batch_01/bwa/DNA_B01_27_S25_L001.clean.R1.fastq, results/Batch_01/bwa/DNA_B01_27_S25_L001.clean.R2.fastq
    jobid: 0
    wildcards: dataset=Batch_01, sample=DNA_B01_27_S25_L001
    threads: 20
    resources: mem_mb=3056, disk_mb=3056, tmpdir=/tmp, account=b1042, partition=genomics, nodes=1, mem=50G, time=08:00:00


        module purge all
        module load bwa/0.7.17
        module load samtools/1.10.1
        module load bedtools/2.29.2
        bwa mem -t 20 resources/genome/hg38.fa.gz results/Batch_01/filtered/DNA_B01_27_S25_L001.filtered.R1.fastq.gz results/Batch_01/filtered/DNA_B01_27_S25_L001.filtered.R2.fastq.gz > results/Batch_01/bwa/DNA_B01_27_S25_L001.mapped.sam
        samtools view -Subh -o results/Batch_01/bwa/DNA_B01_27_S25_L001.mapped.bam results/Batch_01/bwa/DNA_B01_27_S25_L001.mapped.sam
        samtools sort -o results/Batch_01/bwa/DNA_B01_27_S25_L001.mapped.sorted.bam results/Batch_01/bwa/DNA_B01_27_S25_L001.mapped.bam

        samtools view -b -f 12 -F 256 -o results/Batch_01/bwa/DNA_B01_27_S25_L001.unmapped.bam results/Batch_01/bwa/DNA_B01_27_S25_L001.mapped.sorted.bam
        bedtools bamtofastq -i results/Batch_01/bwa/DNA_B01_27_S25_L001.unmapped.bam -fq results/Batch_01/bwa/DNA_B01_27_S25_L001.clean.R1.fastq -fq2 results/Batch_01/bwa/DNA_B01_27_S25_L001.clean.R2.fastq
        
[M::bwa_idx_load_from_disk] read 0 ALT contigs
[M::process] read 1862060 sequences (200000181 bp)...
[M::process] read 1860240 sequences (200000017 bp)...
[M::mem_pestat] # candidate unique pairs for (FF, FR, RF, RR): (2849, 724753, 46, 2825)
[M::mem_pestat] analyzing insert size distribution for orientation FF...
[M::mem_pestat] (25, 50, 75) percentile: (73, 95, 139)
[M::mem_pestat] low and high boundaries for computing mean and std.dev: (1, 271)
[M::mem_pestat] mean and std.dev: (104.65, 51.47)
[M::mem_pestat] low and high boundaries for proper pairs: (1, 337)
[M::mem_pestat] analyzing insert size distribution for orientation FR...
[M::mem_pestat] (25, 50, 75) percentile: (73, 98, 137)
[M::mem_pestat] low and high boundaries for computing mean and std.dev: (1, 265)
[M::mem_pestat] mean and std.dev: (107.50, 46.92)
[M::mem_pestat] low and high boundaries for proper pairs: (1, 329)
[M::mem_pestat] analyzing insert size distribution for orientation RF...
[M::mem_pestat] (25, 50, 75) percentile: (109, 147, 379)
[M::mem_pestat] low and high boundaries for computing mean and std.dev: (1, 919)
[M::mem_pestat] mean and std.dev: (209.95, 208.01)
[M::mem_pestat] low and high boundaries for proper pairs: (1, 1189)
[M::mem_pestat] analyzing insert size distribution for orientation RR...
[M::mem_pestat] (25, 50, 75) percentile: (73, 99, 141)
[M::mem_pestat] low and high boundaries for computing mean and std.dev: (1, 277)
[M::mem_pestat] mean and std.dev: (108.04, 54.92)
[M::mem_pestat] low and high boundaries for proper pairs: (1, 345)
[M::mem_pestat] skip orientation FF
[M::mem_pestat] skip orientation RF
[M::mem_pestat] skip orientation RR
[M::mem_process_seqs] Processed 1862060 reads in 848.529 CPU sec, 57.709 real sec
[M::process] read 1860288 sequences (200000085 bp)...
[M::mem_pestat] # candidate unique pairs for (FF, FR, RF, RR): (3003, 724258, 56, 2804)
[M::mem_pestat] analyzing insert size distribution for orientation FF...
[M::mem_pestat] (25, 50, 75) percentile: (74, 98, 145)
[M::mem_pestat] low and high boundaries for computing mean and std.dev: (1, 287)
[M::mem_pestat] mean and std.dev: (108.15, 54.03)
[M::mem_pestat] low and high boundaries for proper pairs: (1, 358)
[M::mem_pestat] analyzing insert size distribution for orientation FR...
[M::mem_pestat] (25, 50, 75) percentile: (73, 98, 137)
[M::mem_pestat] low and high boundaries for computing mean and std.dev: (1, 265)
[M::mem_pestat] mean and std.dev: (107.70, 46.93)
[M::mem_pestat] low and high boundaries for proper pairs: (1, 329)
[M::mem_pestat] analyzing insert size distribution for orientation RF...
[M::mem_pestat] (25, 50, 75) percentile: (100, 152, 201)
[M::mem_pestat] low and high boundaries for computing mean and std.dev: (1, 403)
[M::mem_pestat] mean and std.dev: (138.65, 82.80)
[M::mem_pestat] low and high boundaries for proper pairs: (1, 504)
[M::mem_pestat] analyzing insert size distribution for orientation RR...
[M::mem_pestat] (25, 50, 75) percentile: (72, 98, 143)
[M::mem_pestat] low and high boundaries for computing mean and std.dev: (1, 285)
[M::mem_pestat] mean and std.dev: (107.38, 54.17)
[M::mem_pestat] low and high boundaries for proper pairs: (1, 356)
[M::mem_pestat] skip orientation FF
[M::mem_pestat] skip orientation RF
[M::mem_pestat] skip orientation RR
[M::mem_process_seqs] Processed 1860240 reads in 703.090 CPU sec, 36.855 real sec
[M::process] read 1866244 sequences (200000011 bp)...
[M::mem_pestat] # candidate unique pairs for (FF, FR, RF, RR): (2947, 724389, 42, 2890)
[M::mem_pestat] analyzing insert size distribution for orientation FF...
[M::mem_pestat] (25, 50, 75) percentile: (73, 100, 143)
[M::mem_pestat] low and high boundaries for computing mean and std.dev: (1, 283)
[M::mem_pestat] mean and std.dev: (108.15, 54.01)
[M::mem_pestat] low and high boundaries for proper pairs: (1, 353)
[M::mem_pestat] analyzing insert size distribution for orientation FR...
[M::mem_pestat] (25, 50, 75) percentile: (73, 98, 137)
[M::mem_pestat] low and high boundaries for computing mean and std.dev: (1, 265)
[M::mem_pestat] mean and std.dev: (107.63, 46.92)
[M::mem_pestat] low and high boundaries for proper pairs: (1, 329)
[M::mem_pestat] analyzing insert size distribution for orientation RF...
[M::mem_pestat] (25, 50, 75) percentile: (97, 163, 293)
[M::mem_pestat] low and high boundaries for computing mean and std.dev: (1, 685)
[M::mem_pestat] mean and std.dev: (163.87, 98.37)
[M::mem_pestat] low and high boundaries for proper pairs: (1, 881)
[M::mem_pestat] analyzing insert size distribution for orientation RR...
[M::mem_pestat] (25, 50, 75) percentile: (70, 98, 140)
[M::mem_pestat] low and high boundaries for computing mean and std.dev: (1, 280)
[M::mem_pestat] mean and std.dev: (106.11, 54.60)
[M::mem_pestat] low and high boundaries for proper pairs: (1, 350)
[M::mem_pestat] skip orientation FF
[M::mem_pestat] skip orientation RF
[M::mem_pestat] skip orientation RR
[M::mem_process_seqs] Processed 1860288 reads in 711.068 CPU sec, 36.281 real sec
[M::process] read 1864344 sequences (200000095 bp)...
[M::mem_pestat] # candidate unique pairs for (FF, FR, RF, RR): (2929, 726615, 59, 2845)
[M::mem_pestat] analyzing insert size distribution for orientation FF...
[M::mem_pestat] (25, 50, 75) percentile: (74, 97, 141)
[M::mem_pestat] low and high boundaries for computing mean and std.dev: (1, 275)
[M::mem_pestat] mean and std.dev: (107.29, 53.25)
[M::mem_pestat] low and high boundaries for proper pairs: (1, 342)
[M::mem_pestat] analyzing insert size distribution for orientation FR...
[M::mem_pestat] (25, 50, 75) percentile: (73, 97, 136)
[M::mem_pestat] low and high boundaries for computing mean and std.dev: (1, 262)
[M::mem_pestat] mean and std.dev: (107.00, 46.49)
[M::mem_pestat] low and high boundaries for proper pairs: (1, 325)
[M::mem_pestat] analyzing insert size distribution for orientation RF...
[M::mem_pestat] (25, 50, 75) percentile: (82, 122, 196)
[M::mem_pestat] low and high boundaries for computing mean and std.dev: (1, 424)
[M::mem_pestat] mean and std.dev: (129.81, 91.73)
[M::mem_pestat] low and high boundaries for proper pairs: (1, 538)
[M::mem_pestat] analyzing insert size distribution for orientation RR...
[M::mem_pestat] (25, 50, 75) percentile: (72, 98, 142)
[M::mem_pestat] low and high boundaries for computing mean and std.dev: (1, 282)
[M::mem_pestat] mean and std.dev: (105.67, 53.22)
[M::mem_pestat] low and high boundaries for proper pairs: (1, 352)
[M::mem_pestat] skip orientation FF
[M::mem_pestat] skip orientation RF
[M::mem_pestat] skip orientation RR
[M::mem_process_seqs] Processed 1866244 reads in 697.359 CPU sec, 36.375 real sec
[M::process] read 1703150 sequences (182858998 bp)...
[M::mem_pestat] # candidate unique pairs for (FF, FR, RF, RR): (2908, 725930, 38, 2821)
[M::mem_pestat] analyzing insert size distribution for orientation FF...
[M::mem_pestat] (25, 50, 75) percentile: (73, 98, 141)
[M::mem_pestat] low and high boundaries for computing mean and std.dev: (1, 277)
[M::mem_pestat] mean and std.dev: (106.49, 53.72)
[M::mem_pestat] low and high boundaries for proper pairs: (1, 345)
[M::mem_pestat] analyzing insert size distribution for orientation FR...
[M::mem_pestat] (25, 50, 75) percentile: (73, 97, 136)
[M::mem_pestat] low and high boundaries for computing mean and std.dev: (1, 262)
[M::mem_pestat] mean and std.dev: (107.06, 46.41)
[M::mem_pestat] low and high boundaries for proper pairs: (1, 325)
[M::mem_pestat] analyzing insert size distribution for orientation RF...
[M::mem_pestat] (25, 50, 75) percentile: (94, 140, 244)
[M::mem_pestat] low and high boundaries for computing mean and std.dev: (1, 544)
[M::mem_pestat] mean and std.dev: (133.32, 75.26)
[M::mem_pestat] low and high boundaries for proper pairs: (1, 694)
[M::mem_pestat] analyzing insert size distribution for orientation RR...
[M::mem_pestat] (25, 50, 75) percentile: (72, 100, 144)
[M::mem_pestat] low and high boundaries for computing mean and std.dev: (1, 288)
[M::mem_pestat] mean and std.dev: (107.89, 54.03)
[M::mem_pestat] low and high boundaries for proper pairs: (1, 360)
[M::mem_pestat] skip orientation FF
[M::mem_pestat] skip orientation RF
[M::mem_pestat] skip orientation RR
[M::mem_process_seqs] Processed 1864344 reads in 692.794 CPU sec, 35.840 real sec
[M::mem_pestat] # candidate unique pairs for (FF, FR, RF, RR): (2655, 662514, 57, 2508)
[M::mem_pestat] analyzing insert size distribution for orientation FF...
[M::mem_pestat] (25, 50, 75) percentile: (72, 98, 140)
[M::mem_pestat] low and high boundaries for computing mean and std.dev: (1, 276)
[M::mem_pestat] mean and std.dev: (106.50, 53.67)
[M::mem_pestat] low and high boundaries for proper pairs: (1, 344)
[M::mem_pestat] analyzing insert size distribution for orientation FR...
[M::mem_pestat] (25, 50, 75) percentile: (73, 97, 137)
[M::mem_pestat] low and high boundaries for computing mean and std.dev: (1, 265)
[M::mem_pestat] mean and std.dev: (107.51, 46.98)
[M::mem_pestat] low and high boundaries for proper pairs: (1, 329)
[M::mem_pestat] analyzing insert size distribution for orientation RF...
[M::mem_pestat] (25, 50, 75) percentile: (75, 138, 332)
[M::mem_pestat] low and high boundaries for computing mean and std.dev: (1, 846)
[M::mem_pestat] mean and std.dev: (179.46, 160.31)
[M::mem_pestat] low and high boundaries for proper pairs: (1, 1103)
[M::mem_pestat] analyzing insert size distribution for orientation RR...
[M::mem_pestat] (25, 50, 75) percentile: (73, 101, 143)
[M::mem_pestat] low and high boundaries for computing mean and std.dev: (1, 283)
[M::mem_pestat] mean and std.dev: (108.02, 54.20)
[M::mem_pestat] low and high boundaries for proper pairs: (1, 353)
[M::mem_pestat] skip orientation FF
[M::mem_pestat] skip orientation RF
[M::mem_pestat] skip orientation RR
[M::mem_process_seqs] Processed 1703150 reads in 634.261 CPU sec, 32.949 real sec
[main] Version: 0.7.17-r1188
[main] CMD: bwa mem -t 20 resources/genome/hg38.fa.gz results/Batch_01/filtered/DNA_B01_27_S25_L001.filtered.R1.fastq.gz results/Batch_01/filtered/DNA_B01_27_S25_L001.filtered.R2.fastq.gz
[main] Real time: 245.357 sec; CPU: 4294.980 sec
[bam_sort_core] merging from 4 files and 1 in-memory blocks...
[Fri Apr 15 14:07:12 2022]
Finished job 0.
1 of 1 steps (100%) done
