The flag 'directory' used in rule SS_checkm_analysis is only valid for outputs, not inputs.
The flag 'directory' used in rule SS_checkm_plots is only valid for outputs, not inputs.
The flag 'directory' used in rule SS_checkm_plots is only valid for outputs, not inputs.
Building DAG of jobs...
Using shell: /usr/bin/bash
Provided cores: 20
Rules claiming more threads will be scaled down.
Select jobs to execute...

[Fri Apr 15 13:43:57 2022]
rule bwa_map:
    input: results/Batch_01/filtered/DNA_B03_15_S14_L001.filtered.R1.fastq.gz, results/Batch_01/filtered/DNA_B03_15_S14_L001.filtered.R2.fastq.gz, resources/genome/hg38.fa.gz.ann, resources/genome/hg38.fa.gz
    output: results/Batch_01/bwa/DNA_B03_15_S14_L001.clean.R1.fastq, results/Batch_01/bwa/DNA_B03_15_S14_L001.clean.R2.fastq
    jobid: 0
    wildcards: dataset=Batch_01, sample=DNA_B03_15_S14_L001
    threads: 20
    resources: mem_mb=3826, disk_mb=3826, tmpdir=/tmp, account=b1042, partition=genomics, nodes=1, mem=50G, time=08:00:00


        module purge all
        module load bwa/0.7.17
        module load samtools/1.10.1
        module load bedtools/2.29.2
        bwa mem -t 20 resources/genome/hg38.fa.gz results/Batch_01/filtered/DNA_B03_15_S14_L001.filtered.R1.fastq.gz results/Batch_01/filtered/DNA_B03_15_S14_L001.filtered.R2.fastq.gz > results/Batch_01/bwa/DNA_B03_15_S14_L001.mapped.sam
        samtools view -Subh -o results/Batch_01/bwa/DNA_B03_15_S14_L001.mapped.bam results/Batch_01/bwa/DNA_B03_15_S14_L001.mapped.sam
        samtools sort -o results/Batch_01/bwa/DNA_B03_15_S14_L001.mapped.sorted.bam results/Batch_01/bwa/DNA_B03_15_S14_L001.mapped.bam

        samtools view -b -f 12 -F 256 -o results/Batch_01/bwa/DNA_B03_15_S14_L001.unmapped.bam results/Batch_01/bwa/DNA_B03_15_S14_L001.mapped.sorted.bam
        bedtools bamtofastq -i results/Batch_01/bwa/DNA_B03_15_S14_L001.unmapped.bam -fq results/Batch_01/bwa/DNA_B03_15_S14_L001.clean.R1.fastq -fq2 results/Batch_01/bwa/DNA_B03_15_S14_L001.clean.R2.fastq
        
[M::bwa_idx_load_from_disk] read 0 ALT contigs
[M::process] read 1918352 sequences (200000055 bp)...
[M::process] read 1917288 sequences (200000078 bp)...
[M::mem_pestat] # candidate unique pairs for (FF, FR, RF, RR): (1930, 689441, 14, 1930)
[M::mem_pestat] analyzing insert size distribution for orientation FF...
[M::mem_pestat] (25, 50, 75) percentile: (68, 88, 118)
[M::mem_pestat] low and high boundaries for computing mean and std.dev: (1, 218)
[M::mem_pestat] mean and std.dev: (92.34, 40.99)
[M::mem_pestat] low and high boundaries for proper pairs: (1, 268)
[M::mem_pestat] analyzing insert size distribution for orientation FR...
[M::mem_pestat] (25, 50, 75) percentile: (72, 93, 122)
[M::mem_pestat] low and high boundaries for computing mean and std.dev: (1, 222)
[M::mem_pestat] mean and std.dev: (98.61, 36.85)
[M::mem_pestat] low and high boundaries for proper pairs: (1, 272)
[M::mem_pestat] analyzing insert size distribution for orientation RF...
[M::mem_pestat] (25, 50, 75) percentile: (18, 132, 160)
[M::mem_pestat] low and high boundaries for computing mean and std.dev: (1, 444)
[M::mem_pestat] mean and std.dev: (69.18, 57.93)
[M::mem_pestat] low and high boundaries for proper pairs: (1, 586)
[M::mem_pestat] analyzing insert size distribution for orientation RR...
[M::mem_pestat] (25, 50, 75) percentile: (69, 90, 118)
[M::mem_pestat] low and high boundaries for computing mean and std.dev: (1, 216)
[M::mem_pestat] mean and std.dev: (92.32, 39.81)
[M::mem_pestat] low and high boundaries for proper pairs: (1, 265)
[M::mem_pestat] skip orientation FF
[M::mem_pestat] skip orientation RF
[M::mem_pestat] skip orientation RR
[M::mem_process_seqs] Processed 1918352 reads in 1088.247 CPU sec, 66.728 real sec
[M::process] read 1913960 sequences (200000112 bp)...
[M::mem_pestat] # candidate unique pairs for (FF, FR, RF, RR): (1837, 688405, 19, 1955)
[M::mem_pestat] analyzing insert size distribution for orientation FF...
[M::mem_pestat] (25, 50, 75) percentile: (69, 88, 122)
[M::mem_pestat] low and high boundaries for computing mean and std.dev: (1, 228)
[M::mem_pestat] mean and std.dev: (93.56, 41.70)
[M::mem_pestat] low and high boundaries for proper pairs: (1, 281)
[M::mem_pestat] analyzing insert size distribution for orientation FR...
[M::mem_pestat] (25, 50, 75) percentile: (72, 93, 122)
[M::mem_pestat] low and high boundaries for computing mean and std.dev: (1, 222)
[M::mem_pestat] mean and std.dev: (98.68, 36.85)
[M::mem_pestat] low and high boundaries for proper pairs: (1, 272)
[M::mem_pestat] analyzing insert size distribution for orientation RF...
[M::mem_pestat] (25, 50, 75) percentile: (58, 117, 135)
[M::mem_pestat] low and high boundaries for computing mean and std.dev: (1, 289)
[M::mem_pestat] mean and std.dev: (97.12, 81.09)
[M::mem_pestat] low and high boundaries for proper pairs: (1, 421)
[M::mem_pestat] analyzing insert size distribution for orientation RR...
[M::mem_pestat] (25, 50, 75) percentile: (66, 87, 120)
[M::mem_pestat] low and high boundaries for computing mean and std.dev: (1, 228)
[M::mem_pestat] mean and std.dev: (91.86, 42.38)
[M::mem_pestat] low and high boundaries for proper pairs: (1, 282)
[M::mem_pestat] skip orientation FF
[M::mem_pestat] skip orientation RF
[M::mem_pestat] skip orientation RR
[M::mem_process_seqs] Processed 1917288 reads in 984.301 CPU sec, 51.547 real sec
[M::process] read 1914478 sequences (200000055 bp)...
[M::mem_pestat] # candidate unique pairs for (FF, FR, RF, RR): (1954, 686873, 10, 2007)
[M::mem_pestat] analyzing insert size distribution for orientation FF...
[M::mem_pestat] (25, 50, 75) percentile: (68, 89, 116)
[M::mem_pestat] low and high boundaries for computing mean and std.dev: (1, 212)
[M::mem_pestat] mean and std.dev: (91.03, 38.65)
[M::mem_pestat] low and high boundaries for proper pairs: (1, 260)
[M::mem_pestat] analyzing insert size distribution for orientation FR...
[M::mem_pestat] (25, 50, 75) percentile: (72, 93, 122)
[M::mem_pestat] low and high boundaries for computing mean and std.dev: (1, 222)
[M::mem_pestat] mean and std.dev: (98.81, 36.96)
[M::mem_pestat] low and high boundaries for proper pairs: (1, 272)
[M::mem_pestat] analyzing insert size distribution for orientation RF...
[M::mem_pestat] (25, 50, 75) percentile: (3, 76, 120)
[M::mem_pestat] low and high boundaries for computing mean and std.dev: (1, 354)
[M::mem_pestat] mean and std.dev: (68.44, 70.36)
[M::mem_pestat] low and high boundaries for proper pairs: (1, 471)
[M::mem_pestat] analyzing insert size distribution for orientation RR...
[M::mem_pestat] (25, 50, 75) percentile: (66, 88, 119)
[M::mem_pestat] low and high boundaries for computing mean and std.dev: (1, 225)
[M::mem_pestat] mean and std.dev: (92.79, 42.94)
[M::mem_pestat] low and high boundaries for proper pairs: (1, 278)
[M::mem_pestat] skip orientation FF
[M::mem_pestat] skip orientation RF
[M::mem_pestat] skip orientation RR
[M::mem_process_seqs] Processed 1913960 reads in 979.795 CPU sec, 50.230 real sec
[M::process] read 1915478 sequences (200000030 bp)...
[M::mem_pestat] # candidate unique pairs for (FF, FR, RF, RR): (1877, 688936, 21, 1905)
[M::mem_pestat] analyzing insert size distribution for orientation FF...
[M::mem_pestat] (25, 50, 75) percentile: (70, 89, 119)
[M::mem_pestat] low and high boundaries for computing mean and std.dev: (1, 217)
[M::mem_pestat] mean and std.dev: (92.69, 40.34)
[M::mem_pestat] low and high boundaries for proper pairs: (1, 266)
[M::mem_pestat] analyzing insert size distribution for orientation FR...
[M::mem_pestat] (25, 50, 75) percentile: (72, 93, 122)
[M::mem_pestat] low and high boundaries for computing mean and std.dev: (1, 222)
[M::mem_pestat] mean and std.dev: (98.79, 36.99)
[M::mem_pestat] low and high boundaries for proper pairs: (1, 272)
[M::mem_pestat] analyzing insert size distribution for orientation RF...
[M::mem_pestat] (25, 50, 75) percentile: (54, 115, 488)
[M::mem_pestat] low and high boundaries for computing mean and std.dev: (1, 1356)
[M::mem_pestat] mean and std.dev: (198.63, 242.85)
[M::mem_pestat] low and high boundaries for proper pairs: (1, 1790)
[M::mem_pestat] analyzing insert size distribution for orientation RR...
[M::mem_pestat] (25, 50, 75) percentile: (71, 91, 125)
[M::mem_pestat] low and high boundaries for computing mean and std.dev: (1, 233)
[M::mem_pestat] mean and std.dev: (95.73, 42.76)
[M::mem_pestat] low and high boundaries for proper pairs: (1, 287)
[M::mem_pestat] skip orientation FF
[M::mem_pestat] skip orientation RF
[M::mem_pestat] skip orientation RR
[M::mem_process_seqs] Processed 1914478 reads in 966.145 CPU sec, 50.898 real sec
[M::process] read 1922276 sequences (200000005 bp)...
[M::mem_pestat] # candidate unique pairs for (FF, FR, RF, RR): (1908, 688773, 13, 1964)
[M::mem_pestat] analyzing insert size distribution for orientation FF...
[M::mem_pestat] (25, 50, 75) percentile: (70, 90, 121)
[M::mem_pestat] low and high boundaries for computing mean and std.dev: (1, 223)
[M::mem_pestat] mean and std.dev: (93.55, 40.98)
[M::mem_pestat] low and high boundaries for proper pairs: (1, 274)
[M::mem_pestat] analyzing insert size distribution for orientation FR...
[M::mem_pestat] (25, 50, 75) percentile: (72, 93, 122)
[M::mem_pestat] low and high boundaries for computing mean and std.dev: (1, 222)
[M::mem_pestat] mean and std.dev: (98.74, 36.99)
[M::mem_pestat] low and high boundaries for proper pairs: (1, 272)
[M::mem_pestat] analyzing insert size distribution for orientation RF...
[M::mem_pestat] (25, 50, 75) percentile: (130, 155, 1122)
[M::mem_pestat] low and high boundaries for computing mean and std.dev: (1, 3106)
[M::mem_pestat] mean and std.dev: (240.09, 295.49)
[M::mem_pestat] low and high boundaries for proper pairs: (1, 4098)
[M::mem_pestat] analyzing insert size distribution for orientation RR...
[M::mem_pestat] (25, 50, 75) percentile: (69, 89, 116)
[M::mem_pestat] low and high boundaries for computing mean and std.dev: (1, 210)
[M::mem_pestat] mean and std.dev: (90.79, 38.96)
[M::mem_pestat] low and high boundaries for proper pairs: (1, 257)
[M::mem_pestat] skip orientation FF
[M::mem_pestat] skip orientation RF
[M::mem_pestat] skip orientation RR
[M::mem_process_seqs] Processed 1915478 reads in 960.812 CPU sec, 49.049 real sec
[M::process] read 1921750 sequences (200000011 bp)...
[M::mem_pestat] # candidate unique pairs for (FF, FR, RF, RR): (1844, 690739, 14, 1741)
[M::mem_pestat] analyzing insert size distribution for orientation FF...
[M::mem_pestat] (25, 50, 75) percentile: (68, 88, 116)
[M::mem_pestat] low and high boundaries for computing mean and std.dev: (1, 212)
[M::mem_pestat] mean and std.dev: (90.74, 40.19)
[M::mem_pestat] low and high boundaries for proper pairs: (1, 260)
[M::mem_pestat] analyzing insert size distribution for orientation FR...
[M::mem_pestat] (25, 50, 75) percentile: (71, 93, 121)
[M::mem_pestat] low and high boundaries for computing mean and std.dev: (1, 221)
[M::mem_pestat] mean and std.dev: (98.34, 36.69)
[M::mem_pestat] low and high boundaries for proper pairs: (1, 271)
[M::mem_pestat] analyzing insert size distribution for orientation RF...
[M::mem_pestat] (25, 50, 75) percentile: (40, 194, 237)
[M::mem_pestat] low and high boundaries for computing mean and std.dev: (1, 631)
[M::mem_pestat] mean and std.dev: (154.67, 130.79)
[M::mem_pestat] low and high boundaries for proper pairs: (1, 828)
[M::mem_pestat] analyzing insert size distribution for orientation RR...
[M::mem_pestat] (25, 50, 75) percentile: (67, 90, 120)
[M::mem_pestat] low and high boundaries for computing mean and std.dev: (1, 226)
[M::mem_pestat] mean and std.dev: (93.23, 42.37)
[M::mem_pestat] low and high boundaries for proper pairs: (1, 279)
[M::mem_pestat] skip orientation FF
[M::mem_pestat] skip orientation RF
[M::mem_pestat] skip orientation RR
[M::mem_process_seqs] Processed 1922276 reads in 969.014 CPU sec, 50.395 real sec
[M::process] read 1920258 sequences (200000029 bp)...
[M::mem_pestat] # candidate unique pairs for (FF, FR, RF, RR): (1857, 691015, 16, 1904)
[M::mem_pestat] analyzing insert size distribution for orientation FF...
[M::mem_pestat] (25, 50, 75) percentile: (70, 89, 120)
[M::mem_pestat] low and high boundaries for computing mean and std.dev: (1, 220)
[M::mem_pestat] mean and std.dev: (93.11, 40.74)
[M::mem_pestat] low and high boundaries for proper pairs: (1, 270)
[M::mem_pestat] analyzing insert size distribution for orientation FR...
[M::mem_pestat] (25, 50, 75) percentile: (71, 93, 121)
[M::mem_pestat] low and high boundaries for computing mean and std.dev: (1, 221)
[M::mem_pestat] mean and std.dev: (98.35, 36.66)
[M::mem_pestat] low and high boundaries for proper pairs: (1, 271)
[M::mem_pestat] analyzing insert size distribution for orientation RF...
[M::mem_pestat] (25, 50, 75) percentile: (48, 79, 433)
[M::mem_pestat] low and high boundaries for computing mean and std.dev: (1, 1203)
[M::mem_pestat] mean and std.dev: (123.43, 136.01)
[M::mem_pestat] low and high boundaries for proper pairs: (1, 1588)
[M::mem_pestat] analyzing insert size distribution for orientation RR...
[M::mem_pestat] (25, 50, 75) percentile: (69, 89, 119)
[M::mem_pestat] low and high boundaries for computing mean and std.dev: (1, 219)
[M::mem_pestat] mean and std.dev: (92.23, 40.47)
[M::mem_pestat] low and high boundaries for proper pairs: (1, 269)
[M::mem_pestat] skip orientation FF
[M::mem_pestat] skip orientation RF
[M::mem_pestat] skip orientation RR
[M::mem_process_seqs] Processed 1921750 reads in 961.087 CPU sec, 50.624 real sec
[M::process] read 1917932 sequences (200000128 bp)...
[M::mem_pestat] # candidate unique pairs for (FF, FR, RF, RR): (1927, 689602, 11, 1898)
[M::mem_pestat] analyzing insert size distribution for orientation FF...
[M::mem_pestat] (25, 50, 75) percentile: (70, 92, 122)
[M::mem_pestat] low and high boundaries for computing mean and std.dev: (1, 226)
[M::mem_pestat] mean and std.dev: (95.62, 40.85)
[M::mem_pestat] low and high boundaries for proper pairs: (1, 278)
[M::mem_pestat] analyzing insert size distribution for orientation FR...
[M::mem_pestat] (25, 50, 75) percentile: (71, 93, 122)
[M::mem_pestat] low and high boundaries for computing mean and std.dev: (1, 224)
[M::mem_pestat] mean and std.dev: (98.60, 37.05)
[M::mem_pestat] low and high boundaries for proper pairs: (1, 275)
[M::mem_pestat] analyzing insert size distribution for orientation RF...
[M::mem_pestat] (25, 50, 75) percentile: (76, 126, 187)
[M::mem_pestat] low and high boundaries for computing mean and std.dev: (1, 409)
[M::mem_pestat] mean and std.dev: (119.60, 84.61)
[M::mem_pestat] low and high boundaries for proper pairs: (1, 520)
[M::mem_pestat] analyzing insert size distribution for orientation RR...
[M::mem_pestat] (25, 50, 75) percentile: (71, 90, 121)
[M::mem_pestat] low and high boundaries for computing mean and std.dev: (1, 221)
[M::mem_pestat] mean and std.dev: (94.44, 41.32)
[M::mem_pestat] low and high boundaries for proper pairs: (1, 271)
[M::mem_pestat] skip orientation FF
[M::mem_pestat] skip orientation RF
[M::mem_pestat] skip orientation RR
[M::mem_process_seqs] Processed 1920258 reads in 966.251 CPU sec, 49.709 real sec
[M::process] read 1919990 sequences (200000083 bp)...
[M::mem_pestat] # candidate unique pairs for (FF, FR, RF, RR): (1819, 689097, 20, 1999)
[M::mem_pestat] analyzing insert size distribution for orientation FF...
[M::mem_pestat] (25, 50, 75) percentile: (70, 88, 115)
[M::mem_pestat] low and high boundaries for computing mean and std.dev: (1, 205)
[M::mem_pestat] mean and std.dev: (90.25, 37.95)
[M::mem_pestat] low and high boundaries for proper pairs: (1, 250)
[M::mem_pestat] analyzing insert size distribution for orientation FR...
[M::mem_pestat] (25, 50, 75) percentile: (72, 93, 122)
[M::mem_pestat] low and high boundaries for computing mean and std.dev: (1, 222)
[M::mem_pestat] mean and std.dev: (98.64, 36.88)
[M::mem_pestat] low and high boundaries for proper pairs: (1, 272)
[M::mem_pestat] analyzing insert size distribution for orientation RF...
[M::mem_pestat] (25, 50, 75) percentile: (95, 134, 362)
[M::mem_pestat] low and high boundaries for computing mean and std.dev: (1, 896)
[M::mem_pestat] mean and std.dev: (154.67, 107.29)
[M::mem_pestat] low and high boundaries for proper pairs: (1, 1163)
[M::mem_pestat] analyzing insert size distribution for orientation RR...
[M::mem_pestat] (25, 50, 75) percentile: (71, 89, 121)
[M::mem_pestat] low and high boundaries for computing mean and std.dev: (1, 221)
[M::mem_pestat] mean and std.dev: (94.44, 42.20)
[M::mem_pestat] low and high boundaries for proper pairs: (1, 271)
[M::mem_pestat] skip orientation FF
[M::mem_pestat] skip orientation RF
[M::mem_pestat] skip orientation RR
[M::mem_process_seqs] Processed 1917932 reads in 968.073 CPU sec, 51.928 real sec
[M::process] read 146814 sequences (15250692 bp)...
[M::mem_pestat] # candidate unique pairs for (FF, FR, RF, RR): (1872, 688667, 14, 1885)
[M::mem_pestat] analyzing insert size distribution for orientation FF...
[M::mem_pestat] (25, 50, 75) percentile: (69, 89, 117)
[M::mem_pestat] low and high boundaries for computing mean and std.dev: (1, 213)
[M::mem_pestat] mean and std.dev: (91.31, 39.68)
[M::mem_pestat] low and high boundaries for proper pairs: (1, 261)
[M::mem_pestat] analyzing insert size distribution for orientation FR...
[M::mem_pestat] (25, 50, 75) percentile: (71, 93, 122)
[M::mem_pestat] low and high boundaries for computing mean and std.dev: (1, 224)
[M::mem_pestat] mean and std.dev: (98.63, 37.01)
[M::mem_pestat] low and high boundaries for proper pairs: (1, 275)
[M::mem_pestat] analyzing insert size distribution for orientation RF...
[M::mem_pestat] (25, 50, 75) percentile: (60, 218, 301)
[M::mem_pestat] low and high boundaries for computing mean and std.dev: (1, 783)
[M::mem_pestat] mean and std.dev: (180.75, 151.11)
[M::mem_pestat] low and high boundaries for proper pairs: (1, 1024)
[M::mem_pestat] analyzing insert size distribution for orientation RR...
[M::mem_pestat] (25, 50, 75) percentile: (71, 92, 121)
[M::mem_pestat] low and high boundaries for computing mean and std.dev: (1, 221)
[M::mem_pestat] mean and std.dev: (94.44, 41.46)
[M::mem_pestat] low and high boundaries for proper pairs: (1, 271)
[M::mem_pestat] skip orientation FF
[M::mem_pestat] skip orientation RF
[M::mem_pestat] skip orientation RR
[M::mem_process_seqs] Processed 1919990 reads in 958.409 CPU sec, 49.759 real sec
[M::mem_pestat] # candidate unique pairs for (FF, FR, RF, RR): (173, 52714, 3, 126)
[M::mem_pestat] analyzing insert size distribution for orientation FF...
[M::mem_pestat] (25, 50, 75) percentile: (72, 94, 137)
[M::mem_pestat] low and high boundaries for computing mean and std.dev: (1, 267)
[M::mem_pestat] mean and std.dev: (101.23, 46.20)
[M::mem_pestat] low and high boundaries for proper pairs: (1, 332)
[M::mem_pestat] analyzing insert size distribution for orientation FR...
[M::mem_pestat] (25, 50, 75) percentile: (71, 92, 121)
[M::mem_pestat] low and high boundaries for computing mean and std.dev: (1, 221)
[M::mem_pestat] mean and std.dev: (98.10, 36.79)
[M::mem_pestat] low and high boundaries for proper pairs: (1, 271)
[M::mem_pestat] skip orientation RF as there are not enough pairs
[M::mem_pestat] analyzing insert size distribution for orientation RR...
[M::mem_pestat] (25, 50, 75) percentile: (74, 91, 113)
[M::mem_pestat] low and high boundaries for computing mean and std.dev: (1, 191)
[M::mem_pestat] mean and std.dev: (90.39, 32.39)
[M::mem_pestat] low and high boundaries for proper pairs: (1, 230)
[M::mem_pestat] skip orientation FF
[M::mem_pestat] skip orientation RR
[M::mem_process_seqs] Processed 146814 reads in 80.123 CPU sec, 4.502 real sec
[main] Version: 0.7.17-r1188
[main] CMD: bwa mem -t 20 resources/genome/hg38.fa.gz results/Batch_01/filtered/DNA_B03_15_S14_L001.filtered.R1.fastq.gz results/Batch_01/filtered/DNA_B03_15_S14_L001.filtered.R2.fastq.gz
[main] Real time: 536.151 sec; CPU: 9891.092 sec
[bam_sort_core] merging from 8 files and 1 in-memory blocks...
[Fri Apr 15 13:58:35 2022]
Finished job 0.
1 of 1 steps (100%) done
