The flag 'directory' used in rule SS_checkm_analysis is only valid for outputs, not inputs.
The flag 'directory' used in rule SS_checkm_plots is only valid for outputs, not inputs.
The flag 'directory' used in rule SS_checkm_plots is only valid for outputs, not inputs.
Building DAG of jobs...
Using shell: /usr/bin/bash
Provided cores: 20
Rules claiming more threads will be scaled down.
Select jobs to execute...

[Mon May  9 21:25:38 2022]
rule bwa_map:
    input: results/fastp_out/DNA_B02_02/DNA_B02_02.fastp.r1.fastq.gz, results/fastp_out/DNA_B02_02/DNA_B02_02.fastp.r2.fastq.gz, resources/genome/hg38.fa.gz.ann, resources/genome/hg38.fa.gz
    output: results/bwa_out/DNA_B02_02/DNA_B02_02.fastp_bwa.r1.fastq, results/bwa_out/DNA_B02_02/DNA_B02_02.fastp_bwa.r2.fastq
    jobid: 0
    wildcards: sample=DNA_B02_02
    threads: 20
    resources: mem_mb=5123, disk_mb=5123, tmpdir=/tmp, account=b1042, partition=genomics, nodes=1, mem=15G, time=08:00:00


        module purge all
        module load bwa/0.7.17
        module load samtools/1.10.1
        module load bedtools/2.29.2
        bwa mem -t 20 resources/genome/hg38.fa.gz results/fastp_out/DNA_B02_02/DNA_B02_02.fastp.r1.fastq.gz results/fastp_out/DNA_B02_02/DNA_B02_02.fastp.r2.fastq.gz > results/bwa_out/DNA_B02_02/DNA_B02_02.mapped.sam
        samtools view -Subh -o results/bwa_out/DNA_B02_02/DNA_B02_02.mapped.bam results/bwa_out/DNA_B02_02/DNA_B02_02.mapped.sam
        samtools sort -o results/bwa_out/DNA_B02_02/DNA_B02_02.mapped.sorted.bam results/bwa_out/DNA_B02_02/DNA_B02_02.mapped.bam

        samtools view -b -f 12 -F 256 -o results/bwa_out/DNA_B02_02/DNA_B02_02.unmapped.bam results/bwa_out/DNA_B02_02/DNA_B02_02.mapped.sorted.bam
        bedtools bamtofastq -i results/bwa_out/DNA_B02_02/DNA_B02_02.unmapped.bam -fq results/bwa_out/DNA_B02_02/DNA_B02_02.fastp_bwa.r1.fastq -fq2 results/bwa_out/DNA_B02_02/DNA_B02_02.fastp_bwa.r2.fastq
        
[M::bwa_idx_load_from_disk] read 0 ALT contigs
[M::process] read 1844350 sequences (200000136 bp)...
[M::process] read 1845886 sequences (200000022 bp)...
[M::mem_pestat] # candidate unique pairs for (FF, FR, RF, RR): (2816, 754333, 47, 2699)
[M::mem_pestat] analyzing insert size distribution for orientation FF...
[M::mem_pestat] (25, 50, 75) percentile: (67, 89, 122)
[M::mem_pestat] low and high boundaries for computing mean and std.dev: (1, 232)
[M::mem_pestat] mean and std.dev: (94.69, 44.53)
[M::mem_pestat] low and high boundaries for proper pairs: (1, 287)
[M::mem_pestat] analyzing insert size distribution for orientation FR...
[M::mem_pestat] (25, 50, 75) percentile: (75, 99, 133)
[M::mem_pestat] low and high boundaries for computing mean and std.dev: (1, 249)
[M::mem_pestat] mean and std.dev: (106.75, 42.62)
[M::mem_pestat] low and high boundaries for proper pairs: (1, 307)
[M::mem_pestat] analyzing insert size distribution for orientation RF...
[M::mem_pestat] (25, 50, 75) percentile: (68, 111, 155)
[M::mem_pestat] low and high boundaries for computing mean and std.dev: (1, 329)
[M::mem_pestat] mean and std.dev: (105.25, 62.96)
[M::mem_pestat] low and high boundaries for proper pairs: (1, 416)
[M::mem_pestat] analyzing insert size distribution for orientation RR...
[M::mem_pestat] (25, 50, 75) percentile: (65, 89, 123)
[M::mem_pestat] low and high boundaries for computing mean and std.dev: (1, 239)
[M::mem_pestat] mean and std.dev: (95.52, 46.10)
[M::mem_pestat] low and high boundaries for proper pairs: (1, 297)
[M::mem_pestat] skip orientation FF
[M::mem_pestat] skip orientation RF
[M::mem_pestat] skip orientation RR
[M::mem_process_seqs] Processed 1844350 reads in 1176.604 CPU sec, 105.761 real sec
[M::process] read 1846010 sequences (200000110 bp)...
[M::mem_pestat] # candidate unique pairs for (FF, FR, RF, RR): (2796, 754279, 56, 2705)
[M::mem_pestat] analyzing insert size distribution for orientation FF...
[M::mem_pestat] (25, 50, 75) percentile: (67, 91, 123)
[M::mem_pestat] low and high boundaries for computing mean and std.dev: (1, 235)
[M::mem_pestat] mean and std.dev: (95.11, 44.17)
[M::mem_pestat] low and high boundaries for proper pairs: (1, 291)
[M::mem_pestat] analyzing insert size distribution for orientation FR...
[M::mem_pestat] (25, 50, 75) percentile: (75, 99, 133)
[M::mem_pestat] low and high boundaries for computing mean and std.dev: (1, 249)
[M::mem_pestat] mean and std.dev: (106.55, 42.54)
[M::mem_pestat] low and high boundaries for proper pairs: (1, 307)
[M::mem_pestat] analyzing insert size distribution for orientation RF...
[M::mem_pestat] (25, 50, 75) percentile: (83, 123, 182)
[M::mem_pestat] low and high boundaries for computing mean and std.dev: (1, 380)
[M::mem_pestat] mean and std.dev: (105.34, 57.46)
[M::mem_pestat] low and high boundaries for proper pairs: (1, 479)
[M::mem_pestat] analyzing insert size distribution for orientation RR...
[M::mem_pestat] (25, 50, 75) percentile: (67, 90, 124)
[M::mem_pestat] low and high boundaries for computing mean and std.dev: (1, 238)
[M::mem_pestat] mean and std.dev: (96.15, 46.02)
[M::mem_pestat] low and high boundaries for proper pairs: (1, 295)
[M::mem_pestat] skip orientation FF
[M::mem_pestat] skip orientation RF
[M::mem_pestat] skip orientation RR
[M::mem_process_seqs] Processed 1845886 reads in 705.534 CPU sec, 36.147 real sec
[M::process] read 1846240 sequences (200000082 bp)...
[M::mem_pestat] # candidate unique pairs for (FF, FR, RF, RR): (2726, 755568, 45, 2693)
[M::mem_pestat] analyzing insert size distribution for orientation FF...
[M::mem_pestat] (25, 50, 75) percentile: (65, 88, 123)
[M::mem_pestat] low and high boundaries for computing mean and std.dev: (1, 239)
[M::mem_pestat] mean and std.dev: (94.29, 44.66)
[M::mem_pestat] low and high boundaries for proper pairs: (1, 297)
[M::mem_pestat] analyzing insert size distribution for orientation FR...
[M::mem_pestat] (25, 50, 75) percentile: (75, 99, 133)
[M::mem_pestat] low and high boundaries for computing mean and std.dev: (1, 249)
[M::mem_pestat] mean and std.dev: (106.64, 42.58)
[M::mem_pestat] low and high boundaries for proper pairs: (1, 307)
[M::mem_pestat] analyzing insert size distribution for orientation RF...
[M::mem_pestat] (25, 50, 75) percentile: (71, 119, 187)
[M::mem_pestat] low and high boundaries for computing mean and std.dev: (1, 419)
[M::mem_pestat] mean and std.dev: (107.00, 55.60)
[M::mem_pestat] low and high boundaries for proper pairs: (1, 535)
[M::mem_pestat] analyzing insert size distribution for orientation RR...
[M::mem_pestat] (25, 50, 75) percentile: (68, 90, 122)
[M::mem_pestat] low and high boundaries for computing mean and std.dev: (1, 230)
[M::mem_pestat] mean and std.dev: (94.97, 44.01)
[M::mem_pestat] low and high boundaries for proper pairs: (1, 284)
[M::mem_pestat] skip orientation FF
[M::mem_pestat] skip orientation RF
[M::mem_pestat] skip orientation RR
[M::mem_process_seqs] Processed 1846010 reads in 700.253 CPU sec, 36.357 real sec
[M::process] read 1846628 sequences (200000121 bp)...
[M::mem_pestat] # candidate unique pairs for (FF, FR, RF, RR): (2907, 754943, 51, 2563)
[M::mem_pestat] analyzing insert size distribution for orientation FF...
[M::mem_pestat] (25, 50, 75) percentile: (68, 89, 122)
[M::mem_pestat] low and high boundaries for computing mean and std.dev: (1, 230)
[M::mem_pestat] mean and std.dev: (95.07, 43.40)
[M::mem_pestat] low and high boundaries for proper pairs: (1, 284)
[M::mem_pestat] analyzing insert size distribution for orientation FR...
[M::mem_pestat] (25, 50, 75) percentile: (75, 99, 133)
[M::mem_pestat] low and high boundaries for computing mean and std.dev: (1, 249)
[M::mem_pestat] mean and std.dev: (106.58, 42.51)
[M::mem_pestat] low and high boundaries for proper pairs: (1, 307)
[M::mem_pestat] analyzing insert size distribution for orientation RF...
[M::mem_pestat] (25, 50, 75) percentile: (83, 109, 168)
[M::mem_pestat] low and high boundaries for computing mean and std.dev: (1, 338)
[M::mem_pestat] mean and std.dev: (112.77, 60.97)
[M::mem_pestat] low and high boundaries for proper pairs: (1, 423)
[M::mem_pestat] analyzing insert size distribution for orientation RR...
[M::mem_pestat] (25, 50, 75) percentile: (62, 88, 122)
[M::mem_pestat] low and high boundaries for computing mean and std.dev: (1, 242)
[M::mem_pestat] mean and std.dev: (93.70, 44.86)
[M::mem_pestat] low and high boundaries for proper pairs: (1, 302)
[M::mem_pestat] skip orientation FF
[M::mem_pestat] skip orientation RF
[M::mem_pestat] skip orientation RR
[M::mem_process_seqs] Processed 1846240 reads in 697.392 CPU sec, 35.850 real sec
[M::process] read 1846110 sequences (200000006 bp)...
[M::mem_pestat] # candidate unique pairs for (FF, FR, RF, RR): (2693, 756260, 43, 2699)
[M::mem_pestat] analyzing insert size distribution for orientation FF...
[M::mem_pestat] (25, 50, 75) percentile: (68, 89, 126)
[M::mem_pestat] low and high boundaries for computing mean and std.dev: (1, 242)
[M::mem_pestat] mean and std.dev: (96.80, 46.79)
[M::mem_pestat] low and high boundaries for proper pairs: (1, 300)
[M::mem_pestat] analyzing insert size distribution for orientation FR...
[M::mem_pestat] (25, 50, 75) percentile: (75, 99, 133)
[M::mem_pestat] low and high boundaries for computing mean and std.dev: (1, 249)
[M::mem_pestat] mean and std.dev: (106.57, 42.53)
[M::mem_pestat] low and high boundaries for proper pairs: (1, 307)
[M::mem_pestat] analyzing insert size distribution for orientation RF...
[M::mem_pestat] (25, 50, 75) percentile: (62, 132, 206)
[M::mem_pestat] low and high boundaries for computing mean and std.dev: (1, 494)
[M::mem_pestat] mean and std.dev: (110.32, 70.66)
[M::mem_pestat] low and high boundaries for proper pairs: (1, 638)
[M::mem_pestat] analyzing insert size distribution for orientation RR...
[M::mem_pestat] (25, 50, 75) percentile: (65, 89, 122)
[M::mem_pestat] low and high boundaries for computing mean and std.dev: (1, 236)
[M::mem_pestat] mean and std.dev: (93.73, 43.41)
[M::mem_pestat] low and high boundaries for proper pairs: (1, 293)
[M::mem_pestat] skip orientation FF
[M::mem_pestat] skip orientation RF
[M::mem_pestat] skip orientation RR
[M::mem_process_seqs] Processed 1846628 reads in 689.390 CPU sec, 35.630 real sec
[M::process] read 1847146 sequences (200000052 bp)...
[M::mem_pestat] # candidate unique pairs for (FF, FR, RF, RR): (2823, 754998, 49, 2597)
[M::mem_pestat] analyzing insert size distribution for orientation FF...
[M::mem_pestat] (25, 50, 75) percentile: (68, 89, 121)
[M::mem_pestat] low and high boundaries for computing mean and std.dev: (1, 227)
[M::mem_pestat] mean and std.dev: (93.62, 41.68)
[M::mem_pestat] low and high boundaries for proper pairs: (1, 280)
[M::mem_pestat] analyzing insert size distribution for orientation FR...
[M::mem_pestat] (25, 50, 75) percentile: (75, 99, 133)
[M::mem_pestat] low and high boundaries for computing mean and std.dev: (1, 249)
[M::mem_pestat] mean and std.dev: (106.57, 42.52)
[M::mem_pestat] low and high boundaries for proper pairs: (1, 307)
[M::mem_pestat] analyzing insert size distribution for orientation RF...
[M::mem_pestat] (25, 50, 75) percentile: (73, 142, 181)
[M::mem_pestat] low and high boundaries for computing mean and std.dev: (1, 397)
[M::mem_pestat] mean and std.dev: (120.91, 63.94)
[M::mem_pestat] low and high boundaries for proper pairs: (1, 505)
[M::mem_pestat] analyzing insert size distribution for orientation RR...
[M::mem_pestat] (25, 50, 75) percentile: (66, 90, 125)
[M::mem_pestat] low and high boundaries for computing mean and std.dev: (1, 243)
[M::mem_pestat] mean and std.dev: (95.17, 45.26)
[M::mem_pestat] low and high boundaries for proper pairs: (1, 302)
[M::mem_pestat] skip orientation FF
[M::mem_pestat] skip orientation RF
[M::mem_pestat] skip orientation RR
[M::mem_process_seqs] Processed 1846110 reads in 698.710 CPU sec, 36.135 real sec
[M::process] read 1847200 sequences (200000094 bp)...
[M::mem_pestat] # candidate unique pairs for (FF, FR, RF, RR): (2660, 755370, 63, 2711)
[M::mem_pestat] analyzing insert size distribution for orientation FF...
[M::mem_pestat] (25, 50, 75) percentile: (69, 90, 123)
[M::mem_pestat] low and high boundaries for computing mean and std.dev: (1, 231)
[M::mem_pestat] mean and std.dev: (94.86, 43.21)
[M::mem_pestat] low and high boundaries for proper pairs: (1, 285)
[M::mem_pestat] analyzing insert size distribution for orientation FR...
[M::mem_pestat] (25, 50, 75) percentile: (75, 99, 133)
[M::mem_pestat] low and high boundaries for computing mean and std.dev: (1, 249)
[M::mem_pestat] mean and std.dev: (106.58, 42.55)
[M::mem_pestat] low and high boundaries for proper pairs: (1, 307)
[M::mem_pestat] analyzing insert size distribution for orientation RF...
[M::mem_pestat] (25, 50, 75) percentile: (77, 139, 184)
[M::mem_pestat] low and high boundaries for computing mean and std.dev: (1, 398)
[M::mem_pestat] mean and std.dev: (138.02, 85.74)
[M::mem_pestat] low and high boundaries for proper pairs: (1, 505)
[M::mem_pestat] analyzing insert size distribution for orientation RR...
[M::mem_pestat] (25, 50, 75) percentile: (67, 89, 122)
[M::mem_pestat] low and high boundaries for computing mean and std.dev: (1, 232)
[M::mem_pestat] mean and std.dev: (94.62, 43.92)
[M::mem_pestat] low and high boundaries for proper pairs: (1, 287)
[M::mem_pestat] skip orientation FF
[M::mem_pestat] skip orientation RF
[M::mem_pestat] skip orientation RR
[M::mem_process_seqs] Processed 1847146 reads in 700.464 CPU sec, 36.096 real sec
[M::process] read 1845320 sequences (200000127 bp)...
[M::mem_pestat] # candidate unique pairs for (FF, FR, RF, RR): (2765, 754534, 52, 2719)
[M::mem_pestat] analyzing insert size distribution for orientation FF...
[M::mem_pestat] (25, 50, 75) percentile: (69, 91, 124)
[M::mem_pestat] low and high boundaries for computing mean and std.dev: (1, 234)
[M::mem_pestat] mean and std.dev: (95.97, 44.64)
[M::mem_pestat] low and high boundaries for proper pairs: (1, 289)
[M::mem_pestat] analyzing insert size distribution for orientation FR...
[M::mem_pestat] (25, 50, 75) percentile: (75, 99, 133)
[M::mem_pestat] low and high boundaries for computing mean and std.dev: (1, 249)
[M::mem_pestat] mean and std.dev: (106.58, 42.56)
[M::mem_pestat] low and high boundaries for proper pairs: (1, 307)
[M::mem_pestat] analyzing insert size distribution for orientation RF...
[M::mem_pestat] (25, 50, 75) percentile: (81, 180, 303)
[M::mem_pestat] low and high boundaries for computing mean and std.dev: (1, 747)
[M::mem_pestat] mean and std.dev: (148.02, 108.35)
[M::mem_pestat] low and high boundaries for proper pairs: (1, 969)
[M::mem_pestat] analyzing insert size distribution for orientation RR...
[M::mem_pestat] (25, 50, 75) percentile: (65, 89, 123)
[M::mem_pestat] low and high boundaries for computing mean and std.dev: (1, 239)
[M::mem_pestat] mean and std.dev: (94.23, 44.69)
[M::mem_pestat] low and high boundaries for proper pairs: (1, 297)
[M::mem_pestat] skip orientation FF
[M::mem_pestat] skip orientation RF
[M::mem_pestat] skip orientation RR
[M::mem_process_seqs] Processed 1847200 reads in 703.449 CPU sec, 36.037 real sec
[M::process] read 1844628 sequences (200000154 bp)...
[M::mem_pestat] # candidate unique pairs for (FF, FR, RF, RR): (2825, 753962, 59, 2731)
[M::mem_pestat] analyzing insert size distribution for orientation FF...
[M::mem_pestat] (25, 50, 75) percentile: (68, 90, 125)
[M::mem_pestat] low and high boundaries for computing mean and std.dev: (1, 239)
[M::mem_pestat] mean and std.dev: (95.99, 45.15)
[M::mem_pestat] low and high boundaries for proper pairs: (1, 296)
[M::mem_pestat] analyzing insert size distribution for orientation FR...
[M::mem_pestat] (25, 50, 75) percentile: (75, 99, 133)
[M::mem_pestat] low and high boundaries for computing mean and std.dev: (1, 249)
[M::mem_pestat] mean and std.dev: (106.67, 42.68)
[M::mem_pestat] low and high boundaries for proper pairs: (1, 307)
[M::mem_pestat] analyzing insert size distribution for orientation RF...
[M::mem_pestat] (25, 50, 75) percentile: (89, 128, 202)
[M::mem_pestat] low and high boundaries for computing mean and std.dev: (1, 428)
[M::mem_pestat] mean and std.dev: (133.91, 79.53)
[M::mem_pestat] low and high boundaries for proper pairs: (1, 541)
[M::mem_pestat] analyzing insert size distribution for orientation RR...
[M::mem_pestat] (25, 50, 75) percentile: (69, 90, 123)
[M::mem_pestat] low and high boundaries for computing mean and std.dev: (1, 231)
[M::mem_pestat] mean and std.dev: (94.82, 43.69)
[M::mem_pestat] low and high boundaries for proper pairs: (1, 285)
[M::mem_pestat] skip orientation FF
[M::mem_pestat] skip orientation RF
[M::mem_pestat] skip orientation RR
[M::mem_process_seqs] Processed 1845320 reads in 707.929 CPU sec, 36.477 real sec
[M::process] read 1845314 sequences (200000044 bp)...
[M::mem_pestat] # candidate unique pairs for (FF, FR, RF, RR): (2683, 753685, 46, 2754)
[M::mem_pestat] analyzing insert size distribution for orientation FF...
[M::mem_pestat] (25, 50, 75) percentile: (66, 90, 124)
[M::mem_pestat] low and high boundaries for computing mean and std.dev: (1, 240)
[M::mem_pestat] mean and std.dev: (95.41, 46.03)
[M::mem_pestat] low and high boundaries for proper pairs: (1, 298)
[M::mem_pestat] analyzing insert size distribution for orientation FR...
[M::mem_pestat] (25, 50, 75) percentile: (75, 99, 133)
[M::mem_pestat] low and high boundaries for computing mean and std.dev: (1, 249)
[M::mem_pestat] mean and std.dev: (106.69, 42.72)
[M::mem_pestat] low and high boundaries for proper pairs: (1, 307)
[M::mem_pestat] analyzing insert size distribution for orientation RF...
[M::mem_pestat] (25, 50, 75) percentile: (45, 131, 183)
[M::mem_pestat] low and high boundaries for computing mean and std.dev: (1, 459)
[M::mem_pestat] mean and std.dev: (122.00, 86.36)
[M::mem_pestat] low and high boundaries for proper pairs: (1, 597)
[M::mem_pestat] analyzing insert size distribution for orientation RR...
[M::mem_pestat] (25, 50, 75) percentile: (66, 90, 125)
[M::mem_pestat] low and high boundaries for computing mean and std.dev: (1, 243)
[M::mem_pestat] mean and std.dev: (96.56, 47.36)
[M::mem_pestat] low and high boundaries for proper pairs: (1, 302)
[M::mem_pestat] skip orientation FF
[M::mem_pestat] skip orientation RF
[M::mem_pestat] skip orientation RR
[M::mem_process_seqs] Processed 1844628 reads in 701.643 CPU sec, 36.542 real sec
[M::process] read 1844380 sequences (200000022 bp)...
[M::mem_pestat] # candidate unique pairs for (FF, FR, RF, RR): (2785, 753917, 70, 2747)
[M::mem_pestat] analyzing insert size distribution for orientation FF...
[M::mem_pestat] (25, 50, 75) percentile: (67, 90, 123)
[M::mem_pestat] low and high boundaries for computing mean and std.dev: (1, 235)
[M::mem_pestat] mean and std.dev: (94.44, 43.54)
[M::mem_pestat] low and high boundaries for proper pairs: (1, 291)
[M::mem_pestat] analyzing insert size distribution for orientation FR...
[M::mem_pestat] (25, 50, 75) percentile: (75, 99, 134)
[M::mem_pestat] low and high boundaries for computing mean and std.dev: (1, 252)
[M::mem_pestat] mean and std.dev: (106.98, 43.09)
[M::mem_pestat] low and high boundaries for proper pairs: (1, 311)
[M::mem_pestat] analyzing insert size distribution for orientation RF...
[M::mem_pestat] (25, 50, 75) percentile: (72, 127, 176)
[M::mem_pestat] low and high boundaries for computing mean and std.dev: (1, 384)
[M::mem_pestat] mean and std.dev: (112.11, 67.88)
[M::mem_pestat] low and high boundaries for proper pairs: (1, 488)
[M::mem_pestat] analyzing insert size distribution for orientation RR...
[M::mem_pestat] (25, 50, 75) percentile: (65, 90, 122)
[M::mem_pestat] low and high boundaries for computing mean and std.dev: (1, 236)
[M::mem_pestat] mean and std.dev: (95.11, 44.98)
[M::mem_pestat] low and high boundaries for proper pairs: (1, 293)
[M::mem_pestat] skip orientation FF
[M::mem_pestat] skip orientation RF
[M::mem_pestat] skip orientation RR
[M::mem_process_seqs] Processed 1845314 reads in 704.462 CPU sec, 36.171 real sec
[M::process] read 1844092 sequences (200000169 bp)...
[M::mem_pestat] # candidate unique pairs for (FF, FR, RF, RR): (2680, 753686, 62, 2750)
[M::mem_pestat] analyzing insert size distribution for orientation FF...
[M::mem_pestat] (25, 50, 75) percentile: (68, 89, 122)
[M::mem_pestat] low and high boundaries for computing mean and std.dev: (1, 230)
[M::mem_pestat] mean and std.dev: (94.17, 43.59)
[M::mem_pestat] low and high boundaries for proper pairs: (1, 284)
[M::mem_pestat] analyzing insert size distribution for orientation FR...
[M::mem_pestat] (25, 50, 75) percentile: (75, 99, 133)
[M::mem_pestat] low and high boundaries for computing mean and std.dev: (1, 249)
[M::mem_pestat] mean and std.dev: (106.77, 42.68)
[M::mem_pestat] low and high boundaries for proper pairs: (1, 307)
[M::mem_pestat] analyzing insert size distribution for orientation RF...
[M::mem_pestat] (25, 50, 75) percentile: (72, 135, 177)
[M::mem_pestat] low and high boundaries for computing mean and std.dev: (1, 387)
[M::mem_pestat] mean and std.dev: (113.60, 55.83)
[M::mem_pestat] low and high boundaries for proper pairs: (1, 492)
[M::mem_pestat] analyzing insert size distribution for orientation RR...
[M::mem_pestat] (25, 50, 75) percentile: (67, 90, 124)
[M::mem_pestat] low and high boundaries for computing mean and std.dev: (1, 238)
[M::mem_pestat] mean and std.dev: (95.19, 45.08)
[M::mem_pestat] low and high boundaries for proper pairs: (1, 295)
[M::mem_pestat] skip orientation FF
[M::mem_pestat] skip orientation RF
[M::mem_pestat] skip orientation RR
[M::mem_process_seqs] Processed 1844380 reads in 712.709 CPU sec, 36.515 real sec
[M::process] read 1844774 sequences (200000157 bp)...
[M::mem_pestat] # candidate unique pairs for (FF, FR, RF, RR): (2682, 752717, 60, 2787)
[M::mem_pestat] analyzing insert size distribution for orientation FF...
[M::mem_pestat] (25, 50, 75) percentile: (69, 89, 125)
[M::mem_pestat] low and high boundaries for computing mean and std.dev: (1, 237)
[M::mem_pestat] mean and std.dev: (96.43, 45.06)
[M::mem_pestat] low and high boundaries for proper pairs: (1, 293)
[M::mem_pestat] analyzing insert size distribution for orientation FR...
[M::mem_pestat] (25, 50, 75) percentile: (75, 99, 133)
[M::mem_pestat] low and high boundaries for computing mean and std.dev: (1, 249)
[M::mem_pestat] mean and std.dev: (106.75, 42.69)
[M::mem_pestat] low and high boundaries for proper pairs: (1, 307)
[M::mem_pestat] analyzing insert size distribution for orientation RF...
[M::mem_pestat] (25, 50, 75) percentile: (73, 126, 185)
[M::mem_pestat] low and high boundaries for computing mean and std.dev: (1, 409)
[M::mem_pestat] mean and std.dev: (108.62, 59.43)
[M::mem_pestat] low and high boundaries for proper pairs: (1, 521)
[M::mem_pestat] analyzing insert size distribution for orientation RR...
[M::mem_pestat] (25, 50, 75) percentile: (65, 88, 123)
[M::mem_pestat] low and high boundaries for computing mean and std.dev: (1, 239)
[M::mem_pestat] mean and std.dev: (94.38, 45.49)
[M::mem_pestat] low and high boundaries for proper pairs: (1, 297)
[M::mem_pestat] skip orientation FF
[M::mem_pestat] skip orientation RF
[M::mem_pestat] skip orientation RR
[M::mem_process_seqs] Processed 1844092 reads in 706.962 CPU sec, 36.415 real sec
[M::process] read 1846418 sequences (200000264 bp)...
[M::mem_pestat] # candidate unique pairs for (FF, FR, RF, RR): (2660, 754344, 60, 2734)
[M::mem_pestat] analyzing insert size distribution for orientation FF...
[M::mem_pestat] (25, 50, 75) percentile: (68, 92, 127)
[M::mem_pestat] low and high boundaries for computing mean and std.dev: (1, 245)
[M::mem_pestat] mean and std.dev: (97.16, 45.75)
[M::mem_pestat] low and high boundaries for proper pairs: (1, 304)
[M::mem_pestat] analyzing insert size distribution for orientation FR...
[M::mem_pestat] (25, 50, 75) percentile: (75, 99, 133)
[M::mem_pestat] low and high boundaries for computing mean and std.dev: (1, 249)
[M::mem_pestat] mean and std.dev: (106.76, 42.74)
[M::mem_pestat] low and high boundaries for proper pairs: (1, 307)
[M::mem_pestat] analyzing insert size distribution for orientation RF...
[M::mem_pestat] (25, 50, 75) percentile: (83, 120, 172)
[M::mem_pestat] low and high boundaries for computing mean and std.dev: (1, 350)
[M::mem_pestat] mean and std.dev: (124.40, 72.92)
[M::mem_pestat] low and high boundaries for proper pairs: (1, 439)
[M::mem_pestat] analyzing insert size distribution for orientation RR...
[M::mem_pestat] (25, 50, 75) percentile: (66, 89, 122)
[M::mem_pestat] low and high boundaries for computing mean and std.dev: (1, 234)
[M::mem_pestat] mean and std.dev: (94.22, 44.06)
[M::mem_pestat] low and high boundaries for proper pairs: (1, 290)
[M::mem_pestat] skip orientation FF
[M::mem_pestat] skip orientation RF
[M::mem_pestat] skip orientation RR
[M::mem_process_seqs] Processed 1844774 reads in 704.155 CPU sec, 36.107 real sec
[M::process] read 1846264 sequences (200000098 bp)...
[M::mem_pestat] # candidate unique pairs for (FF, FR, RF, RR): (2826, 755191, 57, 2606)
[M::mem_pestat] analyzing insert size distribution for orientation FF...
[M::mem_pestat] (25, 50, 75) percentile: (67, 89, 124)
[M::mem_pestat] low and high boundaries for computing mean and std.dev: (1, 238)
[M::mem_pestat] mean and std.dev: (94.84, 44.36)
[M::mem_pestat] low and high boundaries for proper pairs: (1, 295)
[M::mem_pestat] analyzing insert size distribution for orientation FR...
[M::mem_pestat] (25, 50, 75) percentile: (75, 99, 133)
[M::mem_pestat] low and high boundaries for computing mean and std.dev: (1, 249)
[M::mem_pestat] mean and std.dev: (106.59, 42.68)
[M::mem_pestat] low and high boundaries for proper pairs: (1, 307)
[M::mem_pestat] analyzing insert size distribution for orientation RF...
[M::mem_pestat] (25, 50, 75) percentile: (104, 149, 317)
[M::mem_pestat] low and high boundaries for computing mean and std.dev: (1, 743)
[M::mem_pestat] mean and std.dev: (204.36, 164.29)
[M::mem_pestat] low and high boundaries for proper pairs: (1, 956)
[M::mem_pestat] analyzing insert size distribution for orientation RR...
[M::mem_pestat] (25, 50, 75) percentile: (68, 89, 124)
[M::mem_pestat] low and high boundaries for computing mean and std.dev: (1, 236)
[M::mem_pestat] mean and std.dev: (94.83, 43.84)
[M::mem_pestat] low and high boundaries for proper pairs: (1, 292)
[M::mem_pestat] skip orientation FF
[M::mem_pestat] skip orientation RF
[M::mem_pestat] skip orientation RR
[M::mem_process_seqs] Processed 1846418 reads in 707.509 CPU sec, 36.321 real sec
[M::process] read 1227124 sequences (132858277 bp)...
[M::mem_pestat] # candidate unique pairs for (FF, FR, RF, RR): (2781, 754941, 59, 2541)
[M::mem_pestat] analyzing insert size distribution for orientation FF...
[M::mem_pestat] (25, 50, 75) percentile: (64, 89, 123)
[M::mem_pestat] low and high boundaries for computing mean and std.dev: (1, 241)
[M::mem_pestat] mean and std.dev: (94.04, 44.70)
[M::mem_pestat] low and high boundaries for proper pairs: (1, 300)
[M::mem_pestat] analyzing insert size distribution for orientation FR...
[M::mem_pestat] (25, 50, 75) percentile: (75, 99, 133)
[M::mem_pestat] low and high boundaries for computing mean and std.dev: (1, 249)
[M::mem_pestat] mean and std.dev: (106.60, 42.72)
[M::mem_pestat] low and high boundaries for proper pairs: (1, 307)
[M::mem_pestat] analyzing insert size distribution for orientation RF...
[M::mem_pestat] (25, 50, 75) percentile: (60, 129, 168)
[M::mem_pestat] low and high boundaries for computing mean and std.dev: (1, 384)
[M::mem_pestat] mean and std.dev: (122.30, 78.52)
[M::mem_pestat] low and high boundaries for proper pairs: (1, 492)
[M::mem_pestat] analyzing insert size distribution for orientation RR...
[M::mem_pestat] (25, 50, 75) percentile: (66, 88, 121)
[M::mem_pestat] low and high boundaries for computing mean and std.dev: (1, 231)
[M::mem_pestat] mean and std.dev: (92.90, 43.21)
[M::mem_pestat] low and high boundaries for proper pairs: (1, 286)
[M::mem_pestat] skip orientation FF
[M::mem_pestat] skip orientation RF
[M::mem_pestat] skip orientation RR
[M::mem_process_seqs] Processed 1846264 reads in 706.798 CPU sec, 36.484 real sec
[M::mem_pestat] # candidate unique pairs for (FF, FR, RF, RR): (1822, 500947, 37, 1855)
[M::mem_pestat] analyzing insert size distribution for orientation FF...
[M::mem_pestat] (25, 50, 75) percentile: (65, 88, 124)
[M::mem_pestat] low and high boundaries for computing mean and std.dev: (1, 242)
[M::mem_pestat] mean and std.dev: (94.64, 46.40)
[M::mem_pestat] low and high boundaries for proper pairs: (1, 301)
[M::mem_pestat] analyzing insert size distribution for orientation FR...
[M::mem_pestat] (25, 50, 75) percentile: (75, 99, 133)
[M::mem_pestat] low and high boundaries for computing mean and std.dev: (1, 249)
[M::mem_pestat] mean and std.dev: (106.58, 42.70)
[M::mem_pestat] low and high boundaries for proper pairs: (1, 307)
[M::mem_pestat] analyzing insert size distribution for orientation RF...
[M::mem_pestat] (25, 50, 75) percentile: (70, 120, 180)
[M::mem_pestat] low and high boundaries for computing mean and std.dev: (1, 400)
[M::mem_pestat] mean and std.dev: (119.66, 65.52)
[M::mem_pestat] low and high boundaries for proper pairs: (1, 510)
[M::mem_pestat] analyzing insert size distribution for orientation RR...
[M::mem_pestat] (25, 50, 75) percentile: (68, 90, 120)
[M::mem_pestat] low and high boundaries for computing mean and std.dev: (1, 224)
[M::mem_pestat] mean and std.dev: (93.14, 42.56)
[M::mem_pestat] low and high boundaries for proper pairs: (1, 276)
[M::mem_pestat] skip orientation FF
[M::mem_pestat] skip orientation RF
[M::mem_pestat] skip orientation RR
[M::mem_process_seqs] Processed 1227124 reads in 467.235 CPU sec, 24.475 real sec
[main] Version: 0.7.17-r1188
[main] CMD: bwa mem -t 20 resources/genome/hg38.fa.gz results/fastp_out/DNA_B02_02/DNA_B02_02.fastp.r1.fastq.gz results/fastp_out/DNA_B02_02/DNA_B02_02.fastp.r2.fastq.gz
[main] Real time: 683.801 sec; CPU: 12200.557 sec
[bam_sort_core] merging from 13 files and 1 in-memory blocks...
[Mon May  9 21:46:01 2022]
Finished job 0.
1 of 1 steps (100%) done
Pipeline set to use the following assmbler(s): ['megahit', 'spades']
                sample  ...                              reverse_read
sample                  ...                                          
DNA_B02_15  DNA_B02_15  ...  data/DNA_B02_15_S41_L002_R2_001.fastq.gz
DNA_B01_21  DNA_B01_21  ...  data/DNA_B01_21_S19_L001_R2_001.fastq.gz
DNA_B01_27  DNA_B01_27  ...  data/DNA_B01_27_S25_L001_R2_001.fastq.gz
DNA_B03_19  DNA_B03_19  ...  data/DNA_B03_19_S18_L001_R2_001.fastq.gz
DNA_B01_04  DNA_B01_04  ...   data/DNA_B01_04_S4_L001_R2_001.fastq.gz
DNA_B02_23  DNA_B02_23  ...  data/DNA_B02_23_S47_L002_R2_001.fastq.gz
DNA_B02_02  DNA_B02_02  ...  data/DNA_B02_02_S31_L002_R2_001.fastq.gz
DNA_B01_02  DNA_B01_02  ...   data/DNA_B01_02_S2_L001_R2_001.fastq.gz
DNA_B01_03  DNA_B01_03  ...   data/DNA_B01_03_S3_L001_R2_001.fastq.gz
DNA_B01_01  DNA_B01_01  ...   data/DNA_B01_01_S1_L001_R2_001.fastq.gz
DNA_B02_24  DNA_B02_24  ...  data/DNA_B02_24_S48_L002_R2_001.fastq.gz
DNA_B03_15  DNA_B03_15  ...  data/DNA_B03_15_S14_L001_R2_001.fastq.gz

[12 rows x 4 columns]
