The flag 'directory' used in rule SS_checkm_analysis is only valid for outputs, not inputs.
The flag 'directory' used in rule SS_checkm_plots is only valid for outputs, not inputs.
The flag 'directory' used in rule SS_checkm_plots is only valid for outputs, not inputs.
Building DAG of jobs...
Using shell: /usr/bin/bash
Provided cores: 20
Rules claiming more threads will be scaled down.
Select jobs to execute...

[Fri Apr 15 13:44:12 2022]
rule bwa_map:
    input: results/Batch_01/filtered/DNA_B03_19_S18_L001.filtered.R1.fastq.gz, results/Batch_01/filtered/DNA_B03_19_S18_L001.filtered.R2.fastq.gz, resources/genome/hg38.fa.gz.ann, resources/genome/hg38.fa.gz
    output: results/Batch_01/bwa/DNA_B03_19_S18_L001.clean.R1.fastq, results/Batch_01/bwa/DNA_B03_19_S18_L001.clean.R2.fastq
    jobid: 0
    wildcards: dataset=Batch_01, sample=DNA_B03_19_S18_L001
    threads: 20
    resources: mem_mb=4668, disk_mb=4668, tmpdir=/tmp, account=b1042, partition=genomics, nodes=1, mem=50G, time=08:00:00


        module purge all
        module load bwa/0.7.17
        module load samtools/1.10.1
        module load bedtools/2.29.2
        bwa mem -t 20 resources/genome/hg38.fa.gz results/Batch_01/filtered/DNA_B03_19_S18_L001.filtered.R1.fastq.gz results/Batch_01/filtered/DNA_B03_19_S18_L001.filtered.R2.fastq.gz > results/Batch_01/bwa/DNA_B03_19_S18_L001.mapped.sam
        samtools view -Subh -o results/Batch_01/bwa/DNA_B03_19_S18_L001.mapped.bam results/Batch_01/bwa/DNA_B03_19_S18_L001.mapped.sam
        samtools sort -o results/Batch_01/bwa/DNA_B03_19_S18_L001.mapped.sorted.bam results/Batch_01/bwa/DNA_B03_19_S18_L001.mapped.bam

        samtools view -b -f 12 -F 256 -o results/Batch_01/bwa/DNA_B03_19_S18_L001.unmapped.bam results/Batch_01/bwa/DNA_B03_19_S18_L001.mapped.sorted.bam
        bedtools bamtofastq -i results/Batch_01/bwa/DNA_B03_19_S18_L001.unmapped.bam -fq results/Batch_01/bwa/DNA_B03_19_S18_L001.clean.R1.fastq -fq2 results/Batch_01/bwa/DNA_B03_19_S18_L001.clean.R2.fastq
        
[M::bwa_idx_load_from_disk] read 0 ALT contigs
[M::process] read 1980576 sequences (200000012 bp)...
[M::process] read 1980448 sequences (200000047 bp)...
[M::mem_pestat] # candidate unique pairs for (FF, FR, RF, RR): (751, 756778, 28, 753)
[M::mem_pestat] analyzing insert size distribution for orientation FF...
[M::mem_pestat] (25, 50, 75) percentile: (63, 89, 125)
[M::mem_pestat] low and high boundaries for computing mean and std.dev: (1, 249)
[M::mem_pestat] mean and std.dev: (96.45, 47.85)
[M::mem_pestat] low and high boundaries for proper pairs: (1, 311)
[M::mem_pestat] analyzing insert size distribution for orientation FR...
[M::mem_pestat] (25, 50, 75) percentile: (74, 94, 122)
[M::mem_pestat] low and high boundaries for computing mean and std.dev: (1, 218)
[M::mem_pestat] mean and std.dev: (99.53, 35.10)
[M::mem_pestat] low and high boundaries for proper pairs: (1, 266)
[M::mem_pestat] analyzing insert size distribution for orientation RF...
[M::mem_pestat] (25, 50, 75) percentile: (70, 112, 180)
[M::mem_pestat] low and high boundaries for computing mean and std.dev: (1, 400)
[M::mem_pestat] mean and std.dev: (115.31, 76.31)
[M::mem_pestat] low and high boundaries for proper pairs: (1, 510)
[M::mem_pestat] analyzing insert size distribution for orientation RR...
[M::mem_pestat] (25, 50, 75) percentile: (53, 93, 137)
[M::mem_pestat] low and high boundaries for computing mean and std.dev: (1, 305)
[M::mem_pestat] mean and std.dev: (101.13, 57.43)
[M::mem_pestat] low and high boundaries for proper pairs: (1, 389)
[M::mem_pestat] skip orientation FF
[M::mem_pestat] skip orientation RF
[M::mem_pestat] skip orientation RR
[M::mem_process_seqs] Processed 1980576 reads in 1279.030 CPU sec, 95.543 real sec
[M::process] read 1980158 sequences (200000030 bp)...
[M::mem_pestat] # candidate unique pairs for (FF, FR, RF, RR): (763, 756797, 31, 751)
[M::mem_pestat] analyzing insert size distribution for orientation FF...
[M::mem_pestat] (25, 50, 75) percentile: (59, 88, 126)
[M::mem_pestat] low and high boundaries for computing mean and std.dev: (1, 260)
[M::mem_pestat] mean and std.dev: (95.21, 51.98)
[M::mem_pestat] low and high boundaries for proper pairs: (1, 327)
[M::mem_pestat] analyzing insert size distribution for orientation FR...
[M::mem_pestat] (25, 50, 75) percentile: (74, 94, 122)
[M::mem_pestat] low and high boundaries for computing mean and std.dev: (1, 218)
[M::mem_pestat] mean and std.dev: (99.52, 35.07)
[M::mem_pestat] low and high boundaries for proper pairs: (1, 266)
[M::mem_pestat] analyzing insert size distribution for orientation RF...
[M::mem_pestat] (25, 50, 75) percentile: (120, 143, 173)
[M::mem_pestat] low and high boundaries for computing mean and std.dev: (14, 279)
[M::mem_pestat] mean and std.dev: (135.90, 28.45)
[M::mem_pestat] low and high boundaries for proper pairs: (1, 332)
[M::mem_pestat] analyzing insert size distribution for orientation RR...
[M::mem_pestat] (25, 50, 75) percentile: (66, 95, 131)
[M::mem_pestat] low and high boundaries for computing mean and std.dev: (1, 261)
[M::mem_pestat] mean and std.dev: (100.40, 51.69)
[M::mem_pestat] low and high boundaries for proper pairs: (1, 326)
[M::mem_pestat] skip orientation FF
[M::mem_pestat] skip orientation RF
[M::mem_pestat] skip orientation RR
[M::mem_process_seqs] Processed 1980448 reads in 883.724 CPU sec, 45.540 real sec
[M::process] read 1977128 sequences (200000224 bp)...
[M::mem_pestat] # candidate unique pairs for (FF, FR, RF, RR): (734, 756655, 25, 735)
[M::mem_pestat] analyzing insert size distribution for orientation FF...
[M::mem_pestat] (25, 50, 75) percentile: (60, 87, 121)
[M::mem_pestat] low and high boundaries for computing mean and std.dev: (1, 243)
[M::mem_pestat] mean and std.dev: (95.22, 49.28)
[M::mem_pestat] low and high boundaries for proper pairs: (1, 304)
[M::mem_pestat] analyzing insert size distribution for orientation FR...
[M::mem_pestat] (25, 50, 75) percentile: (74, 94, 122)
[M::mem_pestat] low and high boundaries for computing mean and std.dev: (1, 218)
[M::mem_pestat] mean and std.dev: (99.44, 35.08)
[M::mem_pestat] low and high boundaries for proper pairs: (1, 266)
[M::mem_pestat] analyzing insert size distribution for orientation RF...
[M::mem_pestat] (25, 50, 75) percentile: (34, 116, 185)
[M::mem_pestat] low and high boundaries for computing mean and std.dev: (1, 487)
[M::mem_pestat] mean and std.dev: (98.83, 66.10)
[M::mem_pestat] low and high boundaries for proper pairs: (1, 638)
[M::mem_pestat] analyzing insert size distribution for orientation RR...
[M::mem_pestat] (25, 50, 75) percentile: (56, 90, 124)
[M::mem_pestat] low and high boundaries for computing mean and std.dev: (1, 260)
[M::mem_pestat] mean and std.dev: (96.26, 51.19)
[M::mem_pestat] low and high boundaries for proper pairs: (1, 328)
[M::mem_pestat] skip orientation FF
[M::mem_pestat] skip orientation RF
[M::mem_pestat] skip orientation RR
[M::mem_process_seqs] Processed 1980158 reads in 896.785 CPU sec, 46.662 real sec
[M::process] read 1978896 sequences (200000091 bp)...
[M::mem_pestat] # candidate unique pairs for (FF, FR, RF, RR): (794, 754614, 13, 762)
[M::mem_pestat] analyzing insert size distribution for orientation FF...
[M::mem_pestat] (25, 50, 75) percentile: (60, 87, 127)
[M::mem_pestat] low and high boundaries for computing mean and std.dev: (1, 261)
[M::mem_pestat] mean and std.dev: (95.76, 52.16)
[M::mem_pestat] low and high boundaries for proper pairs: (1, 328)
[M::mem_pestat] analyzing insert size distribution for orientation FR...
[M::mem_pestat] (25, 50, 75) percentile: (74, 94, 122)
[M::mem_pestat] low and high boundaries for computing mean and std.dev: (1, 218)
[M::mem_pestat] mean and std.dev: (99.70, 35.20)
[M::mem_pestat] low and high boundaries for proper pairs: (1, 266)
[M::mem_pestat] analyzing insert size distribution for orientation RF...
[M::mem_pestat] (25, 50, 75) percentile: (137, 145, 163)
[M::mem_pestat] low and high boundaries for computing mean and std.dev: (85, 215)
[M::mem_pestat] mean and std.dev: (152.89, 11.14)
[M::mem_pestat] low and high boundaries for proper pairs: (59, 241)
[M::mem_pestat] analyzing insert size distribution for orientation RR...
[M::mem_pestat] (25, 50, 75) percentile: (68, 94, 130)
[M::mem_pestat] low and high boundaries for computing mean and std.dev: (1, 254)
[M::mem_pestat] mean and std.dev: (101.74, 50.40)
[M::mem_pestat] low and high boundaries for proper pairs: (1, 316)
[M::mem_pestat] skip orientation FF
[M::mem_pestat] skip orientation RF
[M::mem_pestat] skip orientation RR
[M::mem_process_seqs] Processed 1977128 reads in 915.127 CPU sec, 47.898 real sec
[M::process] read 1979146 sequences (200000031 bp)...
[M::mem_pestat] # candidate unique pairs for (FF, FR, RF, RR): (817, 755849, 31, 727)
[M::mem_pestat] analyzing insert size distribution for orientation FF...
[M::mem_pestat] (25, 50, 75) percentile: (66, 95, 132)
[M::mem_pestat] low and high boundaries for computing mean and std.dev: (1, 264)
[M::mem_pestat] mean and std.dev: (101.97, 54.94)
[M::mem_pestat] low and high boundaries for proper pairs: (1, 330)
[M::mem_pestat] analyzing insert size distribution for orientation FR...
[M::mem_pestat] (25, 50, 75) percentile: (74, 94, 122)
[M::mem_pestat] low and high boundaries for computing mean and std.dev: (1, 218)
[M::mem_pestat] mean and std.dev: (99.57, 35.18)
[M::mem_pestat] low and high boundaries for proper pairs: (1, 266)
[M::mem_pestat] analyzing insert size distribution for orientation RF...
[M::mem_pestat] (25, 50, 75) percentile: (103, 144, 196)
[M::mem_pestat] low and high boundaries for computing mean and std.dev: (1, 382)
[M::mem_pestat] mean and std.dev: (133.07, 69.37)
[M::mem_pestat] low and high boundaries for proper pairs: (1, 475)
[M::mem_pestat] analyzing insert size distribution for orientation RR...
[M::mem_pestat] (25, 50, 75) percentile: (60, 88, 125)
[M::mem_pestat] low and high boundaries for computing mean and std.dev: (1, 255)
[M::mem_pestat] mean and std.dev: (94.73, 49.80)
[M::mem_pestat] low and high boundaries for proper pairs: (1, 320)
[M::mem_pestat] skip orientation FF
[M::mem_pestat] skip orientation RF
[M::mem_pestat] skip orientation RR
[M::mem_process_seqs] Processed 1978896 reads in 905.149 CPU sec, 46.589 real sec
[M::process] read 1981612 sequences (200000178 bp)...
[M::mem_pestat] # candidate unique pairs for (FF, FR, RF, RR): (720, 756325, 25, 685)
[M::mem_pestat] analyzing insert size distribution for orientation FF...
[M::mem_pestat] (25, 50, 75) percentile: (51, 87, 125)
[M::mem_pestat] low and high boundaries for computing mean and std.dev: (1, 273)
[M::mem_pestat] mean and std.dev: (96.17, 54.82)
[M::mem_pestat] low and high boundaries for proper pairs: (1, 347)
[M::mem_pestat] analyzing insert size distribution for orientation FR...
[M::mem_pestat] (25, 50, 75) percentile: (74, 94, 122)
[M::mem_pestat] low and high boundaries for computing mean and std.dev: (1, 218)
[M::mem_pestat] mean and std.dev: (99.55, 35.12)
[M::mem_pestat] low and high boundaries for proper pairs: (1, 266)
[M::mem_pestat] analyzing insert size distribution for orientation RF...
[M::mem_pestat] (25, 50, 75) percentile: (116, 144, 355)
[M::mem_pestat] low and high boundaries for computing mean and std.dev: (1, 833)
[M::mem_pestat] mean and std.dev: (182.74, 129.84)
[M::mem_pestat] low and high boundaries for proper pairs: (1, 1072)
[M::mem_pestat] analyzing insert size distribution for orientation RR...
[M::mem_pestat] (25, 50, 75) percentile: (66, 92, 131)
[M::mem_pestat] low and high boundaries for computing mean and std.dev: (1, 261)
[M::mem_pestat] mean and std.dev: (99.20, 50.54)
[M::mem_pestat] low and high boundaries for proper pairs: (1, 326)
[M::mem_pestat] skip orientation FF
[M::mem_pestat] skip orientation RF
[M::mem_pestat] skip orientation RR
[M::mem_process_seqs] Processed 1979146 reads in 894.936 CPU sec, 46.745 real sec
[M::process] read 1985494 sequences (200000080 bp)...
[M::mem_pestat] # candidate unique pairs for (FF, FR, RF, RR): (760, 756395, 22, 737)
[M::mem_pestat] analyzing insert size distribution for orientation FF...
[M::mem_pestat] (25, 50, 75) percentile: (59, 88, 125)
[M::mem_pestat] low and high boundaries for computing mean and std.dev: (1, 257)
[M::mem_pestat] mean and std.dev: (96.62, 51.08)
[M::mem_pestat] low and high boundaries for proper pairs: (1, 323)
[M::mem_pestat] analyzing insert size distribution for orientation FR...
[M::mem_pestat] (25, 50, 75) percentile: (74, 94, 122)
[M::mem_pestat] low and high boundaries for computing mean and std.dev: (1, 218)
[M::mem_pestat] mean and std.dev: (99.50, 35.14)
[M::mem_pestat] low and high boundaries for proper pairs: (1, 266)
[M::mem_pestat] analyzing insert size distribution for orientation RF...
[M::mem_pestat] (25, 50, 75) percentile: (81, 146, 181)
[M::mem_pestat] low and high boundaries for computing mean and std.dev: (1, 381)
[M::mem_pestat] mean and std.dev: (116.39, 49.82)
[M::mem_pestat] low and high boundaries for proper pairs: (1, 481)
[M::mem_pestat] analyzing insert size distribution for orientation RR...
[M::mem_pestat] (25, 50, 75) percentile: (65, 86, 124)
[M::mem_pestat] low and high boundaries for computing mean and std.dev: (1, 242)
[M::mem_pestat] mean and std.dev: (92.90, 45.86)
[M::mem_pestat] low and high boundaries for proper pairs: (1, 301)
[M::mem_pestat] skip orientation FF
[M::mem_pestat] skip orientation RF
[M::mem_pestat] skip orientation RR
[M::mem_process_seqs] Processed 1981612 reads in 897.868 CPU sec, 46.011 real sec
[M::process] read 1983756 sequences (200000051 bp)...
[M::mem_pestat] # candidate unique pairs for (FF, FR, RF, RR): (818, 757731, 15, 726)
[M::mem_pestat] analyzing insert size distribution for orientation FF...
[M::mem_pestat] (25, 50, 75) percentile: (65, 85, 117)
[M::mem_pestat] low and high boundaries for computing mean and std.dev: (1, 221)
[M::mem_pestat] mean and std.dev: (89.01, 41.43)
[M::mem_pestat] low and high boundaries for proper pairs: (1, 273)
[M::mem_pestat] analyzing insert size distribution for orientation FR...
[M::mem_pestat] (25, 50, 75) percentile: (74, 94, 121)
[M::mem_pestat] low and high boundaries for computing mean and std.dev: (1, 215)
[M::mem_pestat] mean and std.dev: (99.07, 34.74)
[M::mem_pestat] low and high boundaries for proper pairs: (1, 262)
[M::mem_pestat] analyzing insert size distribution for orientation RF...
[M::mem_pestat] (25, 50, 75) percentile: (127, 135, 157)
[M::mem_pestat] low and high boundaries for computing mean and std.dev: (67, 217)
[M::mem_pestat] mean and std.dev: (141.00, 32.82)
[M::mem_pestat] low and high boundaries for proper pairs: (10, 272)
[M::mem_pestat] analyzing insert size distribution for orientation RR...
[M::mem_pestat] (25, 50, 75) percentile: (63, 86, 124)
[M::mem_pestat] low and high boundaries for computing mean and std.dev: (1, 246)
[M::mem_pestat] mean and std.dev: (94.98, 48.03)
[M::mem_pestat] low and high boundaries for proper pairs: (1, 307)
[M::mem_pestat] skip orientation FF
[M::mem_pestat] skip orientation RF
[M::mem_pestat] skip orientation RR
[M::mem_process_seqs] Processed 1985494 reads in 908.485 CPU sec, 47.463 real sec
[M::process] read 1983706 sequences (200000100 bp)...
[M::mem_pestat] # candidate unique pairs for (FF, FR, RF, RR): (738, 756855, 23, 773)
[M::mem_pestat] analyzing insert size distribution for orientation FF...
[M::mem_pestat] (25, 50, 75) percentile: (64, 90, 121)
[M::mem_pestat] low and high boundaries for computing mean and std.dev: (1, 235)
[M::mem_pestat] mean and std.dev: (93.73, 45.73)
[M::mem_pestat] low and high boundaries for proper pairs: (1, 292)
[M::mem_pestat] analyzing insert size distribution for orientation FR...
[M::mem_pestat] (25, 50, 75) percentile: (74, 94, 122)
[M::mem_pestat] low and high boundaries for computing mean and std.dev: (1, 218)
[M::mem_pestat] mean and std.dev: (99.35, 35.00)
[M::mem_pestat] low and high boundaries for proper pairs: (1, 266)
[M::mem_pestat] analyzing insert size distribution for orientation RF...
[M::mem_pestat] (25, 50, 75) percentile: (111, 162, 4649)
[M::mem_pestat] low and high boundaries for computing mean and std.dev: (1, 13725)
[M::mem_pestat] mean and std.dev: (1500.74, 2088.47)
[M::mem_pestat] low and high boundaries for proper pairs: (1, 18263)
[M::mem_pestat] analyzing insert size distribution for orientation RR...
[M::mem_pestat] (25, 50, 75) percentile: (60, 89, 133)
[M::mem_pestat] low and high boundaries for computing mean and std.dev: (1, 279)
[M::mem_pestat] mean and std.dev: (100.80, 55.31)
[M::mem_pestat] low and high boundaries for proper pairs: (1, 352)
[M::mem_pestat] skip orientation FF
[M::mem_pestat] skip orientation RF
[M::mem_pestat] skip orientation RR
[M::mem_process_seqs] Processed 1983756 reads in 894.572 CPU sec, 47.550 real sec
[M::process] read 1983436 sequences (200000271 bp)...
[M::mem_pestat] # candidate unique pairs for (FF, FR, RF, RR): (723, 757711, 27, 753)
[M::mem_pestat] analyzing insert size distribution for orientation FF...
[M::mem_pestat] (25, 50, 75) percentile: (71, 90, 136)
[M::mem_pestat] low and high boundaries for computing mean and std.dev: (1, 266)
[M::mem_pestat] mean and std.dev: (102.74, 54.59)
[M::mem_pestat] low and high boundaries for proper pairs: (1, 331)
[M::mem_pestat] analyzing insert size distribution for orientation FR...
[M::mem_pestat] (25, 50, 75) percentile: (74, 94, 122)
[M::mem_pestat] low and high boundaries for computing mean and std.dev: (1, 218)
[M::mem_pestat] mean and std.dev: (99.33, 35.02)
[M::mem_pestat] low and high boundaries for proper pairs: (1, 266)
[M::mem_pestat] analyzing insert size distribution for orientation RF...
[M::mem_pestat] (25, 50, 75) percentile: (86, 133, 191)
[M::mem_pestat] low and high boundaries for computing mean and std.dev: (1, 401)
[M::mem_pestat] mean and std.dev: (123.00, 74.33)
[M::mem_pestat] low and high boundaries for proper pairs: (1, 506)
[M::mem_pestat] analyzing insert size distribution for orientation RR...
[M::mem_pestat] (25, 50, 75) percentile: (68, 91, 125)
[M::mem_pestat] low and high boundaries for computing mean and std.dev: (1, 239)
[M::mem_pestat] mean and std.dev: (95.40, 46.80)
[M::mem_pestat] low and high boundaries for proper pairs: (1, 296)
[M::mem_pestat] skip orientation FF
[M::mem_pestat] skip orientation RF
[M::mem_pestat] skip orientation RR
[M::mem_process_seqs] Processed 1983706 reads in 898.505 CPU sec, 48.554 real sec
[M::process] read 1983910 sequences (200000196 bp)...
[M::mem_pestat] # candidate unique pairs for (FF, FR, RF, RR): (708, 757811, 21, 719)
[M::mem_pestat] analyzing insert size distribution for orientation FF...
[M::mem_pestat] (25, 50, 75) percentile: (59, 92, 123)
[M::mem_pestat] low and high boundaries for computing mean and std.dev: (1, 251)
[M::mem_pestat] mean and std.dev: (94.72, 47.01)
[M::mem_pestat] low and high boundaries for proper pairs: (1, 315)
[M::mem_pestat] analyzing insert size distribution for orientation FR...
[M::mem_pestat] (25, 50, 75) percentile: (74, 94, 122)
[M::mem_pestat] low and high boundaries for computing mean and std.dev: (1, 218)
[M::mem_pestat] mean and std.dev: (99.34, 35.08)
[M::mem_pestat] low and high boundaries for proper pairs: (1, 266)
[M::mem_pestat] analyzing insert size distribution for orientation RF...
[M::mem_pestat] (25, 50, 75) percentile: (101, 125, 178)
[M::mem_pestat] low and high boundaries for computing mean and std.dev: (1, 332)
[M::mem_pestat] mean and std.dev: (122.40, 54.44)
[M::mem_pestat] low and high boundaries for proper pairs: (1, 409)
[M::mem_pestat] analyzing insert size distribution for orientation RR...
[M::mem_pestat] (25, 50, 75) percentile: (59, 87, 124)
[M::mem_pestat] low and high boundaries for computing mean and std.dev: (1, 254)
[M::mem_pestat] mean and std.dev: (94.64, 50.95)
[M::mem_pestat] low and high boundaries for proper pairs: (1, 319)
[M::mem_pestat] skip orientation FF
[M::mem_pestat] skip orientation RF
[M::mem_pestat] skip orientation RR
[M::mem_process_seqs] Processed 1983436 reads in 899.824 CPU sec, 46.900 real sec
[M::process] read 1984518 sequences (200000028 bp)...
[M::mem_pestat] # candidate unique pairs for (FF, FR, RF, RR): (748, 757447, 16, 732)
[M::mem_pestat] analyzing insert size distribution for orientation FF...
[M::mem_pestat] (25, 50, 75) percentile: (59, 89, 127)
[M::mem_pestat] low and high boundaries for computing mean and std.dev: (1, 263)
[M::mem_pestat] mean and std.dev: (95.96, 50.49)
[M::mem_pestat] low and high boundaries for proper pairs: (1, 331)
[M::mem_pestat] analyzing insert size distribution for orientation FR...
[M::mem_pestat] (25, 50, 75) percentile: (74, 94, 122)
[M::mem_pestat] low and high boundaries for computing mean and std.dev: (1, 218)
[M::mem_pestat] mean and std.dev: (99.33, 35.06)
[M::mem_pestat] low and high boundaries for proper pairs: (1, 266)
[M::mem_pestat] analyzing insert size distribution for orientation RF...
[M::mem_pestat] (25, 50, 75) percentile: (111, 160, 183)
[M::mem_pestat] low and high boundaries for computing mean and std.dev: (1, 327)
[M::mem_pestat] mean and std.dev: (144.53, 48.39)
[M::mem_pestat] low and high boundaries for proper pairs: (1, 399)
[M::mem_pestat] analyzing insert size distribution for orientation RR...
[M::mem_pestat] (25, 50, 75) percentile: (66, 90, 133)
[M::mem_pestat] low and high boundaries for computing mean and std.dev: (1, 267)
[M::mem_pestat] mean and std.dev: (101.12, 53.73)
[M::mem_pestat] low and high boundaries for proper pairs: (1, 334)
[M::mem_pestat] skip orientation FF
[M::mem_pestat] skip orientation RF
[M::mem_pestat] skip orientation RR
[M::mem_process_seqs] Processed 1983910 reads in 902.675 CPU sec, 46.054 real sec
[M::process] read 1984948 sequences (200000273 bp)...
[M::mem_pestat] # candidate unique pairs for (FF, FR, RF, RR): (675, 758137, 23, 769)
[M::mem_pestat] analyzing insert size distribution for orientation FF...
[M::mem_pestat] (25, 50, 75) percentile: (57, 90, 129)
[M::mem_pestat] low and high boundaries for computing mean and std.dev: (1, 273)
[M::mem_pestat] mean and std.dev: (98.02, 53.15)
[M::mem_pestat] low and high boundaries for proper pairs: (1, 345)
[M::mem_pestat] analyzing insert size distribution for orientation FR...
[M::mem_pestat] (25, 50, 75) percentile: (74, 94, 122)
[M::mem_pestat] low and high boundaries for computing mean and std.dev: (1, 218)
[M::mem_pestat] mean and std.dev: (99.27, 35.09)
[M::mem_pestat] low and high boundaries for proper pairs: (1, 266)
[M::mem_pestat] analyzing insert size distribution for orientation RF...
[M::mem_pestat] (25, 50, 75) percentile: (106, 152, 172)
[M::mem_pestat] low and high boundaries for computing mean and std.dev: (1, 304)
[M::mem_pestat] mean and std.dev: (120.63, 48.88)
[M::mem_pestat] low and high boundaries for proper pairs: (1, 370)
[M::mem_pestat] analyzing insert size distribution for orientation RR...
[M::mem_pestat] (25, 50, 75) percentile: (60, 88, 127)
[M::mem_pestat] low and high boundaries for computing mean and std.dev: (1, 261)
[M::mem_pestat] mean and std.dev: (95.82, 50.29)
[M::mem_pestat] low and high boundaries for proper pairs: (1, 328)
[M::mem_pestat] skip orientation FF
[M::mem_pestat] skip orientation RF
[M::mem_pestat] skip orientation RR
[M::mem_process_seqs] Processed 1984518 reads in 898.946 CPU sec, 47.366 real sec
[M::process] read 834320 sequences (84125728 bp)...
[M::mem_pestat] # candidate unique pairs for (FF, FR, RF, RR): (746, 758379, 22, 697)
[M::mem_pestat] analyzing insert size distribution for orientation FF...
[M::mem_pestat] (25, 50, 75) percentile: (59, 89, 131)
[M::mem_pestat] low and high boundaries for computing mean and std.dev: (1, 275)
[M::mem_pestat] mean and std.dev: (99.51, 54.60)
[M::mem_pestat] low and high boundaries for proper pairs: (1, 347)
[M::mem_pestat] analyzing insert size distribution for orientation FR...
[M::mem_pestat] (25, 50, 75) percentile: (74, 94, 122)
[M::mem_pestat] low and high boundaries for computing mean and std.dev: (1, 218)
[M::mem_pestat] mean and std.dev: (99.26, 35.07)
[M::mem_pestat] low and high boundaries for proper pairs: (1, 266)
[M::mem_pestat] analyzing insert size distribution for orientation RF...
[M::mem_pestat] (25, 50, 75) percentile: (104, 157, 182)
[M::mem_pestat] low and high boundaries for computing mean and std.dev: (1, 338)
[M::mem_pestat] mean and std.dev: (134.90, 42.30)
[M::mem_pestat] low and high boundaries for proper pairs: (1, 416)
[M::mem_pestat] analyzing insert size distribution for orientation RR...
[M::mem_pestat] (25, 50, 75) percentile: (50, 85, 121)
[M::mem_pestat] low and high boundaries for computing mean and std.dev: (1, 263)
[M::mem_pestat] mean and std.dev: (90.82, 49.23)
[M::mem_pestat] low and high boundaries for proper pairs: (1, 334)
[M::mem_pestat] skip orientation FF
[M::mem_pestat] skip orientation RF
[M::mem_pestat] skip orientation RR
[M::mem_process_seqs] Processed 1984948 reads in 893.733 CPU sec, 45.644 real sec
[M::mem_pestat] # candidate unique pairs for (FF, FR, RF, RR): (347, 318926, 11, 255)
[M::mem_pestat] analyzing insert size distribution for orientation FF...
[M::mem_pestat] (25, 50, 75) percentile: (71, 92, 128)
[M::mem_pestat] low and high boundaries for computing mean and std.dev: (1, 242)
[M::mem_pestat] mean and std.dev: (99.88, 49.13)
[M::mem_pestat] low and high boundaries for proper pairs: (1, 299)
[M::mem_pestat] analyzing insert size distribution for orientation FR...
[M::mem_pestat] (25, 50, 75) percentile: (74, 94, 122)
[M::mem_pestat] low and high boundaries for computing mean and std.dev: (1, 218)
[M::mem_pestat] mean and std.dev: (99.34, 35.15)
[M::mem_pestat] low and high boundaries for proper pairs: (1, 266)
[M::mem_pestat] analyzing insert size distribution for orientation RF...
[M::mem_pestat] (25, 50, 75) percentile: (109, 153, 3341)
[M::mem_pestat] low and high boundaries for computing mean and std.dev: (1, 9805)
[M::mem_pestat] mean and std.dev: (1601.09, 2660.25)
[M::mem_pestat] low and high boundaries for proper pairs: (1, 13037)
[M::mem_pestat] analyzing insert size distribution for orientation RR...
[M::mem_pestat] (25, 50, 75) percentile: (59, 89, 128)
[M::mem_pestat] low and high boundaries for computing mean and std.dev: (1, 266)
[M::mem_pestat] mean and std.dev: (94.74, 47.20)
[M::mem_pestat] low and high boundaries for proper pairs: (1, 335)
[M::mem_pestat] skip orientation FF
[M::mem_pestat] skip orientation RF
[M::mem_pestat] skip orientation RR
[M::mem_process_seqs] Processed 834320 reads in 378.718 CPU sec, 19.577 real sec
[main] Version: 0.7.17-r1188
[main] CMD: bwa mem -t 20 resources/genome/hg38.fa.gz results/Batch_01/filtered/DNA_B03_19_S18_L001.filtered.R1.fastq.gz results/Batch_01/filtered/DNA_B03_19_S18_L001.filtered.R2.fastq.gz
[main] Real time: 731.513 sec; CPU: 13355.339 sec
[bam_sort_core] merging from 11 files and 1 in-memory blocks...
[Fri Apr 15 14:03:38 2022]
Finished job 0.
1 of 1 steps (100%) done
