The flag 'directory' used in rule SS_checkm_analysis is only valid for outputs, not inputs.
The flag 'directory' used in rule SS_checkm_plots is only valid for outputs, not inputs.
The flag 'directory' used in rule SS_checkm_plots is only valid for outputs, not inputs.
Building DAG of jobs...
Using shell: /usr/bin/bash
Provided cores: 20
Rules claiming more threads will be scaled down.
Select jobs to execute...

[Tue May 10 13:06:28 2022]
rule bwa_map:
    input: results/fastp_out/DNA_B04_41_R1/DNA_B04_41_R1.fastp.r1.fastq.gz, results/fastp_out/DNA_B04_41_R1/DNA_B04_41_R1.fastp.r2.fastq.gz, resources/genome/hg38.fa.gz.ann, resources/genome/hg38.fa.gz
    output: results/bwa_out/DNA_B04_41_R1/DNA_B04_41_R1.fastp_bwa.r1.fastq, results/bwa_out/DNA_B04_41_R1/DNA_B04_41_R1.fastp_bwa.r2.fastq
    jobid: 0
    wildcards: sample=DNA_B04_41_R1
    threads: 20
    resources: mem_mb=3298, disk_mb=3298, tmpdir=/tmp, account=b1042, partition=genomics, nodes=1, mem=15G, time=08:00:00


        module purge all
        module load bwa/0.7.17
        module load samtools/1.10.1
        module load bedtools/2.29.2
        bwa mem -t 20 resources/genome/hg38.fa.gz results/fastp_out/DNA_B04_41_R1/DNA_B04_41_R1.fastp.r1.fastq.gz results/fastp_out/DNA_B04_41_R1/DNA_B04_41_R1.fastp.r2.fastq.gz > results/bwa_out/DNA_B04_41_R1/DNA_B04_41_R1.mapped.sam
        samtools view -Subh -o results/bwa_out/DNA_B04_41_R1/DNA_B04_41_R1.mapped.bam results/bwa_out/DNA_B04_41_R1/DNA_B04_41_R1.mapped.sam
        samtools sort -o results/bwa_out/DNA_B04_41_R1/DNA_B04_41_R1.mapped.sorted.bam results/bwa_out/DNA_B04_41_R1/DNA_B04_41_R1.mapped.bam

        samtools view -b -f 12 -F 256 -o results/bwa_out/DNA_B04_41_R1/DNA_B04_41_R1.unmapped.bam results/bwa_out/DNA_B04_41_R1/DNA_B04_41_R1.mapped.sorted.bam
        bedtools bamtofastq -i results/bwa_out/DNA_B04_41_R1/DNA_B04_41_R1.unmapped.bam -fq results/bwa_out/DNA_B04_41_R1/DNA_B04_41_R1.fastp_bwa.r1.fastq -fq2 results/bwa_out/DNA_B04_41_R1/DNA_B04_41_R1.fastp_bwa.r2.fastq
        
[M::bwa_idx_load_from_disk] read 0 ALT contigs
[M::process] read 1869174 sequences (200000230 bp)...
[M::process] read 1859338 sequences (200000134 bp)...
[M::mem_pestat] # candidate unique pairs for (FF, FR, RF, RR): (2863, 305361, 21, 2782)
[M::mem_pestat] analyzing insert size distribution for orientation FF...
[M::mem_pestat] (25, 50, 75) percentile: (75, 102, 156)
[M::mem_pestat] low and high boundaries for computing mean and std.dev: (1, 318)
[M::mem_pestat] mean and std.dev: (112.40, 60.28)
[M::mem_pestat] low and high boundaries for proper pairs: (1, 399)
[M::mem_pestat] analyzing insert size distribution for orientation FR...
[M::mem_pestat] (25, 50, 75) percentile: (61, 81, 114)
[M::mem_pestat] low and high boundaries for computing mean and std.dev: (1, 220)
[M::mem_pestat] mean and std.dev: (88.43, 38.82)
[M::mem_pestat] low and high boundaries for proper pairs: (1, 273)
[M::mem_pestat] analyzing insert size distribution for orientation RF...
[M::mem_pestat] (25, 50, 75) percentile: (76, 145, 442)
[M::mem_pestat] low and high boundaries for computing mean and std.dev: (1, 1174)
[M::mem_pestat] mean and std.dev: (223.33, 188.43)
[M::mem_pestat] low and high boundaries for proper pairs: (1, 1540)
[M::mem_pestat] analyzing insert size distribution for orientation RR...
[M::mem_pestat] (25, 50, 75) percentile: (73, 101, 151)
[M::mem_pestat] low and high boundaries for computing mean and std.dev: (1, 307)
[M::mem_pestat] mean and std.dev: (110.47, 60.44)
[M::mem_pestat] low and high boundaries for proper pairs: (1, 385)
[M::mem_pestat] skip orientation FF
[M::mem_pestat] skip orientation RF
[M::mem_pestat] skip orientation RR
[M::mem_process_seqs] Processed 1869174 reads in 554.650 CPU sec, 36.516 real sec
[M::process] read 1860174 sequences (200000039 bp)...
[M::mem_pestat] # candidate unique pairs for (FF, FR, RF, RR): (2598, 302945, 23, 2595)
[M::mem_pestat] analyzing insert size distribution for orientation FF...
[M::mem_pestat] (25, 50, 75) percentile: (78, 110, 165)
[M::mem_pestat] low and high boundaries for computing mean and std.dev: (1, 339)
[M::mem_pestat] mean and std.dev: (119.92, 65.32)
[M::mem_pestat] low and high boundaries for proper pairs: (1, 426)
[M::mem_pestat] analyzing insert size distribution for orientation FR...
[M::mem_pestat] (25, 50, 75) percentile: (61, 82, 115)
[M::mem_pestat] low and high boundaries for computing mean and std.dev: (1, 223)
[M::mem_pestat] mean and std.dev: (89.13, 39.25)
[M::mem_pestat] low and high boundaries for proper pairs: (1, 277)
[M::mem_pestat] analyzing insert size distribution for orientation RF...
[M::mem_pestat] (25, 50, 75) percentile: (67, 130, 200)
[M::mem_pestat] low and high boundaries for computing mean and std.dev: (1, 466)
[M::mem_pestat] mean and std.dev: (151.23, 117.19)
[M::mem_pestat] low and high boundaries for proper pairs: (1, 620)
[M::mem_pestat] analyzing insert size distribution for orientation RR...
[M::mem_pestat] (25, 50, 75) percentile: (77, 104, 161)
[M::mem_pestat] low and high boundaries for computing mean and std.dev: (1, 329)
[M::mem_pestat] mean and std.dev: (115.59, 62.58)
[M::mem_pestat] low and high boundaries for proper pairs: (1, 413)
[M::mem_pestat] skip orientation FF
[M::mem_pestat] skip orientation RF
[M::mem_pestat] skip orientation RR
[M::mem_process_seqs] Processed 1859338 reads in 537.440 CPU sec, 28.611 real sec
[M::process] read 1874950 sequences (200000112 bp)...
[M::mem_pestat] # candidate unique pairs for (FF, FR, RF, RR): (2423, 303400, 17, 2470)
[M::mem_pestat] analyzing insert size distribution for orientation FF...
[M::mem_pestat] (25, 50, 75) percentile: (78, 109, 162)
[M::mem_pestat] low and high boundaries for computing mean and std.dev: (1, 330)
[M::mem_pestat] mean and std.dev: (118.28, 63.39)
[M::mem_pestat] low and high boundaries for proper pairs: (1, 414)
[M::mem_pestat] analyzing insert size distribution for orientation FR...
[M::mem_pestat] (25, 50, 75) percentile: (61, 82, 115)
[M::mem_pestat] low and high boundaries for computing mean and std.dev: (1, 223)
[M::mem_pestat] mean and std.dev: (89.18, 39.23)
[M::mem_pestat] low and high boundaries for proper pairs: (1, 277)
[M::mem_pestat] analyzing insert size distribution for orientation RF...
[M::mem_pestat] (25, 50, 75) percentile: (73, 128, 395)
[M::mem_pestat] low and high boundaries for computing mean and std.dev: (1, 1039)
[M::mem_pestat] mean and std.dev: (159.67, 125.14)
[M::mem_pestat] low and high boundaries for proper pairs: (1, 1361)
[M::mem_pestat] analyzing insert size distribution for orientation RR...
[M::mem_pestat] (25, 50, 75) percentile: (76, 106, 155)
[M::mem_pestat] low and high boundaries for computing mean and std.dev: (1, 313)
[M::mem_pestat] mean and std.dev: (114.25, 59.64)
[M::mem_pestat] low and high boundaries for proper pairs: (1, 392)
[M::mem_pestat] skip orientation FF
[M::mem_pestat] skip orientation RF
[M::mem_pestat] skip orientation RR
[M::mem_process_seqs] Processed 1860174 reads in 539.233 CPU sec, 28.375 real sec
[M::process] read 1877164 sequences (200000015 bp)...
[M::mem_pestat] # candidate unique pairs for (FF, FR, RF, RR): (2561, 307639, 20, 2488)
[M::mem_pestat] analyzing insert size distribution for orientation FF...
[M::mem_pestat] (25, 50, 75) percentile: (76, 103, 152)
[M::mem_pestat] low and high boundaries for computing mean and std.dev: (1, 304)
[M::mem_pestat] mean and std.dev: (110.30, 56.89)
[M::mem_pestat] low and high boundaries for proper pairs: (1, 380)
[M::mem_pestat] analyzing insert size distribution for orientation FR...
[M::mem_pestat] (25, 50, 75) percentile: (61, 81, 114)
[M::mem_pestat] low and high boundaries for computing mean and std.dev: (1, 220)
[M::mem_pestat] mean and std.dev: (88.28, 38.62)
[M::mem_pestat] low and high boundaries for proper pairs: (1, 273)
[M::mem_pestat] analyzing insert size distribution for orientation RF...
[M::mem_pestat] (25, 50, 75) percentile: (57, 150, 375)
[M::mem_pestat] low and high boundaries for computing mean and std.dev: (1, 1011)
[M::mem_pestat] mean and std.dev: (169.00, 137.26)
[M::mem_pestat] low and high boundaries for proper pairs: (1, 1329)
[M::mem_pestat] analyzing insert size distribution for orientation RR...
[M::mem_pestat] (25, 50, 75) percentile: (73, 101, 155)
[M::mem_pestat] low and high boundaries for computing mean and std.dev: (1, 319)
[M::mem_pestat] mean and std.dev: (110.35, 61.14)
[M::mem_pestat] low and high boundaries for proper pairs: (1, 401)
[M::mem_pestat] skip orientation FF
[M::mem_pestat] skip orientation RF
[M::mem_pestat] skip orientation RR
[M::mem_process_seqs] Processed 1874950 reads in 538.097 CPU sec, 27.615 real sec
[M::process] read 1868888 sequences (200000185 bp)...
[M::mem_pestat] # candidate unique pairs for (FF, FR, RF, RR): (2578, 308652, 26, 2494)
[M::mem_pestat] analyzing insert size distribution for orientation FF...
[M::mem_pestat] (25, 50, 75) percentile: (76, 103, 150)
[M::mem_pestat] low and high boundaries for computing mean and std.dev: (1, 298)
[M::mem_pestat] mean and std.dev: (109.55, 56.73)
[M::mem_pestat] low and high boundaries for proper pairs: (1, 372)
[M::mem_pestat] analyzing insert size distribution for orientation FR...
[M::mem_pestat] (25, 50, 75) percentile: (61, 81, 113)
[M::mem_pestat] low and high boundaries for computing mean and std.dev: (1, 217)
[M::mem_pestat] mean and std.dev: (87.91, 38.13)
[M::mem_pestat] low and high boundaries for proper pairs: (1, 269)
[M::mem_pestat] analyzing insert size distribution for orientation RF...
[M::mem_pestat] (25, 50, 75) percentile: (78, 161, 168)
[M::mem_pestat] low and high boundaries for computing mean and std.dev: (1, 348)
[M::mem_pestat] mean and std.dev: (123.67, 64.65)
[M::mem_pestat] low and high boundaries for proper pairs: (1, 438)
[M::mem_pestat] analyzing insert size distribution for orientation RR...
[M::mem_pestat] (25, 50, 75) percentile: (74, 103, 156)
[M::mem_pestat] low and high boundaries for computing mean and std.dev: (1, 320)
[M::mem_pestat] mean and std.dev: (114.33, 63.89)
[M::mem_pestat] low and high boundaries for proper pairs: (1, 402)
[M::mem_pestat] skip orientation FF
[M::mem_pestat] skip orientation RF
[M::mem_pestat] skip orientation RR
[M::mem_process_seqs] Processed 1877164 reads in 539.380 CPU sec, 28.808 real sec
[M::process] read 1705824 sequences (182937080 bp)...
[M::mem_pestat] # candidate unique pairs for (FF, FR, RF, RR): (2605, 306884, 30, 2408)
[M::mem_pestat] analyzing insert size distribution for orientation FF...
[M::mem_pestat] (25, 50, 75) percentile: (76, 105, 153)
[M::mem_pestat] low and high boundaries for computing mean and std.dev: (1, 307)
[M::mem_pestat] mean and std.dev: (113.24, 58.86)
[M::mem_pestat] low and high boundaries for proper pairs: (1, 384)
[M::mem_pestat] analyzing insert size distribution for orientation FR...
[M::mem_pestat] (25, 50, 75) percentile: (61, 82, 114)
[M::mem_pestat] low and high boundaries for computing mean and std.dev: (1, 220)
[M::mem_pestat] mean and std.dev: (88.51, 38.62)
[M::mem_pestat] low and high boundaries for proper pairs: (1, 273)
[M::mem_pestat] analyzing insert size distribution for orientation RF...
[M::mem_pestat] (25, 50, 75) percentile: (78, 141, 181)
[M::mem_pestat] low and high boundaries for computing mean and std.dev: (1, 387)
[M::mem_pestat] mean and std.dev: (117.50, 78.36)
[M::mem_pestat] low and high boundaries for proper pairs: (1, 490)
[M::mem_pestat] analyzing insert size distribution for orientation RR...
[M::mem_pestat] (25, 50, 75) percentile: (77, 105, 166)
[M::mem_pestat] low and high boundaries for computing mean and std.dev: (1, 344)
[M::mem_pestat] mean and std.dev: (119.30, 67.08)
[M::mem_pestat] low and high boundaries for proper pairs: (1, 433)
[M::mem_pestat] skip orientation FF
[M::mem_pestat] skip orientation RF
[M::mem_pestat] skip orientation RR
[M::mem_process_seqs] Processed 1868888 reads in 532.829 CPU sec, 27.894 real sec
[M::mem_pestat] # candidate unique pairs for (FF, FR, RF, RR): (2279, 279059, 23, 2375)
[M::mem_pestat] analyzing insert size distribution for orientation FF...
[M::mem_pestat] (25, 50, 75) percentile: (77, 104, 158)
[M::mem_pestat] low and high boundaries for computing mean and std.dev: (1, 320)
[M::mem_pestat] mean and std.dev: (113.19, 59.46)
[M::mem_pestat] low and high boundaries for proper pairs: (1, 401)
[M::mem_pestat] analyzing insert size distribution for orientation FR...
[M::mem_pestat] (25, 50, 75) percentile: (61, 82, 115)
[M::mem_pestat] low and high boundaries for computing mean and std.dev: (1, 223)
[M::mem_pestat] mean and std.dev: (88.92, 39.01)
[M::mem_pestat] low and high boundaries for proper pairs: (1, 277)
[M::mem_pestat] analyzing insert size distribution for orientation RF...
[M::mem_pestat] (25, 50, 75) percentile: (94, 146, 243)
[M::mem_pestat] low and high boundaries for computing mean and std.dev: (1, 541)
[M::mem_pestat] mean and std.dev: (163.87, 99.75)
[M::mem_pestat] low and high boundaries for proper pairs: (1, 690)
[M::mem_pestat] analyzing insert size distribution for orientation RR...
[M::mem_pestat] (25, 50, 75) percentile: (75, 105, 157)
[M::mem_pestat] low and high boundaries for computing mean and std.dev: (1, 321)
[M::mem_pestat] mean and std.dev: (114.53, 62.98)
[M::mem_pestat] low and high boundaries for proper pairs: (1, 403)
[M::mem_pestat] skip orientation FF
[M::mem_pestat] skip orientation RF
[M::mem_pestat] skip orientation RR
[M::mem_process_seqs] Processed 1705824 reads in 486.483 CPU sec, 24.943 real sec
[main] Version: 0.7.17-r1188
[main] CMD: bwa mem -t 20 resources/genome/hg38.fa.gz results/fastp_out/DNA_B04_41_R1/DNA_B04_41_R1.fastp.r1.fastq.gz results/fastp_out/DNA_B04_41_R1/DNA_B04_41_R1.fastp.r2.fastq.gz
[main] Real time: 210.013 sec; CPU: 3734.320 sec
[bam_sort_core] merging from 5 files and 1 in-memory blocks...
[Tue May 10 13:14:08 2022]
Finished job 0.
1 of 1 steps (100%) done
Pipeline set to use the following assmbler(s): ['megahit', 'spades']
                      sample  ...                              reverse_read
sample                        ...                                          
DNA_B02_15        DNA_B02_15  ...  data/DNA_B02_15_S41_L002_R2_001.fastq.gz
DNA_B01_21        DNA_B01_21  ...  data/DNA_B01_21_S19_L001_R2_001.fastq.gz
DNA_B01_27        DNA_B01_27  ...  data/DNA_B01_27_S25_L001_R2_001.fastq.gz
DNA_B03_19        DNA_B03_19  ...  data/DNA_B03_19_S18_L001_R2_001.fastq.gz
DNA_B01_04        DNA_B01_04  ...   data/DNA_B01_04_S4_L001_R2_001.fastq.gz
DNA_B02_23        DNA_B02_23  ...  data/DNA_B02_23_S47_L002_R2_001.fastq.gz
DNA_B02_02        DNA_B02_02  ...  data/DNA_B02_02_S31_L002_R2_001.fastq.gz
DNA_B04_41_R1  DNA_B04_41_R1  ...               data/DNA_B04_41_R2.fastq.gz
DNA_B01_02        DNA_B01_02  ...   data/DNA_B01_02_S2_L001_R2_001.fastq.gz
DNA_B04_32_R1  DNA_B04_32_R1  ...               data/DNA_B04_32_R2.fastq.gz
DNA_B01_03        DNA_B01_03  ...   data/DNA_B01_03_S3_L001_R2_001.fastq.gz
DNA_B01_01        DNA_B01_01  ...   data/DNA_B01_01_S1_L001_R2_001.fastq.gz
DNA_B02_24        DNA_B02_24  ...  data/DNA_B02_24_S48_L002_R2_001.fastq.gz
DNA_B03_15        DNA_B03_15  ...  data/DNA_B03_15_S14_L001_R2_001.fastq.gz

[14 rows x 4 columns]
