The flag 'directory' used in rule SS_checkm_analysis is only valid for outputs, not inputs.
The flag 'directory' used in rule SS_checkm_plots is only valid for outputs, not inputs.
The flag 'directory' used in rule SS_checkm_plots is only valid for outputs, not inputs.
Building DAG of jobs...
Using shell: /usr/bin/bash
Provided cores: 20
Rules claiming more threads will be scaled down.
Select jobs to execute...

[Fri Apr 15 13:46:16 2022]
rule bwa_map:
    input: results/Batch_01/filtered/DNA_B01_21_S19_L001.filtered.R1.fastq.gz, results/Batch_01/filtered/DNA_B01_21_S19_L001.filtered.R2.fastq.gz, resources/genome/hg38.fa.gz.ann, resources/genome/hg38.fa.gz
    output: results/Batch_01/bwa/DNA_B01_21_S19_L001.clean.R1.fastq, results/Batch_01/bwa/DNA_B01_21_S19_L001.clean.R2.fastq
    jobid: 0
    wildcards: dataset=Batch_01, sample=DNA_B01_21_S19_L001
    threads: 20
    resources: mem_mb=5908, disk_mb=5908, tmpdir=/tmp, account=b1042, partition=genomics, nodes=1, mem=50G, time=08:00:00


        module purge all
        module load bwa/0.7.17
        module load samtools/1.10.1
        module load bedtools/2.29.2
        bwa mem -t 20 resources/genome/hg38.fa.gz results/Batch_01/filtered/DNA_B01_21_S19_L001.filtered.R1.fastq.gz results/Batch_01/filtered/DNA_B01_21_S19_L001.filtered.R2.fastq.gz > results/Batch_01/bwa/DNA_B01_21_S19_L001.mapped.sam
        samtools view -Subh -o results/Batch_01/bwa/DNA_B01_21_S19_L001.mapped.bam results/Batch_01/bwa/DNA_B01_21_S19_L001.mapped.sam
        samtools sort -o results/Batch_01/bwa/DNA_B01_21_S19_L001.mapped.sorted.bam results/Batch_01/bwa/DNA_B01_21_S19_L001.mapped.bam

        samtools view -b -f 12 -F 256 -o results/Batch_01/bwa/DNA_B01_21_S19_L001.unmapped.bam results/Batch_01/bwa/DNA_B01_21_S19_L001.mapped.sorted.bam
        bedtools bamtofastq -i results/Batch_01/bwa/DNA_B01_21_S19_L001.unmapped.bam -fq results/Batch_01/bwa/DNA_B01_21_S19_L001.clean.R1.fastq -fq2 results/Batch_01/bwa/DNA_B01_21_S19_L001.clean.R2.fastq
        
[M::bwa_idx_load_from_disk] read 0 ALT contigs
[M::process] read 1934886 sequences (200000122 bp)...
[M::process] read 1935236 sequences (200000136 bp)...
[M::mem_pestat] # candidate unique pairs for (FF, FR, RF, RR): (2812, 778410, 31, 2822)
[M::mem_pestat] analyzing insert size distribution for orientation FF...
[M::mem_pestat] (25, 50, 75) percentile: (52, 80, 106)
[M::mem_pestat] low and high boundaries for computing mean and std.dev: (1, 214)
[M::mem_pestat] mean and std.dev: (82.75, 38.92)
[M::mem_pestat] low and high boundaries for proper pairs: (1, 268)
[M::mem_pestat] analyzing insert size distribution for orientation FR...
[M::mem_pestat] (25, 50, 75) percentile: (70, 91, 119)
[M::mem_pestat] low and high boundaries for computing mean and std.dev: (1, 217)
[M::mem_pestat] mean and std.dev: (96.29, 35.85)
[M::mem_pestat] low and high boundaries for proper pairs: (1, 266)
[M::mem_pestat] analyzing insert size distribution for orientation RF...
[M::mem_pestat] (25, 50, 75) percentile: (90, 106, 155)
[M::mem_pestat] low and high boundaries for computing mean and std.dev: (1, 285)
[M::mem_pestat] mean and std.dev: (110.20, 51.09)
[M::mem_pestat] low and high boundaries for proper pairs: (1, 350)
[M::mem_pestat] analyzing insert size distribution for orientation RR...
[M::mem_pestat] (25, 50, 75) percentile: (54, 80, 108)
[M::mem_pestat] low and high boundaries for computing mean and std.dev: (1, 216)
[M::mem_pestat] mean and std.dev: (83.05, 38.35)
[M::mem_pestat] low and high boundaries for proper pairs: (1, 270)
[M::mem_pestat] skip orientation FF
[M::mem_pestat] skip orientation RF
[M::mem_pestat] skip orientation RR
[M::mem_process_seqs] Processed 1934886 reads in 1029.999 CPU sec, 70.480 real sec
[M::process] read 1933776 sequences (200000056 bp)...
[M::mem_pestat] # candidate unique pairs for (FF, FR, RF, RR): (2793, 779595, 30, 2780)
[M::mem_pestat] analyzing insert size distribution for orientation FF...
[M::mem_pestat] (25, 50, 75) percentile: (53, 80, 106)
[M::mem_pestat] low and high boundaries for computing mean and std.dev: (1, 212)
[M::mem_pestat] mean and std.dev: (83.14, 38.06)
[M::mem_pestat] low and high boundaries for proper pairs: (1, 265)
[M::mem_pestat] analyzing insert size distribution for orientation FR...
[M::mem_pestat] (25, 50, 75) percentile: (70, 91, 119)
[M::mem_pestat] low and high boundaries for computing mean and std.dev: (1, 217)
[M::mem_pestat] mean and std.dev: (96.25, 35.79)
[M::mem_pestat] low and high boundaries for proper pairs: (1, 266)
[M::mem_pestat] analyzing insert size distribution for orientation RF...
[M::mem_pestat] (25, 50, 75) percentile: (40, 80, 167)
[M::mem_pestat] low and high boundaries for computing mean and std.dev: (1, 421)
[M::mem_pestat] mean and std.dev: (86.52, 59.37)
[M::mem_pestat] low and high boundaries for proper pairs: (1, 548)
[M::mem_pestat] analyzing insert size distribution for orientation RR...
[M::mem_pestat] (25, 50, 75) percentile: (54, 79, 106)
[M::mem_pestat] low and high boundaries for computing mean and std.dev: (1, 210)
[M::mem_pestat] mean and std.dev: (82.70, 38.31)
[M::mem_pestat] low and high boundaries for proper pairs: (1, 262)
[M::mem_pestat] skip orientation FF
[M::mem_pestat] skip orientation RF
[M::mem_pestat] skip orientation RR
[M::mem_process_seqs] Processed 1935236 reads in 830.320 CPU sec, 42.957 real sec
[M::process] read 1934198 sequences (200000072 bp)...
[M::mem_pestat] # candidate unique pairs for (FF, FR, RF, RR): (2794, 778676, 35, 2699)
[M::mem_pestat] analyzing insert size distribution for orientation FF...
[M::mem_pestat] (25, 50, 75) percentile: (53, 80, 106)
[M::mem_pestat] low and high boundaries for computing mean and std.dev: (1, 212)
[M::mem_pestat] mean and std.dev: (83.24, 39.41)
[M::mem_pestat] low and high boundaries for proper pairs: (1, 265)
[M::mem_pestat] analyzing insert size distribution for orientation FR...
[M::mem_pestat] (25, 50, 75) percentile: (70, 91, 119)
[M::mem_pestat] low and high boundaries for computing mean and std.dev: (1, 217)
[M::mem_pestat] mean and std.dev: (96.37, 35.83)
[M::mem_pestat] low and high boundaries for proper pairs: (1, 266)
[M::mem_pestat] analyzing insert size distribution for orientation RF...
[M::mem_pestat] (25, 50, 75) percentile: (109, 126, 156)
[M::mem_pestat] low and high boundaries for computing mean and std.dev: (15, 250)
[M::mem_pestat] mean and std.dev: (118.81, 49.24)
[M::mem_pestat] low and high boundaries for proper pairs: (1, 316)
[M::mem_pestat] analyzing insert size distribution for orientation RR...
[M::mem_pestat] (25, 50, 75) percentile: (52, 81, 106)
[M::mem_pestat] low and high boundaries for computing mean and std.dev: (1, 214)
[M::mem_pestat] mean and std.dev: (82.43, 38.42)
[M::mem_pestat] low and high boundaries for proper pairs: (1, 268)
[M::mem_pestat] skip orientation FF
[M::mem_pestat] skip orientation RF
[M::mem_pestat] skip orientation RR
[M::mem_process_seqs] Processed 1933776 reads in 837.909 CPU sec, 42.903 real sec
[M::process] read 1933928 sequences (200000139 bp)...
[M::mem_pestat] # candidate unique pairs for (FF, FR, RF, RR): (2863, 778776, 18, 2695)
[M::mem_pestat] analyzing insert size distribution for orientation FF...
[M::mem_pestat] (25, 50, 75) percentile: (55, 82, 107)
[M::mem_pestat] low and high boundaries for computing mean and std.dev: (1, 211)
[M::mem_pestat] mean and std.dev: (84.79, 39.37)
[M::mem_pestat] low and high boundaries for proper pairs: (1, 263)
[M::mem_pestat] analyzing insert size distribution for orientation FR...
[M::mem_pestat] (25, 50, 75) percentile: (70, 91, 119)
[M::mem_pestat] low and high boundaries for computing mean and std.dev: (1, 217)
[M::mem_pestat] mean and std.dev: (96.30, 35.81)
[M::mem_pestat] low and high boundaries for proper pairs: (1, 266)
[M::mem_pestat] analyzing insert size distribution for orientation RF...
[M::mem_pestat] (25, 50, 75) percentile: (50, 113, 151)
[M::mem_pestat] low and high boundaries for computing mean and std.dev: (1, 353)
[M::mem_pestat] mean and std.dev: (112.94, 77.19)
[M::mem_pestat] low and high boundaries for proper pairs: (1, 454)
[M::mem_pestat] analyzing insert size distribution for orientation RR...
[M::mem_pestat] (25, 50, 75) percentile: (51, 80, 106)
[M::mem_pestat] low and high boundaries for computing mean and std.dev: (1, 216)
[M::mem_pestat] mean and std.dev: (83.26, 40.47)
[M::mem_pestat] low and high boundaries for proper pairs: (1, 271)
[M::mem_pestat] skip orientation FF
[M::mem_pestat] skip orientation RF
[M::mem_pestat] skip orientation RR
[M::mem_process_seqs] Processed 1934198 reads in 831.300 CPU sec, 42.972 real sec
[M::process] read 1933322 sequences (200000051 bp)...
[M::mem_pestat] # candidate unique pairs for (FF, FR, RF, RR): (2732, 779229, 23, 2735)
[M::mem_pestat] analyzing insert size distribution for orientation FF...
[M::mem_pestat] (25, 50, 75) percentile: (52, 81, 106)
[M::mem_pestat] low and high boundaries for computing mean and std.dev: (1, 214)
[M::mem_pestat] mean and std.dev: (83.16, 39.39)
[M::mem_pestat] low and high boundaries for proper pairs: (1, 268)
[M::mem_pestat] analyzing insert size distribution for orientation FR...
[M::mem_pestat] (25, 50, 75) percentile: (70, 91, 119)
[M::mem_pestat] low and high boundaries for computing mean and std.dev: (1, 217)
[M::mem_pestat] mean and std.dev: (96.28, 35.78)
[M::mem_pestat] low and high boundaries for proper pairs: (1, 266)
[M::mem_pestat] analyzing insert size distribution for orientation RF...
[M::mem_pestat] (25, 50, 75) percentile: (66, 115, 169)
[M::mem_pestat] low and high boundaries for computing mean and std.dev: (1, 375)
[M::mem_pestat] mean and std.dev: (112.83, 65.13)
[M::mem_pestat] low and high boundaries for proper pairs: (1, 478)
[M::mem_pestat] analyzing insert size distribution for orientation RR...
[M::mem_pestat] (25, 50, 75) percentile: (55, 81, 106)
[M::mem_pestat] low and high boundaries for computing mean and std.dev: (1, 208)
[M::mem_pestat] mean and std.dev: (83.33, 38.00)
[M::mem_pestat] low and high boundaries for proper pairs: (1, 259)
[M::mem_pestat] skip orientation FF
[M::mem_pestat] skip orientation RF
[M::mem_pestat] skip orientation RR
[M::mem_process_seqs] Processed 1933928 reads in 823.231 CPU sec, 42.417 real sec
[M::process] read 1930932 sequences (200000144 bp)...
[M::mem_pestat] # candidate unique pairs for (FF, FR, RF, RR): (2759, 778297, 23, 2703)
[M::mem_pestat] analyzing insert size distribution for orientation FF...
[M::mem_pestat] (25, 50, 75) percentile: (52, 80, 103)
[M::mem_pestat] low and high boundaries for computing mean and std.dev: (1, 205)
[M::mem_pestat] mean and std.dev: (81.23, 36.74)
[M::mem_pestat] low and high boundaries for proper pairs: (1, 256)
[M::mem_pestat] analyzing insert size distribution for orientation FR...
[M::mem_pestat] (25, 50, 75) percentile: (70, 91, 119)
[M::mem_pestat] low and high boundaries for computing mean and std.dev: (1, 217)
[M::mem_pestat] mean and std.dev: (96.40, 35.87)
[M::mem_pestat] low and high boundaries for proper pairs: (1, 266)
[M::mem_pestat] analyzing insert size distribution for orientation RF...
[M::mem_pestat] (25, 50, 75) percentile: (65, 135, 177)
[M::mem_pestat] low and high boundaries for computing mean and std.dev: (1, 401)
[M::mem_pestat] mean and std.dev: (113.86, 74.64)
[M::mem_pestat] low and high boundaries for proper pairs: (1, 513)
[M::mem_pestat] analyzing insert size distribution for orientation RR...
[M::mem_pestat] (25, 50, 75) percentile: (51, 80, 106)
[M::mem_pestat] low and high boundaries for computing mean and std.dev: (1, 216)
[M::mem_pestat] mean and std.dev: (83.22, 39.85)
[M::mem_pestat] low and high boundaries for proper pairs: (1, 271)
[M::mem_pestat] skip orientation FF
[M::mem_pestat] skip orientation RF
[M::mem_pestat] skip orientation RR
[M::mem_process_seqs] Processed 1933322 reads in 828.910 CPU sec, 42.421 real sec
[M::process] read 1930926 sequences (200000067 bp)...
[M::mem_pestat] # candidate unique pairs for (FF, FR, RF, RR): (2965, 777111, 21, 2918)
[M::mem_pestat] analyzing insert size distribution for orientation FF...
[M::mem_pestat] (25, 50, 75) percentile: (52, 80, 105)
[M::mem_pestat] low and high boundaries for computing mean and std.dev: (1, 211)
[M::mem_pestat] mean and std.dev: (82.61, 39.09)
[M::mem_pestat] low and high boundaries for proper pairs: (1, 264)
[M::mem_pestat] analyzing insert size distribution for orientation FR...
[M::mem_pestat] (25, 50, 75) percentile: (71, 91, 119)
[M::mem_pestat] low and high boundaries for computing mean and std.dev: (1, 215)
[M::mem_pestat] mean and std.dev: (96.34, 35.58)
[M::mem_pestat] low and high boundaries for proper pairs: (1, 263)
[M::mem_pestat] analyzing insert size distribution for orientation RF...
[M::mem_pestat] (25, 50, 75) percentile: (52, 95, 154)
[M::mem_pestat] low and high boundaries for computing mean and std.dev: (1, 358)
[M::mem_pestat] mean and std.dev: (95.70, 58.51)
[M::mem_pestat] low and high boundaries for proper pairs: (1, 460)
[M::mem_pestat] analyzing insert size distribution for orientation RR...
[M::mem_pestat] (25, 50, 75) percentile: (54, 81, 106)
[M::mem_pestat] low and high boundaries for computing mean and std.dev: (1, 210)
[M::mem_pestat] mean and std.dev: (83.36, 38.76)
[M::mem_pestat] low and high boundaries for proper pairs: (1, 262)
[M::mem_pestat] skip orientation FF
[M::mem_pestat] skip orientation RF
[M::mem_pestat] skip orientation RR
[M::mem_process_seqs] Processed 1930932 reads in 839.061 CPU sec, 43.028 real sec
[M::process] read 1932948 sequences (200000197 bp)...
[M::mem_pestat] # candidate unique pairs for (FF, FR, RF, RR): (2911, 777619, 24, 2821)
[M::mem_pestat] analyzing insert size distribution for orientation FF...
[M::mem_pestat] (25, 50, 75) percentile: (53, 79, 105)
[M::mem_pestat] low and high boundaries for computing mean and std.dev: (1, 209)
[M::mem_pestat] mean and std.dev: (81.63, 38.18)
[M::mem_pestat] low and high boundaries for proper pairs: (1, 261)
[M::mem_pestat] analyzing insert size distribution for orientation FR...
[M::mem_pestat] (25, 50, 75) percentile: (70, 91, 119)
[M::mem_pestat] low and high boundaries for computing mean and std.dev: (1, 217)
[M::mem_pestat] mean and std.dev: (96.43, 35.81)
[M::mem_pestat] low and high boundaries for proper pairs: (1, 266)
[M::mem_pestat] analyzing insert size distribution for orientation RF...
[M::mem_pestat] (25, 50, 75) percentile: (36, 92, 171)
[M::mem_pestat] low and high boundaries for computing mean and std.dev: (1, 441)
[M::mem_pestat] mean and std.dev: (97.83, 77.07)
[M::mem_pestat] low and high boundaries for proper pairs: (1, 576)
[M::mem_pestat] analyzing insert size distribution for orientation RR...
[M::mem_pestat] (25, 50, 75) percentile: (52, 80, 107)
[M::mem_pestat] low and high boundaries for computing mean and std.dev: (1, 217)
[M::mem_pestat] mean and std.dev: (83.55, 40.05)
[M::mem_pestat] low and high boundaries for proper pairs: (1, 272)
[M::mem_pestat] skip orientation FF
[M::mem_pestat] skip orientation RF
[M::mem_pestat] skip orientation RR
[M::mem_process_seqs] Processed 1930926 reads in 835.687 CPU sec, 43.169 real sec
[M::process] read 1932186 sequences (200000032 bp)...
[M::mem_pestat] # candidate unique pairs for (FF, FR, RF, RR): (2927, 777347, 24, 2904)
[M::mem_pestat] analyzing insert size distribution for orientation FF...
[M::mem_pestat] (25, 50, 75) percentile: (51, 79, 107)
[M::mem_pestat] low and high boundaries for computing mean and std.dev: (1, 219)
[M::mem_pestat] mean and std.dev: (83.40, 40.43)
[M::mem_pestat] low and high boundaries for proper pairs: (1, 275)
[M::mem_pestat] analyzing insert size distribution for orientation FR...
[M::mem_pestat] (25, 50, 75) percentile: (70, 91, 119)
[M::mem_pestat] low and high boundaries for computing mean and std.dev: (1, 217)
[M::mem_pestat] mean and std.dev: (96.32, 35.83)
[M::mem_pestat] low and high boundaries for proper pairs: (1, 266)
[M::mem_pestat] analyzing insert size distribution for orientation RF...
[M::mem_pestat] (25, 50, 75) percentile: (89, 143, 195)
[M::mem_pestat] low and high boundaries for computing mean and std.dev: (1, 407)
[M::mem_pestat] mean and std.dev: (144.33, 89.97)
[M::mem_pestat] low and high boundaries for proper pairs: (1, 513)
[M::mem_pestat] analyzing insert size distribution for orientation RR...
[M::mem_pestat] (25, 50, 75) percentile: (50, 80, 107)
[M::mem_pestat] low and high boundaries for computing mean and std.dev: (1, 221)
[M::mem_pestat] mean and std.dev: (83.32, 40.21)
[M::mem_pestat] low and high boundaries for proper pairs: (1, 278)
[M::mem_pestat] skip orientation FF
[M::mem_pestat] skip orientation RF
[M::mem_pestat] skip orientation RR
[M::mem_process_seqs] Processed 1932948 reads in 844.224 CPU sec, 43.589 real sec
[M::process] read 1936708 sequences (200000060 bp)...
[M::mem_pestat] # candidate unique pairs for (FF, FR, RF, RR): (3000, 776824, 27, 2877)
[M::mem_pestat] analyzing insert size distribution for orientation FF...
[M::mem_pestat] (25, 50, 75) percentile: (53, 79, 105)
[M::mem_pestat] low and high boundaries for computing mean and std.dev: (1, 209)
[M::mem_pestat] mean and std.dev: (82.22, 37.75)
[M::mem_pestat] low and high boundaries for proper pairs: (1, 261)
[M::mem_pestat] analyzing insert size distribution for orientation FR...
[M::mem_pestat] (25, 50, 75) percentile: (70, 91, 119)
[M::mem_pestat] low and high boundaries for computing mean and std.dev: (1, 217)
[M::mem_pestat] mean and std.dev: (96.41, 35.86)
[M::mem_pestat] low and high boundaries for proper pairs: (1, 266)
[M::mem_pestat] analyzing insert size distribution for orientation RF...
[M::mem_pestat] (25, 50, 75) percentile: (52, 92, 157)
[M::mem_pestat] low and high boundaries for computing mean and std.dev: (1, 367)
[M::mem_pestat] mean and std.dev: (92.54, 58.98)
[M::mem_pestat] low and high boundaries for proper pairs: (1, 472)
[M::mem_pestat] analyzing insert size distribution for orientation RR...
[M::mem_pestat] (25, 50, 75) percentile: (50, 79, 105)
[M::mem_pestat] low and high boundaries for computing mean and std.dev: (1, 215)
[M::mem_pestat] mean and std.dev: (81.70, 38.56)
[M::mem_pestat] low and high boundaries for proper pairs: (1, 270)
[M::mem_pestat] skip orientation FF
[M::mem_pestat] skip orientation RF
[M::mem_pestat] skip orientation RR
[M::mem_process_seqs] Processed 1932186 reads in 841.825 CPU sec, 42.723 real sec
[M::process] read 1938162 sequences (200000104 bp)...
[M::mem_pestat] # candidate unique pairs for (FF, FR, RF, RR): (2864, 779400, 23, 2817)
[M::mem_pestat] analyzing insert size distribution for orientation FF...
[M::mem_pestat] (25, 50, 75) percentile: (53, 80, 108)
[M::mem_pestat] low and high boundaries for computing mean and std.dev: (1, 218)
[M::mem_pestat] mean and std.dev: (83.57, 38.77)
[M::mem_pestat] low and high boundaries for proper pairs: (1, 273)
[M::mem_pestat] analyzing insert size distribution for orientation FR...
[M::mem_pestat] (25, 50, 75) percentile: (70, 91, 118)
[M::mem_pestat] low and high boundaries for computing mean and std.dev: (1, 214)
[M::mem_pestat] mean and std.dev: (96.06, 35.59)
[M::mem_pestat] low and high boundaries for proper pairs: (1, 262)
[M::mem_pestat] analyzing insert size distribution for orientation RF...
[M::mem_pestat] (25, 50, 75) percentile: (67, 135, 174)
[M::mem_pestat] low and high boundaries for computing mean and std.dev: (1, 388)
[M::mem_pestat] mean and std.dev: (122.61, 61.64)
[M::mem_pestat] low and high boundaries for proper pairs: (1, 495)
[M::mem_pestat] analyzing insert size distribution for orientation RR...
[M::mem_pestat] (25, 50, 75) percentile: (50, 79, 104)
[M::mem_pestat] low and high boundaries for computing mean and std.dev: (1, 212)
[M::mem_pestat] mean and std.dev: (81.97, 39.12)
[M::mem_pestat] low and high boundaries for proper pairs: (1, 266)
[M::mem_pestat] skip orientation FF
[M::mem_pestat] skip orientation RF
[M::mem_pestat] skip orientation RR
[M::mem_process_seqs] Processed 1936708 reads in 824.717 CPU sec, 42.259 real sec
[M::process] read 1938374 sequences (200000205 bp)...
[M::mem_pestat] # candidate unique pairs for (FF, FR, RF, RR): (2932, 780565, 24, 2778)
[M::mem_pestat] analyzing insert size distribution for orientation FF...
[M::mem_pestat] (25, 50, 75) percentile: (54, 82, 109)
[M::mem_pestat] low and high boundaries for computing mean and std.dev: (1, 219)
[M::mem_pestat] mean and std.dev: (84.35, 39.20)
[M::mem_pestat] low and high boundaries for proper pairs: (1, 274)
[M::mem_pestat] analyzing insert size distribution for orientation FR...
[M::mem_pestat] (25, 50, 75) percentile: (70, 90, 118)
[M::mem_pestat] low and high boundaries for computing mean and std.dev: (1, 214)
[M::mem_pestat] mean and std.dev: (95.87, 35.50)
[M::mem_pestat] low and high boundaries for proper pairs: (1, 262)
[M::mem_pestat] analyzing insert size distribution for orientation RF...
[M::mem_pestat] (25, 50, 75) percentile: (87, 125, 171)
[M::mem_pestat] low and high boundaries for computing mean and std.dev: (1, 339)
[M::mem_pestat] mean and std.dev: (131.00, 57.08)
[M::mem_pestat] low and high boundaries for proper pairs: (1, 423)
[M::mem_pestat] analyzing insert size distribution for orientation RR...
[M::mem_pestat] (25, 50, 75) percentile: (53, 81, 107)
[M::mem_pestat] low and high boundaries for computing mean and std.dev: (1, 215)
[M::mem_pestat] mean and std.dev: (83.89, 39.90)
[M::mem_pestat] low and high boundaries for proper pairs: (1, 269)
[M::mem_pestat] skip orientation FF
[M::mem_pestat] skip orientation RF
[M::mem_pestat] skip orientation RR
[M::mem_process_seqs] Processed 1938162 reads in 826.449 CPU sec, 42.099 real sec
[M::process] read 1937634 sequences (200000125 bp)...
[M::mem_pestat] # candidate unique pairs for (FF, FR, RF, RR): (2853, 781152, 22, 2767)
[M::mem_pestat] analyzing insert size distribution for orientation FF...
[M::mem_pestat] (25, 50, 75) percentile: (53, 81, 106)
[M::mem_pestat] low and high boundaries for computing mean and std.dev: (1, 212)
[M::mem_pestat] mean and std.dev: (82.86, 38.18)
[M::mem_pestat] low and high boundaries for proper pairs: (1, 265)
[M::mem_pestat] analyzing insert size distribution for orientation FR...
[M::mem_pestat] (25, 50, 75) percentile: (70, 90, 118)
[M::mem_pestat] low and high boundaries for computing mean and std.dev: (1, 214)
[M::mem_pestat] mean and std.dev: (95.94, 35.49)
[M::mem_pestat] low and high boundaries for proper pairs: (1, 262)
[M::mem_pestat] analyzing insert size distribution for orientation RF...
[M::mem_pestat] (25, 50, 75) percentile: (37, 135, 177)
[M::mem_pestat] low and high boundaries for computing mean and std.dev: (1, 457)
[M::mem_pestat] mean and std.dev: (116.05, 82.31)
[M::mem_pestat] low and high boundaries for proper pairs: (1, 597)
[M::mem_pestat] analyzing insert size distribution for orientation RR...
[M::mem_pestat] (25, 50, 75) percentile: (53, 81, 106)
[M::mem_pestat] low and high boundaries for computing mean and std.dev: (1, 212)
[M::mem_pestat] mean and std.dev: (82.59, 37.69)
[M::mem_pestat] low and high boundaries for proper pairs: (1, 265)
[M::mem_pestat] skip orientation FF
[M::mem_pestat] skip orientation RF
[M::mem_pestat] skip orientation RR
[M::mem_process_seqs] Processed 1938374 reads in 827.009 CPU sec, 42.898 real sec
[M::process] read 1937094 sequences (200000096 bp)...
[M::mem_pestat] # candidate unique pairs for (FF, FR, RF, RR): (2836, 780007, 22, 2736)
[M::mem_pestat] analyzing insert size distribution for orientation FF...
[M::mem_pestat] (25, 50, 75) percentile: (54, 82, 107)
[M::mem_pestat] low and high boundaries for computing mean and std.dev: (1, 213)
[M::mem_pestat] mean and std.dev: (83.93, 38.34)
[M::mem_pestat] low and high boundaries for proper pairs: (1, 266)
[M::mem_pestat] analyzing insert size distribution for orientation FR...
[M::mem_pestat] (25, 50, 75) percentile: (70, 90, 118)
[M::mem_pestat] low and high boundaries for computing mean and std.dev: (1, 214)
[M::mem_pestat] mean and std.dev: (95.93, 35.51)
[M::mem_pestat] low and high boundaries for proper pairs: (1, 262)
[M::mem_pestat] analyzing insert size distribution for orientation RF...
[M::mem_pestat] (25, 50, 75) percentile: (89, 135, 176)
[M::mem_pestat] low and high boundaries for computing mean and std.dev: (1, 350)
[M::mem_pestat] mean and std.dev: (124.95, 49.76)
[M::mem_pestat] low and high boundaries for proper pairs: (1, 437)
[M::mem_pestat] analyzing insert size distribution for orientation RR...
[M::mem_pestat] (25, 50, 75) percentile: (51, 80, 107)
[M::mem_pestat] low and high boundaries for computing mean and std.dev: (1, 219)
[M::mem_pestat] mean and std.dev: (83.25, 39.55)
[M::mem_pestat] low and high boundaries for proper pairs: (1, 275)
[M::mem_pestat] skip orientation FF
[M::mem_pestat] skip orientation RF
[M::mem_pestat] skip orientation RR
[M::mem_process_seqs] Processed 1937634 reads in 824.337 CPU sec, 42.551 real sec
[M::process] read 1937136 sequences (200000096 bp)...
[M::mem_pestat] # candidate unique pairs for (FF, FR, RF, RR): (2777, 779053, 17, 2791)
[M::mem_pestat] analyzing insert size distribution for orientation FF...
[M::mem_pestat] (25, 50, 75) percentile: (52, 81, 106)
[M::mem_pestat] low and high boundaries for computing mean and std.dev: (1, 214)
[M::mem_pestat] mean and std.dev: (83.13, 38.48)
[M::mem_pestat] low and high boundaries for proper pairs: (1, 268)
[M::mem_pestat] analyzing insert size distribution for orientation FR...
[M::mem_pestat] (25, 50, 75) percentile: (70, 91, 118)
[M::mem_pestat] low and high boundaries for computing mean and std.dev: (1, 214)
[M::mem_pestat] mean and std.dev: (96.00, 35.47)
[M::mem_pestat] low and high boundaries for proper pairs: (1, 262)
[M::mem_pestat] analyzing insert size distribution for orientation RF...
[M::mem_pestat] (25, 50, 75) percentile: (37, 86, 147)
[M::mem_pestat] low and high boundaries for computing mean and std.dev: (1, 367)
[M::mem_pestat] mean and std.dev: (90.24, 63.22)
[M::mem_pestat] low and high boundaries for proper pairs: (1, 477)
[M::mem_pestat] analyzing insert size distribution for orientation RR...
[M::mem_pestat] (25, 50, 75) percentile: (53, 80, 106)
[M::mem_pestat] low and high boundaries for computing mean and std.dev: (1, 212)
[M::mem_pestat] mean and std.dev: (82.98, 39.36)
[M::mem_pestat] low and high boundaries for proper pairs: (1, 265)
[M::mem_pestat] skip orientation FF
[M::mem_pestat] skip orientation RF
[M::mem_pestat] skip orientation RR
[M::mem_process_seqs] Processed 1937094 reads in 826.174 CPU sec, 42.394 real sec
[M::process] read 1932756 sequences (200000045 bp)...
[M::mem_pestat] # candidate unique pairs for (FF, FR, RF, RR): (2770, 780364, 21, 2717)
[M::mem_pestat] analyzing insert size distribution for orientation FF...
[M::mem_pestat] (25, 50, 75) percentile: (54, 80, 105)
[M::mem_pestat] low and high boundaries for computing mean and std.dev: (1, 207)
[M::mem_pestat] mean and std.dev: (82.08, 37.13)
[M::mem_pestat] low and high boundaries for proper pairs: (1, 258)
[M::mem_pestat] analyzing insert size distribution for orientation FR...
[M::mem_pestat] (25, 50, 75) percentile: (70, 91, 118)
[M::mem_pestat] low and high boundaries for computing mean and std.dev: (1, 214)
[M::mem_pestat] mean and std.dev: (95.98, 35.51)
[M::mem_pestat] low and high boundaries for proper pairs: (1, 262)
[M::mem_pestat] analyzing insert size distribution for orientation RF...
[M::mem_pestat] (25, 50, 75) percentile: (89, 115, 155)
[M::mem_pestat] low and high boundaries for computing mean and std.dev: (1, 287)
[M::mem_pestat] mean and std.dev: (110.33, 55.67)
[M::mem_pestat] low and high boundaries for proper pairs: (1, 353)
[M::mem_pestat] analyzing insert size distribution for orientation RR...
[M::mem_pestat] (25, 50, 75) percentile: (54, 82, 107)
[M::mem_pestat] low and high boundaries for computing mean and std.dev: (1, 213)
[M::mem_pestat] mean and std.dev: (83.81, 38.44)
[M::mem_pestat] low and high boundaries for proper pairs: (1, 266)
[M::mem_pestat] skip orientation FF
[M::mem_pestat] skip orientation RF
[M::mem_pestat] skip orientation RR
[M::mem_process_seqs] Processed 1937136 reads in 817.323 CPU sec, 41.801 real sec
[M::process] read 1934428 sequences (200000029 bp)...
[M::mem_pestat] # candidate unique pairs for (FF, FR, RF, RR): (2871, 774813, 21, 2831)
[M::mem_pestat] analyzing insert size distribution for orientation FF...
[M::mem_pestat] (25, 50, 75) percentile: (51, 80, 105)
[M::mem_pestat] low and high boundaries for computing mean and std.dev: (1, 213)
[M::mem_pestat] mean and std.dev: (82.16, 38.62)
[M::mem_pestat] low and high boundaries for proper pairs: (1, 267)
[M::mem_pestat] analyzing insert size distribution for orientation FR...
[M::mem_pestat] (25, 50, 75) percentile: (70, 91, 119)
[M::mem_pestat] low and high boundaries for computing mean and std.dev: (1, 217)
[M::mem_pestat] mean and std.dev: (96.31, 35.83)
[M::mem_pestat] low and high boundaries for proper pairs: (1, 266)
[M::mem_pestat] analyzing insert size distribution for orientation RF...
[M::mem_pestat] (25, 50, 75) percentile: (102, 145, 172)
[M::mem_pestat] low and high boundaries for computing mean and std.dev: (1, 312)
[M::mem_pestat] mean and std.dev: (130.52, 53.07)
[M::mem_pestat] low and high boundaries for proper pairs: (1, 382)
[M::mem_pestat] analyzing insert size distribution for orientation RR...
[M::mem_pestat] (25, 50, 75) percentile: (53, 80, 107)
[M::mem_pestat] low and high boundaries for computing mean and std.dev: (1, 215)
[M::mem_pestat] mean and std.dev: (82.99, 39.49)
[M::mem_pestat] low and high boundaries for proper pairs: (1, 269)
[M::mem_pestat] skip orientation FF
[M::mem_pestat] skip orientation RF
[M::mem_pestat] skip orientation RR
[M::mem_process_seqs] Processed 1932756 reads in 838.962 CPU sec, 42.859 real sec
[M::process] read 1934804 sequences (200000163 bp)...
[M::mem_pestat] # candidate unique pairs for (FF, FR, RF, RR): (2892, 778763, 29, 2740)
[M::mem_pestat] analyzing insert size distribution for orientation FF...
[M::mem_pestat] (25, 50, 75) percentile: (53, 80, 105)
[M::mem_pestat] low and high boundaries for computing mean and std.dev: (1, 209)
[M::mem_pestat] mean and std.dev: (82.15, 37.61)
[M::mem_pestat] low and high boundaries for proper pairs: (1, 261)
[M::mem_pestat] analyzing insert size distribution for orientation FR...
[M::mem_pestat] (25, 50, 75) percentile: (70, 91, 119)
[M::mem_pestat] low and high boundaries for computing mean and std.dev: (1, 217)
[M::mem_pestat] mean and std.dev: (96.29, 35.78)
[M::mem_pestat] low and high boundaries for proper pairs: (1, 266)
[M::mem_pestat] analyzing insert size distribution for orientation RF...
[M::mem_pestat] (25, 50, 75) percentile: (23, 96, 186)
[M::mem_pestat] low and high boundaries for computing mean and std.dev: (1, 512)
[M::mem_pestat] mean and std.dev: (102.54, 90.28)
[M::mem_pestat] low and high boundaries for proper pairs: (1, 675)
[M::mem_pestat] analyzing insert size distribution for orientation RR...
[M::mem_pestat] (25, 50, 75) percentile: (53, 81, 107)
[M::mem_pestat] low and high boundaries for computing mean and std.dev: (1, 215)
[M::mem_pestat] mean and std.dev: (83.62, 39.39)
[M::mem_pestat] low and high boundaries for proper pairs: (1, 269)
[M::mem_pestat] skip orientation FF
[M::mem_pestat] skip orientation RF
[M::mem_pestat] skip orientation RR
[M::mem_process_seqs] Processed 1934428 reads in 825.521 CPU sec, 42.379 real sec
[M::process] read 1934174 sequences (200000007 bp)...
[M::mem_pestat] # candidate unique pairs for (FF, FR, RF, RR): (2893, 778236, 17, 2686)
[M::mem_pestat] analyzing insert size distribution for orientation FF...
[M::mem_pestat] (25, 50, 75) percentile: (53, 80, 107)
[M::mem_pestat] low and high boundaries for computing mean and std.dev: (1, 215)
[M::mem_pestat] mean and std.dev: (83.70, 38.80)
[M::mem_pestat] low and high boundaries for proper pairs: (1, 269)
[M::mem_pestat] analyzing insert size distribution for orientation FR...
[M::mem_pestat] (25, 50, 75) percentile: (70, 91, 119)
[M::mem_pestat] low and high boundaries for computing mean and std.dev: (1, 217)
[M::mem_pestat] mean and std.dev: (96.22, 35.77)
[M::mem_pestat] low and high boundaries for proper pairs: (1, 266)
[M::mem_pestat] analyzing insert size distribution for orientation RF...
[M::mem_pestat] (25, 50, 75) percentile: (100, 160, 187)
[M::mem_pestat] low and high boundaries for computing mean and std.dev: (1, 361)
[M::mem_pestat] mean and std.dev: (136.24, 55.96)
[M::mem_pestat] low and high boundaries for proper pairs: (1, 448)
[M::mem_pestat] analyzing insert size distribution for orientation RR...
[M::mem_pestat] (25, 50, 75) percentile: (51, 79, 107)
[M::mem_pestat] low and high boundaries for computing mean and std.dev: (1, 219)
[M::mem_pestat] mean and std.dev: (82.94, 40.32)
[M::mem_pestat] low and high boundaries for proper pairs: (1, 275)
[M::mem_pestat] skip orientation FF
[M::mem_pestat] skip orientation RF
[M::mem_pestat] skip orientation RR
[M::mem_process_seqs] Processed 1934804 reads in 821.774 CPU sec, 42.073 real sec
[M::process] read 529778 sequences (54880930 bp)...
[M::mem_pestat] # candidate unique pairs for (FF, FR, RF, RR): (2907, 777930, 25, 2847)
[M::mem_pestat] analyzing insert size distribution for orientation FF...
[M::mem_pestat] (25, 50, 75) percentile: (54, 80, 106)
[M::mem_pestat] low and high boundaries for computing mean and std.dev: (1, 210)
[M::mem_pestat] mean and std.dev: (82.95, 38.16)
[M::mem_pestat] low and high boundaries for proper pairs: (1, 262)
[M::mem_pestat] analyzing insert size distribution for orientation FR...
[M::mem_pestat] (25, 50, 75) percentile: (70, 91, 119)
[M::mem_pestat] low and high boundaries for computing mean and std.dev: (1, 217)
[M::mem_pestat] mean and std.dev: (96.28, 35.78)
[M::mem_pestat] low and high boundaries for proper pairs: (1, 266)
[M::mem_pestat] analyzing insert size distribution for orientation RF...
[M::mem_pestat] (25, 50, 75) percentile: (68, 117, 164)
[M::mem_pestat] low and high boundaries for computing mean and std.dev: (1, 356)
[M::mem_pestat] mean and std.dev: (104.67, 67.35)
[M::mem_pestat] low and high boundaries for proper pairs: (1, 452)
[M::mem_pestat] analyzing insert size distribution for orientation RR...
[M::mem_pestat] (25, 50, 75) percentile: (52, 80, 106)
[M::mem_pestat] low and high boundaries for computing mean and std.dev: (1, 214)
[M::mem_pestat] mean and std.dev: (81.80, 37.58)
[M::mem_pestat] low and high boundaries for proper pairs: (1, 268)
[M::mem_pestat] skip orientation FF
[M::mem_pestat] skip orientation RF
[M::mem_pestat] skip orientation RR
[M::mem_process_seqs] Processed 1934174 reads in 813.371 CPU sec, 41.331 real sec
[M::mem_pestat] # candidate unique pairs for (FF, FR, RF, RR): (786, 213339, 6, 775)
[M::mem_pestat] analyzing insert size distribution for orientation FF...
[M::mem_pestat] (25, 50, 75) percentile: (52, 80, 103)
[M::mem_pestat] low and high boundaries for computing mean and std.dev: (1, 205)
[M::mem_pestat] mean and std.dev: (81.93, 36.71)
[M::mem_pestat] low and high boundaries for proper pairs: (1, 256)
[M::mem_pestat] analyzing insert size distribution for orientation FR...
[M::mem_pestat] (25, 50, 75) percentile: (70, 91, 119)
[M::mem_pestat] low and high boundaries for computing mean and std.dev: (1, 217)
[M::mem_pestat] mean and std.dev: (96.47, 36.00)
[M::mem_pestat] low and high boundaries for proper pairs: (1, 266)
[M::mem_pestat] skip orientation RF as there are not enough pairs
[M::mem_pestat] analyzing insert size distribution for orientation RR...
[M::mem_pestat] (25, 50, 75) percentile: (47, 78, 105)
[M::mem_pestat] low and high boundaries for computing mean and std.dev: (1, 221)
[M::mem_pestat] mean and std.dev: (81.56, 40.52)
[M::mem_pestat] low and high boundaries for proper pairs: (1, 279)
[M::mem_pestat] skip orientation FF
[M::mem_pestat] skip orientation RR
[M::mem_process_seqs] Processed 529778 reads in 230.086 CPU sec, 12.220 real sec
[main] Version: 0.7.17-r1188
[main] CMD: bwa mem -t 20 resources/genome/hg38.fa.gz results/Batch_01/filtered/DNA_B01_21_S19_L001.filtered.R1.fastq.gz results/Batch_01/filtered/DNA_B01_21_S19_L001.filtered.R2.fastq.gz
[main] Real time: 898.640 sec; CPU: 17025.092 sec
[bam_sort_core] merging from 17 files and 1 in-memory blocks...
[Fri Apr 15 14:13:08 2022]
Finished job 0.
1 of 1 steps (100%) done
