The flag 'directory' used in rule SS_checkm_analysis is only valid for outputs, not inputs.
The flag 'directory' used in rule SS_checkm_plots is only valid for outputs, not inputs.
The flag 'directory' used in rule SS_checkm_plots is only valid for outputs, not inputs.
Building DAG of jobs...
Using shell: /usr/bin/bash
Provided cores: 20
Rules claiming more threads will be scaled down.
Select jobs to execute...

[Fri Apr 15 13:47:02 2022]
rule bwa_map:
    input: results/Batch_01/filtered/DNA_B02_15_S41_L002.filtered.R1.fastq.gz, results/Batch_01/filtered/DNA_B02_15_S41_L002.filtered.R2.fastq.gz, resources/genome/hg38.fa.gz.ann, resources/genome/hg38.fa.gz
    output: results/Batch_01/bwa/DNA_B02_15_S41_L002.clean.R1.fastq, results/Batch_01/bwa/DNA_B02_15_S41_L002.clean.R2.fastq
    jobid: 0
    wildcards: dataset=Batch_01, sample=DNA_B02_15_S41_L002
    threads: 20
    resources: mem_mb=6322, disk_mb=6322, tmpdir=/tmp, account=b1042, partition=genomics, nodes=1, mem=50G, time=08:00:00


        module purge all
        module load bwa/0.7.17
        module load samtools/1.10.1
        module load bedtools/2.29.2
        bwa mem -t 20 resources/genome/hg38.fa.gz results/Batch_01/filtered/DNA_B02_15_S41_L002.filtered.R1.fastq.gz results/Batch_01/filtered/DNA_B02_15_S41_L002.filtered.R2.fastq.gz > results/Batch_01/bwa/DNA_B02_15_S41_L002.mapped.sam
        samtools view -Subh -o results/Batch_01/bwa/DNA_B02_15_S41_L002.mapped.bam results/Batch_01/bwa/DNA_B02_15_S41_L002.mapped.sam
        samtools sort -o results/Batch_01/bwa/DNA_B02_15_S41_L002.mapped.sorted.bam results/Batch_01/bwa/DNA_B02_15_S41_L002.mapped.bam

        samtools view -b -f 12 -F 256 -o results/Batch_01/bwa/DNA_B02_15_S41_L002.unmapped.bam results/Batch_01/bwa/DNA_B02_15_S41_L002.mapped.sorted.bam
        bedtools bamtofastq -i results/Batch_01/bwa/DNA_B02_15_S41_L002.unmapped.bam -fq results/Batch_01/bwa/DNA_B02_15_S41_L002.clean.R1.fastq -fq2 results/Batch_01/bwa/DNA_B02_15_S41_L002.clean.R2.fastq
        
[M::bwa_idx_load_from_disk] read 0 ALT contigs
[M::process] read 1855542 sequences (200000032 bp)...
[M::process] read 1856106 sequences (200000180 bp)...
[M::mem_pestat] # candidate unique pairs for (FF, FR, RF, RR): (2664, 751926, 81, 2613)
[M::mem_pestat] analyzing insert size distribution for orientation FF...
[M::mem_pestat] (25, 50, 75) percentile: (70, 91, 121)
[M::mem_pestat] low and high boundaries for computing mean and std.dev: (1, 223)
[M::mem_pestat] mean and std.dev: (94.80, 41.72)
[M::mem_pestat] low and high boundaries for proper pairs: (1, 274)
[M::mem_pestat] analyzing insert size distribution for orientation FR...
[M::mem_pestat] (25, 50, 75) percentile: (75, 99, 131)
[M::mem_pestat] low and high boundaries for computing mean and std.dev: (1, 243)
[M::mem_pestat] mean and std.dev: (105.51, 41.05)
[M::mem_pestat] low and high boundaries for proper pairs: (1, 299)
[M::mem_pestat] analyzing insert size distribution for orientation RF...
[M::mem_pestat] (25, 50, 75) percentile: (90, 133, 161)
[M::mem_pestat] low and high boundaries for computing mean and std.dev: (1, 303)
[M::mem_pestat] mean and std.dev: (119.61, 59.39)
[M::mem_pestat] low and high boundaries for proper pairs: (1, 374)
[M::mem_pestat] analyzing insert size distribution for orientation RR...
[M::mem_pestat] (25, 50, 75) percentile: (71, 91, 122)
[M::mem_pestat] low and high boundaries for computing mean and std.dev: (1, 224)
[M::mem_pestat] mean and std.dev: (96.01, 41.52)
[M::mem_pestat] low and high boundaries for proper pairs: (1, 275)
[M::mem_pestat] skip orientation FF
[M::mem_pestat] skip orientation RF
[M::mem_pestat] skip orientation RR
[M::mem_process_seqs] Processed 1855542 reads in 914.871 CPU sec, 56.196 real sec
[M::process] read 1855842 sequences (200000175 bp)...
[M::mem_pestat] # candidate unique pairs for (FF, FR, RF, RR): (2685, 751900, 62, 2548)
[M::mem_pestat] analyzing insert size distribution for orientation FF...
[M::mem_pestat] (25, 50, 75) percentile: (70, 89, 116)
[M::mem_pestat] low and high boundaries for computing mean and std.dev: (1, 208)
[M::mem_pestat] mean and std.dev: (91.46, 38.20)
[M::mem_pestat] low and high boundaries for proper pairs: (1, 254)
[M::mem_pestat] analyzing insert size distribution for orientation FR...
[M::mem_pestat] (25, 50, 75) percentile: (75, 98, 131)
[M::mem_pestat] low and high boundaries for computing mean and std.dev: (1, 243)
[M::mem_pestat] mean and std.dev: (105.48, 40.98)
[M::mem_pestat] low and high boundaries for proper pairs: (1, 299)
[M::mem_pestat] analyzing insert size distribution for orientation RF...
[M::mem_pestat] (25, 50, 75) percentile: (90, 126, 154)
[M::mem_pestat] low and high boundaries for computing mean and std.dev: (1, 282)
[M::mem_pestat] mean and std.dev: (120.68, 48.51)
[M::mem_pestat] low and high boundaries for proper pairs: (1, 346)
[M::mem_pestat] analyzing insert size distribution for orientation RR...
[M::mem_pestat] (25, 50, 75) percentile: (71, 90, 120)
[M::mem_pestat] low and high boundaries for computing mean and std.dev: (1, 218)
[M::mem_pestat] mean and std.dev: (94.29, 40.29)
[M::mem_pestat] low and high boundaries for proper pairs: (1, 267)
[M::mem_pestat] skip orientation FF
[M::mem_pestat] skip orientation RF
[M::mem_pestat] skip orientation RR
[M::mem_process_seqs] Processed 1856106 reads in 772.510 CPU sec, 40.011 real sec
[M::process] read 1856840 sequences (200000250 bp)...
[M::mem_pestat] # candidate unique pairs for (FF, FR, RF, RR): (2591, 751884, 63, 2589)
[M::mem_pestat] analyzing insert size distribution for orientation FF...
[M::mem_pestat] (25, 50, 75) percentile: (69, 91, 122)
[M::mem_pestat] low and high boundaries for computing mean and std.dev: (1, 228)
[M::mem_pestat] mean and std.dev: (94.90, 41.80)
[M::mem_pestat] low and high boundaries for proper pairs: (1, 281)
[M::mem_pestat] analyzing insert size distribution for orientation FR...
[M::mem_pestat] (25, 50, 75) percentile: (75, 99, 131)
[M::mem_pestat] low and high boundaries for computing mean and std.dev: (1, 243)
[M::mem_pestat] mean and std.dev: (105.46, 40.91)
[M::mem_pestat] low and high boundaries for proper pairs: (1, 299)
[M::mem_pestat] analyzing insert size distribution for orientation RF...
[M::mem_pestat] (25, 50, 75) percentile: (73, 124, 156)
[M::mem_pestat] low and high boundaries for computing mean and std.dev: (1, 322)
[M::mem_pestat] mean and std.dev: (118.24, 59.64)
[M::mem_pestat] low and high boundaries for proper pairs: (1, 405)
[M::mem_pestat] analyzing insert size distribution for orientation RR...
[M::mem_pestat] (25, 50, 75) percentile: (70, 90, 119)
[M::mem_pestat] low and high boundaries for computing mean and std.dev: (1, 217)
[M::mem_pestat] mean and std.dev: (94.19, 40.55)
[M::mem_pestat] low and high boundaries for proper pairs: (1, 266)
[M::mem_pestat] skip orientation FF
[M::mem_pestat] skip orientation RF
[M::mem_pestat] skip orientation RR
[M::mem_process_seqs] Processed 1855842 reads in 774.832 CPU sec, 39.541 real sec
[M::process] read 1855826 sequences (200000138 bp)...
[M::mem_pestat] # candidate unique pairs for (FF, FR, RF, RR): (2677, 752438, 80, 2596)
[M::mem_pestat] analyzing insert size distribution for orientation FF...
[M::mem_pestat] (25, 50, 75) percentile: (71, 89, 118)
[M::mem_pestat] low and high boundaries for computing mean and std.dev: (1, 212)
[M::mem_pestat] mean and std.dev: (92.86, 39.19)
[M::mem_pestat] low and high boundaries for proper pairs: (1, 259)
[M::mem_pestat] analyzing insert size distribution for orientation FR...
[M::mem_pestat] (25, 50, 75) percentile: (75, 98, 131)
[M::mem_pestat] low and high boundaries for computing mean and std.dev: (1, 243)
[M::mem_pestat] mean and std.dev: (105.30, 40.84)
[M::mem_pestat] low and high boundaries for proper pairs: (1, 299)
[M::mem_pestat] analyzing insert size distribution for orientation RF...
[M::mem_pestat] (25, 50, 75) percentile: (100, 130, 173)
[M::mem_pestat] low and high boundaries for computing mean and std.dev: (1, 319)
[M::mem_pestat] mean and std.dev: (123.26, 55.50)
[M::mem_pestat] low and high boundaries for proper pairs: (1, 392)
[M::mem_pestat] analyzing insert size distribution for orientation RR...
[M::mem_pestat] (25, 50, 75) percentile: (70, 89, 117)
[M::mem_pestat] low and high boundaries for computing mean and std.dev: (1, 211)
[M::mem_pestat] mean and std.dev: (92.70, 39.66)
[M::mem_pestat] low and high boundaries for proper pairs: (1, 258)
[M::mem_pestat] skip orientation FF
[M::mem_pestat] skip orientation RF
[M::mem_pestat] skip orientation RR
[M::mem_process_seqs] Processed 1856840 reads in 776.733 CPU sec, 39.654 real sec
[M::process] read 1857156 sequences (200000100 bp)...
[M::mem_pestat] # candidate unique pairs for (FF, FR, RF, RR): (2658, 751989, 63, 2637)
[M::mem_pestat] analyzing insert size distribution for orientation FF...
[M::mem_pestat] (25, 50, 75) percentile: (70, 90, 120)
[M::mem_pestat] low and high boundaries for computing mean and std.dev: (1, 220)
[M::mem_pestat] mean and std.dev: (94.89, 41.22)
[M::mem_pestat] low and high boundaries for proper pairs: (1, 270)
[M::mem_pestat] analyzing insert size distribution for orientation FR...
[M::mem_pestat] (25, 50, 75) percentile: (75, 98, 131)
[M::mem_pestat] low and high boundaries for computing mean and std.dev: (1, 243)
[M::mem_pestat] mean and std.dev: (105.43, 40.89)
[M::mem_pestat] low and high boundaries for proper pairs: (1, 299)
[M::mem_pestat] analyzing insert size distribution for orientation RF...
[M::mem_pestat] (25, 50, 75) percentile: (68, 132, 174)
[M::mem_pestat] low and high boundaries for computing mean and std.dev: (1, 386)
[M::mem_pestat] mean and std.dev: (115.79, 60.11)
[M::mem_pestat] low and high boundaries for proper pairs: (1, 492)
[M::mem_pestat] analyzing insert size distribution for orientation RR...
[M::mem_pestat] (25, 50, 75) percentile: (72, 90, 120)
[M::mem_pestat] low and high boundaries for computing mean and std.dev: (1, 216)
[M::mem_pestat] mean and std.dev: (94.63, 39.20)
[M::mem_pestat] low and high boundaries for proper pairs: (1, 264)
[M::mem_pestat] skip orientation FF
[M::mem_pestat] skip orientation RF
[M::mem_pestat] skip orientation RR
[M::mem_process_seqs] Processed 1855826 reads in 776.606 CPU sec, 39.869 real sec
[M::process] read 1856094 sequences (200000084 bp)...
[M::mem_pestat] # candidate unique pairs for (FF, FR, RF, RR): (2705, 752172, 65, 2553)
[M::mem_pestat] analyzing insert size distribution for orientation FF...
[M::mem_pestat] (25, 50, 75) percentile: (72, 91, 118)
[M::mem_pestat] low and high boundaries for computing mean and std.dev: (1, 210)
[M::mem_pestat] mean and std.dev: (93.73, 38.54)
[M::mem_pestat] low and high boundaries for proper pairs: (1, 256)
[M::mem_pestat] analyzing insert size distribution for orientation FR...
[M::mem_pestat] (25, 50, 75) percentile: (75, 98, 131)
[M::mem_pestat] low and high boundaries for computing mean and std.dev: (1, 243)
[M::mem_pestat] mean and std.dev: (105.36, 40.79)
[M::mem_pestat] low and high boundaries for proper pairs: (1, 299)
[M::mem_pestat] analyzing insert size distribution for orientation RF...
[M::mem_pestat] (25, 50, 75) percentile: (72, 137, 173)
[M::mem_pestat] low and high boundaries for computing mean and std.dev: (1, 375)
[M::mem_pestat] mean and std.dev: (121.37, 58.02)
[M::mem_pestat] low and high boundaries for proper pairs: (1, 476)
[M::mem_pestat] analyzing insert size distribution for orientation RR...
[M::mem_pestat] (25, 50, 75) percentile: (69, 90, 120)
[M::mem_pestat] low and high boundaries for computing mean and std.dev: (1, 222)
[M::mem_pestat] mean and std.dev: (93.04, 40.44)
[M::mem_pestat] low and high boundaries for proper pairs: (1, 273)
[M::mem_pestat] skip orientation FF
[M::mem_pestat] skip orientation RF
[M::mem_pestat] skip orientation RR
[M::mem_process_seqs] Processed 1857156 reads in 776.681 CPU sec, 39.480 real sec
[M::process] read 1857860 sequences (200000078 bp)...
[M::mem_pestat] # candidate unique pairs for (FF, FR, RF, RR): (2588, 752583, 69, 2472)
[M::mem_pestat] analyzing insert size distribution for orientation FF...
[M::mem_pestat] (25, 50, 75) percentile: (70, 89, 119)
[M::mem_pestat] low and high boundaries for computing mean and std.dev: (1, 217)
[M::mem_pestat] mean and std.dev: (92.60, 39.60)
[M::mem_pestat] low and high boundaries for proper pairs: (1, 266)
[M::mem_pestat] analyzing insert size distribution for orientation FR...
[M::mem_pestat] (25, 50, 75) percentile: (75, 98, 131)
[M::mem_pestat] low and high boundaries for computing mean and std.dev: (1, 243)
[M::mem_pestat] mean and std.dev: (105.44, 40.91)
[M::mem_pestat] low and high boundaries for proper pairs: (1, 299)
[M::mem_pestat] analyzing insert size distribution for orientation RF...
[M::mem_pestat] (25, 50, 75) percentile: (100, 128, 163)
[M::mem_pestat] low and high boundaries for computing mean and std.dev: (1, 289)
[M::mem_pestat] mean and std.dev: (125.35, 48.90)
[M::mem_pestat] low and high boundaries for proper pairs: (1, 352)
[M::mem_pestat] analyzing insert size distribution for orientation RR...
[M::mem_pestat] (25, 50, 75) percentile: (71, 89, 118)
[M::mem_pestat] low and high boundaries for computing mean and std.dev: (1, 212)
[M::mem_pestat] mean and std.dev: (92.74, 38.75)
[M::mem_pestat] low and high boundaries for proper pairs: (1, 259)
[M::mem_pestat] skip orientation FF
[M::mem_pestat] skip orientation RF
[M::mem_pestat] skip orientation RR
[M::mem_process_seqs] Processed 1856094 reads in 779.334 CPU sec, 39.804 real sec
[M::process] read 1858080 sequences (200000024 bp)...
[M::mem_pestat] # candidate unique pairs for (FF, FR, RF, RR): (2646, 753153, 58, 2610)
[M::mem_pestat] analyzing insert size distribution for orientation FF...
[M::mem_pestat] (25, 50, 75) percentile: (71, 90, 118)
[M::mem_pestat] low and high boundaries for computing mean and std.dev: (1, 212)
[M::mem_pestat] mean and std.dev: (93.61, 39.55)
[M::mem_pestat] low and high boundaries for proper pairs: (1, 259)
[M::mem_pestat] analyzing insert size distribution for orientation FR...
[M::mem_pestat] (25, 50, 75) percentile: (75, 98, 131)
[M::mem_pestat] low and high boundaries for computing mean and std.dev: (1, 243)
[M::mem_pestat] mean and std.dev: (105.27, 40.81)
[M::mem_pestat] low and high boundaries for proper pairs: (1, 299)
[M::mem_pestat] analyzing insert size distribution for orientation RF...
[M::mem_pestat] (25, 50, 75) percentile: (93, 141, 156)
[M::mem_pestat] low and high boundaries for computing mean and std.dev: (1, 282)
[M::mem_pestat] mean and std.dev: (121.04, 49.09)
[M::mem_pestat] low and high boundaries for proper pairs: (1, 345)
[M::mem_pestat] analyzing insert size distribution for orientation RR...
[M::mem_pestat] (25, 50, 75) percentile: (69, 90, 119)
[M::mem_pestat] low and high boundaries for computing mean and std.dev: (1, 219)
[M::mem_pestat] mean and std.dev: (93.91, 40.37)
[M::mem_pestat] low and high boundaries for proper pairs: (1, 269)
[M::mem_pestat] skip orientation FF
[M::mem_pestat] skip orientation RF
[M::mem_pestat] skip orientation RR
[M::mem_process_seqs] Processed 1857860 reads in 765.080 CPU sec, 39.024 real sec
[M::process] read 1858408 sequences (200000179 bp)...
[M::mem_pestat] # candidate unique pairs for (FF, FR, RF, RR): (2512, 752627, 76, 2559)
[M::mem_pestat] analyzing insert size distribution for orientation FF...
[M::mem_pestat] (25, 50, 75) percentile: (71, 90, 120)
[M::mem_pestat] low and high boundaries for computing mean and std.dev: (1, 218)
[M::mem_pestat] mean and std.dev: (94.06, 39.63)
[M::mem_pestat] low and high boundaries for proper pairs: (1, 267)
[M::mem_pestat] analyzing insert size distribution for orientation FR...
[M::mem_pestat] (25, 50, 75) percentile: (75, 98, 131)
[M::mem_pestat] low and high boundaries for computing mean and std.dev: (1, 243)
[M::mem_pestat] mean and std.dev: (105.30, 40.85)
[M::mem_pestat] low and high boundaries for proper pairs: (1, 299)
[M::mem_pestat] analyzing insert size distribution for orientation RF...
[M::mem_pestat] (25, 50, 75) percentile: (80, 140, 165)
[M::mem_pestat] low and high boundaries for computing mean and std.dev: (1, 335)
[M::mem_pestat] mean and std.dev: (123.76, 74.58)
[M::mem_pestat] low and high boundaries for proper pairs: (1, 422)
[M::mem_pestat] analyzing insert size distribution for orientation RR...
[M::mem_pestat] (25, 50, 75) percentile: (71, 90, 121)
[M::mem_pestat] low and high boundaries for computing mean and std.dev: (1, 221)
[M::mem_pestat] mean and std.dev: (95.04, 41.13)
[M::mem_pestat] low and high boundaries for proper pairs: (1, 271)
[M::mem_pestat] skip orientation FF
[M::mem_pestat] skip orientation RF
[M::mem_pestat] skip orientation RR
[M::mem_process_seqs] Processed 1858080 reads in 780.954 CPU sec, 39.980 real sec
[M::process] read 1857234 sequences (200000153 bp)...
[M::mem_pestat] # candidate unique pairs for (FF, FR, RF, RR): (2720, 753690, 66, 2513)
[M::mem_pestat] analyzing insert size distribution for orientation FF...
[M::mem_pestat] (25, 50, 75) percentile: (72, 90, 122)
[M::mem_pestat] low and high boundaries for computing mean and std.dev: (1, 222)
[M::mem_pestat] mean and std.dev: (94.79, 41.06)
[M::mem_pestat] low and high boundaries for proper pairs: (1, 272)
[M::mem_pestat] analyzing insert size distribution for orientation FR...
[M::mem_pestat] (25, 50, 75) percentile: (75, 98, 131)
[M::mem_pestat] low and high boundaries for computing mean and std.dev: (1, 243)
[M::mem_pestat] mean and std.dev: (105.29, 40.93)
[M::mem_pestat] low and high boundaries for proper pairs: (1, 299)
[M::mem_pestat] analyzing insert size distribution for orientation RF...
[M::mem_pestat] (25, 50, 75) percentile: (105, 145, 169)
[M::mem_pestat] low and high boundaries for computing mean and std.dev: (1, 297)
[M::mem_pestat] mean and std.dev: (133.06, 60.71)
[M::mem_pestat] low and high boundaries for proper pairs: (1, 376)
[M::mem_pestat] analyzing insert size distribution for orientation RR...
[M::mem_pestat] (25, 50, 75) percentile: (71, 90, 118)
[M::mem_pestat] low and high boundaries for computing mean and std.dev: (1, 212)
[M::mem_pestat] mean and std.dev: (93.06, 39.28)
[M::mem_pestat] low and high boundaries for proper pairs: (1, 259)
[M::mem_pestat] skip orientation FF
[M::mem_pestat] skip orientation RF
[M::mem_pestat] skip orientation RR
[M::mem_process_seqs] Processed 1858408 reads in 770.842 CPU sec, 39.772 real sec
[M::process] read 1855212 sequences (200000009 bp)...
[M::mem_pestat] # candidate unique pairs for (FF, FR, RF, RR): (2630, 752296, 73, 2520)
[M::mem_pestat] analyzing insert size distribution for orientation FF...
[M::mem_pestat] (25, 50, 75) percentile: (70, 91, 118)
[M::mem_pestat] low and high boundaries for computing mean and std.dev: (1, 214)
[M::mem_pestat] mean and std.dev: (93.37, 40.76)
[M::mem_pestat] low and high boundaries for proper pairs: (1, 262)
[M::mem_pestat] analyzing insert size distribution for orientation FR...
[M::mem_pestat] (25, 50, 75) percentile: (75, 98, 131)
[M::mem_pestat] low and high boundaries for computing mean and std.dev: (1, 243)
[M::mem_pestat] mean and std.dev: (105.36, 40.93)
[M::mem_pestat] low and high boundaries for proper pairs: (1, 299)
[M::mem_pestat] analyzing insert size distribution for orientation RF...
[M::mem_pestat] (25, 50, 75) percentile: (87, 121, 161)
[M::mem_pestat] low and high boundaries for computing mean and std.dev: (1, 309)
[M::mem_pestat] mean and std.dev: (119.17, 55.25)
[M::mem_pestat] low and high boundaries for proper pairs: (1, 383)
[M::mem_pestat] analyzing insert size distribution for orientation RR...
[M::mem_pestat] (25, 50, 75) percentile: (69, 89, 118)
[M::mem_pestat] low and high boundaries for computing mean and std.dev: (1, 216)
[M::mem_pestat] mean and std.dev: (92.72, 40.02)
[M::mem_pestat] low and high boundaries for proper pairs: (1, 265)
[M::mem_pestat] skip orientation FF
[M::mem_pestat] skip orientation RF
[M::mem_pestat] skip orientation RR
[M::mem_process_seqs] Processed 1857234 reads in 786.772 CPU sec, 40.329 real sec
[M::process] read 1855316 sequences (200000055 bp)...
[M::mem_pestat] # candidate unique pairs for (FF, FR, RF, RR): (2579, 751824, 53, 2618)
[M::mem_pestat] analyzing insert size distribution for orientation FF...
[M::mem_pestat] (25, 50, 75) percentile: (69, 91, 121)
[M::mem_pestat] low and high boundaries for computing mean and std.dev: (1, 225)
[M::mem_pestat] mean and std.dev: (94.84, 42.22)
[M::mem_pestat] low and high boundaries for proper pairs: (1, 277)
[M::mem_pestat] analyzing insert size distribution for orientation FR...
[M::mem_pestat] (25, 50, 75) percentile: (75, 99, 131)
[M::mem_pestat] low and high boundaries for computing mean and std.dev: (1, 243)
[M::mem_pestat] mean and std.dev: (105.47, 40.98)
[M::mem_pestat] low and high boundaries for proper pairs: (1, 299)
[M::mem_pestat] analyzing insert size distribution for orientation RF...
[M::mem_pestat] (25, 50, 75) percentile: (102, 118, 161)
[M::mem_pestat] low and high boundaries for computing mean and std.dev: (1, 279)
[M::mem_pestat] mean and std.dev: (121.98, 54.73)
[M::mem_pestat] low and high boundaries for proper pairs: (1, 341)
[M::mem_pestat] analyzing insert size distribution for orientation RR...
[M::mem_pestat] (25, 50, 75) percentile: (68, 89, 121)
[M::mem_pestat] low and high boundaries for computing mean and std.dev: (1, 227)
[M::mem_pestat] mean and std.dev: (94.29, 42.06)
[M::mem_pestat] low and high boundaries for proper pairs: (1, 280)
[M::mem_pestat] skip orientation FF
[M::mem_pestat] skip orientation RF
[M::mem_pestat] skip orientation RR
[M::mem_process_seqs] Processed 1855212 reads in 771.081 CPU sec, 39.428 real sec
[M::process] read 1857112 sequences (200000112 bp)...
[M::mem_pestat] # candidate unique pairs for (FF, FR, RF, RR): (2627, 751491, 60, 2565)
[M::mem_pestat] analyzing insert size distribution for orientation FF...
[M::mem_pestat] (25, 50, 75) percentile: (70, 90, 119)
[M::mem_pestat] low and high boundaries for computing mean and std.dev: (1, 217)
[M::mem_pestat] mean and std.dev: (93.40, 39.70)
[M::mem_pestat] low and high boundaries for proper pairs: (1, 266)
[M::mem_pestat] analyzing insert size distribution for orientation FR...
[M::mem_pestat] (25, 50, 75) percentile: (75, 99, 131)
[M::mem_pestat] low and high boundaries for computing mean and std.dev: (1, 243)
[M::mem_pestat] mean and std.dev: (105.48, 41.04)
[M::mem_pestat] low and high boundaries for proper pairs: (1, 299)
[M::mem_pestat] analyzing insert size distribution for orientation RF...
[M::mem_pestat] (25, 50, 75) percentile: (98, 141, 170)
[M::mem_pestat] low and high boundaries for computing mean and std.dev: (1, 314)
[M::mem_pestat] mean and std.dev: (126.30, 53.73)
[M::mem_pestat] low and high boundaries for proper pairs: (1, 386)
[M::mem_pestat] analyzing insert size distribution for orientation RR...
[M::mem_pestat] (25, 50, 75) percentile: (69, 88, 119)
[M::mem_pestat] low and high boundaries for computing mean and std.dev: (1, 219)
[M::mem_pestat] mean and std.dev: (93.01, 40.51)
[M::mem_pestat] low and high boundaries for proper pairs: (1, 269)
[M::mem_pestat] skip orientation FF
[M::mem_pestat] skip orientation RF
[M::mem_pestat] skip orientation RR
[M::mem_process_seqs] Processed 1855316 reads in 783.172 CPU sec, 40.022 real sec
[M::process] read 1856124 sequences (200000062 bp)...
[M::mem_pestat] # candidate unique pairs for (FF, FR, RF, RR): (2682, 752632, 51, 2560)
[M::mem_pestat] analyzing insert size distribution for orientation FF...
[M::mem_pestat] (25, 50, 75) percentile: (71, 91, 119)
[M::mem_pestat] low and high boundaries for computing mean and std.dev: (1, 215)
[M::mem_pestat] mean and std.dev: (93.98, 39.88)
[M::mem_pestat] low and high boundaries for proper pairs: (1, 263)
[M::mem_pestat] analyzing insert size distribution for orientation FR...
[M::mem_pestat] (25, 50, 75) percentile: (75, 98, 131)
[M::mem_pestat] low and high boundaries for computing mean and std.dev: (1, 243)
[M::mem_pestat] mean and std.dev: (105.37, 41.04)
[M::mem_pestat] low and high boundaries for proper pairs: (1, 299)
[M::mem_pestat] analyzing insert size distribution for orientation RF...
[M::mem_pestat] (25, 50, 75) percentile: (76, 134, 171)
[M::mem_pestat] low and high boundaries for computing mean and std.dev: (1, 361)
[M::mem_pestat] mean and std.dev: (118.48, 61.91)
[M::mem_pestat] low and high boundaries for proper pairs: (1, 456)
[M::mem_pestat] analyzing insert size distribution for orientation RR...
[M::mem_pestat] (25, 50, 75) percentile: (70, 90, 116)
[M::mem_pestat] low and high boundaries for computing mean and std.dev: (1, 208)
[M::mem_pestat] mean and std.dev: (91.73, 38.80)
[M::mem_pestat] low and high boundaries for proper pairs: (1, 254)
[M::mem_pestat] skip orientation FF
[M::mem_pestat] skip orientation RF
[M::mem_pestat] skip orientation RR
[M::mem_process_seqs] Processed 1857112 reads in 780.440 CPU sec, 39.883 real sec
[M::process] read 1855862 sequences (200000036 bp)...
[M::mem_pestat] # candidate unique pairs for (FF, FR, RF, RR): (2637, 752509, 59, 2611)
[M::mem_pestat] analyzing insert size distribution for orientation FF...
[M::mem_pestat] (25, 50, 75) percentile: (70, 90, 120)
[M::mem_pestat] low and high boundaries for computing mean and std.dev: (1, 220)
[M::mem_pestat] mean and std.dev: (93.86, 40.47)
[M::mem_pestat] low and high boundaries for proper pairs: (1, 270)
[M::mem_pestat] analyzing insert size distribution for orientation FR...
[M::mem_pestat] (25, 50, 75) percentile: (75, 98, 131)
[M::mem_pestat] low and high boundaries for computing mean and std.dev: (1, 243)
[M::mem_pestat] mean and std.dev: (105.40, 40.98)
[M::mem_pestat] low and high boundaries for proper pairs: (1, 299)
[M::mem_pestat] analyzing insert size distribution for orientation RF...
[M::mem_pestat] (25, 50, 75) percentile: (81, 124, 153)
[M::mem_pestat] low and high boundaries for computing mean and std.dev: (1, 297)
[M::mem_pestat] mean and std.dev: (116.32, 61.44)
[M::mem_pestat] low and high boundaries for proper pairs: (1, 369)
[M::mem_pestat] analyzing insert size distribution for orientation RR...
[M::mem_pestat] (25, 50, 75) percentile: (69, 88, 118)
[M::mem_pestat] low and high boundaries for computing mean and std.dev: (1, 216)
[M::mem_pestat] mean and std.dev: (92.11, 39.42)
[M::mem_pestat] low and high boundaries for proper pairs: (1, 265)
[M::mem_pestat] skip orientation FF
[M::mem_pestat] skip orientation RF
[M::mem_pestat] skip orientation RR
[M::mem_process_seqs] Processed 1856124 reads in 786.710 CPU sec, 40.151 real sec
[M::process] read 1854788 sequences (200000082 bp)...
[M::mem_pestat] # candidate unique pairs for (FF, FR, RF, RR): (2606, 752715, 59, 2579)
[M::mem_pestat] analyzing insert size distribution for orientation FF...
[M::mem_pestat] (25, 50, 75) percentile: (71, 90, 120)
[M::mem_pestat] low and high boundaries for computing mean and std.dev: (1, 218)
[M::mem_pestat] mean and std.dev: (93.80, 40.67)
[M::mem_pestat] low and high boundaries for proper pairs: (1, 267)
[M::mem_pestat] analyzing insert size distribution for orientation FR...
[M::mem_pestat] (25, 50, 75) percentile: (75, 99, 131)
[M::mem_pestat] low and high boundaries for computing mean and std.dev: (1, 243)
[M::mem_pestat] mean and std.dev: (105.48, 40.97)
[M::mem_pestat] low and high boundaries for proper pairs: (1, 299)
[M::mem_pestat] analyzing insert size distribution for orientation RF...
[M::mem_pestat] (25, 50, 75) percentile: (82, 129, 159)
[M::mem_pestat] low and high boundaries for computing mean and std.dev: (1, 313)
[M::mem_pestat] mean and std.dev: (118.58, 57.09)
[M::mem_pestat] low and high boundaries for proper pairs: (1, 390)
[M::mem_pestat] analyzing insert size distribution for orientation RR...
[M::mem_pestat] (25, 50, 75) percentile: (70, 90, 117)
[M::mem_pestat] low and high boundaries for computing mean and std.dev: (1, 211)
[M::mem_pestat] mean and std.dev: (93.33, 38.44)
[M::mem_pestat] low and high boundaries for proper pairs: (1, 258)
[M::mem_pestat] skip orientation FF
[M::mem_pestat] skip orientation RF
[M::mem_pestat] skip orientation RR
[M::mem_process_seqs] Processed 1855862 reads in 784.887 CPU sec, 40.098 real sec
[M::process] read 1854594 sequences (200000027 bp)...
[M::mem_pestat] # candidate unique pairs for (FF, FR, RF, RR): (2607, 752436, 63, 2575)
[M::mem_pestat] analyzing insert size distribution for orientation FF...
[M::mem_pestat] (25, 50, 75) percentile: (70, 90, 120)
[M::mem_pestat] low and high boundaries for computing mean and std.dev: (1, 220)
[M::mem_pestat] mean and std.dev: (94.45, 41.03)
[M::mem_pestat] low and high boundaries for proper pairs: (1, 270)
[M::mem_pestat] analyzing insert size distribution for orientation FR...
[M::mem_pestat] (25, 50, 75) percentile: (75, 99, 131)
[M::mem_pestat] low and high boundaries for computing mean and std.dev: (1, 243)
[M::mem_pestat] mean and std.dev: (105.52, 41.05)
[M::mem_pestat] low and high boundaries for proper pairs: (1, 299)
[M::mem_pestat] analyzing insert size distribution for orientation RF...
[M::mem_pestat] (25, 50, 75) percentile: (58, 121, 174)
[M::mem_pestat] low and high boundaries for computing mean and std.dev: (1, 406)
[M::mem_pestat] mean and std.dev: (111.73, 67.70)
[M::mem_pestat] low and high boundaries for proper pairs: (1, 522)
[M::mem_pestat] analyzing insert size distribution for orientation RR...
[M::mem_pestat] (25, 50, 75) percentile: (70, 90, 120)
[M::mem_pestat] low and high boundaries for computing mean and std.dev: (1, 220)
[M::mem_pestat] mean and std.dev: (94.17, 40.70)
[M::mem_pestat] low and high boundaries for proper pairs: (1, 270)
[M::mem_pestat] skip orientation FF
[M::mem_pestat] skip orientation RF
[M::mem_pestat] skip orientation RR
[M::mem_process_seqs] Processed 1854788 reads in 773.458 CPU sec, 39.556 real sec
[M::process] read 1856418 sequences (200000095 bp)...
[M::mem_pestat] # candidate unique pairs for (FF, FR, RF, RR): (2615, 750991, 68, 2463)
[M::mem_pestat] analyzing insert size distribution for orientation FF...
[M::mem_pestat] (25, 50, 75) percentile: (69, 89, 119)
[M::mem_pestat] low and high boundaries for computing mean and std.dev: (1, 219)
[M::mem_pestat] mean and std.dev: (93.34, 40.74)
[M::mem_pestat] low and high boundaries for proper pairs: (1, 269)
[M::mem_pestat] analyzing insert size distribution for orientation FR...
[M::mem_pestat] (25, 50, 75) percentile: (75, 99, 131)
[M::mem_pestat] low and high boundaries for computing mean and std.dev: (1, 243)
[M::mem_pestat] mean and std.dev: (105.59, 41.11)
[M::mem_pestat] low and high boundaries for proper pairs: (1, 299)
[M::mem_pestat] analyzing insert size distribution for orientation RF...
[M::mem_pestat] (25, 50, 75) percentile: (97, 143, 181)
[M::mem_pestat] low and high boundaries for computing mean and std.dev: (1, 349)
[M::mem_pestat] mean and std.dev: (137.37, 65.93)
[M::mem_pestat] low and high boundaries for proper pairs: (1, 433)
[M::mem_pestat] analyzing insert size distribution for orientation RR...
[M::mem_pestat] (25, 50, 75) percentile: (70, 89, 118)
[M::mem_pestat] low and high boundaries for computing mean and std.dev: (1, 214)
[M::mem_pestat] mean and std.dev: (92.95, 40.49)
[M::mem_pestat] low and high boundaries for proper pairs: (1, 262)
[M::mem_pestat] skip orientation FF
[M::mem_pestat] skip orientation RF
[M::mem_pestat] skip orientation RR
[M::mem_process_seqs] Processed 1854594 reads in 775.184 CPU sec, 39.577 real sec
[M::process] read 1856256 sequences (200000010 bp)...
[M::mem_pestat] # candidate unique pairs for (FF, FR, RF, RR): (2658, 751827, 66, 2537)
[M::mem_pestat] analyzing insert size distribution for orientation FF...
[M::mem_pestat] (25, 50, 75) percentile: (71, 90, 120)
[M::mem_pestat] low and high boundaries for computing mean and std.dev: (1, 218)
[M::mem_pestat] mean and std.dev: (94.30, 40.06)
[M::mem_pestat] low and high boundaries for proper pairs: (1, 267)
[M::mem_pestat] analyzing insert size distribution for orientation FR...
[M::mem_pestat] (25, 50, 75) percentile: (75, 98, 131)
[M::mem_pestat] low and high boundaries for computing mean and std.dev: (1, 243)
[M::mem_pestat] mean and std.dev: (105.40, 40.95)
[M::mem_pestat] low and high boundaries for proper pairs: (1, 299)
[M::mem_pestat] analyzing insert size distribution for orientation RF...
[M::mem_pestat] (25, 50, 75) percentile: (87, 148, 180)
[M::mem_pestat] low and high boundaries for computing mean and std.dev: (1, 366)
[M::mem_pestat] mean and std.dev: (133.28, 67.75)
[M::mem_pestat] low and high boundaries for proper pairs: (1, 459)
[M::mem_pestat] analyzing insert size distribution for orientation RR...
[M::mem_pestat] (25, 50, 75) percentile: (71, 91, 120)
[M::mem_pestat] low and high boundaries for computing mean and std.dev: (1, 218)
[M::mem_pestat] mean and std.dev: (94.59, 41.67)
[M::mem_pestat] low and high boundaries for proper pairs: (1, 267)
[M::mem_pestat] skip orientation FF
[M::mem_pestat] skip orientation RF
[M::mem_pestat] skip orientation RR
[M::mem_process_seqs] Processed 1856418 reads in 771.387 CPU sec, 39.397 real sec
[M::process] read 1857248 sequences (200000061 bp)...
[M::mem_pestat] # candidate unique pairs for (FF, FR, RF, RR): (2510, 751429, 52, 2657)
[M::mem_pestat] analyzing insert size distribution for orientation FF...
[M::mem_pestat] (25, 50, 75) percentile: (70, 89, 119)
[M::mem_pestat] low and high boundaries for computing mean and std.dev: (1, 217)
[M::mem_pestat] mean and std.dev: (93.64, 39.90)
[M::mem_pestat] low and high boundaries for proper pairs: (1, 266)
[M::mem_pestat] analyzing insert size distribution for orientation FR...
[M::mem_pestat] (25, 50, 75) percentile: (75, 98, 131)
[M::mem_pestat] low and high boundaries for computing mean and std.dev: (1, 243)
[M::mem_pestat] mean and std.dev: (105.46, 41.02)
[M::mem_pestat] low and high boundaries for proper pairs: (1, 299)
[M::mem_pestat] analyzing insert size distribution for orientation RF...
[M::mem_pestat] (25, 50, 75) percentile: (78, 127, 166)
[M::mem_pestat] low and high boundaries for computing mean and std.dev: (1, 342)
[M::mem_pestat] mean and std.dev: (115.36, 54.19)
[M::mem_pestat] low and high boundaries for proper pairs: (1, 430)
[M::mem_pestat] analyzing insert size distribution for orientation RR...
[M::mem_pestat] (25, 50, 75) percentile: (72, 91, 119)
[M::mem_pestat] low and high boundaries for computing mean and std.dev: (1, 213)
[M::mem_pestat] mean and std.dev: (94.49, 39.49)
[M::mem_pestat] low and high boundaries for proper pairs: (1, 260)
[M::mem_pestat] skip orientation FF
[M::mem_pestat] skip orientation RF
[M::mem_pestat] skip orientation RR
[M::mem_process_seqs] Processed 1856256 reads in 774.934 CPU sec, 39.566 real sec
[M::process] read 1857540 sequences (200000120 bp)...
[M::mem_pestat] # candidate unique pairs for (FF, FR, RF, RR): (2562, 751872, 59, 2624)
[M::mem_pestat] analyzing insert size distribution for orientation FF...
[M::mem_pestat] (25, 50, 75) percentile: (71, 90, 118)
[M::mem_pestat] low and high boundaries for computing mean and std.dev: (1, 212)
[M::mem_pestat] mean and std.dev: (93.64, 39.53)
[M::mem_pestat] low and high boundaries for proper pairs: (1, 259)
[M::mem_pestat] analyzing insert size distribution for orientation FR...
[M::mem_pestat] (25, 50, 75) percentile: (75, 98, 131)
[M::mem_pestat] low and high boundaries for computing mean and std.dev: (1, 243)
[M::mem_pestat] mean and std.dev: (105.39, 41.04)
[M::mem_pestat] low and high boundaries for proper pairs: (1, 299)
[M::mem_pestat] analyzing insert size distribution for orientation RF...
[M::mem_pestat] (25, 50, 75) percentile: (70, 127, 161)
[M::mem_pestat] low and high boundaries for computing mean and std.dev: (1, 343)
[M::mem_pestat] mean and std.dev: (119.92, 64.47)
[M::mem_pestat] low and high boundaries for proper pairs: (1, 434)
[M::mem_pestat] analyzing insert size distribution for orientation RR...
[M::mem_pestat] (25, 50, 75) percentile: (71, 91, 120)
[M::mem_pestat] low and high boundaries for computing mean and std.dev: (1, 218)
[M::mem_pestat] mean and std.dev: (94.39, 40.44)
[M::mem_pestat] low and high boundaries for proper pairs: (1, 267)
[M::mem_pestat] skip orientation FF
[M::mem_pestat] skip orientation RF
[M::mem_pestat] skip orientation RR
[M::mem_process_seqs] Processed 1857248 reads in 785.243 CPU sec, 40.112 real sec
[M::process] read 1580940 sequences (170130077 bp)...
[M::mem_pestat] # candidate unique pairs for (FF, FR, RF, RR): (2543, 752793, 52, 2563)
[M::mem_pestat] analyzing insert size distribution for orientation FF...
[M::mem_pestat] (25, 50, 75) percentile: (70, 90, 119)
[M::mem_pestat] low and high boundaries for computing mean and std.dev: (1, 217)
[M::mem_pestat] mean and std.dev: (93.61, 40.06)
[M::mem_pestat] low and high boundaries for proper pairs: (1, 266)
[M::mem_pestat] analyzing insert size distribution for orientation FR...
[M::mem_pestat] (25, 50, 75) percentile: (75, 98, 131)
[M::mem_pestat] low and high boundaries for computing mean and std.dev: (1, 243)
[M::mem_pestat] mean and std.dev: (105.31, 40.95)
[M::mem_pestat] low and high boundaries for proper pairs: (1, 299)
[M::mem_pestat] analyzing insert size distribution for orientation RF...
[M::mem_pestat] (25, 50, 75) percentile: (89, 137, 175)
[M::mem_pestat] low and high boundaries for computing mean and std.dev: (1, 347)
[M::mem_pestat] mean and std.dev: (126.22, 58.16)
[M::mem_pestat] low and high boundaries for proper pairs: (1, 433)
[M::mem_pestat] analyzing insert size distribution for orientation RR...
[M::mem_pestat] (25, 50, 75) percentile: (72, 90, 117)
[M::mem_pestat] low and high boundaries for computing mean and std.dev: (1, 207)
[M::mem_pestat] mean and std.dev: (93.03, 37.67)
[M::mem_pestat] low and high boundaries for proper pairs: (1, 252)
[M::mem_pestat] skip orientation FF
[M::mem_pestat] skip orientation RF
[M::mem_pestat] skip orientation RR
[M::mem_process_seqs] Processed 1857540 reads in 770.917 CPU sec, 39.367 real sec
[M::mem_pestat] # candidate unique pairs for (FF, FR, RF, RR): (2305, 640272, 46, 2201)
[M::mem_pestat] analyzing insert size distribution for orientation FF...
[M::mem_pestat] (25, 50, 75) percentile: (70, 90, 119)
[M::mem_pestat] low and high boundaries for computing mean and std.dev: (1, 217)
[M::mem_pestat] mean and std.dev: (94.37, 41.52)
[M::mem_pestat] low and high boundaries for proper pairs: (1, 266)
[M::mem_pestat] analyzing insert size distribution for orientation FR...
[M::mem_pestat] (25, 50, 75) percentile: (75, 98, 131)
[M::mem_pestat] low and high boundaries for computing mean and std.dev: (1, 243)
[M::mem_pestat] mean and std.dev: (105.25, 41.02)
[M::mem_pestat] low and high boundaries for proper pairs: (1, 299)
[M::mem_pestat] analyzing insert size distribution for orientation RF...
[M::mem_pestat] (25, 50, 75) percentile: (77, 127, 179)
[M::mem_pestat] low and high boundaries for computing mean and std.dev: (1, 383)
[M::mem_pestat] mean and std.dev: (123.73, 59.18)
[M::mem_pestat] low and high boundaries for proper pairs: (1, 485)
[M::mem_pestat] analyzing insert size distribution for orientation RR...
[M::mem_pestat] (25, 50, 75) percentile: (70, 90, 118)
[M::mem_pestat] low and high boundaries for computing mean and std.dev: (1, 214)
[M::mem_pestat] mean and std.dev: (92.84, 40.21)
[M::mem_pestat] low and high boundaries for proper pairs: (1, 262)
[M::mem_pestat] skip orientation FF
[M::mem_pestat] skip orientation RF
[M::mem_pestat] skip orientation RR
[M::mem_process_seqs] Processed 1580940 reads in 663.492 CPU sec, 33.768 real sec
[main] Version: 0.7.17-r1188
[main] CMD: bwa mem -t 20 resources/genome/hg38.fa.gz results/Batch_01/filtered/DNA_B02_15_S41_L002.filtered.R1.fastq.gz results/Batch_01/filtered/DNA_B02_15_S41_L002.filtered.R2.fastq.gz
[main] Real time: 933.640 sec; CPU: 17904.956 sec
[bam_sort_core] merging from 18 files and 1 in-memory blocks...
[Fri Apr 15 14:15:10 2022]
Finished job 0.
1 of 1 steps (100%) done
