The flag 'directory' used in rule SS_checkm_analysis is only valid for outputs, not inputs.
The flag 'directory' used in rule SS_checkm_plots is only valid for outputs, not inputs.
The flag 'directory' used in rule SS_checkm_plots is only valid for outputs, not inputs.
Building DAG of jobs...
Using shell: /usr/bin/bash
Provided cores: 20
Rules claiming more threads will be scaled down.
Select jobs to execute...

[Fri Apr 15 13:44:23 2022]
rule bwa_map:
    input: results/Batch_01/filtered/DNA_B02_02_S31_L002.filtered.R1.fastq.gz, results/Batch_01/filtered/DNA_B02_02_S31_L002.filtered.R2.fastq.gz, resources/genome/hg38.fa.gz.ann, resources/genome/hg38.fa.gz
    output: results/Batch_01/bwa/DNA_B02_02_S31_L002.clean.R1.fastq, results/Batch_01/bwa/DNA_B02_02_S31_L002.clean.R2.fastq
    jobid: 0
    wildcards: dataset=Batch_01, sample=DNA_B02_02_S31_L002
    threads: 20
    resources: mem_mb=5123, disk_mb=5123, tmpdir=/tmp, account=b1042, partition=genomics, nodes=1, mem=50G, time=08:00:00


        module purge all
        module load bwa/0.7.17
        module load samtools/1.10.1
        module load bedtools/2.29.2
        bwa mem -t 20 resources/genome/hg38.fa.gz results/Batch_01/filtered/DNA_B02_02_S31_L002.filtered.R1.fastq.gz results/Batch_01/filtered/DNA_B02_02_S31_L002.filtered.R2.fastq.gz > results/Batch_01/bwa/DNA_B02_02_S31_L002.mapped.sam
        samtools view -Subh -o results/Batch_01/bwa/DNA_B02_02_S31_L002.mapped.bam results/Batch_01/bwa/DNA_B02_02_S31_L002.mapped.sam
        samtools sort -o results/Batch_01/bwa/DNA_B02_02_S31_L002.mapped.sorted.bam results/Batch_01/bwa/DNA_B02_02_S31_L002.mapped.bam

        samtools view -b -f 12 -F 256 -o results/Batch_01/bwa/DNA_B02_02_S31_L002.unmapped.bam results/Batch_01/bwa/DNA_B02_02_S31_L002.mapped.sorted.bam
        bedtools bamtofastq -i results/Batch_01/bwa/DNA_B02_02_S31_L002.unmapped.bam -fq results/Batch_01/bwa/DNA_B02_02_S31_L002.clean.R1.fastq -fq2 results/Batch_01/bwa/DNA_B02_02_S31_L002.clean.R2.fastq
        
[M::bwa_idx_load_from_disk] read 0 ALT contigs
[M::process] read 1844358 sequences (200000048 bp)...
[M::process] read 1845840 sequences (200000097 bp)...
[M::mem_pestat] # candidate unique pairs for (FF, FR, RF, RR): (2818, 754344, 47, 2699)
[M::mem_pestat] analyzing insert size distribution for orientation FF...
[M::mem_pestat] (25, 50, 75) percentile: (67, 89, 122)
[M::mem_pestat] low and high boundaries for computing mean and std.dev: (1, 232)
[M::mem_pestat] mean and std.dev: (94.67, 44.51)
[M::mem_pestat] low and high boundaries for proper pairs: (1, 287)
[M::mem_pestat] analyzing insert size distribution for orientation FR...
[M::mem_pestat] (25, 50, 75) percentile: (75, 99, 133)
[M::mem_pestat] low and high boundaries for computing mean and std.dev: (1, 249)
[M::mem_pestat] mean and std.dev: (106.75, 42.62)
[M::mem_pestat] low and high boundaries for proper pairs: (1, 307)
[M::mem_pestat] analyzing insert size distribution for orientation RF...
[M::mem_pestat] (25, 50, 75) percentile: (68, 111, 155)
[M::mem_pestat] low and high boundaries for computing mean and std.dev: (1, 329)
[M::mem_pestat] mean and std.dev: (105.25, 62.96)
[M::mem_pestat] low and high boundaries for proper pairs: (1, 416)
[M::mem_pestat] analyzing insert size distribution for orientation RR...
[M::mem_pestat] (25, 50, 75) percentile: (65, 89, 123)
[M::mem_pestat] low and high boundaries for computing mean and std.dev: (1, 239)
[M::mem_pestat] mean and std.dev: (95.52, 46.10)
[M::mem_pestat] low and high boundaries for proper pairs: (1, 297)
[M::mem_pestat] skip orientation FF
[M::mem_pestat] skip orientation RF
[M::mem_pestat] skip orientation RR
[M::mem_process_seqs] Processed 1844358 reads in 922.331 CPU sec, 61.766 real sec
[M::process] read 1846048 sequences (200000123 bp)...
[M::mem_pestat] # candidate unique pairs for (FF, FR, RF, RR): (2794, 754266, 56, 2705)
[M::mem_pestat] analyzing insert size distribution for orientation FF...
[M::mem_pestat] (25, 50, 75) percentile: (67, 91, 123)
[M::mem_pestat] low and high boundaries for computing mean and std.dev: (1, 235)
[M::mem_pestat] mean and std.dev: (95.12, 44.18)
[M::mem_pestat] low and high boundaries for proper pairs: (1, 291)
[M::mem_pestat] analyzing insert size distribution for orientation FR...
[M::mem_pestat] (25, 50, 75) percentile: (75, 99, 133)
[M::mem_pestat] low and high boundaries for computing mean and std.dev: (1, 249)
[M::mem_pestat] mean and std.dev: (106.55, 42.55)
[M::mem_pestat] low and high boundaries for proper pairs: (1, 307)
[M::mem_pestat] analyzing insert size distribution for orientation RF...
[M::mem_pestat] (25, 50, 75) percentile: (83, 123, 182)
[M::mem_pestat] low and high boundaries for computing mean and std.dev: (1, 380)
[M::mem_pestat] mean and std.dev: (105.34, 57.46)
[M::mem_pestat] low and high boundaries for proper pairs: (1, 479)
[M::mem_pestat] analyzing insert size distribution for orientation RR...
[M::mem_pestat] (25, 50, 75) percentile: (67, 90, 124)
[M::mem_pestat] low and high boundaries for computing mean and std.dev: (1, 238)
[M::mem_pestat] mean and std.dev: (96.16, 45.99)
[M::mem_pestat] low and high boundaries for proper pairs: (1, 295)
[M::mem_pestat] skip orientation FF
[M::mem_pestat] skip orientation RF
[M::mem_pestat] skip orientation RR
[M::mem_process_seqs] Processed 1845840 reads in 723.853 CPU sec, 37.248 real sec
[M::process] read 1846240 sequences (200000082 bp)...
[M::mem_pestat] # candidate unique pairs for (FF, FR, RF, RR): (2726, 755570, 45, 2693)
[M::mem_pestat] analyzing insert size distribution for orientation FF...
[M::mem_pestat] (25, 50, 75) percentile: (65, 88, 123)
[M::mem_pestat] low and high boundaries for computing mean and std.dev: (1, 239)
[M::mem_pestat] mean and std.dev: (94.29, 44.66)
[M::mem_pestat] low and high boundaries for proper pairs: (1, 297)
[M::mem_pestat] analyzing insert size distribution for orientation FR...
[M::mem_pestat] (25, 50, 75) percentile: (75, 99, 133)
[M::mem_pestat] low and high boundaries for computing mean and std.dev: (1, 249)
[M::mem_pestat] mean and std.dev: (106.64, 42.58)
[M::mem_pestat] low and high boundaries for proper pairs: (1, 307)
[M::mem_pestat] analyzing insert size distribution for orientation RF...
[M::mem_pestat] (25, 50, 75) percentile: (71, 119, 187)
[M::mem_pestat] low and high boundaries for computing mean and std.dev: (1, 419)
[M::mem_pestat] mean and std.dev: (107.00, 55.60)
[M::mem_pestat] low and high boundaries for proper pairs: (1, 535)
[M::mem_pestat] analyzing insert size distribution for orientation RR...
[M::mem_pestat] (25, 50, 75) percentile: (68, 90, 122)
[M::mem_pestat] low and high boundaries for computing mean and std.dev: (1, 230)
[M::mem_pestat] mean and std.dev: (94.96, 44.04)
[M::mem_pestat] low and high boundaries for proper pairs: (1, 284)
[M::mem_pestat] skip orientation FF
[M::mem_pestat] skip orientation RF
[M::mem_pestat] skip orientation RR
[M::mem_process_seqs] Processed 1846048 reads in 734.223 CPU sec, 38.520 real sec
[M::process] read 1846642 sequences (200000106 bp)...
[M::mem_pestat] # candidate unique pairs for (FF, FR, RF, RR): (2907, 754943, 51, 2563)
[M::mem_pestat] analyzing insert size distribution for orientation FF...
[M::mem_pestat] (25, 50, 75) percentile: (68, 89, 122)
[M::mem_pestat] low and high boundaries for computing mean and std.dev: (1, 230)
[M::mem_pestat] mean and std.dev: (95.07, 43.40)
[M::mem_pestat] low and high boundaries for proper pairs: (1, 284)
[M::mem_pestat] analyzing insert size distribution for orientation FR...
[M::mem_pestat] (25, 50, 75) percentile: (75, 99, 133)
[M::mem_pestat] low and high boundaries for computing mean and std.dev: (1, 249)
[M::mem_pestat] mean and std.dev: (106.58, 42.51)
[M::mem_pestat] low and high boundaries for proper pairs: (1, 307)
[M::mem_pestat] analyzing insert size distribution for orientation RF...
[M::mem_pestat] (25, 50, 75) percentile: (83, 109, 168)
[M::mem_pestat] low and high boundaries for computing mean and std.dev: (1, 338)
[M::mem_pestat] mean and std.dev: (112.77, 60.97)
[M::mem_pestat] low and high boundaries for proper pairs: (1, 423)
[M::mem_pestat] analyzing insert size distribution for orientation RR...
[M::mem_pestat] (25, 50, 75) percentile: (62, 88, 122)
[M::mem_pestat] low and high boundaries for computing mean and std.dev: (1, 242)
[M::mem_pestat] mean and std.dev: (93.70, 44.86)
[M::mem_pestat] low and high boundaries for proper pairs: (1, 302)
[M::mem_pestat] skip orientation FF
[M::mem_pestat] skip orientation RF
[M::mem_pestat] skip orientation RR
[M::mem_process_seqs] Processed 1846240 reads in 725.229 CPU sec, 40.512 real sec
[M::process] read 1846110 sequences (200000114 bp)...
[M::mem_pestat] # candidate unique pairs for (FF, FR, RF, RR): (2698, 756235, 43, 2705)
[M::mem_pestat] analyzing insert size distribution for orientation FF...
[M::mem_pestat] (25, 50, 75) percentile: (68, 89, 126)
[M::mem_pestat] low and high boundaries for computing mean and std.dev: (1, 242)
[M::mem_pestat] mean and std.dev: (96.75, 46.78)
[M::mem_pestat] low and high boundaries for proper pairs: (1, 300)
[M::mem_pestat] analyzing insert size distribution for orientation FR...
[M::mem_pestat] (25, 50, 75) percentile: (75, 99, 133)
[M::mem_pestat] low and high boundaries for computing mean and std.dev: (1, 249)
[M::mem_pestat] mean and std.dev: (106.57, 42.53)
[M::mem_pestat] low and high boundaries for proper pairs: (1, 307)
[M::mem_pestat] analyzing insert size distribution for orientation RF...
[M::mem_pestat] (25, 50, 75) percentile: (62, 132, 206)
[M::mem_pestat] low and high boundaries for computing mean and std.dev: (1, 494)
[M::mem_pestat] mean and std.dev: (110.32, 70.66)
[M::mem_pestat] low and high boundaries for proper pairs: (1, 638)
[M::mem_pestat] analyzing insert size distribution for orientation RR...
[M::mem_pestat] (25, 50, 75) percentile: (65, 89, 122)
[M::mem_pestat] low and high boundaries for computing mean and std.dev: (1, 236)
[M::mem_pestat] mean and std.dev: (93.71, 43.41)
[M::mem_pestat] low and high boundaries for proper pairs: (1, 293)
[M::mem_pestat] skip orientation FF
[M::mem_pestat] skip orientation RF
[M::mem_pestat] skip orientation RR
[M::mem_process_seqs] Processed 1846642 reads in 711.323 CPU sec, 36.704 real sec
[M::process] read 1847108 sequences (200000117 bp)...
[M::mem_pestat] # candidate unique pairs for (FF, FR, RF, RR): (2816, 755012, 49, 2593)
[M::mem_pestat] analyzing insert size distribution for orientation FF...
[M::mem_pestat] (25, 50, 75) percentile: (68, 89, 121)
[M::mem_pestat] low and high boundaries for computing mean and std.dev: (1, 227)
[M::mem_pestat] mean and std.dev: (93.66, 41.70)
[M::mem_pestat] low and high boundaries for proper pairs: (1, 280)
[M::mem_pestat] analyzing insert size distribution for orientation FR...
[M::mem_pestat] (25, 50, 75) percentile: (75, 99, 133)
[M::mem_pestat] low and high boundaries for computing mean and std.dev: (1, 249)
[M::mem_pestat] mean and std.dev: (106.57, 42.52)
[M::mem_pestat] low and high boundaries for proper pairs: (1, 307)
[M::mem_pestat] analyzing insert size distribution for orientation RF...
[M::mem_pestat] (25, 50, 75) percentile: (73, 142, 181)
[M::mem_pestat] low and high boundaries for computing mean and std.dev: (1, 397)
[M::mem_pestat] mean and std.dev: (120.91, 63.94)
[M::mem_pestat] low and high boundaries for proper pairs: (1, 505)
[M::mem_pestat] analyzing insert size distribution for orientation RR...
[M::mem_pestat] (25, 50, 75) percentile: (66, 90, 125)
[M::mem_pestat] low and high boundaries for computing mean and std.dev: (1, 243)
[M::mem_pestat] mean and std.dev: (95.27, 45.32)
[M::mem_pestat] low and high boundaries for proper pairs: (1, 302)
[M::mem_pestat] skip orientation FF
[M::mem_pestat] skip orientation RF
[M::mem_pestat] skip orientation RR
[M::mem_process_seqs] Processed 1846110 reads in 724.098 CPU sec, 37.005 real sec
[M::process] read 1847226 sequences (200000118 bp)...
[M::mem_pestat] # candidate unique pairs for (FF, FR, RF, RR): (2661, 755357, 63, 2711)
[M::mem_pestat] analyzing insert size distribution for orientation FF...
[M::mem_pestat] (25, 50, 75) percentile: (69, 90, 123)
[M::mem_pestat] low and high boundaries for computing mean and std.dev: (1, 231)
[M::mem_pestat] mean and std.dev: (94.79, 43.19)
[M::mem_pestat] low and high boundaries for proper pairs: (1, 285)
[M::mem_pestat] analyzing insert size distribution for orientation FR...
[M::mem_pestat] (25, 50, 75) percentile: (75, 99, 133)
[M::mem_pestat] low and high boundaries for computing mean and std.dev: (1, 249)
[M::mem_pestat] mean and std.dev: (106.59, 42.55)
[M::mem_pestat] low and high boundaries for proper pairs: (1, 307)
[M::mem_pestat] analyzing insert size distribution for orientation RF...
[M::mem_pestat] (25, 50, 75) percentile: (77, 139, 184)
[M::mem_pestat] low and high boundaries for computing mean and std.dev: (1, 398)
[M::mem_pestat] mean and std.dev: (138.02, 85.74)
[M::mem_pestat] low and high boundaries for proper pairs: (1, 505)
[M::mem_pestat] analyzing insert size distribution for orientation RR...
[M::mem_pestat] (25, 50, 75) percentile: (67, 89, 122)
[M::mem_pestat] low and high boundaries for computing mean and std.dev: (1, 232)
[M::mem_pestat] mean and std.dev: (94.48, 43.91)
[M::mem_pestat] low and high boundaries for proper pairs: (1, 287)
[M::mem_pestat] skip orientation FF
[M::mem_pestat] skip orientation RF
[M::mem_pestat] skip orientation RR
[M::mem_process_seqs] Processed 1847108 reads in 729.631 CPU sec, 37.463 real sec
[M::process] read 1845320 sequences (200000127 bp)...
[M::mem_pestat] # candidate unique pairs for (FF, FR, RF, RR): (2766, 754559, 52, 2717)
[M::mem_pestat] analyzing insert size distribution for orientation FF...
[M::mem_pestat] (25, 50, 75) percentile: (69, 91, 124)
[M::mem_pestat] low and high boundaries for computing mean and std.dev: (1, 234)
[M::mem_pestat] mean and std.dev: (96.03, 44.65)
[M::mem_pestat] low and high boundaries for proper pairs: (1, 289)
[M::mem_pestat] analyzing insert size distribution for orientation FR...
[M::mem_pestat] (25, 50, 75) percentile: (75, 99, 133)
[M::mem_pestat] low and high boundaries for computing mean and std.dev: (1, 249)
[M::mem_pestat] mean and std.dev: (106.58, 42.56)
[M::mem_pestat] low and high boundaries for proper pairs: (1, 307)
[M::mem_pestat] analyzing insert size distribution for orientation RF...
[M::mem_pestat] (25, 50, 75) percentile: (81, 180, 303)
[M::mem_pestat] low and high boundaries for computing mean and std.dev: (1, 747)
[M::mem_pestat] mean and std.dev: (148.02, 108.35)
[M::mem_pestat] low and high boundaries for proper pairs: (1, 969)
[M::mem_pestat] analyzing insert size distribution for orientation RR...
[M::mem_pestat] (25, 50, 75) percentile: (65, 89, 124)
[M::mem_pestat] low and high boundaries for computing mean and std.dev: (1, 242)
[M::mem_pestat] mean and std.dev: (94.41, 44.82)
[M::mem_pestat] low and high boundaries for proper pairs: (1, 301)
[M::mem_pestat] skip orientation FF
[M::mem_pestat] skip orientation RF
[M::mem_pestat] skip orientation RR
[M::mem_process_seqs] Processed 1847226 reads in 730.777 CPU sec, 37.839 real sec
[M::process] read 1844628 sequences (200000274 bp)...
[M::mem_pestat] # candidate unique pairs for (FF, FR, RF, RR): (2825, 753962, 59, 2731)
[M::mem_pestat] analyzing insert size distribution for orientation FF...
[M::mem_pestat] (25, 50, 75) percentile: (68, 90, 125)
[M::mem_pestat] low and high boundaries for computing mean and std.dev: (1, 239)
[M::mem_pestat] mean and std.dev: (95.99, 45.15)
[M::mem_pestat] low and high boundaries for proper pairs: (1, 296)
[M::mem_pestat] analyzing insert size distribution for orientation FR...
[M::mem_pestat] (25, 50, 75) percentile: (75, 99, 133)
[M::mem_pestat] low and high boundaries for computing mean and std.dev: (1, 249)
[M::mem_pestat] mean and std.dev: (106.67, 42.68)
[M::mem_pestat] low and high boundaries for proper pairs: (1, 307)
[M::mem_pestat] analyzing insert size distribution for orientation RF...
[M::mem_pestat] (25, 50, 75) percentile: (89, 128, 202)
[M::mem_pestat] low and high boundaries for computing mean and std.dev: (1, 428)
[M::mem_pestat] mean and std.dev: (133.91, 79.53)
[M::mem_pestat] low and high boundaries for proper pairs: (1, 541)
[M::mem_pestat] analyzing insert size distribution for orientation RR...
[M::mem_pestat] (25, 50, 75) percentile: (69, 90, 123)
[M::mem_pestat] low and high boundaries for computing mean and std.dev: (1, 231)
[M::mem_pestat] mean and std.dev: (94.82, 43.69)
[M::mem_pestat] low and high boundaries for proper pairs: (1, 285)
[M::mem_pestat] skip orientation FF
[M::mem_pestat] skip orientation RF
[M::mem_pestat] skip orientation RR
[M::mem_process_seqs] Processed 1845320 reads in 729.610 CPU sec, 37.645 real sec
[M::process] read 1845304 sequences (200000079 bp)...
[M::mem_pestat] # candidate unique pairs for (FF, FR, RF, RR): (2683, 753685, 46, 2754)
[M::mem_pestat] analyzing insert size distribution for orientation FF...
[M::mem_pestat] (25, 50, 75) percentile: (66, 90, 124)
[M::mem_pestat] low and high boundaries for computing mean and std.dev: (1, 240)
[M::mem_pestat] mean and std.dev: (95.41, 46.03)
[M::mem_pestat] low and high boundaries for proper pairs: (1, 298)
[M::mem_pestat] analyzing insert size distribution for orientation FR...
[M::mem_pestat] (25, 50, 75) percentile: (75, 99, 133)
[M::mem_pestat] low and high boundaries for computing mean and std.dev: (1, 249)
[M::mem_pestat] mean and std.dev: (106.69, 42.72)
[M::mem_pestat] low and high boundaries for proper pairs: (1, 307)
[M::mem_pestat] analyzing insert size distribution for orientation RF...
[M::mem_pestat] (25, 50, 75) percentile: (45, 131, 183)
[M::mem_pestat] low and high boundaries for computing mean and std.dev: (1, 459)
[M::mem_pestat] mean and std.dev: (122.00, 86.36)
[M::mem_pestat] low and high boundaries for proper pairs: (1, 597)
[M::mem_pestat] analyzing insert size distribution for orientation RR...
[M::mem_pestat] (25, 50, 75) percentile: (66, 90, 125)
[M::mem_pestat] low and high boundaries for computing mean and std.dev: (1, 243)
[M::mem_pestat] mean and std.dev: (96.56, 47.36)
[M::mem_pestat] low and high boundaries for proper pairs: (1, 302)
[M::mem_pestat] skip orientation FF
[M::mem_pestat] skip orientation RF
[M::mem_pestat] skip orientation RR
[M::mem_process_seqs] Processed 1844628 reads in 727.451 CPU sec, 37.967 real sec
[M::process] read 1844394 sequences (200000151 bp)...
[M::mem_pestat] # candidate unique pairs for (FF, FR, RF, RR): (2784, 753906, 70, 2747)
[M::mem_pestat] analyzing insert size distribution for orientation FF...
[M::mem_pestat] (25, 50, 75) percentile: (67, 90, 123)
[M::mem_pestat] low and high boundaries for computing mean and std.dev: (1, 235)
[M::mem_pestat] mean and std.dev: (94.45, 43.55)
[M::mem_pestat] low and high boundaries for proper pairs: (1, 291)
[M::mem_pestat] analyzing insert size distribution for orientation FR...
[M::mem_pestat] (25, 50, 75) percentile: (75, 99, 134)
[M::mem_pestat] low and high boundaries for computing mean and std.dev: (1, 252)
[M::mem_pestat] mean and std.dev: (106.98, 43.09)
[M::mem_pestat] low and high boundaries for proper pairs: (1, 311)
[M::mem_pestat] analyzing insert size distribution for orientation RF...
[M::mem_pestat] (25, 50, 75) percentile: (72, 127, 176)
[M::mem_pestat] low and high boundaries for computing mean and std.dev: (1, 384)
[M::mem_pestat] mean and std.dev: (112.11, 67.88)
[M::mem_pestat] low and high boundaries for proper pairs: (1, 488)
[M::mem_pestat] analyzing insert size distribution for orientation RR...
[M::mem_pestat] (25, 50, 75) percentile: (65, 90, 122)
[M::mem_pestat] low and high boundaries for computing mean and std.dev: (1, 236)
[M::mem_pestat] mean and std.dev: (95.11, 44.98)
[M::mem_pestat] low and high boundaries for proper pairs: (1, 293)
[M::mem_pestat] skip orientation FF
[M::mem_pestat] skip orientation RF
[M::mem_pestat] skip orientation RR
[M::mem_process_seqs] Processed 1845304 reads in 729.458 CPU sec, 38.656 real sec
[M::process] read 1844070 sequences (200000061 bp)...
[M::mem_pestat] # candidate unique pairs for (FF, FR, RF, RR): (2681, 753698, 62, 2750)
[M::mem_pestat] analyzing insert size distribution for orientation FF...
[M::mem_pestat] (25, 50, 75) percentile: (68, 89, 122)
[M::mem_pestat] low and high boundaries for computing mean and std.dev: (1, 230)
[M::mem_pestat] mean and std.dev: (94.16, 43.58)
[M::mem_pestat] low and high boundaries for proper pairs: (1, 284)
[M::mem_pestat] analyzing insert size distribution for orientation FR...
[M::mem_pestat] (25, 50, 75) percentile: (75, 99, 133)
[M::mem_pestat] low and high boundaries for computing mean and std.dev: (1, 249)
[M::mem_pestat] mean and std.dev: (106.77, 42.67)
[M::mem_pestat] low and high boundaries for proper pairs: (1, 307)
[M::mem_pestat] analyzing insert size distribution for orientation RF...
[M::mem_pestat] (25, 50, 75) percentile: (72, 135, 177)
[M::mem_pestat] low and high boundaries for computing mean and std.dev: (1, 387)
[M::mem_pestat] mean and std.dev: (113.60, 55.83)
[M::mem_pestat] low and high boundaries for proper pairs: (1, 492)
[M::mem_pestat] analyzing insert size distribution for orientation RR...
[M::mem_pestat] (25, 50, 75) percentile: (67, 90, 124)
[M::mem_pestat] low and high boundaries for computing mean and std.dev: (1, 238)
[M::mem_pestat] mean and std.dev: (95.19, 45.08)
[M::mem_pestat] low and high boundaries for proper pairs: (1, 295)
[M::mem_pestat] skip orientation FF
[M::mem_pestat] skip orientation RF
[M::mem_pestat] skip orientation RR
[M::mem_process_seqs] Processed 1844394 reads in 731.700 CPU sec, 37.408 real sec
[M::process] read 1844784 sequences (200000089 bp)...
[M::mem_pestat] # candidate unique pairs for (FF, FR, RF, RR): (2681, 752706, 60, 2787)
[M::mem_pestat] analyzing insert size distribution for orientation FF...
[M::mem_pestat] (25, 50, 75) percentile: (69, 89, 125)
[M::mem_pestat] low and high boundaries for computing mean and std.dev: (1, 237)
[M::mem_pestat] mean and std.dev: (96.44, 45.07)
[M::mem_pestat] low and high boundaries for proper pairs: (1, 293)
[M::mem_pestat] analyzing insert size distribution for orientation FR...
[M::mem_pestat] (25, 50, 75) percentile: (75, 99, 133)
[M::mem_pestat] low and high boundaries for computing mean and std.dev: (1, 249)
[M::mem_pestat] mean and std.dev: (106.75, 42.69)
[M::mem_pestat] low and high boundaries for proper pairs: (1, 307)
[M::mem_pestat] analyzing insert size distribution for orientation RF...
[M::mem_pestat] (25, 50, 75) percentile: (73, 126, 185)
[M::mem_pestat] low and high boundaries for computing mean and std.dev: (1, 409)
[M::mem_pestat] mean and std.dev: (108.62, 59.43)
[M::mem_pestat] low and high boundaries for proper pairs: (1, 521)
[M::mem_pestat] analyzing insert size distribution for orientation RR...
[M::mem_pestat] (25, 50, 75) percentile: (65, 88, 123)
[M::mem_pestat] low and high boundaries for computing mean and std.dev: (1, 239)
[M::mem_pestat] mean and std.dev: (94.38, 45.49)
[M::mem_pestat] low and high boundaries for proper pairs: (1, 297)
[M::mem_pestat] skip orientation FF
[M::mem_pestat] skip orientation RF
[M::mem_pestat] skip orientation RR
[M::mem_process_seqs] Processed 1844070 reads in 727.086 CPU sec, 37.126 real sec
[M::process] read 1846426 sequences (200000276 bp)...
[M::mem_pestat] # candidate unique pairs for (FF, FR, RF, RR): (2661, 754334, 60, 2731)
[M::mem_pestat] analyzing insert size distribution for orientation FF...
[M::mem_pestat] (25, 50, 75) percentile: (68, 92, 127)
[M::mem_pestat] low and high boundaries for computing mean and std.dev: (1, 245)
[M::mem_pestat] mean and std.dev: (97.13, 45.72)
[M::mem_pestat] low and high boundaries for proper pairs: (1, 304)
[M::mem_pestat] analyzing insert size distribution for orientation FR...
[M::mem_pestat] (25, 50, 75) percentile: (75, 99, 133)
[M::mem_pestat] low and high boundaries for computing mean and std.dev: (1, 249)
[M::mem_pestat] mean and std.dev: (106.76, 42.74)
[M::mem_pestat] low and high boundaries for proper pairs: (1, 307)
[M::mem_pestat] analyzing insert size distribution for orientation RF...
[M::mem_pestat] (25, 50, 75) percentile: (83, 120, 172)
[M::mem_pestat] low and high boundaries for computing mean and std.dev: (1, 350)
[M::mem_pestat] mean and std.dev: (124.40, 72.92)
[M::mem_pestat] low and high boundaries for proper pairs: (1, 439)
[M::mem_pestat] analyzing insert size distribution for orientation RR...
[M::mem_pestat] (25, 50, 75) percentile: (66, 89, 122)
[M::mem_pestat] low and high boundaries for computing mean and std.dev: (1, 234)
[M::mem_pestat] mean and std.dev: (94.23, 44.08)
[M::mem_pestat] low and high boundaries for proper pairs: (1, 290)
[M::mem_pestat] skip orientation FF
[M::mem_pestat] skip orientation RF
[M::mem_pestat] skip orientation RR
[M::mem_process_seqs] Processed 1844784 reads in 726.299 CPU sec, 37.482 real sec
[M::process] read 1846266 sequences (200000234 bp)...
[M::mem_pestat] # candidate unique pairs for (FF, FR, RF, RR): (2826, 755210, 57, 2610)
[M::mem_pestat] analyzing insert size distribution for orientation FF...
[M::mem_pestat] (25, 50, 75) percentile: (67, 89, 124)
[M::mem_pestat] low and high boundaries for computing mean and std.dev: (1, 238)
[M::mem_pestat] mean and std.dev: (94.86, 44.39)
[M::mem_pestat] low and high boundaries for proper pairs: (1, 295)
[M::mem_pestat] analyzing insert size distribution for orientation FR...
[M::mem_pestat] (25, 50, 75) percentile: (75, 99, 133)
[M::mem_pestat] low and high boundaries for computing mean and std.dev: (1, 249)
[M::mem_pestat] mean and std.dev: (106.59, 42.68)
[M::mem_pestat] low and high boundaries for proper pairs: (1, 307)
[M::mem_pestat] analyzing insert size distribution for orientation RF...
[M::mem_pestat] (25, 50, 75) percentile: (104, 149, 317)
[M::mem_pestat] low and high boundaries for computing mean and std.dev: (1, 743)
[M::mem_pestat] mean and std.dev: (204.36, 164.29)
[M::mem_pestat] low and high boundaries for proper pairs: (1, 956)
[M::mem_pestat] analyzing insert size distribution for orientation RR...
[M::mem_pestat] (25, 50, 75) percentile: (68, 89, 124)
[M::mem_pestat] low and high boundaries for computing mean and std.dev: (1, 236)
[M::mem_pestat] mean and std.dev: (94.82, 43.82)
[M::mem_pestat] low and high boundaries for proper pairs: (1, 292)
[M::mem_pestat] skip orientation FF
[M::mem_pestat] skip orientation RF
[M::mem_pestat] skip orientation RR
[M::mem_process_seqs] Processed 1846426 reads in 731.160 CPU sec, 37.504 real sec
[M::process] read 1227120 sequences (132857839 bp)...
[M::mem_pestat] # candidate unique pairs for (FF, FR, RF, RR): (2781, 754943, 59, 2540)
[M::mem_pestat] analyzing insert size distribution for orientation FF...
[M::mem_pestat] (25, 50, 75) percentile: (64, 89, 123)
[M::mem_pestat] low and high boundaries for computing mean and std.dev: (1, 241)
[M::mem_pestat] mean and std.dev: (94.04, 44.70)
[M::mem_pestat] low and high boundaries for proper pairs: (1, 300)
[M::mem_pestat] analyzing insert size distribution for orientation FR...
[M::mem_pestat] (25, 50, 75) percentile: (75, 99, 133)
[M::mem_pestat] low and high boundaries for computing mean and std.dev: (1, 249)
[M::mem_pestat] mean and std.dev: (106.60, 42.72)
[M::mem_pestat] low and high boundaries for proper pairs: (1, 307)
[M::mem_pestat] analyzing insert size distribution for orientation RF...
[M::mem_pestat] (25, 50, 75) percentile: (60, 129, 168)
[M::mem_pestat] low and high boundaries for computing mean and std.dev: (1, 384)
[M::mem_pestat] mean and std.dev: (122.30, 78.52)
[M::mem_pestat] low and high boundaries for proper pairs: (1, 492)
[M::mem_pestat] analyzing insert size distribution for orientation RR...
[M::mem_pestat] (25, 50, 75) percentile: (66, 88, 121)
[M::mem_pestat] low and high boundaries for computing mean and std.dev: (1, 231)
[M::mem_pestat] mean and std.dev: (92.89, 43.22)
[M::mem_pestat] low and high boundaries for proper pairs: (1, 286)
[M::mem_pestat] skip orientation FF
[M::mem_pestat] skip orientation RF
[M::mem_pestat] skip orientation RR
[M::mem_process_seqs] Processed 1846266 reads in 731.054 CPU sec, 37.473 real sec
[M::mem_pestat] # candidate unique pairs for (FF, FR, RF, RR): (1822, 500945, 37, 1855)
[M::mem_pestat] analyzing insert size distribution for orientation FF...
[M::mem_pestat] (25, 50, 75) percentile: (65, 88, 124)
[M::mem_pestat] low and high boundaries for computing mean and std.dev: (1, 242)
[M::mem_pestat] mean and std.dev: (94.64, 46.40)
[M::mem_pestat] low and high boundaries for proper pairs: (1, 301)
[M::mem_pestat] analyzing insert size distribution for orientation FR...
[M::mem_pestat] (25, 50, 75) percentile: (75, 99, 133)
[M::mem_pestat] low and high boundaries for computing mean and std.dev: (1, 249)
[M::mem_pestat] mean and std.dev: (106.58, 42.70)
[M::mem_pestat] low and high boundaries for proper pairs: (1, 307)
[M::mem_pestat] analyzing insert size distribution for orientation RF...
[M::mem_pestat] (25, 50, 75) percentile: (70, 120, 180)
[M::mem_pestat] low and high boundaries for computing mean and std.dev: (1, 400)
[M::mem_pestat] mean and std.dev: (119.66, 65.52)
[M::mem_pestat] low and high boundaries for proper pairs: (1, 510)
[M::mem_pestat] analyzing insert size distribution for orientation RR...
[M::mem_pestat] (25, 50, 75) percentile: (68, 90, 120)
[M::mem_pestat] low and high boundaries for computing mean and std.dev: (1, 224)
[M::mem_pestat] mean and std.dev: (93.14, 42.56)
[M::mem_pestat] low and high boundaries for proper pairs: (1, 276)
[M::mem_pestat] skip orientation FF
[M::mem_pestat] skip orientation RF
[M::mem_pestat] skip orientation RR
[M::mem_process_seqs] Processed 1227120 reads in 482.789 CPU sec, 25.435 real sec
[main] Version: 0.7.17-r1188
[main] CMD: bwa mem -t 20 resources/genome/hg38.fa.gz results/Batch_01/filtered/DNA_B02_02_S31_L002.filtered.R1.fastq.gz results/Batch_01/filtered/DNA_B02_02_S31_L002.filtered.R2.fastq.gz
[main] Real time: 661.707 sec; CPU: 12325.760 sec
[bam_sort_core] merging from 13 files and 1 in-memory blocks...
[Fri Apr 15 14:04:25 2022]
Finished job 0.
1 of 1 steps (100%) done
