The flag 'directory' used in rule SS_checkm_analysis is only valid for outputs, not inputs.
The flag 'directory' used in rule SS_checkm_plots is only valid for outputs, not inputs.
The flag 'directory' used in rule SS_checkm_plots is only valid for outputs, not inputs.
Building DAG of jobs...
Using shell: /usr/bin/bash
Provided cores: 20
Rules claiming more threads will be scaled down.
Select jobs to execute...

[Fri Apr 15 13:46:38 2022]
rule bwa_map:
    input: results/Batch_01/filtered/DNA_B02_24_S48_L002.filtered.R1.fastq.gz, results/Batch_01/filtered/DNA_B02_24_S48_L002.filtered.R2.fastq.gz, resources/genome/hg38.fa.gz.ann, resources/genome/hg38.fa.gz
    output: results/Batch_01/bwa/DNA_B02_24_S48_L002.clean.R1.fastq, results/Batch_01/bwa/DNA_B02_24_S48_L002.clean.R2.fastq
    jobid: 0
    wildcards: dataset=Batch_01, sample=DNA_B02_24_S48_L002
    threads: 20
    resources: mem_mb=6387, disk_mb=6387, tmpdir=/tmp, account=b1042, partition=genomics, nodes=1, mem=50G, time=08:00:00


        module purge all
        module load bwa/0.7.17
        module load samtools/1.10.1
        module load bedtools/2.29.2
        bwa mem -t 20 resources/genome/hg38.fa.gz results/Batch_01/filtered/DNA_B02_24_S48_L002.filtered.R1.fastq.gz results/Batch_01/filtered/DNA_B02_24_S48_L002.filtered.R2.fastq.gz > results/Batch_01/bwa/DNA_B02_24_S48_L002.mapped.sam
        samtools view -Subh -o results/Batch_01/bwa/DNA_B02_24_S48_L002.mapped.bam results/Batch_01/bwa/DNA_B02_24_S48_L002.mapped.sam
        samtools sort -o results/Batch_01/bwa/DNA_B02_24_S48_L002.mapped.sorted.bam results/Batch_01/bwa/DNA_B02_24_S48_L002.mapped.bam

        samtools view -b -f 12 -F 256 -o results/Batch_01/bwa/DNA_B02_24_S48_L002.unmapped.bam results/Batch_01/bwa/DNA_B02_24_S48_L002.mapped.sorted.bam
        bedtools bamtofastq -i results/Batch_01/bwa/DNA_B02_24_S48_L002.unmapped.bam -fq results/Batch_01/bwa/DNA_B02_24_S48_L002.clean.R1.fastq -fq2 results/Batch_01/bwa/DNA_B02_24_S48_L002.clean.R2.fastq
        
[M::bwa_idx_load_from_disk] read 0 ALT contigs
[M::process] read 1915492 sequences (200000151 bp)...
[M::process] read 1915066 sequences (200000173 bp)...
[M::mem_pestat] # candidate unique pairs for (FF, FR, RF, RR): (6899, 744575, 9, 6501)
[M::mem_pestat] analyzing insert size distribution for orientation FF...
[M::mem_pestat] (25, 50, 75) percentile: (75, 93, 122)
[M::mem_pestat] low and high boundaries for computing mean and std.dev: (1, 216)
[M::mem_pestat] mean and std.dev: (98.31, 37.65)
[M::mem_pestat] low and high boundaries for proper pairs: (1, 263)
[M::mem_pestat] analyzing insert size distribution for orientation FR...
[M::mem_pestat] (25, 50, 75) percentile: (68, 87, 113)
[M::mem_pestat] low and high boundaries for computing mean and std.dev: (1, 203)
[M::mem_pestat] mean and std.dev: (92.30, 33.19)
[M::mem_pestat] low and high boundaries for proper pairs: (1, 248)
[M::mem_pestat] skip orientation RF as there are not enough pairs
[M::mem_pestat] analyzing insert size distribution for orientation RR...
[M::mem_pestat] (25, 50, 75) percentile: (76, 95, 125)
[M::mem_pestat] low and high boundaries for computing mean and std.dev: (1, 223)
[M::mem_pestat] mean and std.dev: (100.37, 39.24)
[M::mem_pestat] low and high boundaries for proper pairs: (1, 272)
[M::mem_pestat] skip orientation FF
[M::mem_pestat] skip orientation RR
[M::mem_process_seqs] Processed 1915492 reads in 1024.567 CPU sec, 66.773 real sec
[M::process] read 1913952 sequences (200000015 bp)...
[M::mem_pestat] # candidate unique pairs for (FF, FR, RF, RR): (6668, 743342, 13, 6844)
[M::mem_pestat] analyzing insert size distribution for orientation FF...
[M::mem_pestat] (25, 50, 75) percentile: (75, 93, 121)
[M::mem_pestat] low and high boundaries for computing mean and std.dev: (1, 213)
[M::mem_pestat] mean and std.dev: (96.96, 36.77)
[M::mem_pestat] low and high boundaries for proper pairs: (1, 259)
[M::mem_pestat] analyzing insert size distribution for orientation FR...
[M::mem_pestat] (25, 50, 75) percentile: (68, 87, 113)
[M::mem_pestat] low and high boundaries for computing mean and std.dev: (1, 203)
[M::mem_pestat] mean and std.dev: (92.37, 33.22)
[M::mem_pestat] low and high boundaries for proper pairs: (1, 248)
[M::mem_pestat] analyzing insert size distribution for orientation RF...
[M::mem_pestat] (25, 50, 75) percentile: (48, 76, 147)
[M::mem_pestat] low and high boundaries for computing mean and std.dev: (1, 345)
[M::mem_pestat] mean and std.dev: (97.46, 72.09)
[M::mem_pestat] low and high boundaries for proper pairs: (1, 444)
[M::mem_pestat] analyzing insert size distribution for orientation RR...
[M::mem_pestat] (25, 50, 75) percentile: (76, 94, 123)
[M::mem_pestat] low and high boundaries for computing mean and std.dev: (1, 217)
[M::mem_pestat] mean and std.dev: (99.05, 38.22)
[M::mem_pestat] low and high boundaries for proper pairs: (1, 264)
[M::mem_pestat] skip orientation FF
[M::mem_pestat] skip orientation RF
[M::mem_pestat] skip orientation RR
[M::mem_process_seqs] Processed 1915066 reads in 835.565 CPU sec, 43.451 real sec
[M::process] read 1915408 sequences (200000109 bp)...
[M::mem_pestat] # candidate unique pairs for (FF, FR, RF, RR): (6789, 744196, 19, 6712)
[M::mem_pestat] analyzing insert size distribution for orientation FF...
[M::mem_pestat] (25, 50, 75) percentile: (75, 92, 121)
[M::mem_pestat] low and high boundaries for computing mean and std.dev: (1, 213)
[M::mem_pestat] mean and std.dev: (97.20, 37.08)
[M::mem_pestat] low and high boundaries for proper pairs: (1, 259)
[M::mem_pestat] analyzing insert size distribution for orientation FR...
[M::mem_pestat] (25, 50, 75) percentile: (68, 87, 113)
[M::mem_pestat] low and high boundaries for computing mean and std.dev: (1, 203)
[M::mem_pestat] mean and std.dev: (92.45, 33.22)
[M::mem_pestat] low and high boundaries for proper pairs: (1, 248)
[M::mem_pestat] analyzing insert size distribution for orientation RF...
[M::mem_pestat] (25, 50, 75) percentile: (100, 132, 188)
[M::mem_pestat] low and high boundaries for computing mean and std.dev: (1, 364)
[M::mem_pestat] mean and std.dev: (126.72, 62.19)
[M::mem_pestat] low and high boundaries for proper pairs: (1, 452)
[M::mem_pestat] analyzing insert size distribution for orientation RR...
[M::mem_pestat] (25, 50, 75) percentile: (76, 94, 122)
[M::mem_pestat] low and high boundaries for computing mean and std.dev: (1, 214)
[M::mem_pestat] mean and std.dev: (98.32, 38.13)
[M::mem_pestat] low and high boundaries for proper pairs: (1, 260)
[M::mem_pestat] skip orientation FF
[M::mem_pestat] skip orientation RF
[M::mem_pestat] skip orientation RR
[M::mem_process_seqs] Processed 1913952 reads in 834.726 CPU sec, 42.868 real sec
[M::process] read 1915218 sequences (200000039 bp)...
[M::mem_pestat] # candidate unique pairs for (FF, FR, RF, RR): (6736, 745015, 13, 6697)
[M::mem_pestat] analyzing insert size distribution for orientation FF...
[M::mem_pestat] (25, 50, 75) percentile: (75, 91, 119)
[M::mem_pestat] low and high boundaries for computing mean and std.dev: (1, 207)
[M::mem_pestat] mean and std.dev: (96.31, 36.42)
[M::mem_pestat] low and high boundaries for proper pairs: (1, 251)
[M::mem_pestat] analyzing insert size distribution for orientation FR...
[M::mem_pestat] (25, 50, 75) percentile: (68, 87, 113)
[M::mem_pestat] low and high boundaries for computing mean and std.dev: (1, 203)
[M::mem_pestat] mean and std.dev: (92.35, 33.12)
[M::mem_pestat] low and high boundaries for proper pairs: (1, 248)
[M::mem_pestat] analyzing insert size distribution for orientation RF...
[M::mem_pestat] (25, 50, 75) percentile: (29, 47, 102)
[M::mem_pestat] low and high boundaries for computing mean and std.dev: (1, 248)
[M::mem_pestat] mean and std.dev: (65.77, 48.03)
[M::mem_pestat] low and high boundaries for proper pairs: (1, 321)
[M::mem_pestat] analyzing insert size distribution for orientation RR...
[M::mem_pestat] (25, 50, 75) percentile: (76, 94, 123)
[M::mem_pestat] low and high boundaries for computing mean and std.dev: (1, 217)
[M::mem_pestat] mean and std.dev: (98.61, 38.25)
[M::mem_pestat] low and high boundaries for proper pairs: (1, 264)
[M::mem_pestat] skip orientation FF
[M::mem_pestat] skip orientation RF
[M::mem_pestat] skip orientation RR
[M::mem_process_seqs] Processed 1915408 reads in 828.204 CPU sec, 43.152 real sec
[M::process] read 1915458 sequences (200000199 bp)...
[M::mem_pestat] # candidate unique pairs for (FF, FR, RF, RR): (6635, 744433, 17, 6749)
[M::mem_pestat] analyzing insert size distribution for orientation FF...
[M::mem_pestat] (25, 50, 75) percentile: (75, 92, 120)
[M::mem_pestat] low and high boundaries for computing mean and std.dev: (1, 210)
[M::mem_pestat] mean and std.dev: (96.69, 36.77)
[M::mem_pestat] low and high boundaries for proper pairs: (1, 255)
[M::mem_pestat] analyzing insert size distribution for orientation FR...
[M::mem_pestat] (25, 50, 75) percentile: (68, 87, 113)
[M::mem_pestat] low and high boundaries for computing mean and std.dev: (1, 203)
[M::mem_pestat] mean and std.dev: (92.41, 33.18)
[M::mem_pestat] low and high boundaries for proper pairs: (1, 248)
[M::mem_pestat] analyzing insert size distribution for orientation RF...
[M::mem_pestat] (25, 50, 75) percentile: (40, 76, 168)
[M::mem_pestat] low and high boundaries for computing mean and std.dev: (1, 424)
[M::mem_pestat] mean and std.dev: (89.19, 69.87)
[M::mem_pestat] low and high boundaries for proper pairs: (1, 552)
[M::mem_pestat] analyzing insert size distribution for orientation RR...
[M::mem_pestat] (25, 50, 75) percentile: (75, 94, 122)
[M::mem_pestat] low and high boundaries for computing mean and std.dev: (1, 216)
[M::mem_pestat] mean and std.dev: (98.32, 37.80)
[M::mem_pestat] low and high boundaries for proper pairs: (1, 263)
[M::mem_pestat] skip orientation FF
[M::mem_pestat] skip orientation RF
[M::mem_pestat] skip orientation RR
[M::mem_process_seqs] Processed 1915218 reads in 834.199 CPU sec, 43.034 real sec
[M::process] read 1915498 sequences (200000046 bp)...
[M::mem_pestat] # candidate unique pairs for (FF, FR, RF, RR): (6613, 745594, 11, 6353)
[M::mem_pestat] analyzing insert size distribution for orientation FF...
[M::mem_pestat] (25, 50, 75) percentile: (76, 94, 122)
[M::mem_pestat] low and high boundaries for computing mean and std.dev: (1, 214)
[M::mem_pestat] mean and std.dev: (99.00, 37.69)
[M::mem_pestat] low and high boundaries for proper pairs: (1, 260)
[M::mem_pestat] analyzing insert size distribution for orientation FR...
[M::mem_pestat] (25, 50, 75) percentile: (68, 87, 113)
[M::mem_pestat] low and high boundaries for computing mean and std.dev: (1, 203)
[M::mem_pestat] mean and std.dev: (92.32, 33.17)
[M::mem_pestat] low and high boundaries for proper pairs: (1, 248)
[M::mem_pestat] analyzing insert size distribution for orientation RF...
[M::mem_pestat] (25, 50, 75) percentile: (37, 48, 74)
[M::mem_pestat] low and high boundaries for computing mean and std.dev: (1, 148)
[M::mem_pestat] mean and std.dev: (37.78, 21.86)
[M::mem_pestat] low and high boundaries for proper pairs: (1, 185)
[M::mem_pestat] analyzing insert size distribution for orientation RR...
[M::mem_pestat] (25, 50, 75) percentile: (76, 94, 123)
[M::mem_pestat] low and high boundaries for computing mean and std.dev: (1, 217)
[M::mem_pestat] mean and std.dev: (99.13, 38.13)
[M::mem_pestat] low and high boundaries for proper pairs: (1, 264)
[M::mem_pestat] skip orientation FF
[M::mem_pestat] skip orientation RF
[M::mem_pestat] skip orientation RR
[M::mem_process_seqs] Processed 1915458 reads in 838.394 CPU sec, 43.111 real sec
[M::process] read 1916852 sequences (200000224 bp)...
[M::mem_pestat] # candidate unique pairs for (FF, FR, RF, RR): (6816, 745119, 27, 6516)
[M::mem_pestat] analyzing insert size distribution for orientation FF...
[M::mem_pestat] (25, 50, 75) percentile: (76, 94, 123)
[M::mem_pestat] low and high boundaries for computing mean and std.dev: (1, 217)
[M::mem_pestat] mean and std.dev: (98.79, 37.86)
[M::mem_pestat] low and high boundaries for proper pairs: (1, 264)
[M::mem_pestat] analyzing insert size distribution for orientation FR...
[M::mem_pestat] (25, 50, 75) percentile: (68, 87, 113)
[M::mem_pestat] low and high boundaries for computing mean and std.dev: (1, 203)
[M::mem_pestat] mean and std.dev: (92.35, 33.17)
[M::mem_pestat] low and high boundaries for proper pairs: (1, 248)
[M::mem_pestat] analyzing insert size distribution for orientation RF...
[M::mem_pestat] (25, 50, 75) percentile: (38, 67, 151)
[M::mem_pestat] low and high boundaries for computing mean and std.dev: (1, 377)
[M::mem_pestat] mean and std.dev: (83.21, 60.67)
[M::mem_pestat] low and high boundaries for proper pairs: (1, 490)
[M::mem_pestat] analyzing insert size distribution for orientation RR...
[M::mem_pestat] (25, 50, 75) percentile: (75, 93, 123)
[M::mem_pestat] low and high boundaries for computing mean and std.dev: (1, 219)
[M::mem_pestat] mean and std.dev: (98.43, 39.15)
[M::mem_pestat] low and high boundaries for proper pairs: (1, 267)
[M::mem_pestat] skip orientation FF
[M::mem_pestat] skip orientation RF
[M::mem_pestat] skip orientation RR
[M::mem_process_seqs] Processed 1915498 reads in 847.046 CPU sec, 56.163 real sec
[M::process] read 1916548 sequences (200000089 bp)...
[M::mem_pestat] # candidate unique pairs for (FF, FR, RF, RR): (6630, 745877, 13, 6587)
[M::mem_pestat] analyzing insert size distribution for orientation FF...
[M::mem_pestat] (25, 50, 75) percentile: (75, 93, 121)
[M::mem_pestat] low and high boundaries for computing mean and std.dev: (1, 213)
[M::mem_pestat] mean and std.dev: (97.21, 37.34)
[M::mem_pestat] low and high boundaries for proper pairs: (1, 259)
[M::mem_pestat] analyzing insert size distribution for orientation FR...
[M::mem_pestat] (25, 50, 75) percentile: (68, 87, 113)
[M::mem_pestat] low and high boundaries for computing mean and std.dev: (1, 203)
[M::mem_pestat] mean and std.dev: (92.33, 33.12)
[M::mem_pestat] low and high boundaries for proper pairs: (1, 248)
[M::mem_pestat] analyzing insert size distribution for orientation RF...
[M::mem_pestat] (25, 50, 75) percentile: (46, 146, 187)
[M::mem_pestat] low and high boundaries for computing mean and std.dev: (1, 469)
[M::mem_pestat] mean and std.dev: (104.75, 72.48)
[M::mem_pestat] low and high boundaries for proper pairs: (1, 610)
[M::mem_pestat] analyzing insert size distribution for orientation RR...
[M::mem_pestat] (25, 50, 75) percentile: (77, 94, 122)
[M::mem_pestat] low and high boundaries for computing mean and std.dev: (1, 212)
[M::mem_pestat] mean and std.dev: (98.50, 37.24)
[M::mem_pestat] low and high boundaries for proper pairs: (1, 257)
[M::mem_pestat] skip orientation FF
[M::mem_pestat] skip orientation RF
[M::mem_pestat] skip orientation RR
[M::mem_process_seqs] Processed 1916852 reads in 833.083 CPU sec, 43.178 real sec
[M::process] read 1916778 sequences (200000009 bp)...
[M::mem_pestat] # candidate unique pairs for (FF, FR, RF, RR): (6579, 745660, 15, 6441)
[M::mem_pestat] analyzing insert size distribution for orientation FF...
[M::mem_pestat] (25, 50, 75) percentile: (76, 94, 121)
[M::mem_pestat] low and high boundaries for computing mean and std.dev: (1, 211)
[M::mem_pestat] mean and std.dev: (97.96, 36.40)
[M::mem_pestat] low and high boundaries for proper pairs: (1, 256)
[M::mem_pestat] analyzing insert size distribution for orientation FR...
[M::mem_pestat] (25, 50, 75) percentile: (68, 87, 113)
[M::mem_pestat] low and high boundaries for computing mean and std.dev: (1, 203)
[M::mem_pestat] mean and std.dev: (92.30, 33.14)
[M::mem_pestat] low and high boundaries for proper pairs: (1, 248)
[M::mem_pestat] analyzing insert size distribution for orientation RF...
[M::mem_pestat] (25, 50, 75) percentile: (80, 87, 133)
[M::mem_pestat] low and high boundaries for computing mean and std.dev: (1, 239)
[M::mem_pestat] mean and std.dev: (98.20, 44.18)
[M::mem_pestat] low and high boundaries for proper pairs: (1, 292)
[M::mem_pestat] analyzing insert size distribution for orientation RR...
[M::mem_pestat] (25, 50, 75) percentile: (76, 94, 122)
[M::mem_pestat] low and high boundaries for computing mean and std.dev: (1, 214)
[M::mem_pestat] mean and std.dev: (98.00, 37.30)
[M::mem_pestat] low and high boundaries for proper pairs: (1, 260)
[M::mem_pestat] skip orientation FF
[M::mem_pestat] skip orientation RF
[M::mem_pestat] skip orientation RR
[M::mem_process_seqs] Processed 1916548 reads in 833.289 CPU sec, 43.405 real sec
[M::process] read 1915570 sequences (200000079 bp)...
[M::mem_pestat] # candidate unique pairs for (FF, FR, RF, RR): (6570, 745179, 18, 6578)
[M::mem_pestat] analyzing insert size distribution for orientation FF...
[M::mem_pestat] (25, 50, 75) percentile: (76, 94, 123)
[M::mem_pestat] low and high boundaries for computing mean and std.dev: (1, 217)
[M::mem_pestat] mean and std.dev: (98.63, 37.65)
[M::mem_pestat] low and high boundaries for proper pairs: (1, 264)
[M::mem_pestat] analyzing insert size distribution for orientation FR...
[M::mem_pestat] (25, 50, 75) percentile: (68, 87, 113)
[M::mem_pestat] low and high boundaries for computing mean and std.dev: (1, 203)
[M::mem_pestat] mean and std.dev: (92.31, 33.18)
[M::mem_pestat] low and high boundaries for proper pairs: (1, 248)
[M::mem_pestat] analyzing insert size distribution for orientation RF...
[M::mem_pestat] (25, 50, 75) percentile: (42, 65, 96)
[M::mem_pestat] low and high boundaries for computing mean and std.dev: (1, 204)
[M::mem_pestat] mean and std.dev: (71.78, 37.62)
[M::mem_pestat] low and high boundaries for proper pairs: (1, 258)
[M::mem_pestat] analyzing insert size distribution for orientation RR...
[M::mem_pestat] (25, 50, 75) percentile: (76, 94, 122)
[M::mem_pestat] low and high boundaries for computing mean and std.dev: (1, 214)
[M::mem_pestat] mean and std.dev: (98.17, 37.92)
[M::mem_pestat] low and high boundaries for proper pairs: (1, 260)
[M::mem_pestat] skip orientation FF
[M::mem_pestat] skip orientation RF
[M::mem_pestat] skip orientation RR
[M::mem_process_seqs] Processed 1916778 reads in 849.767 CPU sec, 43.747 real sec
[M::process] read 1915936 sequences (200000048 bp)...
[M::mem_pestat] # candidate unique pairs for (FF, FR, RF, RR): (6656, 745240, 22, 6504)
[M::mem_pestat] analyzing insert size distribution for orientation FF...
[M::mem_pestat] (25, 50, 75) percentile: (75, 93, 122)
[M::mem_pestat] low and high boundaries for computing mean and std.dev: (1, 216)
[M::mem_pestat] mean and std.dev: (98.11, 37.64)
[M::mem_pestat] low and high boundaries for proper pairs: (1, 263)
[M::mem_pestat] analyzing insert size distribution for orientation FR...
[M::mem_pestat] (25, 50, 75) percentile: (68, 87, 113)
[M::mem_pestat] low and high boundaries for computing mean and std.dev: (1, 203)
[M::mem_pestat] mean and std.dev: (92.32, 33.22)
[M::mem_pestat] low and high boundaries for proper pairs: (1, 248)
[M::mem_pestat] analyzing insert size distribution for orientation RF...
[M::mem_pestat] (25, 50, 75) percentile: (52, 108, 184)
[M::mem_pestat] low and high boundaries for computing mean and std.dev: (1, 448)
[M::mem_pestat] mean and std.dev: (99.70, 62.29)
[M::mem_pestat] low and high boundaries for proper pairs: (1, 580)
[M::mem_pestat] analyzing insert size distribution for orientation RR...
[M::mem_pestat] (25, 50, 75) percentile: (76, 95, 125)
[M::mem_pestat] low and high boundaries for computing mean and std.dev: (1, 223)
[M::mem_pestat] mean and std.dev: (100.45, 39.04)
[M::mem_pestat] low and high boundaries for proper pairs: (1, 272)
[M::mem_pestat] skip orientation FF
[M::mem_pestat] skip orientation RF
[M::mem_pestat] skip orientation RR
[M::mem_process_seqs] Processed 1915570 reads in 838.656 CPU sec, 43.240 real sec
[M::process] read 1915064 sequences (200000180 bp)...
[M::mem_pestat] # candidate unique pairs for (FF, FR, RF, RR): (6748, 744444, 11, 6632)
[M::mem_pestat] analyzing insert size distribution for orientation FF...
[M::mem_pestat] (25, 50, 75) percentile: (76, 93, 125)
[M::mem_pestat] low and high boundaries for computing mean and std.dev: (1, 223)
[M::mem_pestat] mean and std.dev: (99.25, 39.19)
[M::mem_pestat] low and high boundaries for proper pairs: (1, 272)
[M::mem_pestat] analyzing insert size distribution for orientation FR...
[M::mem_pestat] (25, 50, 75) percentile: (68, 87, 113)
[M::mem_pestat] low and high boundaries for computing mean and std.dev: (1, 203)
[M::mem_pestat] mean and std.dev: (92.31, 33.21)
[M::mem_pestat] low and high boundaries for proper pairs: (1, 248)
[M::mem_pestat] analyzing insert size distribution for orientation RF...
[M::mem_pestat] (25, 50, 75) percentile: (61, 91, 193)
[M::mem_pestat] low and high boundaries for computing mean and std.dev: (1, 457)
[M::mem_pestat] mean and std.dev: (79.56, 47.64)
[M::mem_pestat] low and high boundaries for proper pairs: (1, 589)
[M::mem_pestat] analyzing insert size distribution for orientation RR...
[M::mem_pestat] (25, 50, 75) percentile: (76, 94, 124)
[M::mem_pestat] low and high boundaries for computing mean and std.dev: (1, 220)
[M::mem_pestat] mean and std.dev: (99.08, 38.31)
[M::mem_pestat] low and high boundaries for proper pairs: (1, 268)
[M::mem_pestat] skip orientation FF
[M::mem_pestat] skip orientation RF
[M::mem_pestat] skip orientation RR
[M::mem_process_seqs] Processed 1915936 reads in 851.528 CPU sec, 43.799 real sec
[M::process] read 1916750 sequences (200000193 bp)...
[M::mem_pestat] # candidate unique pairs for (FF, FR, RF, RR): (6984, 744281, 15, 6651)
[M::mem_pestat] analyzing insert size distribution for orientation FF...
[M::mem_pestat] (25, 50, 75) percentile: (75, 93, 122)
[M::mem_pestat] low and high boundaries for computing mean and std.dev: (1, 216)
[M::mem_pestat] mean and std.dev: (97.64, 37.94)
[M::mem_pestat] low and high boundaries for proper pairs: (1, 263)
[M::mem_pestat] analyzing insert size distribution for orientation FR...
[M::mem_pestat] (25, 50, 75) percentile: (68, 87, 113)
[M::mem_pestat] low and high boundaries for computing mean and std.dev: (1, 203)
[M::mem_pestat] mean and std.dev: (92.39, 33.27)
[M::mem_pestat] low and high boundaries for proper pairs: (1, 248)
[M::mem_pestat] analyzing insert size distribution for orientation RF...
[M::mem_pestat] (25, 50, 75) percentile: (36, 84, 137)
[M::mem_pestat] low and high boundaries for computing mean and std.dev: (1, 339)
[M::mem_pestat] mean and std.dev: (86.27, 53.64)
[M::mem_pestat] low and high boundaries for proper pairs: (1, 440)
[M::mem_pestat] analyzing insert size distribution for orientation RR...
[M::mem_pestat] (25, 50, 75) percentile: (76, 94, 123)
[M::mem_pestat] low and high boundaries for computing mean and std.dev: (1, 217)
[M::mem_pestat] mean and std.dev: (98.74, 37.67)
[M::mem_pestat] low and high boundaries for proper pairs: (1, 264)
[M::mem_pestat] skip orientation FF
[M::mem_pestat] skip orientation RF
[M::mem_pestat] skip orientation RR
[M::mem_process_seqs] Processed 1915064 reads in 827.402 CPU sec, 42.581 real sec
[M::process] read 1915428 sequences (200000006 bp)...
[M::mem_pestat] # candidate unique pairs for (FF, FR, RF, RR): (6811, 744900, 12, 6843)
[M::mem_pestat] analyzing insert size distribution for orientation FF...
[M::mem_pestat] (25, 50, 75) percentile: (76, 93, 122)
[M::mem_pestat] low and high boundaries for computing mean and std.dev: (1, 214)
[M::mem_pestat] mean and std.dev: (98.20, 37.13)
[M::mem_pestat] low and high boundaries for proper pairs: (1, 260)
[M::mem_pestat] analyzing insert size distribution for orientation FR...
[M::mem_pestat] (25, 50, 75) percentile: (68, 87, 113)
[M::mem_pestat] low and high boundaries for computing mean and std.dev: (1, 203)
[M::mem_pestat] mean and std.dev: (92.33, 33.25)
[M::mem_pestat] low and high boundaries for proper pairs: (1, 248)
[M::mem_pestat] analyzing insert size distribution for orientation RF...
[M::mem_pestat] (25, 50, 75) percentile: (31, 173, 203)
[M::mem_pestat] low and high boundaries for computing mean and std.dev: (1, 547)
[M::mem_pestat] mean and std.dev: (140.91, 112.03)
[M::mem_pestat] low and high boundaries for proper pairs: (1, 719)
[M::mem_pestat] analyzing insert size distribution for orientation RR...
[M::mem_pestat] (25, 50, 75) percentile: (76, 94, 123)
[M::mem_pestat] low and high boundaries for computing mean and std.dev: (1, 217)
[M::mem_pestat] mean and std.dev: (98.68, 38.06)
[M::mem_pestat] low and high boundaries for proper pairs: (1, 264)
[M::mem_pestat] skip orientation FF
[M::mem_pestat] skip orientation RF
[M::mem_pestat] skip orientation RR
[M::mem_process_seqs] Processed 1916750 reads in 821.430 CPU sec, 42.026 real sec
[M::process] read 1914104 sequences (200000037 bp)...
[M::mem_pestat] # candidate unique pairs for (FF, FR, RF, RR): (6730, 744321, 23, 6725)
[M::mem_pestat] analyzing insert size distribution for orientation FF...
[M::mem_pestat] (25, 50, 75) percentile: (76, 94, 123)
[M::mem_pestat] low and high boundaries for computing mean and std.dev: (1, 217)
[M::mem_pestat] mean and std.dev: (99.16, 37.79)
[M::mem_pestat] low and high boundaries for proper pairs: (1, 264)
[M::mem_pestat] analyzing insert size distribution for orientation FR...
[M::mem_pestat] (25, 50, 75) percentile: (68, 87, 113)
[M::mem_pestat] low and high boundaries for computing mean and std.dev: (1, 203)
[M::mem_pestat] mean and std.dev: (92.31, 33.20)
[M::mem_pestat] low and high boundaries for proper pairs: (1, 248)
[M::mem_pestat] analyzing insert size distribution for orientation RF...
[M::mem_pestat] (25, 50, 75) percentile: (35, 72, 168)
[M::mem_pestat] low and high boundaries for computing mean and std.dev: (1, 434)
[M::mem_pestat] mean and std.dev: (85.14, 64.04)
[M::mem_pestat] low and high boundaries for proper pairs: (1, 567)
[M::mem_pestat] analyzing insert size distribution for orientation RR...
[M::mem_pestat] (25, 50, 75) percentile: (76, 94, 123)
[M::mem_pestat] low and high boundaries for computing mean and std.dev: (1, 217)
[M::mem_pestat] mean and std.dev: (99.15, 37.77)
[M::mem_pestat] low and high boundaries for proper pairs: (1, 264)
[M::mem_pestat] skip orientation FF
[M::mem_pestat] skip orientation RF
[M::mem_pestat] skip orientation RR
[M::mem_process_seqs] Processed 1915428 reads in 811.747 CPU sec, 41.511 real sec
[M::process] read 1913788 sequences (200000066 bp)...
[M::mem_pestat] # candidate unique pairs for (FF, FR, RF, RR): (6934, 743599, 22, 6673)
[M::mem_pestat] analyzing insert size distribution for orientation FF...
[M::mem_pestat] (25, 50, 75) percentile: (76, 94, 123)
[M::mem_pestat] low and high boundaries for computing mean and std.dev: (1, 217)
[M::mem_pestat] mean and std.dev: (98.80, 37.58)
[M::mem_pestat] low and high boundaries for proper pairs: (1, 264)
[M::mem_pestat] analyzing insert size distribution for orientation FR...
[M::mem_pestat] (25, 50, 75) percentile: (68, 87, 113)
[M::mem_pestat] low and high boundaries for computing mean and std.dev: (1, 203)
[M::mem_pestat] mean and std.dev: (92.46, 33.29)
[M::mem_pestat] low and high boundaries for proper pairs: (1, 248)
[M::mem_pestat] analyzing insert size distribution for orientation RF...
[M::mem_pestat] (25, 50, 75) percentile: (52, 100, 136)
[M::mem_pestat] low and high boundaries for computing mean and std.dev: (1, 304)
[M::mem_pestat] mean and std.dev: (93.45, 51.69)
[M::mem_pestat] low and high boundaries for proper pairs: (1, 388)
[M::mem_pestat] analyzing insert size distribution for orientation RR...
[M::mem_pestat] (25, 50, 75) percentile: (76, 93, 122)
[M::mem_pestat] low and high boundaries for computing mean and std.dev: (1, 214)
[M::mem_pestat] mean and std.dev: (98.47, 37.49)
[M::mem_pestat] low and high boundaries for proper pairs: (1, 260)
[M::mem_pestat] skip orientation FF
[M::mem_pestat] skip orientation RF
[M::mem_pestat] skip orientation RR
[M::mem_process_seqs] Processed 1914104 reads in 807.796 CPU sec, 41.370 real sec
[M::process] read 1913106 sequences (200000057 bp)...
[M::mem_pestat] # candidate unique pairs for (FF, FR, RF, RR): (6941, 744669, 12, 6460)
[M::mem_pestat] analyzing insert size distribution for orientation FF...
[M::mem_pestat] (25, 50, 75) percentile: (76, 94, 124)
[M::mem_pestat] low and high boundaries for computing mean and std.dev: (1, 220)
[M::mem_pestat] mean and std.dev: (99.90, 38.50)
[M::mem_pestat] low and high boundaries for proper pairs: (1, 268)
[M::mem_pestat] analyzing insert size distribution for orientation FR...
[M::mem_pestat] (25, 50, 75) percentile: (68, 87, 113)
[M::mem_pestat] low and high boundaries for computing mean and std.dev: (1, 203)
[M::mem_pestat] mean and std.dev: (92.41, 33.19)
[M::mem_pestat] low and high boundaries for proper pairs: (1, 248)
[M::mem_pestat] analyzing insert size distribution for orientation RF...
[M::mem_pestat] (25, 50, 75) percentile: (46, 94, 124)
[M::mem_pestat] low and high boundaries for computing mean and std.dev: (1, 280)
[M::mem_pestat] mean and std.dev: (82.67, 60.36)
[M::mem_pestat] low and high boundaries for proper pairs: (1, 358)
[M::mem_pestat] analyzing insert size distribution for orientation RR...
[M::mem_pestat] (25, 50, 75) percentile: (77, 96, 125)
[M::mem_pestat] low and high boundaries for computing mean and std.dev: (1, 221)
[M::mem_pestat] mean and std.dev: (100.32, 38.51)
[M::mem_pestat] low and high boundaries for proper pairs: (1, 269)
[M::mem_pestat] skip orientation FF
[M::mem_pestat] skip orientation RF
[M::mem_pestat] skip orientation RR
[M::mem_process_seqs] Processed 1913788 reads in 812.731 CPU sec, 41.528 real sec
[M::process] read 1915486 sequences (200000082 bp)...
[M::mem_pestat] # candidate unique pairs for (FF, FR, RF, RR): (6822, 744291, 10, 6577)
[M::mem_pestat] analyzing insert size distribution for orientation FF...
[M::mem_pestat] (25, 50, 75) percentile: (76, 94, 123)
[M::mem_pestat] low and high boundaries for computing mean and std.dev: (1, 217)
[M::mem_pestat] mean and std.dev: (99.09, 38.22)
[M::mem_pestat] low and high boundaries for proper pairs: (1, 264)
[M::mem_pestat] analyzing insert size distribution for orientation FR...
[M::mem_pestat] (25, 50, 75) percentile: (68, 87, 113)
[M::mem_pestat] low and high boundaries for computing mean and std.dev: (1, 203)
[M::mem_pestat] mean and std.dev: (92.41, 33.23)
[M::mem_pestat] low and high boundaries for proper pairs: (1, 248)
[M::mem_pestat] analyzing insert size distribution for orientation RF...
[M::mem_pestat] (25, 50, 75) percentile: (24, 37, 53)
[M::mem_pestat] low and high boundaries for computing mean and std.dev: (1, 111)
[M::mem_pestat] mean and std.dev: (30.38, 14.14)
[M::mem_pestat] low and high boundaries for proper pairs: (1, 140)
[M::mem_pestat] analyzing insert size distribution for orientation RR...
[M::mem_pestat] (25, 50, 75) percentile: (77, 94, 124)
[M::mem_pestat] low and high boundaries for computing mean and std.dev: (1, 218)
[M::mem_pestat] mean and std.dev: (100.39, 39.28)
[M::mem_pestat] low and high boundaries for proper pairs: (1, 265)
[M::mem_pestat] skip orientation FF
[M::mem_pestat] skip orientation RF
[M::mem_pestat] skip orientation RR
[M::mem_process_seqs] Processed 1913106 reads in 817.013 CPU sec, 41.723 real sec
[M::process] read 1915668 sequences (200000139 bp)...
[M::mem_pestat] # candidate unique pairs for (FF, FR, RF, RR): (6677, 743984, 17, 6661)
[M::mem_pestat] analyzing insert size distribution for orientation FF...
[M::mem_pestat] (25, 50, 75) percentile: (76, 93, 123)
[M::mem_pestat] low and high boundaries for computing mean and std.dev: (1, 217)
[M::mem_pestat] mean and std.dev: (98.95, 38.03)
[M::mem_pestat] low and high boundaries for proper pairs: (1, 264)
[M::mem_pestat] analyzing insert size distribution for orientation FR...
[M::mem_pestat] (25, 50, 75) percentile: (68, 87, 113)
[M::mem_pestat] low and high boundaries for computing mean and std.dev: (1, 203)
[M::mem_pestat] mean and std.dev: (92.41, 33.30)
[M::mem_pestat] low and high boundaries for proper pairs: (1, 248)
[M::mem_pestat] analyzing insert size distribution for orientation RF...
[M::mem_pestat] (25, 50, 75) percentile: (74, 110, 171)
[M::mem_pestat] low and high boundaries for computing mean and std.dev: (1, 365)
[M::mem_pestat] mean and std.dev: (106.94, 61.76)
[M::mem_pestat] low and high boundaries for proper pairs: (1, 462)
[M::mem_pestat] analyzing insert size distribution for orientation RR...
[M::mem_pestat] (25, 50, 75) percentile: (76, 94, 124)
[M::mem_pestat] low and high boundaries for computing mean and std.dev: (1, 220)
[M::mem_pestat] mean and std.dev: (99.53, 38.61)
[M::mem_pestat] low and high boundaries for proper pairs: (1, 268)
[M::mem_pestat] skip orientation FF
[M::mem_pestat] skip orientation RF
[M::mem_pestat] skip orientation RR
[M::mem_process_seqs] Processed 1915486 reads in 821.711 CPU sec, 42.062 real sec
[M::process] read 1915778 sequences (200000125 bp)...
[M::mem_pestat] # candidate unique pairs for (FF, FR, RF, RR): (6764, 744529, 7, 6666)
[M::mem_pestat] analyzing insert size distribution for orientation FF...
[M::mem_pestat] (25, 50, 75) percentile: (76, 93, 122)
[M::mem_pestat] low and high boundaries for computing mean and std.dev: (1, 214)
[M::mem_pestat] mean and std.dev: (98.22, 37.19)
[M::mem_pestat] low and high boundaries for proper pairs: (1, 260)
[M::mem_pestat] analyzing insert size distribution for orientation FR...
[M::mem_pestat] (25, 50, 75) percentile: (68, 87, 113)
[M::mem_pestat] low and high boundaries for computing mean and std.dev: (1, 203)
[M::mem_pestat] mean and std.dev: (92.35, 33.22)
[M::mem_pestat] low and high boundaries for proper pairs: (1, 248)
[M::mem_pestat] skip orientation RF as there are not enough pairs
[M::mem_pestat] analyzing insert size distribution for orientation RR...
[M::mem_pestat] (25, 50, 75) percentile: (76, 94, 123)
[M::mem_pestat] low and high boundaries for computing mean and std.dev: (1, 217)
[M::mem_pestat] mean and std.dev: (98.79, 37.93)
[M::mem_pestat] low and high boundaries for proper pairs: (1, 264)
[M::mem_pestat] skip orientation FF
[M::mem_pestat] skip orientation RR
[M::mem_process_seqs] Processed 1915668 reads in 821.662 CPU sec, 42.058 real sec
[M::process] read 1917494 sequences (200000282 bp)...
[M::mem_pestat] # candidate unique pairs for (FF, FR, RF, RR): (6774, 743877, 18, 6673)
[M::mem_pestat] analyzing insert size distribution for orientation FF...
[M::mem_pestat] (25, 50, 75) percentile: (75, 93, 121)
[M::mem_pestat] low and high boundaries for computing mean and std.dev: (1, 213)
[M::mem_pestat] mean and std.dev: (97.56, 37.50)
[M::mem_pestat] low and high boundaries for proper pairs: (1, 259)
[M::mem_pestat] analyzing insert size distribution for orientation FR...
[M::mem_pestat] (25, 50, 75) percentile: (68, 87, 113)
[M::mem_pestat] low and high boundaries for computing mean and std.dev: (1, 203)
[M::mem_pestat] mean and std.dev: (92.33, 33.24)
[M::mem_pestat] low and high boundaries for proper pairs: (1, 248)
[M::mem_pestat] analyzing insert size distribution for orientation RF...
[M::mem_pestat] (25, 50, 75) percentile: (64, 118, 181)
[M::mem_pestat] low and high boundaries for computing mean and std.dev: (1, 415)
[M::mem_pestat] mean and std.dev: (114.47, 76.40)
[M::mem_pestat] low and high boundaries for proper pairs: (1, 532)
[M::mem_pestat] analyzing insert size distribution for orientation RR...
[M::mem_pestat] (25, 50, 75) percentile: (75, 93, 122)
[M::mem_pestat] low and high boundaries for computing mean and std.dev: (1, 216)
[M::mem_pestat] mean and std.dev: (98.04, 37.98)
[M::mem_pestat] low and high boundaries for proper pairs: (1, 263)
[M::mem_pestat] skip orientation FF
[M::mem_pestat] skip orientation RF
[M::mem_pestat] skip orientation RR
[M::mem_process_seqs] Processed 1915778 reads in 810.402 CPU sec, 41.484 real sec
[M::process] read 1918366 sequences (200000166 bp)...
[M::mem_pestat] # candidate unique pairs for (FF, FR, RF, RR): (6962, 744575, 20, 6527)
[M::mem_pestat] analyzing insert size distribution for orientation FF...
[M::mem_pestat] (25, 50, 75) percentile: (76, 93, 122)
[M::mem_pestat] low and high boundaries for computing mean and std.dev: (1, 214)
[M::mem_pestat] mean and std.dev: (98.14, 37.09)
[M::mem_pestat] low and high boundaries for proper pairs: (1, 260)
[M::mem_pestat] analyzing insert size distribution for orientation FR...
[M::mem_pestat] (25, 50, 75) percentile: (68, 87, 113)
[M::mem_pestat] low and high boundaries for computing mean and std.dev: (1, 203)
[M::mem_pestat] mean and std.dev: (92.25, 33.20)
[M::mem_pestat] low and high boundaries for proper pairs: (1, 248)
[M::mem_pestat] analyzing insert size distribution for orientation RF...
[M::mem_pestat] (25, 50, 75) percentile: (69, 115, 169)
[M::mem_pestat] low and high boundaries for computing mean and std.dev: (1, 369)
[M::mem_pestat] mean and std.dev: (109.63, 59.46)
[M::mem_pestat] low and high boundaries for proper pairs: (1, 469)
[M::mem_pestat] analyzing insert size distribution for orientation RR...
[M::mem_pestat] (25, 50, 75) percentile: (76, 94, 123)
[M::mem_pestat] low and high boundaries for computing mean and std.dev: (1, 217)
[M::mem_pestat] mean and std.dev: (99.02, 38.54)
[M::mem_pestat] low and high boundaries for proper pairs: (1, 264)
[M::mem_pestat] skip orientation FF
[M::mem_pestat] skip orientation RF
[M::mem_pestat] skip orientation RR
[M::mem_process_seqs] Processed 1917494 reads in 804.697 CPU sec, 40.911 real sec
[M::process] read 76920 sequences (8011447 bp)...
[M::mem_pestat] # candidate unique pairs for (FF, FR, RF, RR): (6892, 744581, 14, 6730)
[M::mem_pestat] analyzing insert size distribution for orientation FF...
[M::mem_pestat] (25, 50, 75) percentile: (76, 93, 122)
[M::mem_pestat] low and high boundaries for computing mean and std.dev: (1, 214)
[M::mem_pestat] mean and std.dev: (97.90, 37.33)
[M::mem_pestat] low and high boundaries for proper pairs: (1, 260)
[M::mem_pestat] analyzing insert size distribution for orientation FR...
[M::mem_pestat] (25, 50, 75) percentile: (68, 87, 113)
[M::mem_pestat] low and high boundaries for computing mean and std.dev: (1, 203)
[M::mem_pestat] mean and std.dev: (92.19, 33.22)
[M::mem_pestat] low and high boundaries for proper pairs: (1, 248)
[M::mem_pestat] analyzing insert size distribution for orientation RF...
[M::mem_pestat] (25, 50, 75) percentile: (71, 117, 181)
[M::mem_pestat] low and high boundaries for computing mean and std.dev: (1, 401)
[M::mem_pestat] mean and std.dev: (127.62, 89.15)
[M::mem_pestat] low and high boundaries for proper pairs: (1, 511)
[M::mem_pestat] analyzing insert size distribution for orientation RR...
[M::mem_pestat] (25, 50, 75) percentile: (76, 92, 122)
[M::mem_pestat] low and high boundaries for computing mean and std.dev: (1, 214)
[M::mem_pestat] mean and std.dev: (97.95, 38.00)
[M::mem_pestat] low and high boundaries for proper pairs: (1, 260)
[M::mem_pestat] skip orientation FF
[M::mem_pestat] skip orientation RF
[M::mem_pestat] skip orientation RR
[M::mem_process_seqs] Processed 1918366 reads in 809.912 CPU sec, 41.356 real sec
[M::mem_pestat] # candidate unique pairs for (FF, FR, RF, RR): (296, 29990, 2, 251)
[M::mem_pestat] analyzing insert size distribution for orientation FF...
[M::mem_pestat] (25, 50, 75) percentile: (77, 93, 118)
[M::mem_pestat] low and high boundaries for computing mean and std.dev: (1, 200)
[M::mem_pestat] mean and std.dev: (97.17, 33.70)
[M::mem_pestat] low and high boundaries for proper pairs: (1, 241)
[M::mem_pestat] analyzing insert size distribution for orientation FR...
[M::mem_pestat] (25, 50, 75) percentile: (68, 87, 113)
[M::mem_pestat] low and high boundaries for computing mean and std.dev: (1, 203)
[M::mem_pestat] mean and std.dev: (92.04, 33.30)
[M::mem_pestat] low and high boundaries for proper pairs: (1, 248)
[M::mem_pestat] skip orientation RF as there are not enough pairs
[M::mem_pestat] analyzing insert size distribution for orientation RR...
[M::mem_pestat] (25, 50, 75) percentile: (77, 91, 118)
[M::mem_pestat] low and high boundaries for computing mean and std.dev: (1, 200)
[M::mem_pestat] mean and std.dev: (96.32, 33.68)
[M::mem_pestat] low and high boundaries for proper pairs: (1, 241)
[M::mem_pestat] skip orientation FF
[M::mem_pestat] skip orientation RR
[M::mem_process_seqs] Processed 76920 reads in 42.835 CPU sec, 2.277 real sec
[main] Version: 0.7.17-r1188
[main] CMD: bwa mem -t 20 resources/genome/hg38.fa.gz results/Batch_01/filtered/DNA_B02_24_S48_L002.filtered.R1.fastq.gz results/Batch_01/filtered/DNA_B02_24_S48_L002.filtered.R2.fastq.gz
[main] Real time: 1026.651 sec; CPU: 19267.973 sec
[bam_sort_core] merging from 21 files and 1 in-memory blocks...
[Fri Apr 15 14:18:32 2022]
Finished job 0.
1 of 1 steps (100%) done
