The flag 'directory' used in rule SS_checkm_analysis is only valid for outputs, not inputs.
The flag 'directory' used in rule SS_checkm_plots is only valid for outputs, not inputs.
The flag 'directory' used in rule SS_checkm_plots is only valid for outputs, not inputs.
Building DAG of jobs...
Using shell: /usr/bin/bash
Provided cores: 20
Rules claiming more threads will be scaled down.
Select jobs to execute...

[Fri Apr 15 13:45:17 2022]
rule bwa_map:
    input: results/Batch_01/filtered/DNA_B01_03_S3_L001.filtered.R1.fastq.gz, results/Batch_01/filtered/DNA_B01_03_S3_L001.filtered.R2.fastq.gz, resources/genome/hg38.fa.gz.ann, resources/genome/hg38.fa.gz
    output: results/Batch_01/bwa/DNA_B01_03_S3_L001.clean.R1.fastq, results/Batch_01/bwa/DNA_B01_03_S3_L001.clean.R2.fastq
    jobid: 0
    wildcards: dataset=Batch_01, sample=DNA_B01_03_S3_L001
    threads: 20
    resources: mem_mb=5185, disk_mb=5185, tmpdir=/tmp, account=b1042, partition=genomics, nodes=1, mem=50G, time=08:00:00


        module purge all
        module load bwa/0.7.17
        module load samtools/1.10.1
        module load bedtools/2.29.2
        bwa mem -t 20 resources/genome/hg38.fa.gz results/Batch_01/filtered/DNA_B01_03_S3_L001.filtered.R1.fastq.gz results/Batch_01/filtered/DNA_B01_03_S3_L001.filtered.R2.fastq.gz > results/Batch_01/bwa/DNA_B01_03_S3_L001.mapped.sam
        samtools view -Subh -o results/Batch_01/bwa/DNA_B01_03_S3_L001.mapped.bam results/Batch_01/bwa/DNA_B01_03_S3_L001.mapped.sam
        samtools sort -o results/Batch_01/bwa/DNA_B01_03_S3_L001.mapped.sorted.bam results/Batch_01/bwa/DNA_B01_03_S3_L001.mapped.bam

        samtools view -b -f 12 -F 256 -o results/Batch_01/bwa/DNA_B01_03_S3_L001.unmapped.bam results/Batch_01/bwa/DNA_B01_03_S3_L001.mapped.sorted.bam
        bedtools bamtofastq -i results/Batch_01/bwa/DNA_B01_03_S3_L001.unmapped.bam -fq results/Batch_01/bwa/DNA_B01_03_S3_L001.clean.R1.fastq -fq2 results/Batch_01/bwa/DNA_B01_03_S3_L001.clean.R2.fastq
        
[M::bwa_idx_load_from_disk] read 0 ALT contigs
[M::process] read 1848946 sequences (200000024 bp)...
[M::process] read 1848078 sequences (200000046 bp)...
[M::mem_pestat] # candidate unique pairs for (FF, FR, RF, RR): (1960, 472467, 18, 2027)
[M::mem_pestat] analyzing insert size distribution for orientation FF...
[M::mem_pestat] (25, 50, 75) percentile: (57, 83, 112)
[M::mem_pestat] low and high boundaries for computing mean and std.dev: (1, 222)
[M::mem_pestat] mean and std.dev: (86.63, 40.18)
[M::mem_pestat] low and high boundaries for proper pairs: (1, 277)
[M::mem_pestat] analyzing insert size distribution for orientation FR...
[M::mem_pestat] (25, 50, 75) percentile: (69, 88, 113)
[M::mem_pestat] low and high boundaries for computing mean and std.dev: (1, 201)
[M::mem_pestat] mean and std.dev: (92.52, 32.58)
[M::mem_pestat] low and high boundaries for proper pairs: (1, 245)
[M::mem_pestat] analyzing insert size distribution for orientation RF...
[M::mem_pestat] (25, 50, 75) percentile: (69, 110, 129)
[M::mem_pestat] low and high boundaries for computing mean and std.dev: (1, 249)
[M::mem_pestat] mean and std.dev: (92.56, 41.39)
[M::mem_pestat] low and high boundaries for proper pairs: (1, 309)
[M::mem_pestat] analyzing insert size distribution for orientation RR...
[M::mem_pestat] (25, 50, 75) percentile: (57, 82, 109)
[M::mem_pestat] low and high boundaries for computing mean and std.dev: (1, 213)
[M::mem_pestat] mean and std.dev: (85.01, 38.72)
[M::mem_pestat] low and high boundaries for proper pairs: (1, 265)
[M::mem_pestat] skip orientation FF
[M::mem_pestat] skip orientation RF
[M::mem_pestat] skip orientation RR
[M::mem_process_seqs] Processed 1848946 reads in 798.934 CPU sec, 62.070 real sec
[M::process] read 1848898 sequences (200000054 bp)...
[M::mem_pestat] # candidate unique pairs for (FF, FR, RF, RR): (2051, 473077, 10, 2014)
[M::mem_pestat] analyzing insert size distribution for orientation FF...
[M::mem_pestat] (25, 50, 75) percentile: (58, 84, 111)
[M::mem_pestat] low and high boundaries for computing mean and std.dev: (1, 217)
[M::mem_pestat] mean and std.dev: (86.72, 39.34)
[M::mem_pestat] low and high boundaries for proper pairs: (1, 270)
[M::mem_pestat] analyzing insert size distribution for orientation FR...
[M::mem_pestat] (25, 50, 75) percentile: (69, 88, 113)
[M::mem_pestat] low and high boundaries for computing mean and std.dev: (1, 201)
[M::mem_pestat] mean and std.dev: (92.60, 32.60)
[M::mem_pestat] low and high boundaries for proper pairs: (1, 245)
[M::mem_pestat] analyzing insert size distribution for orientation RF...
[M::mem_pestat] (25, 50, 75) percentile: (145, 169, 190)
[M::mem_pestat] low and high boundaries for computing mean and std.dev: (55, 280)
[M::mem_pestat] mean and std.dev: (154.86, 37.20)
[M::mem_pestat] low and high boundaries for proper pairs: (6, 325)
[M::mem_pestat] analyzing insert size distribution for orientation RR...
[M::mem_pestat] (25, 50, 75) percentile: (59, 83, 110)
[M::mem_pestat] low and high boundaries for computing mean and std.dev: (1, 212)
[M::mem_pestat] mean and std.dev: (87.44, 39.64)
[M::mem_pestat] low and high boundaries for proper pairs: (1, 263)
[M::mem_pestat] skip orientation FF
[M::mem_pestat] skip orientation RF
[M::mem_pestat] skip orientation RR
[M::mem_process_seqs] Processed 1848078 reads in 758.235 CPU sec, 40.898 real sec
[M::process] read 1847964 sequences (200000175 bp)...
[M::mem_pestat] # candidate unique pairs for (FF, FR, RF, RR): (2075, 473063, 14, 2049)
[M::mem_pestat] analyzing insert size distribution for orientation FF...
[M::mem_pestat] (25, 50, 75) percentile: (57, 83, 110)
[M::mem_pestat] low and high boundaries for computing mean and std.dev: (1, 216)
[M::mem_pestat] mean and std.dev: (86.29, 40.27)
[M::mem_pestat] low and high boundaries for proper pairs: (1, 269)
[M::mem_pestat] analyzing insert size distribution for orientation FR...
[M::mem_pestat] (25, 50, 75) percentile: (69, 88, 113)
[M::mem_pestat] low and high boundaries for computing mean and std.dev: (1, 201)
[M::mem_pestat] mean and std.dev: (92.46, 32.50)
[M::mem_pestat] low and high boundaries for proper pairs: (1, 245)
[M::mem_pestat] analyzing insert size distribution for orientation RF...
[M::mem_pestat] (25, 50, 75) percentile: (67, 143, 184)
[M::mem_pestat] low and high boundaries for computing mean and std.dev: (1, 418)
[M::mem_pestat] mean and std.dev: (107.82, 52.29)
[M::mem_pestat] low and high boundaries for proper pairs: (1, 535)
[M::mem_pestat] analyzing insert size distribution for orientation RR...
[M::mem_pestat] (25, 50, 75) percentile: (59, 85, 108)
[M::mem_pestat] low and high boundaries for computing mean and std.dev: (1, 206)
[M::mem_pestat] mean and std.dev: (85.63, 36.91)
[M::mem_pestat] low and high boundaries for proper pairs: (1, 255)
[M::mem_pestat] skip orientation FF
[M::mem_pestat] skip orientation RF
[M::mem_pestat] skip orientation RR
[M::mem_process_seqs] Processed 1848898 reads in 765.260 CPU sec, 40.010 real sec
[M::process] read 1847426 sequences (200000188 bp)...
[M::mem_pestat] # candidate unique pairs for (FF, FR, RF, RR): (2086, 472916, 15, 1934)
[M::mem_pestat] analyzing insert size distribution for orientation FF...
[M::mem_pestat] (25, 50, 75) percentile: (61, 84, 109)
[M::mem_pestat] low and high boundaries for computing mean and std.dev: (1, 205)
[M::mem_pestat] mean and std.dev: (85.75, 37.15)
[M::mem_pestat] low and high boundaries for proper pairs: (1, 253)
[M::mem_pestat] analyzing insert size distribution for orientation FR...
[M::mem_pestat] (25, 50, 75) percentile: (69, 88, 113)
[M::mem_pestat] low and high boundaries for computing mean and std.dev: (1, 201)
[M::mem_pestat] mean and std.dev: (92.62, 32.57)
[M::mem_pestat] low and high boundaries for proper pairs: (1, 245)
[M::mem_pestat] analyzing insert size distribution for orientation RF...
[M::mem_pestat] (25, 50, 75) percentile: (17, 105, 155)
[M::mem_pestat] low and high boundaries for computing mean and std.dev: (1, 431)
[M::mem_pestat] mean and std.dev: (94.43, 106.66)
[M::mem_pestat] low and high boundaries for proper pairs: (1, 569)
[M::mem_pestat] analyzing insert size distribution for orientation RR...
[M::mem_pestat] (25, 50, 75) percentile: (60, 85, 115)
[M::mem_pestat] low and high boundaries for computing mean and std.dev: (1, 225)
[M::mem_pestat] mean and std.dev: (89.68, 41.44)
[M::mem_pestat] low and high boundaries for proper pairs: (1, 280)
[M::mem_pestat] skip orientation FF
[M::mem_pestat] skip orientation RF
[M::mem_pestat] skip orientation RR
[M::mem_process_seqs] Processed 1847964 reads in 764.901 CPU sec, 41.569 real sec
[M::process] read 1845520 sequences (200000011 bp)...
[M::mem_pestat] # candidate unique pairs for (FF, FR, RF, RR): (2114, 471521, 2, 2087)
[M::mem_pestat] analyzing insert size distribution for orientation FF...
[M::mem_pestat] (25, 50, 75) percentile: (61, 85, 112)
[M::mem_pestat] low and high boundaries for computing mean and std.dev: (1, 214)
[M::mem_pestat] mean and std.dev: (88.06, 38.76)
[M::mem_pestat] low and high boundaries for proper pairs: (1, 265)
[M::mem_pestat] analyzing insert size distribution for orientation FR...
[M::mem_pestat] (25, 50, 75) percentile: (69, 88, 113)
[M::mem_pestat] low and high boundaries for computing mean and std.dev: (1, 201)
[M::mem_pestat] mean and std.dev: (92.53, 32.56)
[M::mem_pestat] low and high boundaries for proper pairs: (1, 245)
[M::mem_pestat] skip orientation RF as there are not enough pairs
[M::mem_pestat] analyzing insert size distribution for orientation RR...
[M::mem_pestat] (25, 50, 75) percentile: (59, 84, 112)
[M::mem_pestat] low and high boundaries for computing mean and std.dev: (1, 218)
[M::mem_pestat] mean and std.dev: (88.02, 40.34)
[M::mem_pestat] low and high boundaries for proper pairs: (1, 271)
[M::mem_pestat] skip orientation FF
[M::mem_pestat] skip orientation RR
[M::mem_process_seqs] Processed 1847426 reads in 770.183 CPU sec, 42.553 real sec
[M::process] read 1847686 sequences (200000026 bp)...
[M::mem_pestat] # candidate unique pairs for (FF, FR, RF, RR): (2112, 471945, 8, 2112)
[M::mem_pestat] analyzing insert size distribution for orientation FF...
[M::mem_pestat] (25, 50, 75) percentile: (60, 83, 111)
[M::mem_pestat] low and high boundaries for computing mean and std.dev: (1, 213)
[M::mem_pestat] mean and std.dev: (87.58, 39.20)
[M::mem_pestat] low and high boundaries for proper pairs: (1, 264)
[M::mem_pestat] analyzing insert size distribution for orientation FR...
[M::mem_pestat] (25, 50, 75) percentile: (69, 88, 113)
[M::mem_pestat] low and high boundaries for computing mean and std.dev: (1, 201)
[M::mem_pestat] mean and std.dev: (92.68, 32.68)
[M::mem_pestat] low and high boundaries for proper pairs: (1, 245)
[M::mem_pestat] skip orientation RF as there are not enough pairs
[M::mem_pestat] analyzing insert size distribution for orientation RR...
[M::mem_pestat] (25, 50, 75) percentile: (59, 83, 109)
[M::mem_pestat] low and high boundaries for computing mean and std.dev: (1, 209)
[M::mem_pestat] mean and std.dev: (85.73, 38.58)
[M::mem_pestat] low and high boundaries for proper pairs: (1, 259)
[M::mem_pestat] skip orientation FF
[M::mem_pestat] skip orientation RR
[M::mem_process_seqs] Processed 1845520 reads in 763.840 CPU sec, 41.211 real sec
[M::process] read 1848744 sequences (200000071 bp)...
[M::mem_pestat] # candidate unique pairs for (FF, FR, RF, RR): (2099, 471326, 11, 2114)
[M::mem_pestat] analyzing insert size distribution for orientation FF...
[M::mem_pestat] (25, 50, 75) percentile: (57, 82, 109)
[M::mem_pestat] low and high boundaries for computing mean and std.dev: (1, 213)
[M::mem_pestat] mean and std.dev: (84.98, 38.27)
[M::mem_pestat] low and high boundaries for proper pairs: (1, 265)
[M::mem_pestat] analyzing insert size distribution for orientation FR...
[M::mem_pestat] (25, 50, 75) percentile: (69, 88, 113)
[M::mem_pestat] low and high boundaries for computing mean and std.dev: (1, 201)
[M::mem_pestat] mean and std.dev: (92.60, 32.61)
[M::mem_pestat] low and high boundaries for proper pairs: (1, 245)
[M::mem_pestat] analyzing insert size distribution for orientation RF...
[M::mem_pestat] (25, 50, 75) percentile: (92, 118, 181)
[M::mem_pestat] low and high boundaries for computing mean and std.dev: (1, 359)
[M::mem_pestat] mean and std.dev: (121.36, 57.25)
[M::mem_pestat] low and high boundaries for proper pairs: (1, 448)
[M::mem_pestat] analyzing insert size distribution for orientation RR...
[M::mem_pestat] (25, 50, 75) percentile: (60, 85, 113)
[M::mem_pestat] low and high boundaries for computing mean and std.dev: (1, 219)
[M::mem_pestat] mean and std.dev: (88.08, 39.44)
[M::mem_pestat] low and high boundaries for proper pairs: (1, 272)
[M::mem_pestat] skip orientation FF
[M::mem_pestat] skip orientation RF
[M::mem_pestat] skip orientation RR
[M::mem_process_seqs] Processed 1847686 reads in 760.434 CPU sec, 43.834 real sec
[M::process] read 1849628 sequences (200000119 bp)...
[M::mem_pestat] # candidate unique pairs for (FF, FR, RF, RR): (2179, 471770, 12, 2088)
[M::mem_pestat] analyzing insert size distribution for orientation FF...
[M::mem_pestat] (25, 50, 75) percentile: (58, 81, 108)
[M::mem_pestat] low and high boundaries for computing mean and std.dev: (1, 208)
[M::mem_pestat] mean and std.dev: (84.75, 37.93)
[M::mem_pestat] low and high boundaries for proper pairs: (1, 258)
[M::mem_pestat] analyzing insert size distribution for orientation FR...
[M::mem_pestat] (25, 50, 75) percentile: (69, 88, 113)
[M::mem_pestat] low and high boundaries for computing mean and std.dev: (1, 201)
[M::mem_pestat] mean and std.dev: (92.49, 32.57)
[M::mem_pestat] low and high boundaries for proper pairs: (1, 245)
[M::mem_pestat] analyzing insert size distribution for orientation RF...
[M::mem_pestat] (25, 50, 75) percentile: (89, 143, 256)
[M::mem_pestat] low and high boundaries for computing mean and std.dev: (1, 590)
[M::mem_pestat] mean and std.dev: (118.20, 72.83)
[M::mem_pestat] low and high boundaries for proper pairs: (1, 757)
[M::mem_pestat] analyzing insert size distribution for orientation RR...
[M::mem_pestat] (25, 50, 75) percentile: (55, 82, 106)
[M::mem_pestat] low and high boundaries for computing mean and std.dev: (1, 208)
[M::mem_pestat] mean and std.dev: (83.31, 38.17)
[M::mem_pestat] low and high boundaries for proper pairs: (1, 259)
[M::mem_pestat] skip orientation FF
[M::mem_pestat] skip orientation RF
[M::mem_pestat] skip orientation RR
[M::mem_process_seqs] Processed 1848744 reads in 774.253 CPU sec, 41.496 real sec
[M::process] read 1852194 sequences (200000039 bp)...
[M::mem_pestat] # candidate unique pairs for (FF, FR, RF, RR): (2134, 472520, 7, 2020)
[M::mem_pestat] analyzing insert size distribution for orientation FF...
[M::mem_pestat] (25, 50, 75) percentile: (64, 85, 112)
[M::mem_pestat] low and high boundaries for computing mean and std.dev: (1, 208)
[M::mem_pestat] mean and std.dev: (87.66, 37.60)
[M::mem_pestat] low and high boundaries for proper pairs: (1, 256)
[M::mem_pestat] analyzing insert size distribution for orientation FR...
[M::mem_pestat] (25, 50, 75) percentile: (69, 88, 113)
[M::mem_pestat] low and high boundaries for computing mean and std.dev: (1, 201)
[M::mem_pestat] mean and std.dev: (92.46, 32.60)
[M::mem_pestat] low and high boundaries for proper pairs: (1, 245)
[M::mem_pestat] skip orientation RF as there are not enough pairs
[M::mem_pestat] analyzing insert size distribution for orientation RR...
[M::mem_pestat] (25, 50, 75) percentile: (58, 83, 108)
[M::mem_pestat] low and high boundaries for computing mean and std.dev: (1, 208)
[M::mem_pestat] mean and std.dev: (85.59, 37.73)
[M::mem_pestat] low and high boundaries for proper pairs: (1, 258)
[M::mem_pestat] skip orientation FF
[M::mem_pestat] skip orientation RR
[M::mem_process_seqs] Processed 1849628 reads in 758.230 CPU sec, 41.341 real sec
[M::process] read 1851962 sequences (200000038 bp)...
[M::mem_pestat] # candidate unique pairs for (FF, FR, RF, RR): (2089, 474332, 7, 2030)
[M::mem_pestat] analyzing insert size distribution for orientation FF...
[M::mem_pestat] (25, 50, 75) percentile: (63, 84, 113)
[M::mem_pestat] low and high boundaries for computing mean and std.dev: (1, 213)
[M::mem_pestat] mean and std.dev: (88.26, 38.84)
[M::mem_pestat] low and high boundaries for proper pairs: (1, 263)
[M::mem_pestat] analyzing insert size distribution for orientation FR...
[M::mem_pestat] (25, 50, 75) percentile: (69, 88, 113)
[M::mem_pestat] low and high boundaries for computing mean and std.dev: (1, 201)
[M::mem_pestat] mean and std.dev: (92.29, 32.52)
[M::mem_pestat] low and high boundaries for proper pairs: (1, 245)
[M::mem_pestat] skip orientation RF as there are not enough pairs
[M::mem_pestat] analyzing insert size distribution for orientation RR...
[M::mem_pestat] (25, 50, 75) percentile: (61, 85, 111)
[M::mem_pestat] low and high boundaries for computing mean and std.dev: (1, 211)
[M::mem_pestat] mean and std.dev: (87.60, 38.74)
[M::mem_pestat] low and high boundaries for proper pairs: (1, 261)
[M::mem_pestat] skip orientation FF
[M::mem_pestat] skip orientation RR
[M::mem_process_seqs] Processed 1852194 reads in 750.307 CPU sec, 38.874 real sec
[M::process] read 1851842 sequences (200000099 bp)...
[M::mem_pestat] # candidate unique pairs for (FF, FR, RF, RR): (2100, 474321, 12, 1943)
[M::mem_pestat] analyzing insert size distribution for orientation FF...
[M::mem_pestat] (25, 50, 75) percentile: (62, 84, 111)
[M::mem_pestat] low and high boundaries for computing mean and std.dev: (1, 209)
[M::mem_pestat] mean and std.dev: (86.94, 38.21)
[M::mem_pestat] low and high boundaries for proper pairs: (1, 258)
[M::mem_pestat] analyzing insert size distribution for orientation FR...
[M::mem_pestat] (25, 50, 75) percentile: (69, 88, 113)
[M::mem_pestat] low and high boundaries for computing mean and std.dev: (1, 201)
[M::mem_pestat] mean and std.dev: (92.33, 32.60)
[M::mem_pestat] low and high boundaries for proper pairs: (1, 245)
[M::mem_pestat] analyzing insert size distribution for orientation RF...
[M::mem_pestat] (25, 50, 75) percentile: (45, 123, 187)
[M::mem_pestat] low and high boundaries for computing mean and std.dev: (1, 471)
[M::mem_pestat] mean and std.dev: (92.18, 59.53)
[M::mem_pestat] low and high boundaries for proper pairs: (1, 613)
[M::mem_pestat] analyzing insert size distribution for orientation RR...
[M::mem_pestat] (25, 50, 75) percentile: (61, 86, 114)
[M::mem_pestat] low and high boundaries for computing mean and std.dev: (1, 220)
[M::mem_pestat] mean and std.dev: (89.57, 40.93)
[M::mem_pestat] low and high boundaries for proper pairs: (1, 273)
[M::mem_pestat] skip orientation FF
[M::mem_pestat] skip orientation RF
[M::mem_pestat] skip orientation RR
[M::mem_process_seqs] Processed 1851962 reads in 760.282 CPU sec, 40.069 real sec
[M::process] read 1852086 sequences (200000117 bp)...
[M::mem_pestat] # candidate unique pairs for (FF, FR, RF, RR): (2047, 473783, 6, 1965)
[M::mem_pestat] analyzing insert size distribution for orientation FF...
[M::mem_pestat] (25, 50, 75) percentile: (59, 84, 111)
[M::mem_pestat] low and high boundaries for computing mean and std.dev: (1, 215)
[M::mem_pestat] mean and std.dev: (87.41, 39.54)
[M::mem_pestat] low and high boundaries for proper pairs: (1, 267)
[M::mem_pestat] analyzing insert size distribution for orientation FR...
[M::mem_pestat] (25, 50, 75) percentile: (69, 88, 113)
[M::mem_pestat] low and high boundaries for computing mean and std.dev: (1, 201)
[M::mem_pestat] mean and std.dev: (92.38, 32.56)
[M::mem_pestat] low and high boundaries for proper pairs: (1, 245)
[M::mem_pestat] skip orientation RF as there are not enough pairs
[M::mem_pestat] analyzing insert size distribution for orientation RR...
[M::mem_pestat] (25, 50, 75) percentile: (59, 84, 111)
[M::mem_pestat] low and high boundaries for computing mean and std.dev: (1, 215)
[M::mem_pestat] mean and std.dev: (87.73, 40.26)
[M::mem_pestat] low and high boundaries for proper pairs: (1, 267)
[M::mem_pestat] skip orientation FF
[M::mem_pestat] skip orientation RR
[M::mem_process_seqs] Processed 1851842 reads in 752.397 CPU sec, 41.137 real sec
[M::process] read 1848910 sequences (200000035 bp)...
[M::mem_pestat] # candidate unique pairs for (FF, FR, RF, RR): (2028, 473408, 10, 1978)
[M::mem_pestat] analyzing insert size distribution for orientation FF...
[M::mem_pestat] (25, 50, 75) percentile: (60, 84, 113)
[M::mem_pestat] low and high boundaries for computing mean and std.dev: (1, 219)
[M::mem_pestat] mean and std.dev: (87.56, 39.56)
[M::mem_pestat] low and high boundaries for proper pairs: (1, 272)
[M::mem_pestat] analyzing insert size distribution for orientation FR...
[M::mem_pestat] (25, 50, 75) percentile: (69, 88, 113)
[M::mem_pestat] low and high boundaries for computing mean and std.dev: (1, 201)
[M::mem_pestat] mean and std.dev: (92.34, 32.50)
[M::mem_pestat] low and high boundaries for proper pairs: (1, 245)
[M::mem_pestat] analyzing insert size distribution for orientation RF...
[M::mem_pestat] (25, 50, 75) percentile: (79, 135, 161)
[M::mem_pestat] low and high boundaries for computing mean and std.dev: (1, 325)
[M::mem_pestat] mean and std.dev: (107.33, 53.49)
[M::mem_pestat] low and high boundaries for proper pairs: (1, 407)
[M::mem_pestat] analyzing insert size distribution for orientation RR...
[M::mem_pestat] (25, 50, 75) percentile: (59, 84, 113)
[M::mem_pestat] low and high boundaries for computing mean and std.dev: (1, 221)
[M::mem_pestat] mean and std.dev: (88.58, 41.86)
[M::mem_pestat] low and high boundaries for proper pairs: (1, 275)
[M::mem_pestat] skip orientation FF
[M::mem_pestat] skip orientation RF
[M::mem_pestat] skip orientation RR
[M::mem_process_seqs] Processed 1852086 reads in 759.877 CPU sec, 39.512 real sec
[M::process] read 1848528 sequences (200000120 bp)...
[M::mem_pestat] # candidate unique pairs for (FF, FR, RF, RR): (2110, 471067, 7, 2061)
[M::mem_pestat] analyzing insert size distribution for orientation FF...
[M::mem_pestat] (25, 50, 75) percentile: (58, 84, 112)
[M::mem_pestat] low and high boundaries for computing mean and std.dev: (1, 220)
[M::mem_pestat] mean and std.dev: (88.00, 40.09)
[M::mem_pestat] low and high boundaries for proper pairs: (1, 274)
[M::mem_pestat] analyzing insert size distribution for orientation FR...
[M::mem_pestat] (25, 50, 75) percentile: (69, 88, 113)
[M::mem_pestat] low and high boundaries for computing mean and std.dev: (1, 201)
[M::mem_pestat] mean and std.dev: (92.50, 32.62)
[M::mem_pestat] low and high boundaries for proper pairs: (1, 245)
[M::mem_pestat] skip orientation RF as there are not enough pairs
[M::mem_pestat] analyzing insert size distribution for orientation RR...
[M::mem_pestat] (25, 50, 75) percentile: (57, 82, 109)
[M::mem_pestat] low and high boundaries for computing mean and std.dev: (1, 213)
[M::mem_pestat] mean and std.dev: (85.97, 39.37)
[M::mem_pestat] low and high boundaries for proper pairs: (1, 265)
[M::mem_pestat] skip orientation FF
[M::mem_pestat] skip orientation RR
[M::mem_process_seqs] Processed 1848910 reads in 767.575 CPU sec, 41.203 real sec
[M::process] read 1850102 sequences (200000073 bp)...
[M::mem_pestat] # candidate unique pairs for (FF, FR, RF, RR): (2124, 473180, 7, 2159)
[M::mem_pestat] analyzing insert size distribution for orientation FF...
[M::mem_pestat] (25, 50, 75) percentile: (60, 84, 110)
[M::mem_pestat] low and high boundaries for computing mean and std.dev: (1, 210)
[M::mem_pestat] mean and std.dev: (86.17, 37.56)
[M::mem_pestat] low and high boundaries for proper pairs: (1, 260)
[M::mem_pestat] analyzing insert size distribution for orientation FR...
[M::mem_pestat] (25, 50, 75) percentile: (69, 88, 113)
[M::mem_pestat] low and high boundaries for computing mean and std.dev: (1, 201)
[M::mem_pestat] mean and std.dev: (92.56, 32.56)
[M::mem_pestat] low and high boundaries for proper pairs: (1, 245)
[M::mem_pestat] skip orientation RF as there are not enough pairs
[M::mem_pestat] analyzing insert size distribution for orientation RR...
[M::mem_pestat] (25, 50, 75) percentile: (60, 84, 111)
[M::mem_pestat] low and high boundaries for computing mean and std.dev: (1, 213)
[M::mem_pestat] mean and std.dev: (88.22, 39.86)
[M::mem_pestat] low and high boundaries for proper pairs: (1, 264)
[M::mem_pestat] skip orientation FF
[M::mem_pestat] skip orientation RR
[M::mem_process_seqs] Processed 1848528 reads in 757.896 CPU sec, 38.952 real sec
[M::process] read 1391000 sequences (150493063 bp)...
[M::mem_pestat] # candidate unique pairs for (FF, FR, RF, RR): (2057, 475146, 7, 2068)
[M::mem_pestat] analyzing insert size distribution for orientation FF...
[M::mem_pestat] (25, 50, 75) percentile: (59, 83, 109)
[M::mem_pestat] low and high boundaries for computing mean and std.dev: (1, 209)
[M::mem_pestat] mean and std.dev: (85.75, 37.98)
[M::mem_pestat] low and high boundaries for proper pairs: (1, 259)
[M::mem_pestat] analyzing insert size distribution for orientation FR...
[M::mem_pestat] (25, 50, 75) percentile: (69, 88, 113)
[M::mem_pestat] low and high boundaries for computing mean and std.dev: (1, 201)
[M::mem_pestat] mean and std.dev: (92.49, 32.61)
[M::mem_pestat] low and high boundaries for proper pairs: (1, 245)
[M::mem_pestat] skip orientation RF as there are not enough pairs
[M::mem_pestat] analyzing insert size distribution for orientation RR...
[M::mem_pestat] (25, 50, 75) percentile: (61, 84, 110)
[M::mem_pestat] low and high boundaries for computing mean and std.dev: (1, 208)
[M::mem_pestat] mean and std.dev: (86.78, 38.16)
[M::mem_pestat] low and high boundaries for proper pairs: (1, 257)
[M::mem_pestat] skip orientation FF
[M::mem_pestat] skip orientation RR
[M::mem_process_seqs] Processed 1850102 reads in 756.265 CPU sec, 40.436 real sec
[M::mem_pestat] # candidate unique pairs for (FF, FR, RF, RR): (1602, 354825, 18, 1497)
[M::mem_pestat] analyzing insert size distribution for orientation FF...
[M::mem_pestat] (25, 50, 75) percentile: (59, 83, 108)
[M::mem_pestat] low and high boundaries for computing mean and std.dev: (1, 206)
[M::mem_pestat] mean and std.dev: (85.41, 37.31)
[M::mem_pestat] low and high boundaries for proper pairs: (1, 255)
[M::mem_pestat] analyzing insert size distribution for orientation FR...
[M::mem_pestat] (25, 50, 75) percentile: (69, 88, 113)
[M::mem_pestat] low and high boundaries for computing mean and std.dev: (1, 201)
[M::mem_pestat] mean and std.dev: (92.54, 32.50)
[M::mem_pestat] low and high boundaries for proper pairs: (1, 245)
[M::mem_pestat] analyzing insert size distribution for orientation RF...
[M::mem_pestat] (25, 50, 75) percentile: (52, 139, 153)
[M::mem_pestat] low and high boundaries for computing mean and std.dev: (1, 355)
[M::mem_pestat] mean and std.dev: (100.35, 58.99)
[M::mem_pestat] low and high boundaries for proper pairs: (1, 456)
[M::mem_pestat] analyzing insert size distribution for orientation RR...
[M::mem_pestat] (25, 50, 75) percentile: (63, 83, 109)
[M::mem_pestat] low and high boundaries for computing mean and std.dev: (1, 201)
[M::mem_pestat] mean and std.dev: (85.96, 36.95)
[M::mem_pestat] low and high boundaries for proper pairs: (1, 247)
[M::mem_pestat] skip orientation FF
[M::mem_pestat] skip orientation RF
[M::mem_pestat] skip orientation RR
[M::mem_process_seqs] Processed 1391000 reads in 573.692 CPU sec, 29.990 real sec
[main] Version: 0.7.17-r1188
[main] CMD: bwa mem -t 20 resources/genome/hg38.fa.gz results/Batch_01/filtered/DNA_B01_03_S3_L001.filtered.R1.fastq.gz results/Batch_01/filtered/DNA_B01_03_S3_L001.filtered.R2.fastq.gz
[main] Real time: 713.581 sec; CPU: 12800.240 sec
[bam_sort_core] merging from 14 files and 1 in-memory blocks...
[Fri Apr 15 14:07:25 2022]
Finished job 0.
1 of 1 steps (100%) done
