The flag 'directory' used in rule SS_checkm_analysis is only valid for outputs, not inputs.
The flag 'directory' used in rule SS_checkm_plots is only valid for outputs, not inputs.
The flag 'directory' used in rule SS_checkm_plots is only valid for outputs, not inputs.
Building DAG of jobs...
Using shell: /usr/bin/bash
Provided cores: 20
Rules claiming more threads will be scaled down.
Select jobs to execute...

[Fri Apr 15 13:45:18 2022]
rule bwa_map:
    input: results/Batch_01/filtered/DNA_B01_04_S4_L001.filtered.R1.fastq.gz, results/Batch_01/filtered/DNA_B01_04_S4_L001.filtered.R2.fastq.gz, resources/genome/hg38.fa.gz.ann, resources/genome/hg38.fa.gz
    output: results/Batch_01/bwa/DNA_B01_04_S4_L001.clean.R1.fastq, results/Batch_01/bwa/DNA_B01_04_S4_L001.clean.R2.fastq
    jobid: 0
    wildcards: dataset=Batch_01, sample=DNA_B01_04_S4_L001
    threads: 20
    resources: mem_mb=5932, disk_mb=5932, tmpdir=/tmp, account=b1042, partition=genomics, nodes=1, mem=50G, time=08:00:00


        module purge all
        module load bwa/0.7.17
        module load samtools/1.10.1
        module load bedtools/2.29.2
        bwa mem -t 20 resources/genome/hg38.fa.gz results/Batch_01/filtered/DNA_B01_04_S4_L001.filtered.R1.fastq.gz results/Batch_01/filtered/DNA_B01_04_S4_L001.filtered.R2.fastq.gz > results/Batch_01/bwa/DNA_B01_04_S4_L001.mapped.sam
        samtools view -Subh -o results/Batch_01/bwa/DNA_B01_04_S4_L001.mapped.bam results/Batch_01/bwa/DNA_B01_04_S4_L001.mapped.sam
        samtools sort -o results/Batch_01/bwa/DNA_B01_04_S4_L001.mapped.sorted.bam results/Batch_01/bwa/DNA_B01_04_S4_L001.mapped.bam

        samtools view -b -f 12 -F 256 -o results/Batch_01/bwa/DNA_B01_04_S4_L001.unmapped.bam results/Batch_01/bwa/DNA_B01_04_S4_L001.mapped.sorted.bam
        bedtools bamtofastq -i results/Batch_01/bwa/DNA_B01_04_S4_L001.unmapped.bam -fq results/Batch_01/bwa/DNA_B01_04_S4_L001.clean.R1.fastq -fq2 results/Batch_01/bwa/DNA_B01_04_S4_L001.clean.R2.fastq
        
[M::bwa_idx_load_from_disk] read 0 ALT contigs
[M::process] read 1853690 sequences (200000104 bp)...
[M::process] read 1852810 sequences (200000196 bp)...
[M::mem_pestat] # candidate unique pairs for (FF, FR, RF, RR): (3410, 749642, 33, 3237)
[M::mem_pestat] analyzing insert size distribution for orientation FF...
[M::mem_pestat] (25, 50, 75) percentile: (72, 91, 124)
[M::mem_pestat] low and high boundaries for computing mean and std.dev: (1, 228)
[M::mem_pestat] mean and std.dev: (96.63, 41.90)
[M::mem_pestat] low and high boundaries for proper pairs: (1, 280)
[M::mem_pestat] analyzing insert size distribution for orientation FR...
[M::mem_pestat] (25, 50, 75) percentile: (75, 97, 128)
[M::mem_pestat] low and high boundaries for computing mean and std.dev: (1, 234)
[M::mem_pestat] mean and std.dev: (103.29, 39.08)
[M::mem_pestat] low and high boundaries for proper pairs: (1, 287)
[M::mem_pestat] analyzing insert size distribution for orientation RF...
[M::mem_pestat] (25, 50, 75) percentile: (59, 117, 170)
[M::mem_pestat] low and high boundaries for computing mean and std.dev: (1, 392)
[M::mem_pestat] mean and std.dev: (115.03, 63.08)
[M::mem_pestat] low and high boundaries for proper pairs: (1, 503)
[M::mem_pestat] analyzing insert size distribution for orientation RR...
[M::mem_pestat] (25, 50, 75) percentile: (74, 93, 126)
[M::mem_pestat] low and high boundaries for computing mean and std.dev: (1, 230)
[M::mem_pestat] mean and std.dev: (98.71, 41.86)
[M::mem_pestat] low and high boundaries for proper pairs: (1, 282)
[M::mem_pestat] skip orientation FF
[M::mem_pestat] skip orientation RF
[M::mem_pestat] skip orientation RR
[M::mem_process_seqs] Processed 1853690 reads in 987.942 CPU sec, 70.653 real sec
[M::process] read 1852920 sequences (200000016 bp)...
[M::mem_pestat] # candidate unique pairs for (FF, FR, RF, RR): (3369, 748652, 32, 3450)
[M::mem_pestat] analyzing insert size distribution for orientation FF...
[M::mem_pestat] (25, 50, 75) percentile: (74, 94, 126)
[M::mem_pestat] low and high boundaries for computing mean and std.dev: (1, 230)
[M::mem_pestat] mean and std.dev: (98.90, 42.29)
[M::mem_pestat] low and high boundaries for proper pairs: (1, 282)
[M::mem_pestat] analyzing insert size distribution for orientation FR...
[M::mem_pestat] (25, 50, 75) percentile: (75, 97, 128)
[M::mem_pestat] low and high boundaries for computing mean and std.dev: (1, 234)
[M::mem_pestat] mean and std.dev: (103.39, 39.11)
[M::mem_pestat] low and high boundaries for proper pairs: (1, 287)
[M::mem_pestat] analyzing insert size distribution for orientation RF...
[M::mem_pestat] (25, 50, 75) percentile: (66, 126, 178)
[M::mem_pestat] low and high boundaries for computing mean and std.dev: (1, 402)
[M::mem_pestat] mean and std.dev: (129.94, 86.42)
[M::mem_pestat] low and high boundaries for proper pairs: (1, 514)
[M::mem_pestat] analyzing insert size distribution for orientation RR...
[M::mem_pestat] (25, 50, 75) percentile: (74, 94, 125)
[M::mem_pestat] low and high boundaries for computing mean and std.dev: (1, 227)
[M::mem_pestat] mean and std.dev: (98.95, 42.12)
[M::mem_pestat] low and high boundaries for proper pairs: (1, 278)
[M::mem_pestat] skip orientation FF
[M::mem_pestat] skip orientation RF
[M::mem_pestat] skip orientation RR
[M::mem_process_seqs] Processed 1852810 reads in 759.602 CPU sec, 39.241 real sec
[M::process] read 1852306 sequences (200000135 bp)...
[M::mem_pestat] # candidate unique pairs for (FF, FR, RF, RR): (3473, 748338, 29, 3294)
[M::mem_pestat] analyzing insert size distribution for orientation FF...
[M::mem_pestat] (25, 50, 75) percentile: (74, 93, 126)
[M::mem_pestat] low and high boundaries for computing mean and std.dev: (1, 230)
[M::mem_pestat] mean and std.dev: (98.35, 42.04)
[M::mem_pestat] low and high boundaries for proper pairs: (1, 282)
[M::mem_pestat] analyzing insert size distribution for orientation FR...
[M::mem_pestat] (25, 50, 75) percentile: (75, 97, 128)
[M::mem_pestat] low and high boundaries for computing mean and std.dev: (1, 234)
[M::mem_pestat] mean and std.dev: (103.38, 39.10)
[M::mem_pestat] low and high boundaries for proper pairs: (1, 287)
[M::mem_pestat] analyzing insert size distribution for orientation RF...
[M::mem_pestat] (25, 50, 75) percentile: (58, 110, 173)
[M::mem_pestat] low and high boundaries for computing mean and std.dev: (1, 403)
[M::mem_pestat] mean and std.dev: (105.96, 55.08)
[M::mem_pestat] low and high boundaries for proper pairs: (1, 518)
[M::mem_pestat] analyzing insert size distribution for orientation RR...
[M::mem_pestat] (25, 50, 75) percentile: (73, 94, 126)
[M::mem_pestat] low and high boundaries for computing mean and std.dev: (1, 232)
[M::mem_pestat] mean and std.dev: (99.35, 43.10)
[M::mem_pestat] low and high boundaries for proper pairs: (1, 285)
[M::mem_pestat] skip orientation FF
[M::mem_pestat] skip orientation RF
[M::mem_pestat] skip orientation RR
[M::mem_process_seqs] Processed 1852920 reads in 769.735 CPU sec, 39.553 real sec
[M::process] read 1853452 sequences (200000038 bp)...
[M::mem_pestat] # candidate unique pairs for (FF, FR, RF, RR): (3400, 748610, 47, 3405)
[M::mem_pestat] analyzing insert size distribution for orientation FF...
[M::mem_pestat] (25, 50, 75) percentile: (73, 92, 125)
[M::mem_pestat] low and high boundaries for computing mean and std.dev: (1, 229)
[M::mem_pestat] mean and std.dev: (98.05, 42.34)
[M::mem_pestat] low and high boundaries for proper pairs: (1, 281)
[M::mem_pestat] analyzing insert size distribution for orientation FR...
[M::mem_pestat] (25, 50, 75) percentile: (75, 97, 128)
[M::mem_pestat] low and high boundaries for computing mean and std.dev: (1, 234)
[M::mem_pestat] mean and std.dev: (103.32, 39.01)
[M::mem_pestat] low and high boundaries for proper pairs: (1, 287)
[M::mem_pestat] analyzing insert size distribution for orientation RF...
[M::mem_pestat] (25, 50, 75) percentile: (57, 110, 170)
[M::mem_pestat] low and high boundaries for computing mean and std.dev: (1, 396)
[M::mem_pestat] mean and std.dev: (103.62, 58.24)
[M::mem_pestat] low and high boundaries for proper pairs: (1, 509)
[M::mem_pestat] analyzing insert size distribution for orientation RR...
[M::mem_pestat] (25, 50, 75) percentile: (74, 94, 125)
[M::mem_pestat] low and high boundaries for computing mean and std.dev: (1, 227)
[M::mem_pestat] mean and std.dev: (99.19, 41.89)
[M::mem_pestat] low and high boundaries for proper pairs: (1, 278)
[M::mem_pestat] skip orientation FF
[M::mem_pestat] skip orientation RF
[M::mem_pestat] skip orientation RR
[M::mem_process_seqs] Processed 1852306 reads in 769.803 CPU sec, 39.399 real sec
[M::process] read 1853742 sequences (200000186 bp)...
[M::mem_pestat] # candidate unique pairs for (FF, FR, RF, RR): (3349, 748319, 38, 3424)
[M::mem_pestat] analyzing insert size distribution for orientation FF...
[M::mem_pestat] (25, 50, 75) percentile: (72, 92, 125)
[M::mem_pestat] low and high boundaries for computing mean and std.dev: (1, 231)
[M::mem_pestat] mean and std.dev: (98.17, 43.02)
[M::mem_pestat] low and high boundaries for proper pairs: (1, 284)
[M::mem_pestat] analyzing insert size distribution for orientation FR...
[M::mem_pestat] (25, 50, 75) percentile: (75, 97, 128)
[M::mem_pestat] low and high boundaries for computing mean and std.dev: (1, 234)
[M::mem_pestat] mean and std.dev: (103.34, 39.06)
[M::mem_pestat] low and high boundaries for proper pairs: (1, 287)
[M::mem_pestat] analyzing insert size distribution for orientation RF...
[M::mem_pestat] (25, 50, 75) percentile: (62, 122, 165)
[M::mem_pestat] low and high boundaries for computing mean and std.dev: (1, 371)
[M::mem_pestat] mean and std.dev: (107.68, 55.34)
[M::mem_pestat] low and high boundaries for proper pairs: (1, 474)
[M::mem_pestat] analyzing insert size distribution for orientation RR...
[M::mem_pestat] (25, 50, 75) percentile: (73, 92, 125)
[M::mem_pestat] low and high boundaries for computing mean and std.dev: (1, 229)
[M::mem_pestat] mean and std.dev: (98.32, 43.16)
[M::mem_pestat] low and high boundaries for proper pairs: (1, 281)
[M::mem_pestat] skip orientation FF
[M::mem_pestat] skip orientation RF
[M::mem_pestat] skip orientation RR
[M::mem_process_seqs] Processed 1853452 reads in 768.613 CPU sec, 39.397 real sec
[M::process] read 1850728 sequences (200000079 bp)...
[M::mem_pestat] # candidate unique pairs for (FF, FR, RF, RR): (3442, 748882, 26, 3435)
[M::mem_pestat] analyzing insert size distribution for orientation FF...
[M::mem_pestat] (25, 50, 75) percentile: (72, 92, 124)
[M::mem_pestat] low and high boundaries for computing mean and std.dev: (1, 228)
[M::mem_pestat] mean and std.dev: (97.71, 42.32)
[M::mem_pestat] low and high boundaries for proper pairs: (1, 280)
[M::mem_pestat] analyzing insert size distribution for orientation FR...
[M::mem_pestat] (25, 50, 75) percentile: (75, 97, 128)
[M::mem_pestat] low and high boundaries for computing mean and std.dev: (1, 234)
[M::mem_pestat] mean and std.dev: (103.27, 38.98)
[M::mem_pestat] low and high boundaries for proper pairs: (1, 287)
[M::mem_pestat] analyzing insert size distribution for orientation RF...
[M::mem_pestat] (25, 50, 75) percentile: (93, 115, 145)
[M::mem_pestat] low and high boundaries for computing mean and std.dev: (1, 249)
[M::mem_pestat] mean and std.dev: (107.21, 47.96)
[M::mem_pestat] low and high boundaries for proper pairs: (1, 301)
[M::mem_pestat] analyzing insert size distribution for orientation RR...
[M::mem_pestat] (25, 50, 75) percentile: (74, 93, 123)
[M::mem_pestat] low and high boundaries for computing mean and std.dev: (1, 221)
[M::mem_pestat] mean and std.dev: (97.97, 40.80)
[M::mem_pestat] low and high boundaries for proper pairs: (1, 270)
[M::mem_pestat] skip orientation FF
[M::mem_pestat] skip orientation RF
[M::mem_pestat] skip orientation RR
[M::mem_process_seqs] Processed 1853742 reads in 776.382 CPU sec, 40.363 real sec
[M::process] read 1850708 sequences (200000028 bp)...
[M::mem_pestat] # candidate unique pairs for (FF, FR, RF, RR): (3461, 746576, 39, 3292)
[M::mem_pestat] analyzing insert size distribution for orientation FF...
[M::mem_pestat] (25, 50, 75) percentile: (73, 94, 125)
[M::mem_pestat] low and high boundaries for computing mean and std.dev: (1, 229)
[M::mem_pestat] mean and std.dev: (98.59, 42.33)
[M::mem_pestat] low and high boundaries for proper pairs: (1, 281)
[M::mem_pestat] analyzing insert size distribution for orientation FR...
[M::mem_pestat] (25, 50, 75) percentile: (75, 97, 128)
[M::mem_pestat] low and high boundaries for computing mean and std.dev: (1, 234)
[M::mem_pestat] mean and std.dev: (103.49, 39.10)
[M::mem_pestat] low and high boundaries for proper pairs: (1, 287)
[M::mem_pestat] analyzing insert size distribution for orientation RF...
[M::mem_pestat] (25, 50, 75) percentile: (72, 114, 189)
[M::mem_pestat] low and high boundaries for computing mean and std.dev: (1, 423)
[M::mem_pestat] mean and std.dev: (120.69, 82.13)
[M::mem_pestat] low and high boundaries for proper pairs: (1, 540)
[M::mem_pestat] analyzing insert size distribution for orientation RR...
[M::mem_pestat] (25, 50, 75) percentile: (71, 92, 123)
[M::mem_pestat] low and high boundaries for computing mean and std.dev: (1, 227)
[M::mem_pestat] mean and std.dev: (96.07, 41.90)
[M::mem_pestat] low and high boundaries for proper pairs: (1, 279)
[M::mem_pestat] skip orientation FF
[M::mem_pestat] skip orientation RF
[M::mem_pestat] skip orientation RR
[M::mem_process_seqs] Processed 1850728 reads in 782.800 CPU sec, 40.219 real sec
[M::process] read 1852848 sequences (200000082 bp)...
[M::mem_pestat] # candidate unique pairs for (FF, FR, RF, RR): (3384, 747515, 29, 3386)
[M::mem_pestat] analyzing insert size distribution for orientation FF...
[M::mem_pestat] (25, 50, 75) percentile: (72, 92, 123)
[M::mem_pestat] low and high boundaries for computing mean and std.dev: (1, 225)
[M::mem_pestat] mean and std.dev: (97.43, 40.94)
[M::mem_pestat] low and high boundaries for proper pairs: (1, 276)
[M::mem_pestat] analyzing insert size distribution for orientation FR...
[M::mem_pestat] (25, 50, 75) percentile: (75, 97, 128)
[M::mem_pestat] low and high boundaries for computing mean and std.dev: (1, 234)
[M::mem_pestat] mean and std.dev: (103.48, 39.08)
[M::mem_pestat] low and high boundaries for proper pairs: (1, 287)
[M::mem_pestat] analyzing insert size distribution for orientation RF...
[M::mem_pestat] (25, 50, 75) percentile: (72, 120, 154)
[M::mem_pestat] low and high boundaries for computing mean and std.dev: (1, 318)
[M::mem_pestat] mean and std.dev: (108.18, 53.03)
[M::mem_pestat] low and high boundaries for proper pairs: (1, 400)
[M::mem_pestat] analyzing insert size distribution for orientation RR...
[M::mem_pestat] (25, 50, 75) percentile: (72, 93, 125)
[M::mem_pestat] low and high boundaries for computing mean and std.dev: (1, 231)
[M::mem_pestat] mean and std.dev: (97.78, 42.42)
[M::mem_pestat] low and high boundaries for proper pairs: (1, 284)
[M::mem_pestat] skip orientation FF
[M::mem_pestat] skip orientation RF
[M::mem_pestat] skip orientation RR
[M::mem_process_seqs] Processed 1850708 reads in 772.692 CPU sec, 39.844 real sec
[M::process] read 1852790 sequences (200000123 bp)...
[M::mem_pestat] # candidate unique pairs for (FF, FR, RF, RR): (3406, 747520, 38, 3493)
[M::mem_pestat] analyzing insert size distribution for orientation FF...
[M::mem_pestat] (25, 50, 75) percentile: (73, 92, 124)
[M::mem_pestat] low and high boundaries for computing mean and std.dev: (1, 226)
[M::mem_pestat] mean and std.dev: (97.68, 41.91)
[M::mem_pestat] low and high boundaries for proper pairs: (1, 277)
[M::mem_pestat] analyzing insert size distribution for orientation FR...
[M::mem_pestat] (25, 50, 75) percentile: (75, 97, 128)
[M::mem_pestat] low and high boundaries for computing mean and std.dev: (1, 234)
[M::mem_pestat] mean and std.dev: (103.27, 38.96)
[M::mem_pestat] low and high boundaries for proper pairs: (1, 287)
[M::mem_pestat] analyzing insert size distribution for orientation RF...
[M::mem_pestat] (25, 50, 75) percentile: (61, 142, 180)
[M::mem_pestat] low and high boundaries for computing mean and std.dev: (1, 418)
[M::mem_pestat] mean and std.dev: (137.59, 86.90)
[M::mem_pestat] low and high boundaries for proper pairs: (1, 537)
[M::mem_pestat] analyzing insert size distribution for orientation RR...
[M::mem_pestat] (25, 50, 75) percentile: (72, 92, 127)
[M::mem_pestat] low and high boundaries for computing mean and std.dev: (1, 237)
[M::mem_pestat] mean and std.dev: (98.86, 43.65)
[M::mem_pestat] low and high boundaries for proper pairs: (1, 292)
[M::mem_pestat] skip orientation FF
[M::mem_pestat] skip orientation RF
[M::mem_pestat] skip orientation RR
[M::mem_process_seqs] Processed 1852848 reads in 773.052 CPU sec, 39.671 real sec
[M::process] read 1852384 sequences (200000003 bp)...
[M::mem_pestat] # candidate unique pairs for (FF, FR, RF, RR): (3608, 747411, 26, 3450)
[M::mem_pestat] analyzing insert size distribution for orientation FF...
[M::mem_pestat] (25, 50, 75) percentile: (71, 92, 124)
[M::mem_pestat] low and high boundaries for computing mean and std.dev: (1, 230)
[M::mem_pestat] mean and std.dev: (97.35, 42.38)
[M::mem_pestat] low and high boundaries for proper pairs: (1, 283)
[M::mem_pestat] analyzing insert size distribution for orientation FR...
[M::mem_pestat] (25, 50, 75) percentile: (75, 97, 128)
[M::mem_pestat] low and high boundaries for computing mean and std.dev: (1, 234)
[M::mem_pestat] mean and std.dev: (103.40, 39.09)
[M::mem_pestat] low and high boundaries for proper pairs: (1, 287)
[M::mem_pestat] analyzing insert size distribution for orientation RF...
[M::mem_pestat] (25, 50, 75) percentile: (52, 125, 170)
[M::mem_pestat] low and high boundaries for computing mean and std.dev: (1, 406)
[M::mem_pestat] mean and std.dev: (130.50, 104.46)
[M::mem_pestat] low and high boundaries for proper pairs: (1, 548)
[M::mem_pestat] analyzing insert size distribution for orientation RR...
[M::mem_pestat] (25, 50, 75) percentile: (71, 91, 123)
[M::mem_pestat] low and high boundaries for computing mean and std.dev: (1, 227)
[M::mem_pestat] mean and std.dev: (96.46, 41.89)
[M::mem_pestat] low and high boundaries for proper pairs: (1, 279)
[M::mem_pestat] skip orientation FF
[M::mem_pestat] skip orientation RF
[M::mem_pestat] skip orientation RR
[M::mem_process_seqs] Processed 1852790 reads in 776.472 CPU sec, 40.169 real sec
[M::process] read 1855746 sequences (200000202 bp)...
[M::mem_pestat] # candidate unique pairs for (FF, FR, RF, RR): (3531, 748347, 22, 3472)
[M::mem_pestat] analyzing insert size distribution for orientation FF...
[M::mem_pestat] (25, 50, 75) percentile: (74, 94, 126)
[M::mem_pestat] low and high boundaries for computing mean and std.dev: (1, 230)
[M::mem_pestat] mean and std.dev: (98.89, 42.42)
[M::mem_pestat] low and high boundaries for proper pairs: (1, 282)
[M::mem_pestat] analyzing insert size distribution for orientation FR...
[M::mem_pestat] (25, 50, 75) percentile: (75, 97, 128)
[M::mem_pestat] low and high boundaries for computing mean and std.dev: (1, 234)
[M::mem_pestat] mean and std.dev: (103.44, 39.10)
[M::mem_pestat] low and high boundaries for proper pairs: (1, 287)
[M::mem_pestat] analyzing insert size distribution for orientation RF...
[M::mem_pestat] (25, 50, 75) percentile: (47, 125, 173)
[M::mem_pestat] low and high boundaries for computing mean and std.dev: (1, 425)
[M::mem_pestat] mean and std.dev: (132.76, 107.46)
[M::mem_pestat] low and high boundaries for proper pairs: (1, 563)
[M::mem_pestat] analyzing insert size distribution for orientation RR...
[M::mem_pestat] (25, 50, 75) percentile: (72, 92, 126)
[M::mem_pestat] low and high boundaries for computing mean and std.dev: (1, 234)
[M::mem_pestat] mean and std.dev: (98.46, 43.86)
[M::mem_pestat] low and high boundaries for proper pairs: (1, 288)
[M::mem_pestat] skip orientation FF
[M::mem_pestat] skip orientation RF
[M::mem_pestat] skip orientation RR
[M::mem_process_seqs] Processed 1852384 reads in 773.761 CPU sec, 40.597 real sec
[M::process] read 1856848 sequences (200000086 bp)...
[M::mem_pestat] # candidate unique pairs for (FF, FR, RF, RR): (3306, 749270, 35, 3395)
[M::mem_pestat] analyzing insert size distribution for orientation FF...
[M::mem_pestat] (25, 50, 75) percentile: (74, 95, 128)
[M::mem_pestat] low and high boundaries for computing mean and std.dev: (1, 236)
[M::mem_pestat] mean and std.dev: (100.87, 44.61)
[M::mem_pestat] low and high boundaries for proper pairs: (1, 290)
[M::mem_pestat] analyzing insert size distribution for orientation FR...
[M::mem_pestat] (25, 50, 75) percentile: (75, 97, 128)
[M::mem_pestat] low and high boundaries for computing mean and std.dev: (1, 234)
[M::mem_pestat] mean and std.dev: (103.19, 39.06)
[M::mem_pestat] low and high boundaries for proper pairs: (1, 287)
[M::mem_pestat] analyzing insert size distribution for orientation RF...
[M::mem_pestat] (25, 50, 75) percentile: (65, 138, 179)
[M::mem_pestat] low and high boundaries for computing mean and std.dev: (1, 407)
[M::mem_pestat] mean and std.dev: (121.34, 72.79)
[M::mem_pestat] low and high boundaries for proper pairs: (1, 521)
[M::mem_pestat] analyzing insert size distribution for orientation RR...
[M::mem_pestat] (25, 50, 75) percentile: (73, 94, 128)
[M::mem_pestat] low and high boundaries for computing mean and std.dev: (1, 238)
[M::mem_pestat] mean and std.dev: (100.04, 44.31)
[M::mem_pestat] low and high boundaries for proper pairs: (1, 293)
[M::mem_pestat] skip orientation FF
[M::mem_pestat] skip orientation RF
[M::mem_pestat] skip orientation RR
[M::mem_process_seqs] Processed 1855746 reads in 767.304 CPU sec, 40.201 real sec
[M::process] read 1855732 sequences (200000048 bp)...
[M::mem_pestat] # candidate unique pairs for (FF, FR, RF, RR): (3244, 750517, 41, 3381)
[M::mem_pestat] analyzing insert size distribution for orientation FF...
[M::mem_pestat] (25, 50, 75) percentile: (73, 92, 125)
[M::mem_pestat] low and high boundaries for computing mean and std.dev: (1, 229)
[M::mem_pestat] mean and std.dev: (98.72, 42.20)
[M::mem_pestat] low and high boundaries for proper pairs: (1, 281)
[M::mem_pestat] analyzing insert size distribution for orientation FR...
[M::mem_pestat] (25, 50, 75) percentile: (75, 97, 127)
[M::mem_pestat] low and high boundaries for computing mean and std.dev: (1, 231)
[M::mem_pestat] mean and std.dev: (102.91, 38.68)
[M::mem_pestat] low and high boundaries for proper pairs: (1, 283)
[M::mem_pestat] analyzing insert size distribution for orientation RF...
[M::mem_pestat] (25, 50, 75) percentile: (68, 127, 178)
[M::mem_pestat] low and high boundaries for computing mean and std.dev: (1, 398)
[M::mem_pestat] mean and std.dev: (121.42, 71.19)
[M::mem_pestat] low and high boundaries for proper pairs: (1, 508)
[M::mem_pestat] analyzing insert size distribution for orientation RR...
[M::mem_pestat] (25, 50, 75) percentile: (72, 92, 125)
[M::mem_pestat] low and high boundaries for computing mean and std.dev: (1, 231)
[M::mem_pestat] mean and std.dev: (97.52, 42.91)
[M::mem_pestat] low and high boundaries for proper pairs: (1, 284)
[M::mem_pestat] skip orientation FF
[M::mem_pestat] skip orientation RF
[M::mem_pestat] skip orientation RR
[M::mem_process_seqs] Processed 1856848 reads in 763.345 CPU sec, 39.478 real sec
[M::process] read 1854934 sequences (200000068 bp)...
[M::mem_pestat] # candidate unique pairs for (FF, FR, RF, RR): (3251, 750491, 45, 3272)
[M::mem_pestat] analyzing insert size distribution for orientation FF...
[M::mem_pestat] (25, 50, 75) percentile: (73, 92, 123)
[M::mem_pestat] low and high boundaries for computing mean and std.dev: (1, 223)
[M::mem_pestat] mean and std.dev: (97.21, 41.80)
[M::mem_pestat] low and high boundaries for proper pairs: (1, 273)
[M::mem_pestat] analyzing insert size distribution for orientation FR...
[M::mem_pestat] (25, 50, 75) percentile: (75, 97, 128)
[M::mem_pestat] low and high boundaries for computing mean and std.dev: (1, 234)
[M::mem_pestat] mean and std.dev: (103.22, 39.08)
[M::mem_pestat] low and high boundaries for proper pairs: (1, 287)
[M::mem_pestat] analyzing insert size distribution for orientation RF...
[M::mem_pestat] (25, 50, 75) percentile: (78, 125, 177)
[M::mem_pestat] low and high boundaries for computing mean and std.dev: (1, 375)
[M::mem_pestat] mean and std.dev: (130.27, 70.21)
[M::mem_pestat] low and high boundaries for proper pairs: (1, 474)
[M::mem_pestat] analyzing insert size distribution for orientation RR...
[M::mem_pestat] (25, 50, 75) percentile: (73, 94, 127)
[M::mem_pestat] low and high boundaries for computing mean and std.dev: (1, 235)
[M::mem_pestat] mean and std.dev: (99.51, 43.48)
[M::mem_pestat] low and high boundaries for proper pairs: (1, 289)
[M::mem_pestat] skip orientation FF
[M::mem_pestat] skip orientation RF
[M::mem_pestat] skip orientation RR
[M::mem_process_seqs] Processed 1855732 reads in 768.988 CPU sec, 39.289 real sec
[M::process] read 1856416 sequences (200000121 bp)...
[M::mem_pestat] # candidate unique pairs for (FF, FR, RF, RR): (3254, 749311, 29, 3232)
[M::mem_pestat] analyzing insert size distribution for orientation FF...
[M::mem_pestat] (25, 50, 75) percentile: (74, 94, 127)
[M::mem_pestat] low and high boundaries for computing mean and std.dev: (1, 233)
[M::mem_pestat] mean and std.dev: (100.32, 43.07)
[M::mem_pestat] low and high boundaries for proper pairs: (1, 286)
[M::mem_pestat] analyzing insert size distribution for orientation FR...
[M::mem_pestat] (25, 50, 75) percentile: (75, 97, 128)
[M::mem_pestat] low and high boundaries for computing mean and std.dev: (1, 234)
[M::mem_pestat] mean and std.dev: (103.19, 39.01)
[M::mem_pestat] low and high boundaries for proper pairs: (1, 287)
[M::mem_pestat] analyzing insert size distribution for orientation RF...
[M::mem_pestat] (25, 50, 75) percentile: (101, 149, 328)
[M::mem_pestat] low and high boundaries for computing mean and std.dev: (1, 782)
[M::mem_pestat] mean and std.dev: (170.40, 117.67)
[M::mem_pestat] low and high boundaries for proper pairs: (1, 1009)
[M::mem_pestat] analyzing insert size distribution for orientation RR...
[M::mem_pestat] (25, 50, 75) percentile: (73, 93, 127)
[M::mem_pestat] low and high boundaries for computing mean and std.dev: (1, 235)
[M::mem_pestat] mean and std.dev: (98.70, 43.88)
[M::mem_pestat] low and high boundaries for proper pairs: (1, 289)
[M::mem_pestat] skip orientation FF
[M::mem_pestat] skip orientation RF
[M::mem_pestat] skip orientation RR
[M::mem_process_seqs] Processed 1854934 reads in 769.130 CPU sec, 39.155 real sec
[M::process] read 1852412 sequences (200000261 bp)...
[M::mem_pestat] # candidate unique pairs for (FF, FR, RF, RR): (3357, 750624, 27, 3297)
[M::mem_pestat] analyzing insert size distribution for orientation FF...
[M::mem_pestat] (25, 50, 75) percentile: (74, 93, 124)
[M::mem_pestat] low and high boundaries for computing mean and std.dev: (1, 224)
[M::mem_pestat] mean and std.dev: (97.42, 40.36)
[M::mem_pestat] low and high boundaries for proper pairs: (1, 274)
[M::mem_pestat] analyzing insert size distribution for orientation FR...
[M::mem_pestat] (25, 50, 75) percentile: (75, 97, 127)
[M::mem_pestat] low and high boundaries for computing mean and std.dev: (1, 231)
[M::mem_pestat] mean and std.dev: (102.96, 38.72)
[M::mem_pestat] low and high boundaries for proper pairs: (1, 283)
[M::mem_pestat] analyzing insert size distribution for orientation RF...
[M::mem_pestat] (25, 50, 75) percentile: (97, 119, 143)
[M::mem_pestat] low and high boundaries for computing mean and std.dev: (5, 235)
[M::mem_pestat] mean and std.dev: (115.68, 46.75)
[M::mem_pestat] low and high boundaries for proper pairs: (1, 303)
[M::mem_pestat] analyzing insert size distribution for orientation RR...
[M::mem_pestat] (25, 50, 75) percentile: (73, 92, 126)
[M::mem_pestat] low and high boundaries for computing mean and std.dev: (1, 232)
[M::mem_pestat] mean and std.dev: (97.93, 42.09)
[M::mem_pestat] low and high boundaries for proper pairs: (1, 285)
[M::mem_pestat] skip orientation FF
[M::mem_pestat] skip orientation RF
[M::mem_pestat] skip orientation RR
[M::mem_process_seqs] Processed 1856416 reads in 761.389 CPU sec, 39.329 real sec
[M::process] read 1853404 sequences (200000033 bp)...
[M::mem_pestat] # candidate unique pairs for (FF, FR, RF, RR): (3436, 746333, 25, 3377)
[M::mem_pestat] analyzing insert size distribution for orientation FF...
[M::mem_pestat] (25, 50, 75) percentile: (73, 93, 127)
[M::mem_pestat] low and high boundaries for computing mean and std.dev: (1, 235)
[M::mem_pestat] mean and std.dev: (99.20, 43.20)
[M::mem_pestat] low and high boundaries for proper pairs: (1, 289)
[M::mem_pestat] analyzing insert size distribution for orientation FR...
[M::mem_pestat] (25, 50, 75) percentile: (75, 97, 128)
[M::mem_pestat] low and high boundaries for computing mean and std.dev: (1, 234)
[M::mem_pestat] mean and std.dev: (103.33, 39.06)
[M::mem_pestat] low and high boundaries for proper pairs: (1, 287)
[M::mem_pestat] analyzing insert size distribution for orientation RF...
[M::mem_pestat] (25, 50, 75) percentile: (95, 158, 189)
[M::mem_pestat] low and high boundaries for computing mean and std.dev: (1, 377)
[M::mem_pestat] mean and std.dev: (138.04, 79.16)
[M::mem_pestat] low and high boundaries for proper pairs: (1, 471)
[M::mem_pestat] analyzing insert size distribution for orientation RR...
[M::mem_pestat] (25, 50, 75) percentile: (71, 91, 123)
[M::mem_pestat] low and high boundaries for computing mean and std.dev: (1, 227)
[M::mem_pestat] mean and std.dev: (96.41, 41.17)
[M::mem_pestat] low and high boundaries for proper pairs: (1, 279)
[M::mem_pestat] skip orientation FF
[M::mem_pestat] skip orientation RF
[M::mem_pestat] skip orientation RR
[M::mem_process_seqs] Processed 1852412 reads in 776.506 CPU sec, 39.578 real sec
[M::process] read 1854130 sequences (200000249 bp)...
[M::mem_pestat] # candidate unique pairs for (FF, FR, RF, RR): (3369, 749553, 43, 3433)
[M::mem_pestat] analyzing insert size distribution for orientation FF...
[M::mem_pestat] (25, 50, 75) percentile: (74, 94, 127)
[M::mem_pestat] low and high boundaries for computing mean and std.dev: (1, 233)
[M::mem_pestat] mean and std.dev: (99.36, 42.33)
[M::mem_pestat] low and high boundaries for proper pairs: (1, 286)
[M::mem_pestat] analyzing insert size distribution for orientation FR...
[M::mem_pestat] (25, 50, 75) percentile: (75, 97, 128)
[M::mem_pestat] low and high boundaries for computing mean and std.dev: (1, 234)
[M::mem_pestat] mean and std.dev: (103.34, 39.07)
[M::mem_pestat] low and high boundaries for proper pairs: (1, 287)
[M::mem_pestat] analyzing insert size distribution for orientation RF...
[M::mem_pestat] (25, 50, 75) percentile: (86, 156, 192)
[M::mem_pestat] low and high boundaries for computing mean and std.dev: (1, 404)
[M::mem_pestat] mean and std.dev: (125.08, 68.88)
[M::mem_pestat] low and high boundaries for proper pairs: (1, 510)
[M::mem_pestat] analyzing insert size distribution for orientation RR...
[M::mem_pestat] (25, 50, 75) percentile: (72, 92, 124)
[M::mem_pestat] low and high boundaries for computing mean and std.dev: (1, 228)
[M::mem_pestat] mean and std.dev: (97.06, 42.53)
[M::mem_pestat] low and high boundaries for proper pairs: (1, 280)
[M::mem_pestat] skip orientation FF
[M::mem_pestat] skip orientation RF
[M::mem_pestat] skip orientation RR
[M::mem_process_seqs] Processed 1853404 reads in 769.688 CPU sec, 39.344 real sec
[M::process] read 1854046 sequences (200000065 bp)...
[M::mem_pestat] # candidate unique pairs for (FF, FR, RF, RR): (3437, 749594, 24, 3338)
[M::mem_pestat] analyzing insert size distribution for orientation FF...
[M::mem_pestat] (25, 50, 75) percentile: (73, 93, 126)
[M::mem_pestat] low and high boundaries for computing mean and std.dev: (1, 232)
[M::mem_pestat] mean and std.dev: (98.49, 42.72)
[M::mem_pestat] low and high boundaries for proper pairs: (1, 285)
[M::mem_pestat] analyzing insert size distribution for orientation FR...
[M::mem_pestat] (25, 50, 75) percentile: (75, 97, 128)
[M::mem_pestat] low and high boundaries for computing mean and std.dev: (1, 234)
[M::mem_pestat] mean and std.dev: (103.25, 39.03)
[M::mem_pestat] low and high boundaries for proper pairs: (1, 287)
[M::mem_pestat] analyzing insert size distribution for orientation RF...
[M::mem_pestat] (25, 50, 75) percentile: (27, 115, 174)
[M::mem_pestat] low and high boundaries for computing mean and std.dev: (1, 468)
[M::mem_pestat] mean and std.dev: (108.38, 71.77)
[M::mem_pestat] low and high boundaries for proper pairs: (1, 615)
[M::mem_pestat] analyzing insert size distribution for orientation RR...
[M::mem_pestat] (25, 50, 75) percentile: (73, 93, 128)
[M::mem_pestat] low and high boundaries for computing mean and std.dev: (1, 238)
[M::mem_pestat] mean and std.dev: (99.56, 43.57)
[M::mem_pestat] low and high boundaries for proper pairs: (1, 293)
[M::mem_pestat] skip orientation FF
[M::mem_pestat] skip orientation RF
[M::mem_pestat] skip orientation RR
[M::mem_process_seqs] Processed 1854130 reads in 763.503 CPU sec, 39.247 real sec
[M::process] read 1125122 sequences (121504866 bp)...
[M::mem_pestat] # candidate unique pairs for (FF, FR, RF, RR): (3480, 748800, 43, 3351)
[M::mem_pestat] analyzing insert size distribution for orientation FF...
[M::mem_pestat] (25, 50, 75) percentile: (73, 92, 125)
[M::mem_pestat] low and high boundaries for computing mean and std.dev: (1, 229)
[M::mem_pestat] mean and std.dev: (97.55, 42.27)
[M::mem_pestat] low and high boundaries for proper pairs: (1, 281)
[M::mem_pestat] analyzing insert size distribution for orientation FR...
[M::mem_pestat] (25, 50, 75) percentile: (75, 97, 128)
[M::mem_pestat] low and high boundaries for computing mean and std.dev: (1, 234)
[M::mem_pestat] mean and std.dev: (103.26, 38.99)
[M::mem_pestat] low and high boundaries for proper pairs: (1, 287)
[M::mem_pestat] analyzing insert size distribution for orientation RF...
[M::mem_pestat] (25, 50, 75) percentile: (106, 157, 206)
[M::mem_pestat] low and high boundaries for computing mean and std.dev: (1, 406)
[M::mem_pestat] mean and std.dev: (148.11, 92.25)
[M::mem_pestat] low and high boundaries for proper pairs: (1, 517)
[M::mem_pestat] analyzing insert size distribution for orientation RR...
[M::mem_pestat] (25, 50, 75) percentile: (73, 92, 126)
[M::mem_pestat] low and high boundaries for computing mean and std.dev: (1, 232)
[M::mem_pestat] mean and std.dev: (98.63, 44.14)
[M::mem_pestat] low and high boundaries for proper pairs: (1, 285)
[M::mem_pestat] skip orientation FF
[M::mem_pestat] skip orientation RF
[M::mem_pestat] skip orientation RR
[M::mem_process_seqs] Processed 1854046 reads in 767.984 CPU sec, 39.159 real sec
[M::mem_pestat] # candidate unique pairs for (FF, FR, RF, RR): (2169, 454544, 24, 2022)
[M::mem_pestat] analyzing insert size distribution for orientation FF...
[M::mem_pestat] (25, 50, 75) percentile: (72, 93, 122)
[M::mem_pestat] low and high boundaries for computing mean and std.dev: (1, 222)
[M::mem_pestat] mean and std.dev: (96.27, 40.52)
[M::mem_pestat] low and high boundaries for proper pairs: (1, 272)
[M::mem_pestat] analyzing insert size distribution for orientation FR...
[M::mem_pestat] (25, 50, 75) percentile: (75, 97, 128)
[M::mem_pestat] low and high boundaries for computing mean and std.dev: (1, 234)
[M::mem_pestat] mean and std.dev: (103.42, 39.15)
[M::mem_pestat] low and high boundaries for proper pairs: (1, 287)
[M::mem_pestat] analyzing insert size distribution for orientation RF...
[M::mem_pestat] (25, 50, 75) percentile: (77, 89, 122)
[M::mem_pestat] low and high boundaries for computing mean and std.dev: (1, 212)
[M::mem_pestat] mean and std.dev: (93.35, 54.28)
[M::mem_pestat] low and high boundaries for proper pairs: (1, 310)
[M::mem_pestat] analyzing insert size distribution for orientation RR...
[M::mem_pestat] (25, 50, 75) percentile: (73, 94, 129)
[M::mem_pestat] low and high boundaries for computing mean and std.dev: (1, 241)
[M::mem_pestat] mean and std.dev: (100.70, 45.28)
[M::mem_pestat] low and high boundaries for proper pairs: (1, 297)
[M::mem_pestat] skip orientation FF
[M::mem_pestat] skip orientation RF
[M::mem_pestat] skip orientation RR
[M::mem_process_seqs] Processed 1125122 reads in 463.420 CPU sec, 24.069 real sec
[main] Version: 0.7.17-r1188
[main] CMD: bwa mem -t 20 resources/genome/hg38.fa.gz results/Batch_01/filtered/DNA_B01_04_S4_L001.filtered.R1.fastq.gz results/Batch_01/filtered/DNA_B01_04_S4_L001.filtered.R2.fastq.gz
[main] Real time: 855.187 sec; CPU: 16089.170 sec
[bam_sort_core] merging from 17 files and 1 in-memory blocks...
[Fri Apr 15 14:11:22 2022]
Finished job 0.
1 of 1 steps (100%) done
