The flag 'directory' used in rule SS_checkm_analysis is only valid for outputs, not inputs.
The flag 'directory' used in rule SS_checkm_plots is only valid for outputs, not inputs.
The flag 'directory' used in rule SS_checkm_plots is only valid for outputs, not inputs.
Building DAG of jobs...
Using shell: /usr/bin/bash
Provided cores: 20
Rules claiming more threads will be scaled down.
Select jobs to execute...

[Mon May  9 21:26:55 2022]
rule bwa_map:
    input: results/fastp_out/DNA_B01_01/DNA_B01_01.fastp.r1.fastq.gz, results/fastp_out/DNA_B01_01/DNA_B01_01.fastp.r2.fastq.gz, resources/genome/hg38.fa.gz.ann, resources/genome/hg38.fa.gz
    output: results/bwa_out/DNA_B01_01/DNA_B01_01.fastp_bwa.r1.fastq, results/bwa_out/DNA_B01_01/DNA_B01_01.fastp_bwa.r2.fastq
    jobid: 0
    wildcards: sample=DNA_B01_01
    threads: 20
    resources: mem_mb=5592, disk_mb=5592, tmpdir=/tmp, account=b1042, partition=genomics, nodes=1, mem=15G, time=08:00:00


        module purge all
        module load bwa/0.7.17
        module load samtools/1.10.1
        module load bedtools/2.29.2
        bwa mem -t 20 resources/genome/hg38.fa.gz results/fastp_out/DNA_B01_01/DNA_B01_01.fastp.r1.fastq.gz results/fastp_out/DNA_B01_01/DNA_B01_01.fastp.r2.fastq.gz > results/bwa_out/DNA_B01_01/DNA_B01_01.mapped.sam
        samtools view -Subh -o results/bwa_out/DNA_B01_01/DNA_B01_01.mapped.bam results/bwa_out/DNA_B01_01/DNA_B01_01.mapped.sam
        samtools sort -o results/bwa_out/DNA_B01_01/DNA_B01_01.mapped.sorted.bam results/bwa_out/DNA_B01_01/DNA_B01_01.mapped.bam

        samtools view -b -f 12 -F 256 -o results/bwa_out/DNA_B01_01/DNA_B01_01.unmapped.bam results/bwa_out/DNA_B01_01/DNA_B01_01.mapped.sorted.bam
        bedtools bamtofastq -i results/bwa_out/DNA_B01_01/DNA_B01_01.unmapped.bam -fq results/bwa_out/DNA_B01_01/DNA_B01_01.fastp_bwa.r1.fastq -fq2 results/bwa_out/DNA_B01_01/DNA_B01_01.fastp_bwa.r2.fastq
        
[M::bwa_idx_load_from_disk] read 0 ALT contigs
[M::process] read 1729470 sequences (200000140 bp)...
[M::process] read 1728780 sequences (200000041 bp)...
[M::mem_pestat] # candidate unique pairs for (FF, FR, RF, RR): (8266, 690758, 39, 7977)
[M::mem_pestat] analyzing insert size distribution for orientation FF...
[M::mem_pestat] (25, 50, 75) percentile: (77, 98, 133)
[M::mem_pestat] low and high boundaries for computing mean and std.dev: (1, 245)
[M::mem_pestat] mean and std.dev: (105.72, 43.46)
[M::mem_pestat] low and high boundaries for proper pairs: (1, 301)
[M::mem_pestat] analyzing insert size distribution for orientation FR...
[M::mem_pestat] (25, 50, 75) percentile: (75, 99, 135)
[M::mem_pestat] low and high boundaries for computing mean and std.dev: (1, 255)
[M::mem_pestat] mean and std.dev: (107.47, 44.61)
[M::mem_pestat] low and high boundaries for proper pairs: (1, 315)
[M::mem_pestat] analyzing insert size distribution for orientation RF...
[M::mem_pestat] (25, 50, 75) percentile: (41, 102, 164)
[M::mem_pestat] low and high boundaries for computing mean and std.dev: (1, 410)
[M::mem_pestat] mean and std.dev: (95.11, 61.12)
[M::mem_pestat] low and high boundaries for proper pairs: (1, 533)
[M::mem_pestat] analyzing insert size distribution for orientation RR...
[M::mem_pestat] (25, 50, 75) percentile: (77, 99, 134)
[M::mem_pestat] low and high boundaries for computing mean and std.dev: (1, 248)
[M::mem_pestat] mean and std.dev: (106.28, 44.53)
[M::mem_pestat] low and high boundaries for proper pairs: (1, 305)
[M::mem_pestat] skip orientation FF
[M::mem_pestat] skip orientation RF
[M::mem_pestat] skip orientation RR
[M::mem_process_seqs] Processed 1729470 reads in 1458.295 CPU sec, 105.212 real sec
[M::process] read 1728902 sequences (200000122 bp)...
[M::mem_pestat] # candidate unique pairs for (FF, FR, RF, RR): (8129, 691005, 45, 8222)
[M::mem_pestat] analyzing insert size distribution for orientation FF...
[M::mem_pestat] (25, 50, 75) percentile: (77, 98, 130)
[M::mem_pestat] low and high boundaries for computing mean and std.dev: (1, 236)
[M::mem_pestat] mean and std.dev: (104.20, 42.35)
[M::mem_pestat] low and high boundaries for proper pairs: (1, 289)
[M::mem_pestat] analyzing insert size distribution for orientation FR...
[M::mem_pestat] (25, 50, 75) percentile: (75, 100, 135)
[M::mem_pestat] low and high boundaries for computing mean and std.dev: (1, 255)
[M::mem_pestat] mean and std.dev: (107.50, 44.71)
[M::mem_pestat] low and high boundaries for proper pairs: (1, 315)
[M::mem_pestat] analyzing insert size distribution for orientation RF...
[M::mem_pestat] (25, 50, 75) percentile: (94, 140, 205)
[M::mem_pestat] low and high boundaries for computing mean and std.dev: (1, 427)
[M::mem_pestat] mean and std.dev: (137.70, 96.50)
[M::mem_pestat] low and high boundaries for proper pairs: (1, 538)
[M::mem_pestat] analyzing insert size distribution for orientation RR...
[M::mem_pestat] (25, 50, 75) percentile: (78, 98, 133)
[M::mem_pestat] low and high boundaries for computing mean and std.dev: (1, 243)
[M::mem_pestat] mean and std.dev: (105.78, 43.80)
[M::mem_pestat] low and high boundaries for proper pairs: (1, 298)
[M::mem_pestat] skip orientation FF
[M::mem_pestat] skip orientation RF
[M::mem_pestat] skip orientation RR
[M::mem_process_seqs] Processed 1728780 reads in 1210.715 CPU sec, 63.495 real sec
[M::process] read 1727904 sequences (200000277 bp)...
[M::mem_pestat] # candidate unique pairs for (FF, FR, RF, RR): (8230, 690243, 35, 8046)
[M::mem_pestat] analyzing insert size distribution for orientation FF...
[M::mem_pestat] (25, 50, 75) percentile: (78, 99, 134)
[M::mem_pestat] low and high boundaries for computing mean and std.dev: (1, 246)
[M::mem_pestat] mean and std.dev: (106.17, 43.56)
[M::mem_pestat] low and high boundaries for proper pairs: (1, 302)
[M::mem_pestat] analyzing insert size distribution for orientation FR...
[M::mem_pestat] (25, 50, 75) percentile: (75, 99, 135)
[M::mem_pestat] low and high boundaries for computing mean and std.dev: (1, 255)
[M::mem_pestat] mean and std.dev: (107.39, 44.54)
[M::mem_pestat] low and high boundaries for proper pairs: (1, 315)
[M::mem_pestat] analyzing insert size distribution for orientation RF...
[M::mem_pestat] (25, 50, 75) percentile: (74, 148, 203)
[M::mem_pestat] low and high boundaries for computing mean and std.dev: (1, 461)
[M::mem_pestat] mean and std.dev: (138.34, 72.10)
[M::mem_pestat] low and high boundaries for proper pairs: (1, 590)
[M::mem_pestat] analyzing insert size distribution for orientation RR...
[M::mem_pestat] (25, 50, 75) percentile: (78, 99, 134)
[M::mem_pestat] low and high boundaries for computing mean and std.dev: (1, 246)
[M::mem_pestat] mean and std.dev: (106.50, 43.69)
[M::mem_pestat] low and high boundaries for proper pairs: (1, 302)
[M::mem_pestat] skip orientation FF
[M::mem_pestat] skip orientation RF
[M::mem_pestat] skip orientation RR
[M::mem_process_seqs] Processed 1728902 reads in 1190.454 CPU sec, 61.724 real sec
[M::process] read 1728736 sequences (200000033 bp)...
[M::mem_pestat] # candidate unique pairs for (FF, FR, RF, RR): (8087, 690235, 25, 7951)
[M::mem_pestat] analyzing insert size distribution for orientation FF...
[M::mem_pestat] (25, 50, 75) percentile: (77, 98, 133)
[M::mem_pestat] low and high boundaries for computing mean and std.dev: (1, 245)
[M::mem_pestat] mean and std.dev: (105.15, 43.33)
[M::mem_pestat] low and high boundaries for proper pairs: (1, 301)
[M::mem_pestat] analyzing insert size distribution for orientation FR...
[M::mem_pestat] (25, 50, 75) percentile: (75, 100, 135)
[M::mem_pestat] low and high boundaries for computing mean and std.dev: (1, 255)
[M::mem_pestat] mean and std.dev: (107.59, 44.67)
[M::mem_pestat] low and high boundaries for proper pairs: (1, 315)
[M::mem_pestat] analyzing insert size distribution for orientation RF...
[M::mem_pestat] (25, 50, 75) percentile: (83, 147, 179)
[M::mem_pestat] low and high boundaries for computing mean and std.dev: (1, 371)
[M::mem_pestat] mean and std.dev: (119.43, 59.58)
[M::mem_pestat] low and high boundaries for proper pairs: (1, 467)
[M::mem_pestat] analyzing insert size distribution for orientation RR...
[M::mem_pestat] (25, 50, 75) percentile: (78, 99, 134)
[M::mem_pestat] low and high boundaries for computing mean and std.dev: (1, 246)
[M::mem_pestat] mean and std.dev: (106.39, 44.31)
[M::mem_pestat] low and high boundaries for proper pairs: (1, 302)
[M::mem_pestat] skip orientation FF
[M::mem_pestat] skip orientation RF
[M::mem_pestat] skip orientation RR
[M::mem_process_seqs] Processed 1727904 reads in 1167.655 CPU sec, 59.817 real sec
[M::process] read 1727886 sequences (200000018 bp)...
[M::mem_pestat] # candidate unique pairs for (FF, FR, RF, RR): (8089, 691330, 45, 7920)
[M::mem_pestat] analyzing insert size distribution for orientation FF...
[M::mem_pestat] (25, 50, 75) percentile: (77, 98, 133)
[M::mem_pestat] low and high boundaries for computing mean and std.dev: (1, 245)
[M::mem_pestat] mean and std.dev: (105.80, 43.99)
[M::mem_pestat] low and high boundaries for proper pairs: (1, 301)
[M::mem_pestat] analyzing insert size distribution for orientation FR...
[M::mem_pestat] (25, 50, 75) percentile: (75, 100, 135)
[M::mem_pestat] low and high boundaries for computing mean and std.dev: (1, 255)
[M::mem_pestat] mean and std.dev: (107.52, 44.53)
[M::mem_pestat] low and high boundaries for proper pairs: (1, 315)
[M::mem_pestat] analyzing insert size distribution for orientation RF...
[M::mem_pestat] (25, 50, 75) percentile: (50, 121, 203)
[M::mem_pestat] low and high boundaries for computing mean and std.dev: (1, 509)
[M::mem_pestat] mean and std.dev: (122.90, 100.74)
[M::mem_pestat] low and high boundaries for proper pairs: (1, 662)
[M::mem_pestat] analyzing insert size distribution for orientation RR...
[M::mem_pestat] (25, 50, 75) percentile: (77, 99, 134)
[M::mem_pestat] low and high boundaries for computing mean and std.dev: (1, 248)
[M::mem_pestat] mean and std.dev: (106.45, 44.49)
[M::mem_pestat] low and high boundaries for proper pairs: (1, 305)
[M::mem_pestat] skip orientation FF
[M::mem_pestat] skip orientation RF
[M::mem_pestat] skip orientation RR
[M::mem_process_seqs] Processed 1728736 reads in 1162.746 CPU sec, 60.445 real sec
[M::process] read 1726288 sequences (200000005 bp)...
[M::mem_pestat] # candidate unique pairs for (FF, FR, RF, RR): (8388, 689949, 34, 7906)
[M::mem_pestat] analyzing insert size distribution for orientation FF...
[M::mem_pestat] (25, 50, 75) percentile: (77, 98, 131)
[M::mem_pestat] low and high boundaries for computing mean and std.dev: (1, 239)
[M::mem_pestat] mean and std.dev: (103.76, 42.22)
[M::mem_pestat] low and high boundaries for proper pairs: (1, 293)
[M::mem_pestat] analyzing insert size distribution for orientation FR...
[M::mem_pestat] (25, 50, 75) percentile: (75, 100, 135)
[M::mem_pestat] low and high boundaries for computing mean and std.dev: (1, 255)
[M::mem_pestat] mean and std.dev: (107.54, 44.59)
[M::mem_pestat] low and high boundaries for proper pairs: (1, 315)
[M::mem_pestat] analyzing insert size distribution for orientation RF...
[M::mem_pestat] (25, 50, 75) percentile: (50, 154, 178)
[M::mem_pestat] low and high boundaries for computing mean and std.dev: (1, 434)
[M::mem_pestat] mean and std.dev: (134.45, 96.02)
[M::mem_pestat] low and high boundaries for proper pairs: (1, 562)
[M::mem_pestat] analyzing insert size distribution for orientation RR...
[M::mem_pestat] (25, 50, 75) percentile: (77, 97, 133)
[M::mem_pestat] low and high boundaries for computing mean and std.dev: (1, 245)
[M::mem_pestat] mean and std.dev: (105.08, 43.96)
[M::mem_pestat] low and high boundaries for proper pairs: (1, 301)
[M::mem_pestat] skip orientation FF
[M::mem_pestat] skip orientation RF
[M::mem_pestat] skip orientation RR
[M::mem_process_seqs] Processed 1727886 reads in 1209.061 CPU sec, 62.199 real sec
[M::process] read 1727300 sequences (200000097 bp)...
[M::mem_pestat] # candidate unique pairs for (FF, FR, RF, RR): (8301, 688370, 33, 8051)
[M::mem_pestat] analyzing insert size distribution for orientation FF...
[M::mem_pestat] (25, 50, 75) percentile: (77, 98, 134)
[M::mem_pestat] low and high boundaries for computing mean and std.dev: (1, 248)
[M::mem_pestat] mean and std.dev: (105.54, 44.06)
[M::mem_pestat] low and high boundaries for proper pairs: (1, 305)
[M::mem_pestat] analyzing insert size distribution for orientation FR...
[M::mem_pestat] (25, 50, 75) percentile: (75, 100, 135)
[M::mem_pestat] low and high boundaries for computing mean and std.dev: (1, 255)
[M::mem_pestat] mean and std.dev: (107.58, 44.54)
[M::mem_pestat] low and high boundaries for proper pairs: (1, 315)
[M::mem_pestat] analyzing insert size distribution for orientation RF...
[M::mem_pestat] (25, 50, 75) percentile: (57, 94, 207)
[M::mem_pestat] low and high boundaries for computing mean and std.dev: (1, 507)
[M::mem_pestat] mean and std.dev: (121.00, 89.52)
[M::mem_pestat] low and high boundaries for proper pairs: (1, 657)
[M::mem_pestat] analyzing insert size distribution for orientation RR...
[M::mem_pestat] (25, 50, 75) percentile: (77, 99, 135)
[M::mem_pestat] low and high boundaries for computing mean and std.dev: (1, 251)
[M::mem_pestat] mean and std.dev: (106.60, 44.94)
[M::mem_pestat] low and high boundaries for proper pairs: (1, 309)
[M::mem_pestat] skip orientation FF
[M::mem_pestat] skip orientation RF
[M::mem_pestat] skip orientation RR
[M::mem_process_seqs] Processed 1726288 reads in 1195.079 CPU sec, 61.166 real sec
[M::process] read 1728914 sequences (200000186 bp)...
[M::mem_pestat] # candidate unique pairs for (FF, FR, RF, RR): (8450, 689203, 31, 8253)
[M::mem_pestat] analyzing insert size distribution for orientation FF...
[M::mem_pestat] (25, 50, 75) percentile: (77, 99, 133)
[M::mem_pestat] low and high boundaries for computing mean and std.dev: (1, 245)
[M::mem_pestat] mean and std.dev: (105.73, 43.54)
[M::mem_pestat] low and high boundaries for proper pairs: (1, 301)
[M::mem_pestat] analyzing insert size distribution for orientation FR...
[M::mem_pestat] (25, 50, 75) percentile: (75, 100, 135)
[M::mem_pestat] low and high boundaries for computing mean and std.dev: (1, 255)
[M::mem_pestat] mean and std.dev: (107.48, 44.44)
[M::mem_pestat] low and high boundaries for proper pairs: (1, 315)
[M::mem_pestat] analyzing insert size distribution for orientation RF...
[M::mem_pestat] (25, 50, 75) percentile: (81, 142, 332)
[M::mem_pestat] low and high boundaries for computing mean and std.dev: (1, 834)
[M::mem_pestat] mean and std.dev: (225.00, 213.84)
[M::mem_pestat] low and high boundaries for proper pairs: (1, 1085)
[M::mem_pestat] analyzing insert size distribution for orientation RR...
[M::mem_pestat] (25, 50, 75) percentile: (76, 97, 131)
[M::mem_pestat] low and high boundaries for computing mean and std.dev: (1, 241)
[M::mem_pestat] mean and std.dev: (104.10, 43.47)
[M::mem_pestat] low and high boundaries for proper pairs: (1, 296)
[M::mem_pestat] skip orientation FF
[M::mem_pestat] skip orientation RF
[M::mem_pestat] skip orientation RR
[M::mem_process_seqs] Processed 1727300 reads in 1210.727 CPU sec, 62.151 real sec
[M::process] read 1726414 sequences (200000092 bp)...
[M::mem_pestat] # candidate unique pairs for (FF, FR, RF, RR): (8601, 689806, 47, 8272)
[M::mem_pestat] analyzing insert size distribution for orientation FF...
[M::mem_pestat] (25, 50, 75) percentile: (78, 98, 133)
[M::mem_pestat] low and high boundaries for computing mean and std.dev: (1, 243)
[M::mem_pestat] mean and std.dev: (105.42, 43.19)
[M::mem_pestat] low and high boundaries for proper pairs: (1, 298)
[M::mem_pestat] analyzing insert size distribution for orientation FR...
[M::mem_pestat] (25, 50, 75) percentile: (75, 99, 135)
[M::mem_pestat] low and high boundaries for computing mean and std.dev: (1, 255)
[M::mem_pestat] mean and std.dev: (107.36, 44.52)
[M::mem_pestat] low and high boundaries for proper pairs: (1, 315)
[M::mem_pestat] analyzing insert size distribution for orientation RF...
[M::mem_pestat] (25, 50, 75) percentile: (41, 114, 218)
[M::mem_pestat] low and high boundaries for computing mean and std.dev: (1, 572)
[M::mem_pestat] mean and std.dev: (121.37, 103.24)
[M::mem_pestat] low and high boundaries for proper pairs: (1, 749)
[M::mem_pestat] analyzing insert size distribution for orientation RR...
[M::mem_pestat] (25, 50, 75) percentile: (75, 97, 131)
[M::mem_pestat] low and high boundaries for computing mean and std.dev: (1, 243)
[M::mem_pestat] mean and std.dev: (103.82, 43.70)
[M::mem_pestat] low and high boundaries for proper pairs: (1, 299)
[M::mem_pestat] skip orientation FF
[M::mem_pestat] skip orientation RF
[M::mem_pestat] skip orientation RR
[M::mem_process_seqs] Processed 1728914 reads in 1209.022 CPU sec, 62.233 real sec
[M::process] read 1731706 sequences (200000186 bp)...
[M::mem_pestat] # candidate unique pairs for (FF, FR, RF, RR): (8215, 688044, 31, 8186)
[M::mem_pestat] analyzing insert size distribution for orientation FF...
[M::mem_pestat] (25, 50, 75) percentile: (77, 98, 133)
[M::mem_pestat] low and high boundaries for computing mean and std.dev: (1, 245)
[M::mem_pestat] mean and std.dev: (105.42, 43.70)
[M::mem_pestat] low and high boundaries for proper pairs: (1, 301)
[M::mem_pestat] analyzing insert size distribution for orientation FR...
[M::mem_pestat] (25, 50, 75) percentile: (75, 100, 136)
[M::mem_pestat] low and high boundaries for computing mean and std.dev: (1, 258)
[M::mem_pestat] mean and std.dev: (107.87, 45.02)
[M::mem_pestat] low and high boundaries for proper pairs: (1, 319)
[M::mem_pestat] analyzing insert size distribution for orientation RF...
[M::mem_pestat] (25, 50, 75) percentile: (42, 132, 250)
[M::mem_pestat] low and high boundaries for computing mean and std.dev: (1, 666)
[M::mem_pestat] mean and std.dev: (148.76, 133.06)
[M::mem_pestat] low and high boundaries for proper pairs: (1, 874)
[M::mem_pestat] analyzing insert size distribution for orientation RR...
[M::mem_pestat] (25, 50, 75) percentile: (77, 99, 136)
[M::mem_pestat] low and high boundaries for computing mean and std.dev: (1, 254)
[M::mem_pestat] mean and std.dev: (107.04, 45.49)
[M::mem_pestat] low and high boundaries for proper pairs: (1, 313)
[M::mem_pestat] skip orientation FF
[M::mem_pestat] skip orientation RF
[M::mem_pestat] skip orientation RR
[M::mem_process_seqs] Processed 1726414 reads in 1210.698 CPU sec, 62.573 real sec
[M::process] read 1731350 sequences (200000005 bp)...
[M::mem_pestat] # candidate unique pairs for (FF, FR, RF, RR): (8022, 691823, 48, 8003)
[M::mem_pestat] analyzing insert size distribution for orientation FF...
[M::mem_pestat] (25, 50, 75) percentile: (77, 98, 133)
[M::mem_pestat] low and high boundaries for computing mean and std.dev: (1, 245)
[M::mem_pestat] mean and std.dev: (105.56, 43.61)
[M::mem_pestat] low and high boundaries for proper pairs: (1, 301)
[M::mem_pestat] analyzing insert size distribution for orientation FR...
[M::mem_pestat] (25, 50, 75) percentile: (75, 99, 135)
[M::mem_pestat] low and high boundaries for computing mean and std.dev: (1, 255)
[M::mem_pestat] mean and std.dev: (107.19, 44.53)
[M::mem_pestat] low and high boundaries for proper pairs: (1, 315)
[M::mem_pestat] analyzing insert size distribution for orientation RF...
[M::mem_pestat] (25, 50, 75) percentile: (81, 149, 333)
[M::mem_pestat] low and high boundaries for computing mean and std.dev: (1, 837)
[M::mem_pestat] mean and std.dev: (186.00, 140.15)
[M::mem_pestat] low and high boundaries for proper pairs: (1, 1089)
[M::mem_pestat] analyzing insert size distribution for orientation RR...
[M::mem_pestat] (25, 50, 75) percentile: (78, 99, 134)
[M::mem_pestat] low and high boundaries for computing mean and std.dev: (1, 246)
[M::mem_pestat] mean and std.dev: (106.45, 43.96)
[M::mem_pestat] low and high boundaries for proper pairs: (1, 302)
[M::mem_pestat] skip orientation FF
[M::mem_pestat] skip orientation RF
[M::mem_pestat] skip orientation RR
[M::mem_process_seqs] Processed 1731706 reads in 1141.352 CPU sec, 58.878 real sec
[M::process] read 1731452 sequences (200000135 bp)...
[M::mem_pestat] # candidate unique pairs for (FF, FR, RF, RR): (8145, 691817, 35, 7956)
[M::mem_pestat] analyzing insert size distribution for orientation FF...
[M::mem_pestat] (25, 50, 75) percentile: (77, 98, 133)
[M::mem_pestat] low and high boundaries for computing mean and std.dev: (1, 245)
[M::mem_pestat] mean and std.dev: (105.60, 43.58)
[M::mem_pestat] low and high boundaries for proper pairs: (1, 301)
[M::mem_pestat] analyzing insert size distribution for orientation FR...
[M::mem_pestat] (25, 50, 75) percentile: (75, 99, 135)
[M::mem_pestat] low and high boundaries for computing mean and std.dev: (1, 255)
[M::mem_pestat] mean and std.dev: (107.20, 44.54)
[M::mem_pestat] low and high boundaries for proper pairs: (1, 315)
[M::mem_pestat] analyzing insert size distribution for orientation RF...
[M::mem_pestat] (25, 50, 75) percentile: (79, 134, 211)
[M::mem_pestat] low and high boundaries for computing mean and std.dev: (1, 475)
[M::mem_pestat] mean and std.dev: (142.18, 99.31)
[M::mem_pestat] low and high boundaries for proper pairs: (1, 607)
[M::mem_pestat] analyzing insert size distribution for orientation RR...
[M::mem_pestat] (25, 50, 75) percentile: (78, 99, 133)
[M::mem_pestat] low and high boundaries for computing mean and std.dev: (1, 243)
[M::mem_pestat] mean and std.dev: (105.61, 43.23)
[M::mem_pestat] low and high boundaries for proper pairs: (1, 298)
[M::mem_pestat] skip orientation FF
[M::mem_pestat] skip orientation RF
[M::mem_pestat] skip orientation RR
[M::mem_process_seqs] Processed 1731350 reads in 1161.776 CPU sec, 59.708 real sec
[M::process] read 1731664 sequences (200000132 bp)...
[M::mem_pestat] # candidate unique pairs for (FF, FR, RF, RR): (7877, 692428, 32, 7982)
[M::mem_pestat] analyzing insert size distribution for orientation FF...
[M::mem_pestat] (25, 50, 75) percentile: (77, 98, 132)
[M::mem_pestat] low and high boundaries for computing mean and std.dev: (1, 242)
[M::mem_pestat] mean and std.dev: (104.56, 42.56)
[M::mem_pestat] low and high boundaries for proper pairs: (1, 297)
[M::mem_pestat] analyzing insert size distribution for orientation FR...
[M::mem_pestat] (25, 50, 75) percentile: (75, 99, 135)
[M::mem_pestat] low and high boundaries for computing mean and std.dev: (1, 255)
[M::mem_pestat] mean and std.dev: (107.30, 44.57)
[M::mem_pestat] low and high boundaries for proper pairs: (1, 315)
[M::mem_pestat] analyzing insert size distribution for orientation RF...
[M::mem_pestat] (25, 50, 75) percentile: (104, 183, 260)
[M::mem_pestat] low and high boundaries for computing mean and std.dev: (1, 572)
[M::mem_pestat] mean and std.dev: (185.74, 112.14)
[M::mem_pestat] low and high boundaries for proper pairs: (1, 728)
[M::mem_pestat] analyzing insert size distribution for orientation RR...
[M::mem_pestat] (25, 50, 75) percentile: (77, 99, 134)
[M::mem_pestat] low and high boundaries for computing mean and std.dev: (1, 248)
[M::mem_pestat] mean and std.dev: (106.66, 44.71)
[M::mem_pestat] low and high boundaries for proper pairs: (1, 305)
[M::mem_pestat] skip orientation FF
[M::mem_pestat] skip orientation RF
[M::mem_pestat] skip orientation RR
[M::mem_process_seqs] Processed 1731452 reads in 1168.117 CPU sec, 60.066 real sec
[M::process] read 1731858 sequences (200000187 bp)...
[M::mem_pestat] # candidate unique pairs for (FF, FR, RF, RR): (7968, 691472, 43, 7843)
[M::mem_pestat] analyzing insert size distribution for orientation FF...
[M::mem_pestat] (25, 50, 75) percentile: (77, 98, 133)
[M::mem_pestat] low and high boundaries for computing mean and std.dev: (1, 245)
[M::mem_pestat] mean and std.dev: (105.70, 43.97)
[M::mem_pestat] low and high boundaries for proper pairs: (1, 301)
[M::mem_pestat] analyzing insert size distribution for orientation FR...
[M::mem_pestat] (25, 50, 75) percentile: (75, 99, 135)
[M::mem_pestat] low and high boundaries for computing mean and std.dev: (1, 255)
[M::mem_pestat] mean and std.dev: (107.13, 44.53)
[M::mem_pestat] low and high boundaries for proper pairs: (1, 315)
[M::mem_pestat] analyzing insert size distribution for orientation RF...
[M::mem_pestat] (25, 50, 75) percentile: (95, 146, 265)
[M::mem_pestat] low and high boundaries for computing mean and std.dev: (1, 605)
[M::mem_pestat] mean and std.dev: (125.57, 80.98)
[M::mem_pestat] low and high boundaries for proper pairs: (1, 775)
[M::mem_pestat] analyzing insert size distribution for orientation RR...
[M::mem_pestat] (25, 50, 75) percentile: (77, 99, 134)
[M::mem_pestat] low and high boundaries for computing mean and std.dev: (1, 248)
[M::mem_pestat] mean and std.dev: (106.24, 44.20)
[M::mem_pestat] low and high boundaries for proper pairs: (1, 305)
[M::mem_pestat] skip orientation FF
[M::mem_pestat] skip orientation RF
[M::mem_pestat] skip orientation RR
[M::mem_process_seqs] Processed 1731664 reads in 1197.174 CPU sec, 61.169 real sec
[M::process] read 1728970 sequences (200000079 bp)...
[M::mem_pestat] # candidate unique pairs for (FF, FR, RF, RR): (8104, 691911, 42, 7874)
[M::mem_pestat] analyzing insert size distribution for orientation FF...
[M::mem_pestat] (25, 50, 75) percentile: (77, 98, 133)
[M::mem_pestat] low and high boundaries for computing mean and std.dev: (1, 245)
[M::mem_pestat] mean and std.dev: (105.23, 43.33)
[M::mem_pestat] low and high boundaries for proper pairs: (1, 301)
[M::mem_pestat] analyzing insert size distribution for orientation FR...
[M::mem_pestat] (25, 50, 75) percentile: (75, 99, 134)
[M::mem_pestat] low and high boundaries for computing mean and std.dev: (1, 252)
[M::mem_pestat] mean and std.dev: (106.93, 44.11)
[M::mem_pestat] low and high boundaries for proper pairs: (1, 311)
[M::mem_pestat] analyzing insert size distribution for orientation RF...
[M::mem_pestat] (25, 50, 75) percentile: (41, 122, 173)
[M::mem_pestat] low and high boundaries for computing mean and std.dev: (1, 437)
[M::mem_pestat] mean and std.dev: (112.82, 93.86)
[M::mem_pestat] low and high boundaries for proper pairs: (1, 569)
[M::mem_pestat] analyzing insert size distribution for orientation RR...
[M::mem_pestat] (25, 50, 75) percentile: (78, 100, 135)
[M::mem_pestat] low and high boundaries for computing mean and std.dev: (1, 249)
[M::mem_pestat] mean and std.dev: (107.02, 43.89)
[M::mem_pestat] low and high boundaries for proper pairs: (1, 306)
[M::mem_pestat] skip orientation FF
[M::mem_pestat] skip orientation RF
[M::mem_pestat] skip orientation RR
[M::mem_process_seqs] Processed 1731858 reads in 1194.449 CPU sec, 61.562 real sec
[M::process] read 1730218 sequences (200000005 bp)...
[M::mem_pestat] # candidate unique pairs for (FF, FR, RF, RR): (8320, 688662, 36, 8003)
[M::mem_pestat] analyzing insert size distribution for orientation FF...
[M::mem_pestat] (25, 50, 75) percentile: (77, 98, 133)
[M::mem_pestat] low and high boundaries for computing mean and std.dev: (1, 245)
[M::mem_pestat] mean and std.dev: (104.86, 43.11)
[M::mem_pestat] low and high boundaries for proper pairs: (1, 301)
[M::mem_pestat] analyzing insert size distribution for orientation FR...
[M::mem_pestat] (25, 50, 75) percentile: (75, 100, 135)
[M::mem_pestat] low and high boundaries for computing mean and std.dev: (1, 255)
[M::mem_pestat] mean and std.dev: (107.40, 44.48)
[M::mem_pestat] low and high boundaries for proper pairs: (1, 315)
[M::mem_pestat] analyzing insert size distribution for orientation RF...
[M::mem_pestat] (25, 50, 75) percentile: (72, 133, 196)
[M::mem_pestat] low and high boundaries for computing mean and std.dev: (1, 444)
[M::mem_pestat] mean and std.dev: (144.09, 99.17)
[M::mem_pestat] low and high boundaries for proper pairs: (1, 568)
[M::mem_pestat] analyzing insert size distribution for orientation RR...
[M::mem_pestat] (25, 50, 75) percentile: (77, 98, 133)
[M::mem_pestat] low and high boundaries for computing mean and std.dev: (1, 245)
[M::mem_pestat] mean and std.dev: (104.63, 43.46)
[M::mem_pestat] low and high boundaries for proper pairs: (1, 301)
[M::mem_pestat] skip orientation FF
[M::mem_pestat] skip orientation RF
[M::mem_pestat] skip orientation RR
[M::mem_process_seqs] Processed 1728970 reads in 1157.664 CPU sec, 59.323 real sec
[M::process] read 1729512 sequences (200000024 bp)...
[M::mem_pestat] # candidate unique pairs for (FF, FR, RF, RR): (8195, 690574, 45, 8054)
[M::mem_pestat] analyzing insert size distribution for orientation FF...
[M::mem_pestat] (25, 50, 75) percentile: (77, 97, 130)
[M::mem_pestat] low and high boundaries for computing mean and std.dev: (1, 236)
[M::mem_pestat] mean and std.dev: (103.78, 41.95)
[M::mem_pestat] low and high boundaries for proper pairs: (1, 289)
[M::mem_pestat] analyzing insert size distribution for orientation FR...
[M::mem_pestat] (25, 50, 75) percentile: (75, 99, 135)
[M::mem_pestat] low and high boundaries for computing mean and std.dev: (1, 255)
[M::mem_pestat] mean and std.dev: (107.28, 44.52)
[M::mem_pestat] low and high boundaries for proper pairs: (1, 315)
[M::mem_pestat] analyzing insert size distribution for orientation RF...
[M::mem_pestat] (25, 50, 75) percentile: (55, 139, 216)
[M::mem_pestat] low and high boundaries for computing mean and std.dev: (1, 538)
[M::mem_pestat] mean and std.dev: (146.30, 115.43)
[M::mem_pestat] low and high boundaries for proper pairs: (1, 699)
[M::mem_pestat] analyzing insert size distribution for orientation RR...
[M::mem_pestat] (25, 50, 75) percentile: (77, 97, 133)
[M::mem_pestat] low and high boundaries for computing mean and std.dev: (1, 245)
[M::mem_pestat] mean and std.dev: (105.48, 44.18)
[M::mem_pestat] low and high boundaries for proper pairs: (1, 301)
[M::mem_pestat] skip orientation FF
[M::mem_pestat] skip orientation RF
[M::mem_pestat] skip orientation RR
[M::mem_process_seqs] Processed 1730218 reads in 1156.472 CPU sec, 59.202 real sec
[M::process] read 1662604 sequences (192406035 bp)...
[M::mem_pestat] # candidate unique pairs for (FF, FR, RF, RR): (8218, 690374, 39, 8178)
[M::mem_pestat] analyzing insert size distribution for orientation FF...
[M::mem_pestat] (25, 50, 75) percentile: (77, 98, 133)
[M::mem_pestat] low and high boundaries for computing mean and std.dev: (1, 245)
[M::mem_pestat] mean and std.dev: (105.43, 43.51)
[M::mem_pestat] low and high boundaries for proper pairs: (1, 301)
[M::mem_pestat] analyzing insert size distribution for orientation FR...
[M::mem_pestat] (25, 50, 75) percentile: (75, 100, 135)
[M::mem_pestat] low and high boundaries for computing mean and std.dev: (1, 255)
[M::mem_pestat] mean and std.dev: (107.38, 44.55)
[M::mem_pestat] low and high boundaries for proper pairs: (1, 315)
[M::mem_pestat] analyzing insert size distribution for orientation RF...
[M::mem_pestat] (25, 50, 75) percentile: (83, 199, 381)
[M::mem_pestat] low and high boundaries for computing mean and std.dev: (1, 977)
[M::mem_pestat] mean and std.dev: (250.33, 206.02)
[M::mem_pestat] low and high boundaries for proper pairs: (1, 1275)
[M::mem_pestat] analyzing insert size distribution for orientation RR...
[M::mem_pestat] (25, 50, 75) percentile: (77, 97, 132)
[M::mem_pestat] low and high boundaries for computing mean and std.dev: (1, 242)
[M::mem_pestat] mean and std.dev: (104.10, 43.27)
[M::mem_pestat] low and high boundaries for proper pairs: (1, 297)
[M::mem_pestat] skip orientation FF
[M::mem_pestat] skip orientation RF
[M::mem_pestat] skip orientation RR
[M::mem_process_seqs] Processed 1729512 reads in 1190.112 CPU sec, 60.977 real sec
[M::mem_pestat] # candidate unique pairs for (FF, FR, RF, RR): (8062, 663557, 48, 7698)
[M::mem_pestat] analyzing insert size distribution for orientation FF...
[M::mem_pestat] (25, 50, 75) percentile: (78, 99, 134)
[M::mem_pestat] low and high boundaries for computing mean and std.dev: (1, 246)
[M::mem_pestat] mean and std.dev: (106.58, 44.18)
[M::mem_pestat] low and high boundaries for proper pairs: (1, 302)
[M::mem_pestat] analyzing insert size distribution for orientation FR...
[M::mem_pestat] (25, 50, 75) percentile: (75, 100, 135)
[M::mem_pestat] low and high boundaries for computing mean and std.dev: (1, 255)
[M::mem_pestat] mean and std.dev: (107.56, 44.66)
[M::mem_pestat] low and high boundaries for proper pairs: (1, 315)
[M::mem_pestat] analyzing insert size distribution for orientation RF...
[M::mem_pestat] (25, 50, 75) percentile: (74, 136, 185)
[M::mem_pestat] low and high boundaries for computing mean and std.dev: (1, 407)
[M::mem_pestat] mean and std.dev: (126.40, 73.15)
[M::mem_pestat] low and high boundaries for proper pairs: (1, 518)
[M::mem_pestat] analyzing insert size distribution for orientation RR...
[M::mem_pestat] (25, 50, 75) percentile: (77, 98, 134)
[M::mem_pestat] low and high boundaries for computing mean and std.dev: (1, 248)
[M::mem_pestat] mean and std.dev: (105.55, 44.12)
[M::mem_pestat] low and high boundaries for proper pairs: (1, 305)
[M::mem_pestat] skip orientation FF
[M::mem_pestat] skip orientation RF
[M::mem_pestat] skip orientation RR
[M::mem_process_seqs] Processed 1662604 reads in 1170.840 CPU sec, 59.968 real sec
[main] Version: 0.7.17-r1188
[main] CMD: bwa mem -t 20 resources/genome/hg38.fa.gz results/fastp_out/DNA_B01_01/DNA_B01_01.fastp.r1.fastq.gz results/fastp_out/DNA_B01_01/DNA_B01_01.fastp.r2.fastq.gz
[main] Real time: 1213.968 sec; CPU: 22774.191 sec
[bam_sort_core] merging from 17 files and 1 in-memory blocks...
[Mon May  9 21:59:50 2022]
Finished job 0.
1 of 1 steps (100%) done
Pipeline set to use the following assmbler(s): ['megahit', 'spades']
                sample  ...                              reverse_read
sample                  ...                                          
DNA_B02_15  DNA_B02_15  ...  data/DNA_B02_15_S41_L002_R2_001.fastq.gz
DNA_B01_21  DNA_B01_21  ...  data/DNA_B01_21_S19_L001_R2_001.fastq.gz
DNA_B01_27  DNA_B01_27  ...  data/DNA_B01_27_S25_L001_R2_001.fastq.gz
DNA_B03_19  DNA_B03_19  ...  data/DNA_B03_19_S18_L001_R2_001.fastq.gz
DNA_B01_04  DNA_B01_04  ...   data/DNA_B01_04_S4_L001_R2_001.fastq.gz
DNA_B02_23  DNA_B02_23  ...  data/DNA_B02_23_S47_L002_R2_001.fastq.gz
DNA_B02_02  DNA_B02_02  ...  data/DNA_B02_02_S31_L002_R2_001.fastq.gz
DNA_B01_02  DNA_B01_02  ...   data/DNA_B01_02_S2_L001_R2_001.fastq.gz
DNA_B01_03  DNA_B01_03  ...   data/DNA_B01_03_S3_L001_R2_001.fastq.gz
DNA_B01_01  DNA_B01_01  ...   data/DNA_B01_01_S1_L001_R2_001.fastq.gz
DNA_B02_24  DNA_B02_24  ...  data/DNA_B02_24_S48_L002_R2_001.fastq.gz
DNA_B03_15  DNA_B03_15  ...  data/DNA_B03_15_S14_L001_R2_001.fastq.gz

[12 rows x 4 columns]
